get/terminal : SELECT * FROM Terminal;
get/magasin : SELECT * FROM Magasin;
get/commande : SELECT Commande.idCommande, Commande.Creation, Commande.Livraison, Commande.Montant, Commande.PNP, Commande.Remarque, Client.Nom AS clientNom, Vendeuse.Nom AS vendeuseNom, Magasin.Nom AS magasinNom FROM Commande JOIN Terminal ON Commande.Terminal_idTerminal=idTerminal JOIN Client ON Commande.Client_idClient=Client.idClient JOIN Vendeuse ON Commande.Vendeuse_idVendeuse=Vendeuse.idVendeuse JOIN Magasin ON Terminal.Magasin_idMagasin=Magasin.idMagasin WHERE (FALSE OR TRUE) ORDER BY Commande.Creation DESC LIMIT 0,20
get/magasin : SELECT * FROM Magasin;
get/category : SELECT * FROM Categorie;
complex
activeMag : 1
complex
{ '1': { i: 0, j: 0 },
  '2': { i: 0, j: 1 },
  '3': { i: 0, j: 2 },
  '4': { i: 0, j: 3 } }
1
{ '1': { i: 0, j: 0 },
  '2': { i: 0, j: 1 },
  '3': { i: 0, j: 2 },
  '4': { i: 0, j: 3 } }
1
{ '1': { i: 0, j: 0 },
  '2': { i: 0, j: 1 },
  '3': { i: 0, j: 2 },
  '4': { i: 0, j: 3 } }
2
{ '1': { i: 0, j: 0 },
  '2': { i: 0, j: 1 },
  '3': { i: 0, j: 2 },
  '4': { i: 0, j: 3 } }
2
{ '1': { i: 0, j: 0 },
  '2': { i: 0, j: 1 },
  '3': { i: 0, j: 2 },
  '4': { i: 0, j: 3 } }
3
{ '1': { i: 0, j: 0 },
  '2': { i: 0, j: 1 },
  '3': { i: 0, j: 2 },
  '4': { i: 0, j: 3 } }
3
{ '1': { i: 0, j: 0 },
  '2': { i: 0, j: 1 },
  '3': { i: 0, j: 2 },
  '4': { i: 0, j: 3 } }
4
{ '1': { i: 0, j: 0 },
  '2': { i: 0, j: 1 },
  '3': { i: 0, j: 2 },
  '4': { i: 0, j: 3 } }
4
get/commande : SELECT Commande.idCommande, Commande.Creation, Commande.Livraison, Commande.Montant, Commande.PNP, Commande.Remarque, Client.Nom AS clientNom, Vendeuse.Nom AS vendeuseNom, Magasin.Nom AS magasinNom FROM Commande JOIN Terminal ON Commande.Terminal_idTerminal=idTerminal JOIN Client ON Commande.Client_idClient=Client.idClient JOIN Vendeuse ON Commande.Vendeuse_idVendeuse=Vendeuse.idVendeuse JOIN Magasin ON Terminal.Magasin_idMagasin=Magasin.idMagasin WHERE (FALSE OR TRUE) AND Commande.Livraison LIKE '2015-08-28%' ORDER BY Commande.Creation DESC LIMIT 0,20
get/commande : SELECT Commande.idCommande, Commande.Creation, Commande.Livraison, Commande.Montant, Commande.PNP, Commande.Remarque, Client.Nom AS clientNom, Vendeuse.Nom AS vendeuseNom, Magasin.Nom AS magasinNom FROM Commande JOIN Terminal ON Commande.Terminal_idTerminal=idTerminal JOIN Client ON Commande.Client_idClient=Client.idClient JOIN Vendeuse ON Commande.Vendeuse_idVendeuse=Vendeuse.idVendeuse JOIN Magasin ON Terminal.Magasin_idMagasin=Magasin.idMagasin WHERE (FALSE OR TRUE) ORDER BY Commande.Creation DESC LIMIT 0,20
get/magasin : SELECT * FROM Magasin;
get/category : SELECT * FROM Categorie;
complex
activeMag : 1
complex
{ '1': { i: 0, j: 0 },
  '2': { i: 0, j: 1 },
  '3': { i: 0, j: 2 },
  '4': { i: 0, j: 3 } }
1
{ '1': { i: 0, j: 0 },
  '2': { i: 0, j: 1 },
  '3': { i: 0, j: 2 },
  '4': { i: 0, j: 3 } }
1
{ '1': { i: 0, j: 0 },
  '2': { i: 0, j: 1 },
  '3': { i: 0, j: 2 },
  '4': { i: 0, j: 3 } }
2
{ '1': { i: 0, j: 0 },
  '2': { i: 0, j: 1 },
  '3': { i: 0, j: 2 },
  '4': { i: 0, j: 3 } }
2
{ '1': { i: 0, j: 0 },
  '2': { i: 0, j: 1 },
  '3': { i: 0, j: 2 },
  '4': { i: 0, j: 3 } }
3
{ '1': { i: 0, j: 0 },
  '2': { i: 0, j: 1 },
  '3': { i: 0, j: 2 },
  '4': { i: 0, j: 3 } }
3
{ '1': { i: 0, j: 0 },
  '2': { i: 0, j: 1 },
  '3': { i: 0, j: 2 },
  '4': { i: 0, j: 3 } }
4
{ '1': { i: 0, j: 0 },
  '2': { i: 0, j: 1 },
  '3': { i: 0, j: 2 },
  '4': { i: 0, j: 3 } }
4
complex
UPDATE Client SET Tel='', Mail = '', Nom = 'Commande de Test', TVA = '' WHERE idClient = '2';
INSERT INTO Commande( Creation, Livraison, Montant, PNP, Remarque, Client_idClient, Vendeuse_idVendeuse, Terminal_idTerminal) VALUES ('2015-08-25 16:11:01','2015-09-12 06:00:00','2.30','1','','2','1','1');
get/commande : SELECT Commande.idCommande, Commande.Creation, Commande.Livraison, Commande.Montant, Commande.PNP, Commande.Remarque, Client.Nom AS clientNom, Vendeuse.Nom AS vendeuseNom, Magasin.Nom AS magasinNom FROM Commande JOIN Terminal ON Commande.Terminal_idTerminal=idTerminal JOIN Client ON Commande.Client_idClient=Client.idClient JOIN Vendeuse ON Commande.Vendeuse_idVendeuse=Vendeuse.idVendeuse JOIN Magasin ON Terminal.Magasin_idMagasin=Magasin.idMagasin WHERE (FALSE OR TRUE) ORDER BY Commande.Creation DESC LIMIT 0,20
get/magasin : SELECT * FROM Magasin;
get/category : SELECT * FROM Categorie;
complex
activeMag : 1
complex
INSERT INTO ProduitCommande(Quantite, Details, Commande_idCommande, Produit_idProduit, Custom) VALUES  (1,'',1285,95,0);
{ '1': { i: 0, j: 0 },
  '2': { i: 0, j: 1 },
  '3': { i: 0, j: 2 },
  '4': { i: 0, j: 3 } }
1
{ '1': { i: 0, j: 0 },
  '2': { i: 0, j: 1 },
  '3': { i: 0, j: 2 },
  '4': { i: 0, j: 3 } }
1
{ '1': { i: 0, j: 0 },
  '2': { i: 0, j: 1 },
  '3': { i: 0, j: 2 },
  '4': { i: 0, j: 3 } }
2
{ '1': { i: 0, j: 0 },
  '2': { i: 0, j: 1 },
  '3': { i: 0, j: 2 },
  '4': { i: 0, j: 3 } }
2
{ '1': { i: 0, j: 0 },
  '2': { i: 0, j: 1 },
  '3': { i: 0, j: 2 },
  '4': { i: 0, j: 3 } }
3
{ '1': { i: 0, j: 0 },
  '2': { i: 0, j: 1 },
  '3': { i: 0, j: 2 },
  '4': { i: 0, j: 3 } }
3
{ '1': { i: 0, j: 0 },
  '2': { i: 0, j: 1 },
  '3': { i: 0, j: 2 },
  '4': { i: 0, j: 3 } }
4
{ '1': { i: 0, j: 0 },
  '2': { i: 0, j: 1 },
  '3': { i: 0, j: 2 },
  '4': { i: 0, j: 3 } }
4
