get/terminal : SELECT * FROM Terminal;
get/magasin : SELECT * FROM Magasin;
get/commande : SELECT Commande.idCommande, Commande.Creation, Commande.Livraison, Commande.Montant, Commande.PNP, Commande.Remarque, Client.Nom AS clientNom, Vendeuse.Nom AS vendeuseNom, Magasin.Nom AS magasinNom FROM Commande JOIN Terminal ON Commande.Terminal_idTerminal=idTerminal JOIN Client ON Commande.Client_idClient=Client.idClient JOIN Vendeuse ON Commande.Vendeuse_idVendeuse=Vendeuse.idVendeuse JOIN Magasin ON Terminal.Magasin_idMagasin=Magasin.idMagasin WHERE (FALSE OR TRUE) ORDER BY Commande.Creation DESC LIMIT 0,20
get/magasin : SELECT * FROM Magasin;
get/category : SELECT * FROM Categorie;
complex
activeMag : 1
complex
{ '1': { i: 0, j: 0 },
  '2': { i: 0, j: 1 },
  '3': { i: 0, j: 2 },
  '4': { i: 0, j: 3 } }
1
{ '1': { i: 0, j: 0 },
  '2': { i: 0, j: 1 },
  '3': { i: 0, j: 2 },
  '4': { i: 0, j: 3 } }
1
{ '1': { i: 0, j: 0 },
  '2': { i: 0, j: 1 },
  '3': { i: 0, j: 2 },
  '4': { i: 0, j: 3 } }
2
{ '1': { i: 0, j: 0 },
  '2': { i: 0, j: 1 },
  '3': { i: 0, j: 2 },
  '4': { i: 0, j: 3 } }
2
{ '1': { i: 0, j: 0 },
  '2': { i: 0, j: 1 },
  '3': { i: 0, j: 2 },
  '4': { i: 0, j: 3 } }
3
{ '1': { i: 0, j: 0 },
  '2': { i: 0, j: 1 },
  '3': { i: 0, j: 2 },
  '4': { i: 0, j: 3 } }
3
{ '1': { i: 0, j: 0 },
  '2': { i: 0, j: 1 },
  '3': { i: 0, j: 2 },
  '4': { i: 0, j: 3 } }
4
{ '1': { i: 0, j: 0 },
  '2': { i: 0, j: 1 },
  '3': { i: 0, j: 2 },
  '4': { i: 0, j: 3 } }
4
get/commande : SELECT Commande.idCommande, Commande.Creation, Commande.Livraison, Commande.Montant, Commande.PNP, Commande.Remarque, Client.Nom AS clientNom, Vendeuse.Nom AS vendeuseNom, Magasin.Nom AS magasinNom FROM Commande JOIN Terminal ON Commande.Terminal_idTerminal=idTerminal JOIN Client ON Commande.Client_idClient=Client.idClient JOIN Vendeuse ON Commande.Vendeuse_idVendeuse=Vendeuse.idVendeuse JOIN Magasin ON Terminal.Magasin_idMagasin=Magasin.idMagasin WHERE (FALSE OR TRUE) ORDER BY Commande.Creation DESC LIMIT 0,20
get/magasin : SELECT * FROM Magasin;
get/category : SELECT * FROM Categorie;
complex
activeMag : 1
complex
{ '1': { i: 0, j: 0 },
  '2': { i: 0, j: 1 },
  '3': { i: 0, j: 2 },
  '4': { i: 0, j: 3 } }
1
{ '1': { i: 0, j: 0 },
  '2': { i: 0, j: 1 },
  '3': { i: 0, j: 2 },
  '4': { i: 0, j: 3 } }
1
{ '1': { i: 0, j: 0 },
  '2': { i: 0, j: 1 },
  '3': { i: 0, j: 2 },
  '4': { i: 0, j: 3 } }
2
{ '1': { i: 0, j: 0 },
  '2': { i: 0, j: 1 },
  '3': { i: 0, j: 2 },
  '4': { i: 0, j: 3 } }
2
{ '1': { i: 0, j: 0 },
  '2': { i: 0, j: 1 },
  '3': { i: 0, j: 2 },
  '4': { i: 0, j: 3 } }
3
{ '1': { i: 0, j: 0 },
  '2': { i: 0, j: 1 },
  '3': { i: 0, j: 2 },
  '4': { i: 0, j: 3 } }
3
{ '1': { i: 0, j: 0 },
  '2': { i: 0, j: 1 },
  '3': { i: 0, j: 2 },
  '4': { i: 0, j: 3 } }
4
{ '1': { i: 0, j: 0 },
  '2': { i: 0, j: 1 },
  '3': { i: 0, j: 2 },
  '4': { i: 0, j: 3 } }
4
get/commande : SELECT Commande.idCommande, Commande.Creation, Commande.Livraison, Commande.Montant, Commande.PNP, Commande.Remarque, Client.Nom AS clientNom, Vendeuse.Nom AS vendeuseNom, Magasin.Nom AS magasinNom FROM Commande JOIN Terminal ON Commande.Terminal_idTerminal=idTerminal JOIN Client ON Commande.Client_idClient=Client.idClient JOIN Vendeuse ON Commande.Vendeuse_idVendeuse=Vendeuse.idVendeuse JOIN Magasin ON Terminal.Magasin_idMagasin=Magasin.idMagasin WHERE (FALSE OR TRUE) ORDER BY Commande.Creation DESC LIMIT 0,20
get/magasin : SELECT * FROM Magasin;
get/category : SELECT * FROM Categorie;
complex
activeMag : 1
complex
{ '1': { i: 0, j: 0 },
  '2': { i: 0, j: 1 },
  '3': { i: 0, j: 2 },
  '4': { i: 0, j: 3 } }
1
{ '1': { i: 0, j: 0 },
  '2': { i: 0, j: 1 },
  '3': { i: 0, j: 2 },
  '4': { i: 0, j: 3 } }
1
{ '1': { i: 0, j: 0 },
  '2': { i: 0, j: 1 },
  '3': { i: 0, j: 2 },
  '4': { i: 0, j: 3 } }
2
{ '1': { i: 0, j: 0 },
  '2': { i: 0, j: 1 },
  '3': { i: 0, j: 2 },
  '4': { i: 0, j: 3 } }
2
{ '1': { i: 0, j: 0 },
  '2': { i: 0, j: 1 },
  '3': { i: 0, j: 2 },
  '4': { i: 0, j: 3 } }
3
{ '1': { i: 0, j: 0 },
  '2': { i: 0, j: 1 },
  '3': { i: 0, j: 2 },
  '4': { i: 0, j: 3 } }
3
{ '1': { i: 0, j: 0 },
  '2': { i: 0, j: 1 },
  '3': { i: 0, j: 2 },
  '4': { i: 0, j: 3 } }
4
{ '1': { i: 0, j: 0 },
  '2': { i: 0, j: 1 },
  '3': { i: 0, j: 2 },
  '4': { i: 0, j: 3 } }
4
get/commande : SELECT Commande.idCommande, Commande.Creation, Commande.Livraison, Commande.Montant, Commande.PNP, Commande.Remarque, Client.Nom AS clientNom, Vendeuse.Nom AS vendeuseNom, Magasin.Nom AS magasinNom FROM Commande JOIN Terminal ON Commande.Terminal_idTerminal=idTerminal JOIN Client ON Commande.Client_idClient=Client.idClient JOIN Vendeuse ON Commande.Vendeuse_idVendeuse=Vendeuse.idVendeuse JOIN Magasin ON Terminal.Magasin_idMagasin=Magasin.idMagasin WHERE (FALSE OR TRUE) ORDER BY Commande.Creation DESC LIMIT 0,20
get/magasin : SELECT * FROM Magasin;
get/category : SELECT * FROM Categorie;
complex
activeMag : 1
complex
{ '1': { i: 0, j: 0 },
  '2': { i: 0, j: 1 },
  '3': { i: 0, j: 2 },
  '4': { i: 0, j: 3 } }
1
{ '1': { i: 0, j: 0 },
  '2': { i: 0, j: 1 },
  '3': { i: 0, j: 2 },
  '4': { i: 0, j: 3 } }
1
{ '1': { i: 0, j: 0 },
  '2': { i: 0, j: 1 },
  '3': { i: 0, j: 2 },
  '4': { i: 0, j: 3 } }
2
{ '1': { i: 0, j: 0 },
  '2': { i: 0, j: 1 },
  '3': { i: 0, j: 2 },
  '4': { i: 0, j: 3 } }
2
{ '1': { i: 0, j: 0 },
  '2': { i: 0, j: 1 },
  '3': { i: 0, j: 2 },
  '4': { i: 0, j: 3 } }
3
{ '1': { i: 0, j: 0 },
  '2': { i: 0, j: 1 },
  '3': { i: 0, j: 2 },
  '4': { i: 0, j: 3 } }
3
{ '1': { i: 0, j: 0 },
  '2': { i: 0, j: 1 },
  '3': { i: 0, j: 2 },
  '4': { i: 0, j: 3 } }
4
{ '1': { i: 0, j: 0 },
  '2': { i: 0, j: 1 },
  '3': { i: 0, j: 2 },
  '4': { i: 0, j: 3 } }
4
