get/terminal : SELECT * FROM Terminal;
get/magasin : SELECT * FROM Magasin WHERE display = 1;
get/magasin : SELECT * FROM Magasin WHERE display = 1;
get/category : SELECT * FROM Categorie;
complex
activeMag : 1
complex
get/commande : SELECT Commande.idCommande, Commande.Creation, Commande.Livraison, Commande.Montant, Commande.PNP, Commande.Remarque, Commande.display, Client.Nom AS clientNom, Vendeuse.Nom AS vendeuseNom, Magasin.Nom AS magasinNom FROM Commande JOIN Terminal ON Commande.Terminal_idTerminal=idTerminal JOIN Client ON Commande.Client_idClient=Client.idClient JOIN Vendeuse ON Commande.Vendeuse_idVendeuse=Vendeuse.idVendeuse JOIN Magasin ON Terminal.Magasin_idMagasin=Magasin.idMagasin WHERE (FALSE  OR Terminal.Magasin_idMagasin=1) AND Commande.Livraison LIKE '2015-11-21%' ORDER BY Commande.Creation DESC LIMIT 0,10000
complex
get/magasin : SELECT * FROM Magasin WHERE display = 1;
get/category : SELECT * FROM Categorie;
get/commande : SELECT Commande.idCommande, Commande.Creation, Commande.Livraison, Commande.Montant, Commande.PNP, Commande.Remarque, Commande.display, Client.Nom AS clientNom, Vendeuse.Nom AS vendeuseNom, Magasin.Nom AS magasinNom FROM Commande JOIN Terminal ON Commande.Terminal_idTerminal=idTerminal JOIN Client ON Commande.Client_idClient=Client.idClient JOIN Vendeuse ON Commande.Vendeuse_idVendeuse=Vendeuse.idVendeuse JOIN Magasin ON Terminal.Magasin_idMagasin=Magasin.idMagasin WHERE (FALSE  OR Terminal.Magasin_idMagasin=1) AND Commande.Livraison LIKE '2015-11-20%' ORDER BY Commande.Creation DESC LIMIT 0,10000
complex
complex
get/magasin : SELECT * FROM Magasin WHERE display = 1;
get/category : SELECT * FROM Categorie;
get/client : SELECT * FROM Client WHERE Client.Nom LIKE '%m%';
get/client : SELECT * FROM Client WHERE Client.Nom LIKE '%ma%';
get/client : SELECT * FROM Client WHERE Client.Nom LIKE '%mat%';
get/client : SELECT * FROM Client WHERE Client.Nom LIKE '%math%';
get/client : SELECT * FROM Client WHERE Client.Nom LIKE '%mathi%';
get/client : SELECT * FROM Client WHERE Client.Nom LIKE '%mathie%';
get/client : SELECT * FROM Client WHERE Client.Nom LIKE '%mathieu%';
get/client : SELECT * FROM Client WHERE Client.Nom LIKE '%mathieuu%';
get/client : SELECT * FROM Client WHERE Client.Nom LIKE '%mathieuuu%';
get/client : SELECT * FROM Client WHERE Client.Nom LIKE '%mathieuu%';
get/client : SELECT * FROM Client WHERE Client.Nom LIKE '%mathieu%';
get/client : SELECT * FROM Client WHERE Client.Nom LIKE '%Mathieu Emile%';
get/client : SELECT * FROM Client WHERE Client.Nom LIKE '%Mathieu Emil%';
get/client : SELECT * FROM Client WHERE Client.Nom LIKE '%Mathieu Emi%';
get/client : SELECT * FROM Client WHERE Client.Nom LIKE '%Mathieu Em%';
get/client : SELECT * FROM Client WHERE Client.Nom LIKE '%Mathieu E%';
get/client : SELECT * FROM Client WHERE Client.Nom LIKE '%Mathieu%';
get/client : SELECT * FROM Client WHERE Client.Nom LIKE '%Mathieu a%';
get/client : SELECT * FROM Client WHERE Client.Nom LIKE '%Mathieu al%';
get/client : SELECT * FROM Client WHERE Client.Nom LIKE '%Mathieu ala%';
get/client : SELECT * FROM Client WHERE Client.Nom LIKE '%Mathieu alai%';
get/client : SELECT * FROM Client WHERE Client.Nom LIKE '%Mathieu alain%';
complex
clientID :1390
INSERT INTO Commande( Creation, Livraison, Montant, PNP, Remarque, Client_idClient, Vendeuse_idVendeuse, Terminal_idTerminal) VALUES ('2015-11-20 07:46:38','2015-11-21 07:00:00','11.40','1','','1390','8','1');
INSERT INTO ProduitCommande(Quantite, Details, Commande_idCommande, Produit_idProduit, Custom) VALUES  (4,'chocolat',3174,795,0), (4,'',3174,518,0), (6,'',3174,482,0);
get/magasin : SELECT * FROM Magasin WHERE display = 1;
get/category : SELECT * FROM Categorie;
