get/terminal : SELECT * FROM Terminal;
get/magasin : SELECT * FROM Magasin WHERE display = 1;
get/magasin : SELECT * FROM Magasin WHERE display = 1;
get/commande : SELECT Commande.idCommande, Commande.Creation, Commande.Livraison, Commande.Montant, Commande.PNP, Commande.Remarque, Commande.display, Client.Nom AS clientNom, Vendeuse.Nom AS vendeuseNom, Magasin.Nom AS magasinNom FROM Commande JOIN Terminal ON Commande.Terminal_idTerminal=idTerminal JOIN Client ON Commande.Client_idClient=Client.idClient JOIN Vendeuse ON Commande.Vendeuse_idVendeuse=Vendeuse.idVendeuse JOIN Magasin ON Terminal.Magasin_idMagasin=Magasin.idMagasin WHERE (FALSE OR TRUE) ORDER BY Commande.Creation DESC LIMIT 0,10000
get/client : SELECT * FROM Client WHERE Client.Nom LIKE '%';
get/category : SELECT * FROM Categorie;
get/regroupement : SELECT * FROM regroupement;
get/category : SELECT * FROM Categorie;
get/magasin : SELECT * FROM Magasin WHERE display = 1;
get/magasin : SELECT * FROM Magasin WHERE display = 1;
get/vendeuse : SELECT * FROM Vendeuse WHERE (FALSE OR TRUE)
get/magasin : SELECT * FROM Magasin WHERE display = 1;
get/terminal : SELECT * FROM Terminal;
get/ferie : SELECT * FROM Ferie;
get/custom : SELECT * FROM ProduitCustom WHERE(FALSE OR TRUE);
get/category : SELECT * FROM Categorie;
complex
get/category : SELECT * FROM Categorie;
get/terminal : SELECT * FROM Terminal;
get/terminal : SELECT * FROM Terminal;
get/terminal : SELECT * FROM Terminal;
get/terminal : SELECT * FROM Terminal;
get/terminal : SELECT * FROM Terminal;
get/terminal : SELECT * FROM Terminal;
get/terminal : SELECT * FROM Terminal;
get/terminal : SELECT * FROM Terminal;
get/terminal : SELECT * FROM Terminal;
get/magasin : SELECT * FROM Magasin WHERE display = 1;
get/magasin : SELECT * FROM Magasin WHERE display = 1;
get/category : SELECT * FROM Categorie;
complex
activeMag : 2
complex
get/client : SELECT * FROM Client WHERE Client.Nom LIKE '%t%';
get/client : SELECT * FROM Client WHERE Client.Nom LIKE '%Commande de Test%';
complex
UPDATE Client SET Tel='', Mail = '', Nom = 'Commande de Test', TVA = '' WHERE idClient = '2';
INSERT INTO Commande( Creation, Livraison, Montant, PNP, Remarque, Client_idClient, Vendeuse_idVendeuse, Terminal_idTerminal) VALUES ('2015-11-16 23:48:00','2015-11-19 08:00:00','0.40','0','','2','2','2');
get/magasin : SELECT * FROM Magasin WHERE display = 1;
get/category : SELECT * FROM Categorie;
INSERT INTO ProduitCommande(Quantite, Details, Commande_idCommande, Produit_idProduit, Custom) VALUES  (1,'',1324,1,0);
get/commande : SELECT Commande.idCommande, Commande.Creation, Commande.Livraison, Commande.Montant, Commande.PNP, Commande.Remarque, Commande.display, Client.Nom AS clientNom, Vendeuse.Nom AS vendeuseNom, Magasin.Nom AS magasinNom FROM Commande JOIN Terminal ON Commande.Terminal_idTerminal=idTerminal JOIN Client ON Commande.Client_idClient=Client.idClient JOIN Vendeuse ON Commande.Vendeuse_idVendeuse=Vendeuse.idVendeuse JOIN Magasin ON Terminal.Magasin_idMagasin=Magasin.idMagasin WHERE (FALSE  OR Terminal.Magasin_idMagasin=2) AND Commande.Livraison LIKE '2015-11-19%' ORDER BY Commande.Creation DESC LIMIT 0,10000
