get/magasin : SELECT * FROM Magasin WHERE display = 1;
get/commande : SELECT Commande.idCommande, Commande.Creation, Commande.Livraison, Commande.Montant, Commande.PNP, Commande.Remarque, Commande.display, Client.Nom AS clientNom, Vendeuse.Nom AS vendeuseNom, Magasin.Nom AS magasinNom FROM Commande JOIN Terminal ON Commande.Terminal_idTerminal=idTerminal JOIN Client ON Commande.Client_idClient=Client.idClient JOIN Vendeuse ON Commande.Vendeuse_idVendeuse=Vendeuse.idVendeuse JOIN Magasin ON Terminal.Magasin_idMagasin=Magasin.idMagasin WHERE (FALSE OR TRUE) ORDER BY Commande.Creation DESC LIMIT 0,20
get/client : SELECT * FROM Client WHERE Client.Nom LIKE '%';
get/category : SELECT * FROM Categorie;
get/regroupement : SELECT * FROM regroupement;
get/category : SELECT * FROM Categorie;
get/magasin : SELECT * FROM Magasin WHERE display = 1;
get/magasin : SELECT * FROM Magasin WHERE display = 1;
get/vendeuse : SELECT * FROM Vendeuse WHERE (FALSE OR TRUE)
get/magasin : SELECT * FROM Magasin WHERE display = 1;
get/terminal : SELECT * FROM Terminal;
get/ferie : SELECT * FROM Ferie;
get/custom : SELECT * FROM ProduitCustom WHERE(FALSE OR TRUE);
get/category : SELECT * FROM Categorie;
complex
get/category : SELECT * FROM Categorie;
complex
complex
complex
complex
complex
complex
complex
get/produit : SELECT * FROM Produit WHERE (FALSE OR TRUE);
get/produit : SELECT * FROM Produit WHERE (FALSE  OR Produit.Categorie_idCategorie=1);
get/produit : SELECT * FROM Produit WHERE (FALSE  OR Produit.Categorie_idCategorie=1);
get/produit : SELECT * FROM Produit WHERE (FALSE  OR Produit.Categorie_idCategorie=1 OR Produit.Categorie_idCategorie=7);
get/produit : SELECT * FROM Produit WHERE (FALSE  OR Produit.Categorie_idCategorie=1 OR Produit.Categorie_idCategorie=7);
get/produit : SELECT * FROM Produit WHERE (FALSE  OR Produit.Categorie_idCategorie=7);
complex
get/produit : SELECT * FROM Produit WHERE (FALSE  OR Produit.Categorie_idCategorie=7);
get/regroupement : SELECT * FROM regroupement;
complex
get/produit : SELECT * FROM Produit WHERE (FALSE  OR Produit.Categorie_idCategorie=7);
get/regroupement : SELECT * FROM regroupement;
complex
get/produit : SELECT * FROM Produit WHERE (FALSE  OR Produit.Categorie_idCategorie=7);
get/regroupement : SELECT * FROM regroupement;
complex
get/produit : SELECT * FROM Produit WHERE (FALSE  OR Produit.Categorie_idCategorie=7);
get/regroupement : SELECT * FROM regroupement;
complex
get/produit : SELECT * FROM Produit WHERE (FALSE  OR Produit.Categorie_idCategorie=7);
get/regroupement : SELECT * FROM regroupement;
complex
get/produit : SELECT * FROM Produit WHERE (FALSE  OR Produit.Categorie_idCategorie=7);
get/regroupement : SELECT * FROM regroupement;
complex
get/produit : SELECT * FROM Produit WHERE (FALSE  OR Produit.Categorie_idCategorie=7);
get/regroupement : SELECT * FROM regroupement;
complex
get/produit : SELECT * FROM Produit WHERE (FALSE  OR Produit.Categorie_idCategorie=7);
get/regroupement : SELECT * FROM regroupement;
get/produit : SELECT * FROM Produit WHERE (FALSE OR TRUE);
get/produit : SELECT * FROM Produit WHERE (FALSE  OR Produit.Categorie_idCategorie=6);
get/produit : SELECT * FROM Produit WHERE (FALSE OR TRUE);
get/produit : SELECT * FROM Produit WHERE (FALSE  OR Produit.Categorie_idCategorie=5);
complex
get/produit : SELECT * FROM Produit WHERE (FALSE  OR Produit.Categorie_idCategorie=5);
get/regroupement : SELECT * FROM regroupement;
complex
get/produit : SELECT * FROM Produit WHERE (FALSE  OR Produit.Categorie_idCategorie=5);
get/regroupement : SELECT * FROM regroupement;
complex
get/produit : SELECT * FROM Produit WHERE (FALSE  OR Produit.Categorie_idCategorie=5);
get/regroupement : SELECT * FROM regroupement;
complex
get/produit : SELECT * FROM Produit WHERE (FALSE  OR Produit.Categorie_idCategorie=5);
get/regroupement : SELECT * FROM regroupement;
complex
get/produit : SELECT * FROM Produit WHERE (FALSE  OR Produit.Categorie_idCategorie=5);
get/regroupement : SELECT * FROM regroupement;
complex
get/produit : SELECT * FROM Produit WHERE (FALSE  OR Produit.Categorie_idCategorie=5);
get/regroupement : SELECT * FROM regroupement;
complex
get/produit : SELECT * FROM Produit WHERE (FALSE  OR Produit.Categorie_idCategorie=5);
get/regroupement : SELECT * FROM regroupement;
complex
get/produit : SELECT * FROM Produit WHERE (FALSE  OR Produit.Categorie_idCategorie=5);
get/regroupement : SELECT * FROM regroupement;
complex
get/produit : SELECT * FROM Produit WHERE (FALSE  OR Produit.Categorie_idCategorie=5);
get/regroupement : SELECT * FROM regroupement;
complex
get/produit : SELECT * FROM Produit WHERE (FALSE  OR Produit.Categorie_idCategorie=5);
get/regroupement : SELECT * FROM regroupement;
complex
get/produit : SELECT * FROM Produit WHERE (FALSE  OR Produit.Categorie_idCategorie=5);
get/regroupement : SELECT * FROM regroupement;
complex
get/produit : SELECT * FROM Produit WHERE (FALSE  OR Produit.Categorie_idCategorie=5);
get/regroupement : SELECT * FROM regroupement;
get/produit : SELECT * FROM Produit WHERE (FALSE  OR Produit.Categorie_idCategorie=5);
complex
get/produit : SELECT * FROM Produit WHERE (FALSE  OR Produit.Categorie_idCategorie=5);
get/regroupement : SELECT * FROM regroupement;
complex
get/produit : SELECT * FROM Produit WHERE (FALSE  OR Produit.Categorie_idCategorie=5);
get/regroupement : SELECT * FROM regroupement;
complex
get/produit : SELECT * FROM Produit WHERE (FALSE  OR Produit.Categorie_idCategorie=5);
get/regroupement : SELECT * FROM regroupement;
complex
get/produit : SELECT * FROM Produit WHERE (FALSE  OR Produit.Categorie_idCategorie=5);
get/regroupement : SELECT * FROM regroupement;
complex
get/produit : SELECT * FROM Produit WHERE (FALSE  OR Produit.Categorie_idCategorie=5);
get/regroupement : SELECT * FROM regroupement;
complex
get/produit : SELECT * FROM Produit WHERE (FALSE  OR Produit.Categorie_idCategorie=5);
get/regroupement : SELECT * FROM regroupement;
complex
get/produit : SELECT * FROM Produit WHERE (FALSE  OR Produit.Categorie_idCategorie=5);
get/regroupement : SELECT * FROM regroupement;
complex
get/produit : SELECT * FROM Produit WHERE (FALSE  OR Produit.Categorie_idCategorie=5);
get/regroupement : SELECT * FROM regroupement;
complex
get/produit : SELECT * FROM Produit WHERE (FALSE  OR Produit.Categorie_idCategorie=5);
get/regroupement : SELECT * FROM regroupement;
complex
get/produit : SELECT * FROM Produit WHERE (FALSE  OR Produit.Categorie_idCategorie=5);
get/regroupement : SELECT * FROM regroupement;
complex
get/produit : SELECT * FROM Produit WHERE (FALSE  OR Produit.Categorie_idCategorie=5);
get/regroupement : SELECT * FROM regroupement;
complex
get/produit : SELECT * FROM Produit WHERE (FALSE  OR Produit.Categorie_idCategorie=5);
get/regroupement : SELECT * FROM regroupement;
complex
get/produit : SELECT * FROM Produit WHERE (FALSE  OR Produit.Categorie_idCategorie=5);
get/regroupement : SELECT * FROM regroupement;
complex
get/produit : SELECT * FROM Produit WHERE (FALSE  OR Produit.Categorie_idCategorie=5);
get/regroupement : SELECT * FROM regroupement;
complex
get/produit : SELECT * FROM Produit WHERE (FALSE  OR Produit.Categorie_idCategorie=5);
get/regroupement : SELECT * FROM regroupement;
get/produit : SELECT * FROM Produit WHERE Produit.Nom LIKE '%c%' AND (FALSE  OR Produit.Categorie_idCategorie=5);
get/produit : SELECT * FROM Produit WHERE Produit.Nom LIKE '%ca%' AND (FALSE  OR Produit.Categorie_idCategorie=5);
get/produit : SELECT * FROM Produit WHERE Produit.Nom LIKE '%cas%' AND (FALSE  OR Produit.Categorie_idCategorie=5);
get/produit : SELECT * FROM Produit WHERE Produit.Nom LIKE '%cass%' AND (FALSE  OR Produit.Categorie_idCategorie=5);
complex
get/produit : SELECT * FROM Produit WHERE Produit.Nom LIKE '%cass%' AND (FALSE  OR Produit.Categorie_idCategorie=5);
get/regroupement : SELECT * FROM regroupement;
get/magasin : SELECT * FROM Magasin WHERE display = 1;
get/commande : SELECT Commande.idCommande, Commande.Creation, Commande.Livraison, Commande.Montant, Commande.PNP, Commande.Remarque, Commande.display, Client.Nom AS clientNom, Vendeuse.Nom AS vendeuseNom, Magasin.Nom AS magasinNom FROM Commande JOIN Terminal ON Commande.Terminal_idTerminal=idTerminal JOIN Client ON Commande.Client_idClient=Client.idClient JOIN Vendeuse ON Commande.Vendeuse_idVendeuse=Vendeuse.idVendeuse JOIN Magasin ON Terminal.Magasin_idMagasin=Magasin.idMagasin WHERE (FALSE OR TRUE) ORDER BY Commande.Creation DESC LIMIT 0,20
get/client : SELECT * FROM Client WHERE Client.Nom LIKE '%';
get/category : SELECT * FROM Categorie;
get/regroupement : SELECT * FROM regroupement;
get/category : SELECT * FROM Categorie;
get/magasin : SELECT * FROM Magasin WHERE display = 1;
get/magasin : SELECT * FROM Magasin WHERE display = 1;
get/vendeuse : SELECT * FROM Vendeuse WHERE (FALSE OR TRUE)
get/magasin : SELECT * FROM Magasin WHERE display = 1;
get/terminal : SELECT * FROM Terminal;
get/ferie : SELECT * FROM Ferie;
get/custom : SELECT * FROM ProduitCustom WHERE(FALSE OR TRUE);
get/category : SELECT * FROM Categorie;
complex
get/category : SELECT * FROM Categorie;
get/produit : SELECT * FROM Produit WHERE (FALSE OR TRUE);
get/produit : SELECT * FROM Produit WHERE (FALSE  OR Produit.Categorie_idCategorie=5);
get/produit : SELECT * FROM Produit WHERE (FALSE OR TRUE);
get/produit : SELECT * FROM Produit WHERE (FALSE  OR Produit.Categorie_idCategorie=5);
get/magasin : SELECT * FROM Magasin WHERE display = 1;
get/commande : SELECT Commande.idCommande, Commande.Creation, Commande.Livraison, Commande.Montant, Commande.PNP, Commande.Remarque, Commande.display, Client.Nom AS clientNom, Vendeuse.Nom AS vendeuseNom, Magasin.Nom AS magasinNom FROM Commande JOIN Terminal ON Commande.Terminal_idTerminal=idTerminal JOIN Client ON Commande.Client_idClient=Client.idClient JOIN Vendeuse ON Commande.Vendeuse_idVendeuse=Vendeuse.idVendeuse JOIN Magasin ON Terminal.Magasin_idMagasin=Magasin.idMagasin WHERE (FALSE OR TRUE) ORDER BY Commande.Creation DESC LIMIT 0,20
get/client : SELECT * FROM Client WHERE Client.Nom LIKE '%';
get/category : SELECT * FROM Categorie;
get/regroupement : SELECT * FROM regroupement;
get/category : SELECT * FROM Categorie;
get/magasin : SELECT * FROM Magasin WHERE display = 1;
get/magasin : SELECT * FROM Magasin WHERE display = 1;
get/vendeuse : SELECT * FROM Vendeuse WHERE (FALSE OR TRUE)
get/magasin : SELECT * FROM Magasin WHERE display = 1;
get/terminal : SELECT * FROM Terminal;
get/ferie : SELECT * FROM Ferie;
get/custom : SELECT * FROM ProduitCustom WHERE(FALSE OR TRUE);
get/category : SELECT * FROM Categorie;
complex
get/category : SELECT * FROM Categorie;
get/produit : SELECT * FROM Produit WHERE (FALSE  OR Produit.Categorie_idCategorie=5);
get/produit : SELECT * FROM Produit WHERE Produit.Nom LIKE '%S%' AND (FALSE  OR Produit.Categorie_idCategorie=5);
get/produit : SELECT * FROM Produit WHERE Produit.Nom LIKE '%Su%' AND (FALSE  OR Produit.Categorie_idCategorie=5);
get/produit : SELECT * FROM Produit WHERE Produit.Nom LIKE '%Suc%' AND (FALSE  OR Produit.Categorie_idCategorie=5);
get/produit : SELECT * FROM Produit WHERE Produit.Nom LIKE '%Sucr%' AND (FALSE  OR Produit.Categorie_idCategorie=5);
get/produit : SELECT * FROM Produit WHERE Produit.Nom LIKE '%Sucre%' AND (FALSE  OR Produit.Categorie_idCategorie=5);
get/produit : SELECT * FROM Produit WHERE Produit.Nom LIKE '%Sucre%' AND (FALSE  OR Produit.Categorie_idCategorie=5);
complex
get/produit : SELECT * FROM Produit WHERE Produit.Nom LIKE '%Sucre%' AND (FALSE  OR Produit.Categorie_idCategorie=5);
get/regroupement : SELECT * FROM regroupement;
get/magasin : SELECT * FROM Magasin WHERE display = 1;
get/commande : SELECT Commande.idCommande, Commande.Creation, Commande.Livraison, Commande.Montant, Commande.PNP, Commande.Remarque, Commande.display, Client.Nom AS clientNom, Vendeuse.Nom AS vendeuseNom, Magasin.Nom AS magasinNom FROM Commande JOIN Terminal ON Commande.Terminal_idTerminal=idTerminal JOIN Client ON Commande.Client_idClient=Client.idClient JOIN Vendeuse ON Commande.Vendeuse_idVendeuse=Vendeuse.idVendeuse JOIN Magasin ON Terminal.Magasin_idMagasin=Magasin.idMagasin WHERE (FALSE OR TRUE) ORDER BY Commande.Creation DESC LIMIT 0,20
get/client : SELECT * FROM Client WHERE Client.Nom LIKE '%';
get/category : SELECT * FROM Categorie;
get/regroupement : SELECT * FROM regroupement;
get/category : SELECT * FROM Categorie;
get/magasin : SELECT * FROM Magasin WHERE display = 1;
get/magasin : SELECT * FROM Magasin WHERE display = 1;
get/vendeuse : SELECT * FROM Vendeuse WHERE (FALSE OR TRUE)
get/magasin : SELECT * FROM Magasin WHERE display = 1;
get/terminal : SELECT * FROM Terminal;
get/ferie : SELECT * FROM Ferie;
get/custom : SELECT * FROM ProduitCustom WHERE(FALSE OR TRUE);
get/category : SELECT * FROM Categorie;
complex
get/category : SELECT * FROM Categorie;
complex
complex
get/category : SELECT * FROM Categorie;
get/produit : SELECT * FROM Produit WHERE (FALSE  OR Produit.Categorie_idCategorie=5);
complex
get/produit : SELECT * FROM Produit WHERE (FALSE  OR Produit.Categorie_idCategorie=5);
get/regroupement : SELECT * FROM regroupement;
complex
get/produit : SELECT * FROM Produit WHERE (FALSE  OR Produit.Categorie_idCategorie=5);
get/regroupement : SELECT * FROM regroupement;
get/produit : SELECT * FROM Produit WHERE Produit.Nom LIKE '%r%' AND (FALSE  OR Produit.Categorie_idCategorie=5);
get/produit : SELECT * FROM Produit WHERE Produit.Nom LIKE '%rh%' AND (FALSE  OR Produit.Categorie_idCategorie=5);
get/produit : SELECT * FROM Produit WHERE Produit.Nom LIKE '%rhu%' AND (FALSE  OR Produit.Categorie_idCategorie=5);
get/produit : SELECT * FROM Produit WHERE Produit.Nom LIKE '%rhub%' AND (FALSE  OR Produit.Categorie_idCategorie=5);
get/produit : SELECT * FROM Produit WHERE Produit.Nom LIKE '%rhuba%' AND (FALSE  OR Produit.Categorie_idCategorie=5);
get/produit : SELECT * FROM Produit WHERE Produit.Nom LIKE '%rhubar%' AND (FALSE  OR Produit.Categorie_idCategorie=5);
get/produit : SELECT * FROM Produit WHERE Produit.Nom LIKE '%rhubarb%' AND (FALSE  OR Produit.Categorie_idCategorie=5);
get/produit : SELECT * FROM Produit WHERE Produit.Nom LIKE '%rhubarbe%' AND (FALSE  OR Produit.Categorie_idCategorie=5);
get/produit : SELECT * FROM Produit WHERE Produit.Nom LIKE '%rhubarb%' AND (FALSE  OR Produit.Categorie_idCategorie=5);
get/produit : SELECT * FROM Produit WHERE Produit.Nom LIKE '%rhubar%' AND (FALSE  OR Produit.Categorie_idCategorie=5);
get/produit : SELECT * FROM Produit WHERE Produit.Nom LIKE '%rhuba%' AND (FALSE  OR Produit.Categorie_idCategorie=5);
get/produit : SELECT * FROM Produit WHERE Produit.Nom LIKE '%rhub%' AND (FALSE  OR Produit.Categorie_idCategorie=5);
get/produit : SELECT * FROM Produit WHERE Produit.Nom LIKE '%rhu%' AND (FALSE  OR Produit.Categorie_idCategorie=5);
get/produit : SELECT * FROM Produit WHERE Produit.Nom LIKE '%rh%' AND (FALSE  OR Produit.Categorie_idCategorie=5);
get/produit : SELECT * FROM Produit WHERE Produit.Nom LIKE '%r%' AND (FALSE  OR Produit.Categorie_idCategorie=5);
get/produit : SELECT * FROM Produit WHERE (FALSE  OR Produit.Categorie_idCategorie=5);
get/produit : SELECT * FROM Produit WHERE Produit.Nom LIKE '%c%' AND (FALSE  OR Produit.Categorie_idCategorie=5);
get/produit : SELECT * FROM Produit WHERE (FALSE  OR Produit.Categorie_idCategorie=5);
get/produit : SELECT * FROM Produit WHERE Produit.Nom LIKE '%c%' AND (FALSE  OR Produit.Categorie_idCategorie=5);
get/produit : SELECT * FROM Produit WHERE Produit.Nom LIKE '%ce%' AND (FALSE  OR Produit.Categorie_idCategorie=5);
get/produit : SELECT * FROM Produit WHERE Produit.Nom LIKE '%cer%' AND (FALSE  OR Produit.Categorie_idCategorie=5);
get/produit : SELECT * FROM Produit WHERE Produit.Nom LIKE '%ceri%' AND (FALSE  OR Produit.Categorie_idCategorie=5);
get/produit : SELECT * FROM Produit WHERE Produit.Nom LIKE '%ceris%' AND (FALSE  OR Produit.Categorie_idCategorie=5);
get/produit : SELECT * FROM Produit WHERE Produit.Nom LIKE '%cerise%' AND (FALSE  OR Produit.Categorie_idCategorie=5);
complex
get/produit : SELECT * FROM Produit WHERE Produit.Nom LIKE '%cerise%' AND (FALSE  OR Produit.Categorie_idCategorie=5);
get/regroupement : SELECT * FROM regroupement;
get/produit : SELECT * FROM Produit WHERE Produit.Nom LIKE '%cerise%' AND (FALSE OR TRUE);
get/produit : SELECT * FROM Produit WHERE (FALSE OR TRUE);
get/produit : SELECT * FROM Produit WHERE (FALSE OR TRUE);
get/produit : SELECT * FROM Produit WHERE (FALSE  OR Produit.Categorie_idCategorie=4);
complex
get/produit : SELECT * FROM Produit WHERE (FALSE  OR Produit.Categorie_idCategorie=4);
get/regroupement : SELECT * FROM regroupement;
complex
get/produit : SELECT * FROM Produit WHERE (FALSE  OR Produit.Categorie_idCategorie=4);
get/regroupement : SELECT * FROM regroupement;
complex
get/produit : SELECT * FROM Produit WHERE (FALSE  OR Produit.Categorie_idCategorie=4);
get/regroupement : SELECT * FROM regroupement;
complex
get/produit : SELECT * FROM Produit WHERE (FALSE  OR Produit.Categorie_idCategorie=4);
get/regroupement : SELECT * FROM regroupement;
complex
get/produit : SELECT * FROM Produit WHERE (FALSE  OR Produit.Categorie_idCategorie=4);
get/regroupement : SELECT * FROM regroupement;
complex
get/produit : SELECT * FROM Produit WHERE (FALSE  OR Produit.Categorie_idCategorie=4);
get/regroupement : SELECT * FROM regroupement;
complex
get/produit : SELECT * FROM Produit WHERE (FALSE  OR Produit.Categorie_idCategorie=4);
get/regroupement : SELECT * FROM regroupement;
complex
get/produit : SELECT * FROM Produit WHERE (FALSE  OR Produit.Categorie_idCategorie=4);
get/regroupement : SELECT * FROM regroupement;
complex
get/produit : SELECT * FROM Produit WHERE (FALSE  OR Produit.Categorie_idCategorie=4);
get/regroupement : SELECT * FROM regroupement;
complex
get/produit : SELECT * FROM Produit WHERE (FALSE  OR Produit.Categorie_idCategorie=4);
get/regroupement : SELECT * FROM regroupement;
complex
get/produit : SELECT * FROM Produit WHERE (FALSE  OR Produit.Categorie_idCategorie=4);
get/regroupement : SELECT * FROM regroupement;
complex
get/produit : SELECT * FROM Produit WHERE (FALSE  OR Produit.Categorie_idCategorie=4);
get/regroupement : SELECT * FROM regroupement;
complex
get/produit : SELECT * FROM Produit WHERE (FALSE  OR Produit.Categorie_idCategorie=4);
get/regroupement : SELECT * FROM regroupement;
complex
get/produit : SELECT * FROM Produit WHERE (FALSE  OR Produit.Categorie_idCategorie=4);
get/regroupement : SELECT * FROM regroupement;
complex
get/produit : SELECT * FROM Produit WHERE (FALSE  OR Produit.Categorie_idCategorie=4);
get/regroupement : SELECT * FROM regroupement;
complex
get/produit : SELECT * FROM Produit WHERE (FALSE  OR Produit.Categorie_idCategorie=4);
get/regroupement : SELECT * FROM regroupement;
complex
get/produit : SELECT * FROM Produit WHERE (FALSE  OR Produit.Categorie_idCategorie=4);
get/regroupement : SELECT * FROM regroupement;
complex
get/produit : SELECT * FROM Produit WHERE (FALSE  OR Produit.Categorie_idCategorie=4);
get/regroupement : SELECT * FROM regroupement;
complex
get/produit : SELECT * FROM Produit WHERE (FALSE  OR Produit.Categorie_idCategorie=4);
get/regroupement : SELECT * FROM regroupement;
complex
get/produit : SELECT * FROM Produit WHERE (FALSE  OR Produit.Categorie_idCategorie=4);
get/regroupement : SELECT * FROM regroupement;
complex
get/produit : SELECT * FROM Produit WHERE (FALSE  OR Produit.Categorie_idCategorie=4);
get/regroupement : SELECT * FROM regroupement;
complex
get/produit : SELECT * FROM Produit WHERE (FALSE  OR Produit.Categorie_idCategorie=4);
get/regroupement : SELECT * FROM regroupement;
complex
get/produit : SELECT * FROM Produit WHERE (FALSE  OR Produit.Categorie_idCategorie=4);
get/regroupement : SELECT * FROM regroupement;
complex
get/produit : SELECT * FROM Produit WHERE (FALSE  OR Produit.Categorie_idCategorie=4);
get/regroupement : SELECT * FROM regroupement;
complex
get/produit : SELECT * FROM Produit WHERE (FALSE  OR Produit.Categorie_idCategorie=4);
get/regroupement : SELECT * FROM regroupement;
complex
get/produit : SELECT * FROM Produit WHERE (FALSE  OR Produit.Categorie_idCategorie=4);
get/regroupement : SELECT * FROM regroupement;
complex
get/produit : SELECT * FROM Produit WHERE (FALSE  OR Produit.Categorie_idCategorie=4);
get/regroupement : SELECT * FROM regroupement;
get/terminal : SELECT * FROM Terminal;
get/magasin : SELECT * FROM Magasin WHERE display = 1;
get/commande : SELECT Commande.idCommande, Commande.Creation, Commande.Livraison, Commande.Montant, Commande.PNP, Commande.Remarque, Commande.display, Client.Nom AS clientNom, Vendeuse.Nom AS vendeuseNom, Magasin.Nom AS magasinNom FROM Commande JOIN Terminal ON Commande.Terminal_idTerminal=idTerminal JOIN Client ON Commande.Client_idClient=Client.idClient JOIN Vendeuse ON Commande.Vendeuse_idVendeuse=Vendeuse.idVendeuse JOIN Magasin ON Terminal.Magasin_idMagasin=Magasin.idMagasin WHERE (FALSE OR TRUE) ORDER BY Commande.Creation DESC LIMIT 0,20
get/magasin : SELECT * FROM Magasin WHERE display = 1;
get/category : SELECT * FROM Categorie;
complex
activeMag : 1
complex
get/client : SELECT * FROM Client WHERE Client.Nom LIKE '%t%';
get/client : SELECT * FROM Client WHERE Client.Nom LIKE '%te%';
get/client : SELECT * FROM Client WHERE Client.Nom LIKE '%tes%';
get/client : SELECT * FROM Client WHERE Client.Nom LIKE '%Commande de test%';
get/commande : SELECT Commande.idCommande, Commande.Creation, Commande.Livraison, Commande.Montant, Commande.PNP, Commande.Remarque, Commande.display, Client.Nom AS clientNom, Vendeuse.Nom AS vendeuseNom, Magasin.Nom AS magasinNom FROM Commande JOIN Terminal ON Commande.Terminal_idTerminal=idTerminal JOIN Client ON Commande.Client_idClient=Client.idClient JOIN Vendeuse ON Commande.Vendeuse_idVendeuse=Vendeuse.idVendeuse JOIN Magasin ON Terminal.Magasin_idMagasin=Magasin.idMagasin WHERE (FALSE OR TRUE) ORDER BY Commande.Creation DESC LIMIT 0,20
get/magasin : SELECT * FROM Magasin WHERE display = 1;
get/category : SELECT * FROM Categorie;
complex
activeMag : 1
complex
get/produit : SELECT * FROM Produit WHERE (FALSE OR TRUE);
get/produit : SELECT * FROM Produit WHERE (FALSE  OR Produit.Categorie_idCategorie=3);
get/produit : SELECT * FROM Produit WHERE Produit.Nom LIKE '%t%' AND (FALSE  OR Produit.Categorie_idCategorie=3);
get/produit : SELECT * FROM Produit WHERE Produit.Nom LIKE '%ta%' AND (FALSE  OR Produit.Categorie_idCategorie=3);
get/produit : SELECT * FROM Produit WHERE Produit.Nom LIKE '%tar%' AND (FALSE  OR Produit.Categorie_idCategorie=3);
get/produit : SELECT * FROM Produit WHERE Produit.Nom LIKE '%tart%' AND (FALSE  OR Produit.Categorie_idCategorie=3);
get/produit : SELECT * FROM Produit WHERE Produit.Nom LIKE '%tarte%' AND (FALSE  OR Produit.Categorie_idCategorie=3);
complex
get/produit : SELECT * FROM Produit WHERE Produit.Nom LIKE '%tarte%' AND (FALSE  OR Produit.Categorie_idCategorie=3);
get/regroupement : SELECT * FROM regroupement;
get/produit : SELECT * FROM Produit WHERE (FALSE  OR Produit.Categorie_idCategorie=3);
get/produit : SELECT * FROM Produit WHERE Produit.Nom LIKE '%c%' AND (FALSE  OR Produit.Categorie_idCategorie=3);
get/produit : SELECT * FROM Produit WHERE Produit.Nom LIKE '%ca%' AND (FALSE  OR Produit.Categorie_idCategorie=3);
get/produit : SELECT * FROM Produit WHERE Produit.Nom LIKE '%c%' AND (FALSE  OR Produit.Categorie_idCategorie=3);
get/produit : SELECT * FROM Produit WHERE Produit.Nom LIKE '%cl%' AND (FALSE  OR Produit.Categorie_idCategorie=3);
get/produit : SELECT * FROM Produit WHERE Produit.Nom LIKE '%cla%' AND (FALSE  OR Produit.Categorie_idCategorie=3);
get/produit : SELECT * FROM Produit WHERE Produit.Nom LIKE '%clai%' AND (FALSE  OR Produit.Categorie_idCategorie=3);
get/produit : SELECT * FROM Produit WHERE Produit.Nom LIKE '%clair%' AND (FALSE  OR Produit.Categorie_idCategorie=3);
complex
get/produit : SELECT * FROM Produit WHERE Produit.Nom LIKE '%clair%' AND (FALSE  OR Produit.Categorie_idCategorie=3);
get/regroupement : SELECT * FROM regroupement;
get/produit : SELECT * FROM Produit WHERE Produit.Nom LIKE '%m%' AND (FALSE  OR Produit.Categorie_idCategorie=3);
get/produit : SELECT * FROM Produit WHERE Produit.Nom LIKE '%mi%' AND (FALSE  OR Produit.Categorie_idCategorie=3);
get/produit : SELECT * FROM Produit WHERE Produit.Nom LIKE '%min%' AND (FALSE  OR Produit.Categorie_idCategorie=3);
get/produit : SELECT * FROM Produit WHERE Produit.Nom LIKE '%mini%' AND (FALSE  OR Produit.Categorie_idCategorie=3);
get/produit : SELECT * FROM Produit WHERE (FALSE  OR Produit.Categorie_idCategorie=3);
get/produit : SELECT * FROM Produit WHERE Produit.Nom LIKE '%c%' AND (FALSE  OR Produit.Categorie_idCategorie=3);
get/produit : SELECT * FROM Produit WHERE Produit.Nom LIKE '%ch%' AND (FALSE  OR Produit.Categorie_idCategorie=3);
get/produit : SELECT * FROM Produit WHERE Produit.Nom LIKE '%cha%' AND (FALSE  OR Produit.Categorie_idCategorie=3);
get/produit : SELECT * FROM Produit WHERE Produit.Nom LIKE '%char%' AND (FALSE  OR Produit.Categorie_idCategorie=3);
get/produit : SELECT * FROM Produit WHERE Produit.Nom LIKE '%charl%' AND (FALSE  OR Produit.Categorie_idCategorie=3);
get/produit : SELECT * FROM Produit WHERE Produit.Nom LIKE '%charlo%' AND (FALSE  OR Produit.Categorie_idCategorie=3);
get/produit : SELECT * FROM Produit WHERE Produit.Nom LIKE '%charl%' AND (FALSE  OR Produit.Categorie_idCategorie=3);
get/produit : SELECT * FROM Produit WHERE Produit.Nom LIKE '%char%' AND (FALSE  OR Produit.Categorie_idCategorie=3);
get/produit : SELECT * FROM Produit WHERE Produit.Nom LIKE '%cha%' AND (FALSE  OR Produit.Categorie_idCategorie=3);
get/produit : SELECT * FROM Produit WHERE Produit.Nom LIKE '%ch%' AND (FALSE  OR Produit.Categorie_idCategorie=3);
get/produit : SELECT * FROM Produit WHERE Produit.Nom LIKE '%c%' AND (FALSE  OR Produit.Categorie_idCategorie=3);
get/produit : SELECT * FROM Produit WHERE (FALSE  OR Produit.Categorie_idCategorie=3);
complex
get/produit : SELECT * FROM Produit WHERE (FALSE  OR Produit.Categorie_idCategorie=3);
get/regroupement : SELECT * FROM regroupement;
get/produit : SELECT * FROM Produit WHERE Produit.Nom LIKE '%b%' AND (FALSE  OR Produit.Categorie_idCategorie=3);
get/produit : SELECT * FROM Produit WHERE Produit.Nom LIKE '%br%' AND (FALSE  OR Produit.Categorie_idCategorie=3);
get/produit : SELECT * FROM Produit WHERE Produit.Nom LIKE '%bre%' AND (FALSE  OR Produit.Categorie_idCategorie=3);
get/produit : SELECT * FROM Produit WHERE Produit.Nom LIKE '%bres%' AND (FALSE  OR Produit.Categorie_idCategorie=3);
get/produit : SELECT * FROM Produit WHERE Produit.Nom LIKE '%bresi%' AND (FALSE  OR Produit.Categorie_idCategorie=3);
get/magasin : SELECT * FROM Magasin WHERE display = 1;
get/commande : SELECT Commande.idCommande, Commande.Creation, Commande.Livraison, Commande.Montant, Commande.PNP, Commande.Remarque, Commande.display, Client.Nom AS clientNom, Vendeuse.Nom AS vendeuseNom, Magasin.Nom AS magasinNom FROM Commande JOIN Terminal ON Commande.Terminal_idTerminal=idTerminal JOIN Client ON Commande.Client_idClient=Client.idClient JOIN Vendeuse ON Commande.Vendeuse_idVendeuse=Vendeuse.idVendeuse JOIN Magasin ON Terminal.Magasin_idMagasin=Magasin.idMagasin WHERE (FALSE OR TRUE) ORDER BY Commande.Creation DESC LIMIT 0,20
get/client : SELECT * FROM Client WHERE Client.Nom LIKE '%';
get/category : SELECT * FROM Categorie;
get/regroupement : SELECT * FROM regroupement;
get/category : SELECT * FROM Categorie;
get/magasin : SELECT * FROM Magasin WHERE display = 1;
get/magasin : SELECT * FROM Magasin WHERE display = 1;
get/vendeuse : SELECT * FROM Vendeuse WHERE (FALSE OR TRUE)
get/magasin : SELECT * FROM Magasin WHERE display = 1;
get/terminal : SELECT * FROM Terminal;
get/ferie : SELECT * FROM Ferie;
get/custom : SELECT * FROM ProduitCustom WHERE(FALSE OR TRUE);
get/category : SELECT * FROM Categorie;
complex
get/category : SELECT * FROM Categorie;
complex
complex
get/category : SELECT * FROM Categorie;
get/produit : SELECT * FROM Produit WHERE (FALSE OR TRUE);
get/produit : SELECT * FROM Produit WHERE (FALSE  OR Produit.Categorie_idCategorie=3);
get/produit : SELECT * FROM Produit WHERE Produit.Nom LIKE '%b%' AND (FALSE  OR Produit.Categorie_idCategorie=3);
get/produit : SELECT * FROM Produit WHERE Produit.Nom LIKE '%br%' AND (FALSE  OR Produit.Categorie_idCategorie=3);
get/produit : SELECT * FROM Produit WHERE Produit.Nom LIKE '%bre%' AND (FALSE  OR Produit.Categorie_idCategorie=3);
get/produit : SELECT * FROM Produit WHERE Produit.Nom LIKE '%bres%' AND (FALSE  OR Produit.Categorie_idCategorie=3);
get/produit : SELECT * FROM Produit WHERE Produit.Nom LIKE '%bresi%' AND (FALSE  OR Produit.Categorie_idCategorie=3);
complex
get/produit : SELECT * FROM Produit WHERE Produit.Nom LIKE '%bresi%' AND (FALSE  OR Produit.Categorie_idCategorie=3);
get/regroupement : SELECT * FROM regroupement;
get/produit : SELECT * FROM Produit WHERE (FALSE  OR Produit.Categorie_idCategorie=3);
get/produit : SELECT * FROM Produit WHERE Produit.Nom LIKE '%b%' AND (FALSE  OR Produit.Categorie_idCategorie=3);
get/produit : SELECT * FROM Produit WHERE Produit.Nom LIKE '%ba%' AND (FALSE  OR Produit.Categorie_idCategorie=3);
get/produit : SELECT * FROM Produit WHERE Produit.Nom LIKE '%bav%' AND (FALSE  OR Produit.Categorie_idCategorie=3);
get/produit : SELECT * FROM Produit WHERE Produit.Nom LIKE '%bava%' AND (FALSE  OR Produit.Categorie_idCategorie=3);
complex
get/produit : SELECT * FROM Produit WHERE Produit.Nom LIKE '%bava%' AND (FALSE  OR Produit.Categorie_idCategorie=3);
get/regroupement : SELECT * FROM regroupement;
get/produit : SELECT * FROM Produit WHERE (FALSE  OR Produit.Categorie_idCategorie=3);
get/produit : SELECT * FROM Produit WHERE Produit.Nom LIKE '%d%' AND (FALSE  OR Produit.Categorie_idCategorie=3);
get/produit : SELECT * FROM Produit WHERE Produit.Nom LIKE '%do%' AND (FALSE  OR Produit.Categorie_idCategorie=3);
get/produit : SELECT * FROM Produit WHERE Produit.Nom LIKE '%don%' AND (FALSE  OR Produit.Categorie_idCategorie=3);
complex
get/produit : SELECT * FROM Produit WHERE Produit.Nom LIKE '%don%' AND (FALSE  OR Produit.Categorie_idCategorie=3);
get/regroupement : SELECT * FROM regroupement;
get/produit : SELECT * FROM Produit WHERE Produit.Nom LIKE '%c%' AND (FALSE  OR Produit.Categorie_idCategorie=3);
get/produit : SELECT * FROM Produit WHERE Produit.Nom LIKE '%cr%' AND (FALSE  OR Produit.Categorie_idCategorie=3);
get/produit : SELECT * FROM Produit WHERE Produit.Nom LIKE '%cro%' AND (FALSE  OR Produit.Categorie_idCategorie=3);
get/produit : SELECT * FROM Produit WHERE Produit.Nom LIKE '%crou%' AND (FALSE  OR Produit.Categorie_idCategorie=3);
complex
get/produit : SELECT * FROM Produit WHERE Produit.Nom LIKE '%crou%' AND (FALSE  OR Produit.Categorie_idCategorie=3);
get/regroupement : SELECT * FROM regroupement;
get/produit : SELECT * FROM Produit WHERE (FALSE  OR Produit.Categorie_idCategorie=3);
get/produit : SELECT * FROM Produit WHERE Produit.Nom LIKE '%M%' AND (FALSE  OR Produit.Categorie_idCategorie=3);
get/produit : SELECT * FROM Produit WHERE Produit.Nom LIKE '%Mo%' AND (FALSE  OR Produit.Categorie_idCategorie=3);
get/produit : SELECT * FROM Produit WHERE Produit.Nom LIKE '%Mon%' AND (FALSE  OR Produit.Categorie_idCategorie=3);
get/produit : SELECT * FROM Produit WHERE Produit.Nom LIKE '%Mont%' AND (FALSE  OR Produit.Categorie_idCategorie=3);
get/produit : SELECT * FROM Produit WHERE Produit.Nom LIKE '%ont%' AND (FALSE  OR Produit.Categorie_idCategorie=3);
complex
get/produit : SELECT * FROM Produit WHERE Produit.Nom LIKE '%ont%' AND (FALSE  OR Produit.Categorie_idCategorie=3);
get/regroupement : SELECT * FROM regroupement;
get/produit : SELECT * FROM Produit WHERE Produit.Nom LIKE '%b%' AND (FALSE  OR Produit.Categorie_idCategorie=3);
get/produit : SELECT * FROM Produit WHERE Produit.Nom LIKE '%br%' AND (FALSE  OR Produit.Categorie_idCategorie=3);
get/produit : SELECT * FROM Produit WHERE Produit.Nom LIKE '%bre%' AND (FALSE  OR Produit.Categorie_idCategorie=3);
get/produit : SELECT * FROM Produit WHERE Produit.Nom LIKE '%bres%' AND (FALSE  OR Produit.Categorie_idCategorie=3);
get/produit : SELECT * FROM Produit WHERE Produit.Nom LIKE '%bre%' AND (FALSE  OR Produit.Categorie_idCategorie=3);
get/produit : SELECT * FROM Produit WHERE Produit.Nom LIKE '%br%' AND (FALSE  OR Produit.Categorie_idCategorie=3);
get/produit : SELECT * FROM Produit WHERE Produit.Nom LIKE '%b%' AND (FALSE  OR Produit.Categorie_idCategorie=3);
get/produit : SELECT * FROM Produit WHERE (FALSE  OR Produit.Categorie_idCategorie=3);
get/produit : SELECT * FROM Produit WHERE (FALSE OR TRUE);
get/produit : SELECT * FROM Produit WHERE (FALSE OR TRUE);
get/produit : SELECT * FROM Produit WHERE (FALSE  OR Produit.Categorie_idCategorie=2);
get/produit : SELECT * FROM Produit WHERE Produit.Nom LIKE '%p%' AND (FALSE  OR Produit.Categorie_idCategorie=2);
get/produit : SELECT * FROM Produit WHERE Produit.Nom LIKE '%pa%' AND (FALSE  OR Produit.Categorie_idCategorie=2);
get/produit : SELECT * FROM Produit WHERE Produit.Nom LIKE '%pai%' AND (FALSE  OR Produit.Categorie_idCategorie=2);
get/produit : SELECT * FROM Produit WHERE Produit.Nom LIKE '%pain%' AND (FALSE  OR Produit.Categorie_idCategorie=2);
get/produit : SELECT * FROM Produit WHERE Produit.Nom LIKE '%pai%' AND (FALSE  OR Produit.Categorie_idCategorie=2);
get/produit : SELECT * FROM Produit WHERE Produit.Nom LIKE '%pa%' AND (FALSE  OR Produit.Categorie_idCategorie=2);
get/produit : SELECT * FROM Produit WHERE Produit.Nom LIKE '%p%' AND (FALSE  OR Produit.Categorie_idCategorie=2);
get/produit : SELECT * FROM Produit WHERE (FALSE  OR Produit.Categorie_idCategorie=2);
get/produit : SELECT * FROM Produit WHERE Produit.Nom LIKE '%m%' AND (FALSE  OR Produit.Categorie_idCategorie=2);
get/produit : SELECT * FROM Produit WHERE Produit.Nom LIKE '%mi%' AND (FALSE  OR Produit.Categorie_idCategorie=2);
get/produit : SELECT * FROM Produit WHERE Produit.Nom LIKE '%min%' AND (FALSE  OR Produit.Categorie_idCategorie=2);
get/produit : SELECT * FROM Produit WHERE Produit.Nom LIKE '%mini%' AND (FALSE  OR Produit.Categorie_idCategorie=2);
complex
get/produit : SELECT * FROM Produit WHERE Produit.Nom LIKE '%mini%' AND (FALSE  OR Produit.Categorie_idCategorie=2);
get/regroupement : SELECT * FROM regroupement;
get/magasin : SELECT * FROM Magasin WHERE display = 1;
get/commande : SELECT Commande.idCommande, Commande.Creation, Commande.Livraison, Commande.Montant, Commande.PNP, Commande.Remarque, Commande.display, Client.Nom AS clientNom, Vendeuse.Nom AS vendeuseNom, Magasin.Nom AS magasinNom FROM Commande JOIN Terminal ON Commande.Terminal_idTerminal=idTerminal JOIN Client ON Commande.Client_idClient=Client.idClient JOIN Vendeuse ON Commande.Vendeuse_idVendeuse=Vendeuse.idVendeuse JOIN Magasin ON Terminal.Magasin_idMagasin=Magasin.idMagasin WHERE (FALSE OR TRUE) ORDER BY Commande.Creation DESC LIMIT 0,20
get/client : SELECT * FROM Client WHERE Client.Nom LIKE '%';
get/category : SELECT * FROM Categorie;
get/regroupement : SELECT * FROM regroupement;
get/category : SELECT * FROM Categorie;
get/magasin : SELECT * FROM Magasin WHERE display = 1;
get/magasin : SELECT * FROM Magasin WHERE display = 1;
get/vendeuse : SELECT * FROM Vendeuse WHERE (FALSE OR TRUE)
get/magasin : SELECT * FROM Magasin WHERE display = 1;
get/terminal : SELECT * FROM Terminal;
get/ferie : SELECT * FROM Ferie;
get/custom : SELECT * FROM ProduitCustom WHERE(FALSE OR TRUE);
get/category : SELECT * FROM Categorie;
complex
get/category : SELECT * FROM Categorie;
complex
complex
get/category : SELECT * FROM Categorie;
get/produit : SELECT * FROM Produit WHERE (FALSE OR TRUE);
get/produit : SELECT * FROM Produit WHERE (FALSE  OR Produit.Categorie_idCategorie=2);
get/produit : SELECT * FROM Produit WHERE Produit.Nom LIKE '%m%' AND (FALSE  OR Produit.Categorie_idCategorie=2);
get/produit : SELECT * FROM Produit WHERE Produit.Nom LIKE '%mi%' AND (FALSE  OR Produit.Categorie_idCategorie=2);
get/produit : SELECT * FROM Produit WHERE Produit.Nom LIKE '%min%' AND (FALSE  OR Produit.Categorie_idCategorie=2);
complex
get/produit : SELECT * FROM Produit WHERE Produit.Nom LIKE '%min%' AND (FALSE  OR Produit.Categorie_idCategorie=2);
get/regroupement : SELECT * FROM regroupement;
get/produit : SELECT * FROM Produit WHERE (FALSE  OR Produit.Categorie_idCategorie=2);
get/produit : SELECT * FROM Produit WHERE Produit.Nom LIKE '%y%' AND (FALSE  OR Produit.Categorie_idCategorie=2);
get/produit : SELECT * FROM Produit WHERE Produit.Nom LIKE '%yo%' AND (FALSE  OR Produit.Categorie_idCategorie=2);
get/produit : SELECT * FROM Produit WHERE Produit.Nom LIKE '%yot%' AND (FALSE  OR Produit.Categorie_idCategorie=2);
get/produit : SELECT * FROM Produit WHERE Produit.Nom LIKE '%yoti%' AND (FALSE  OR Produit.Categorie_idCategorie=2);
get/produit : SELECT * FROM Produit WHERE Produit.Nom LIKE '%yot%' AND (FALSE  OR Produit.Categorie_idCategorie=2);
get/produit : SELECT * FROM Produit WHERE Produit.Nom LIKE '%yo%' AND (FALSE  OR Produit.Categorie_idCategorie=2);
get/produit : SELECT * FROM Produit WHERE Produit.Nom LIKE '%y%' AND (FALSE  OR Produit.Categorie_idCategorie=2);
get/produit : SELECT * FROM Produit WHERE (FALSE  OR Produit.Categorie_idCategorie=2);
get/produit : SELECT * FROM Produit WHERE Produit.Nom LIKE '%t%' AND (FALSE  OR Produit.Categorie_idCategorie=2);
get/produit : SELECT * FROM Produit WHERE Produit.Nom LIKE '%to%' AND (FALSE  OR Produit.Categorie_idCategorie=2);
get/produit : SELECT * FROM Produit WHERE Produit.Nom LIKE '%tor%' AND (FALSE  OR Produit.Categorie_idCategorie=2);
get/produit : SELECT * FROM Produit WHERE Produit.Nom LIKE '%tort%' AND (FALSE  OR Produit.Categorie_idCategorie=2);
complex
get/produit : SELECT * FROM Produit WHERE Produit.Nom LIKE '%tort%' AND (FALSE  OR Produit.Categorie_idCategorie=2);
get/regroupement : SELECT * FROM regroupement;
get/produit : SELECT * FROM Produit WHERE (FALSE  OR Produit.Categorie_idCategorie=2);
get/produit : SELECT * FROM Produit WHERE Produit.Nom LIKE '%g%' AND (FALSE  OR Produit.Categorie_idCategorie=2);
get/produit : SELECT * FROM Produit WHERE Produit.Nom LIKE '%go%' AND (FALSE  OR Produit.Categorie_idCategorie=2);
get/produit : SELECT * FROM Produit WHERE Produit.Nom LIKE '%gos%' AND (FALSE  OR Produit.Categorie_idCategorie=2);
get/produit : SELECT * FROM Produit WHERE Produit.Nom LIKE '%gose%' AND (FALSE  OR Produit.Categorie_idCategorie=2);
complex
get/produit : SELECT * FROM Produit WHERE Produit.Nom LIKE '%gose%' AND (FALSE  OR Produit.Categorie_idCategorie=2);
get/regroupement : SELECT * FROM regroupement;
get/produit : SELECT * FROM Produit WHERE (FALSE  OR Produit.Categorie_idCategorie=2);
complex
get/produit : SELECT * FROM Produit WHERE (FALSE  OR Produit.Categorie_idCategorie=2);
get/regroupement : SELECT * FROM regroupement;
get/produit : SELECT * FROM Produit WHERE (FALSE OR TRUE);
get/produit : SELECT * FROM Produit WHERE (FALSE  OR Produit.Categorie_idCategorie=1);
complex
get/produit : SELECT * FROM Produit WHERE (FALSE  OR Produit.Categorie_idCategorie=1);
get/regroupement : SELECT * FROM regroupement;
complex
get/produit : SELECT * FROM Produit WHERE (FALSE  OR Produit.Categorie_idCategorie=1);
get/regroupement : SELECT * FROM regroupement;
complex
get/produit : SELECT * FROM Produit WHERE (FALSE  OR Produit.Categorie_idCategorie=1);
get/regroupement : SELECT * FROM regroupement;
complex
get/produit : SELECT * FROM Produit WHERE (FALSE  OR Produit.Categorie_idCategorie=1);
get/regroupement : SELECT * FROM regroupement;
complex
get/produit : SELECT * FROM Produit WHERE (FALSE  OR Produit.Categorie_idCategorie=1);
get/regroupement : SELECT * FROM regroupement;
complex
get/produit : SELECT * FROM Produit WHERE (FALSE  OR Produit.Categorie_idCategorie=1);
get/regroupement : SELECT * FROM regroupement;
complex
get/produit : SELECT * FROM Produit WHERE (FALSE  OR Produit.Categorie_idCategorie=1);
get/regroupement : SELECT * FROM regroupement;
complex
get/produit : SELECT * FROM Produit WHERE (FALSE  OR Produit.Categorie_idCategorie=1);
get/regroupement : SELECT * FROM regroupement;
complex
get/produit : SELECT * FROM Produit WHERE (FALSE  OR Produit.Categorie_idCategorie=1);
get/regroupement : SELECT * FROM regroupement;
get/produit : SELECT * FROM Produit WHERE (FALSE  OR Produit.Categorie_idCategorie=1);
get/magasin : SELECT * FROM Magasin WHERE display = 1;
get/commande : SELECT Commande.idCommande, Commande.Creation, Commande.Livraison, Commande.Montant, Commande.PNP, Commande.Remarque, Commande.display, Client.Nom AS clientNom, Vendeuse.Nom AS vendeuseNom, Magasin.Nom AS magasinNom FROM Commande JOIN Terminal ON Commande.Terminal_idTerminal=idTerminal JOIN Client ON Commande.Client_idClient=Client.idClient JOIN Vendeuse ON Commande.Vendeuse_idVendeuse=Vendeuse.idVendeuse JOIN Magasin ON Terminal.Magasin_idMagasin=Magasin.idMagasin WHERE (FALSE OR TRUE) ORDER BY Commande.Creation DESC LIMIT 0,20
get/client : SELECT * FROM Client WHERE Client.Nom LIKE '%';
get/category : SELECT * FROM Categorie;
get/regroupement : SELECT * FROM regroupement;
get/category : SELECT * FROM Categorie;
get/magasin : SELECT * FROM Magasin WHERE display = 1;
get/magasin : SELECT * FROM Magasin WHERE display = 1;
get/vendeuse : SELECT * FROM Vendeuse WHERE (FALSE OR TRUE)
get/magasin : SELECT * FROM Magasin WHERE display = 1;
get/terminal : SELECT * FROM Terminal;
get/custom : SELECT * FROM ProduitCustom WHERE(FALSE OR TRUE);
get/ferie : SELECT * FROM Ferie;
get/category : SELECT * FROM Categorie;
complex
get/category : SELECT * FROM Categorie;
get/produit : SELECT * FROM Produit WHERE (FALSE  OR Produit.Categorie_idCategorie=1);
get/commande : SELECT Commande.idCommande, Commande.Creation, Commande.Livraison, Commande.Montant, Commande.PNP, Commande.Remarque, Commande.display, Client.Nom AS clientNom, Vendeuse.Nom AS vendeuseNom, Magasin.Nom AS magasinNom FROM Commande JOIN Terminal ON Commande.Terminal_idTerminal=idTerminal JOIN Client ON Commande.Client_idClient=Client.idClient JOIN Vendeuse ON Commande.Vendeuse_idVendeuse=Vendeuse.idVendeuse JOIN Magasin ON Terminal.Magasin_idMagasin=Magasin.idMagasin WHERE (FALSE OR TRUE) ORDER BY Commande.Creation DESC LIMIT 0,20
get/magasin : SELECT * FROM Magasin WHERE display = 1;
get/category : SELECT * FROM Categorie;
complex
activeMag : 1
complex
get/client : SELECT * FROM Client WHERE Client.Nom LIKE '%t%';
get/client : SELECT * FROM Client WHERE Client.Nom LIKE '%te%';
get/client : SELECT * FROM Client WHERE Client.Nom LIKE '%Commande de test%';
get/magasin : SELECT * FROM Magasin WHERE display = 1;
