get/client : SELECT * FROM Client WHERE Client.Nom LIKE '%G%';
get/client : SELECT * FROM Client WHERE Client.Nom LIKE '%Gu%';
get/client : SELECT * FROM Client WHERE Client.Nom LIKE '%Gus%';
get/client : SELECT * FROM Client WHERE Client.Nom LIKE '%Gust%';
get/client : SELECT * FROM Client WHERE Client.Nom LIKE '%Gusti%';
get/client : SELECT * FROM Client WHERE Client.Nom LIKE '%Gustin%';
get/client : SELECT * FROM Client WHERE Client.Nom LIKE '%Gustin A%';
get/client : SELECT * FROM Client WHERE Client.Nom LIKE '%Gustin An%';
get/client : SELECT * FROM Client WHERE Client.Nom LIKE '%Gustin Ann%';
get/client : SELECT * FROM Client WHERE Client.Nom LIKE '%Gustin Anne%';
get/client : SELECT * FROM Client WHERE Client.Nom LIKE '%Gustin Anne-%';
get/client : SELECT * FROM Client WHERE Client.Nom LIKE '%Gustin Anne-s%';
get/client : SELECT * FROM Client WHERE Client.Nom LIKE '%Gustin Anne-%';
get/client : SELECT * FROM Client WHERE Client.Nom LIKE '%Gustin Anne-s%';
get/client : SELECT * FROM Client WHERE Client.Nom LIKE '%Gustin Anne-ss%';
get/client : SELECT * FROM Client WHERE Client.Nom LIKE '%Gustin Anne-s%';
get/client : SELECT * FROM Client WHERE Client.Nom LIKE '%Gustin Anne-%';
get/client : SELECT * FROM Client WHERE Client.Nom LIKE '%Gustin Anne-S%';
get/client : SELECT * FROM Client WHERE Client.Nom LIKE '%Gustin Anne-So%';
get/client : SELECT * FROM Client WHERE Client.Nom LIKE '%Gustin Anne-Sop%';
get/client : SELECT * FROM Client WHERE Client.Nom LIKE '%Gustin Anne-Soph%';
get/client : SELECT * FROM Client WHERE Client.Nom LIKE '%Gustin Anne-Sophi%';
get/client : SELECT * FROM Client WHERE Client.Nom LIKE '%Gustin Anne-Sophie%';
complex
clientID :1497
INSERT INTO Commande( Creation, Livraison, Montant, PNP, Remarque, Client_idClient, Vendeuse_idVendeuse, Terminal_idTerminal) VALUES ('2015-11-30 13:17:26','2015-12-01 16:00:00','24.85','0','','1497','2','1');
INSERT INTO ProduitCommande(Quantite, Details, Commande_idCommande, Produit_idProduit, Custom) VALUES  (1,'',3409,881,0), (1,'',3409,871,0), (1,'1*6 brésilienne',3409,187,0);
get/magasin : SELECT * FROM Magasin WHERE display = 1;
get/category : SELECT * FROM Categorie;
get/commande : SELECT Commande.idCommande, Commande.Creation, Commande.Livraison, Commande.Montant, Commande.PNP, Commande.Remarque, Commande.display, Client.Nom AS clientNom, Vendeuse.Nom AS vendeuseNom, Magasin.Nom AS magasinNom FROM Commande JOIN Terminal ON Commande.Terminal_idTerminal=idTerminal JOIN Client ON Commande.Client_idClient=Client.idClient JOIN Vendeuse ON Commande.Vendeuse_idVendeuse=Vendeuse.idVendeuse JOIN Magasin ON Terminal.Magasin_idMagasin=Magasin.idMagasin WHERE (FALSE  OR Terminal.Magasin_idMagasin=1) AND Commande.Livraison LIKE '2015-12-01%' ORDER BY Commande.Creation DESC LIMIT 0,10000
complex
get/magasin : SELECT * FROM Magasin WHERE display = 1;
get/category : SELECT * FROM Categorie;
get/commande : SELECT Commande.idCommande, Commande.Creation, Commande.Livraison, Commande.Montant, Commande.PNP, Commande.Remarque, Commande.display, Client.Nom AS clientNom, Vendeuse.Nom AS vendeuseNom, Magasin.Nom AS magasinNom FROM Commande JOIN Terminal ON Commande.Terminal_idTerminal=idTerminal JOIN Client ON Commande.Client_idClient=Client.idClient JOIN Vendeuse ON Commande.Vendeuse_idVendeuse=Vendeuse.idVendeuse JOIN Magasin ON Terminal.Magasin_idMagasin=Magasin.idMagasin WHERE (FALSE  OR Terminal.Magasin_idMagasin=1) AND Commande.Livraison LIKE '2015-11-30%' ORDER BY Commande.Creation DESC LIMIT 0,10000
complex
get/magasin : SELECT * FROM Magasin WHERE display = 1;
get/category : SELECT * FROM Categorie;
get/client : SELECT * FROM Client WHERE Client.Nom LIKE '%C%';
get/client : SELECT * FROM Client WHERE Client.Nom LIKE '%Cr%';
get/client : SELECT * FROM Client WHERE Client.Nom LIKE '%Cro%';
get/client : SELECT * FROM Client WHERE Client.Nom LIKE '%Croi%';
get/client : SELECT * FROM Client WHERE Client.Nom LIKE '%Croix%';
get/client : SELECT * FROM Client WHERE Client.Nom LIKE '%Croix r%';
get/client : SELECT * FROM Client WHERE Client.Nom LIKE '%Croix ro%';
get/client : SELECT * FROM Client WHERE Client.Nom LIKE '%Croix rou%';
get/client : SELECT * FROM Client WHERE Client.Nom LIKE '%Croix roug%';
get/client : SELECT * FROM Client WHERE Client.Nom LIKE '%Croix rouga%';
get/client : SELECT * FROM Client WHERE Client.Nom LIKE '%Croix roug%';
get/client : SELECT * FROM Client WHERE Client.Nom LIKE '%Croix rouge%';
complex
clientID :1498
INSERT INTO Commande( Creation, Livraison, Montant, PNP, Remarque, Client_idClient, Vendeuse_idVendeuse, Terminal_idTerminal) VALUES ('2015-11-30 14:04:39','2015-12-02 12:00:00','15.00','1','en boite','1498','2','1');
INSERT INTO ProduitCommande(Quantite, Details, Commande_idCommande, Produit_idProduit, Custom) VALUES  (30,'',3410,518,0);
get/magasin : SELECT * FROM Magasin WHERE display = 1;
get/category : SELECT * FROM Categorie;
get/commande : SELECT Commande.idCommande, Commande.Creation, Commande.Livraison, Commande.Montant, Commande.PNP, Commande.Remarque, Commande.display, Client.Nom AS clientNom, Vendeuse.Nom AS vendeuseNom, Magasin.Nom AS magasinNom FROM Commande JOIN Terminal ON Commande.Terminal_idTerminal=idTerminal JOIN Client ON Commande.Client_idClient=Client.idClient JOIN Vendeuse ON Commande.Vendeuse_idVendeuse=Vendeuse.idVendeuse JOIN Magasin ON Terminal.Magasin_idMagasin=Magasin.idMagasin WHERE (FALSE  OR Terminal.Magasin_idMagasin=1) AND Commande.Livraison LIKE '2015-12-02%' ORDER BY Commande.Creation DESC LIMIT 0,10000
complex
get/magasin : SELECT * FROM Magasin WHERE display = 1;
get/category : SELECT * FROM Categorie;
get/client : SELECT * FROM Client WHERE Client.Nom LIKE '%tre%';
get/client : SELECT * FROM Client WHERE Client.Nom LIKE '%tree%';
get/client : SELECT * FROM Client WHERE Client.Nom LIKE '%tre%';
get/client : SELECT * FROM Client WHERE Client.Nom LIKE '%trem%';
get/client : SELECT * FROM Client WHERE Client.Nom LIKE '%tremm%';
get/client : SELECT * FROM Client WHERE Client.Nom LIKE '%tremmo%';
get/client : SELECT * FROM Client WHERE Client.Nom LIKE '%tremmou%';
get/client : SELECT * FROM Client WHERE Client.Nom LIKE '%tremmo%';
get/client : SELECT * FROM Client WHERE Client.Nom LIKE '%tremm%';
get/client : SELECT * FROM Client WHERE Client.Nom LIKE '%trem%';
get/client : SELECT * FROM Client WHERE Client.Nom LIKE '%tremouroux%';
complex
UPDATE Client SET Tel='081/239100', Mail ='', Nom ='tremouroux', TVA ='' WHERE idClient = '796';
INSERT INTO Commande( Creation, Livraison, Montant, PNP, Remarque, Client_idClient, Vendeuse_idVendeuse, Terminal_idTerminal) VALUES ('2015-11-30 14:24:23','2015-12-01 09:00:00','31.40','3','','796','3','1');
INSERT INTO ProduitCommande(Quantite, Details, Commande_idCommande, Produit_idProduit, Custom) VALUES  (1,'',3411,813,0), (1,'',3411,880,0), (2,'',3411,174,0), (2,'',3411,202,0);
get/magasin : SELECT * FROM Magasin WHERE display = 1;
get/category : SELECT * FROM Categorie;
get/client : SELECT * FROM Client WHERE Client.Nom LIKE '%tremouroux%';
complex
UPDATE Client SET Tel='081/239100', Mail ='', Nom ='tremouroux', TVA ='' WHERE idClient = '796';
INSERT INTO Commande( Creation, Livraison, Montant, PNP, Remarque, Client_idClient, Vendeuse_idVendeuse, Terminal_idTerminal) VALUES ('2015-11-30 14:24:50','2015-12-04 08:00:00','25.00','3','','796','3','1');
INSERT INTO ProduitCommande(Quantite, Details, Commande_idCommande, Produit_idProduit, Custom) VALUES  (1,'',3412,813,0), (1,'',3412,807,0);
get/magasin : SELECT * FROM Magasin WHERE display = 1;
get/category : SELECT * FROM Categorie;
get/client : SELECT * FROM Client WHERE Client.Nom LIKE '%tremouroux%';
complex
UPDATE Client SET Tel='081/239100', Mail ='', Nom ='tremouroux', TVA ='' WHERE idClient = '796';
INSERT INTO Commande( Creation, Livraison, Montant, PNP, Remarque, Client_idClient, Vendeuse_idVendeuse, Terminal_idTerminal) VALUES ('2015-11-30 14:25:10','2015-12-06 09:00:00','25.00','3','','796','3','1');
INSERT INTO ProduitCommande(Quantite, Details, Commande_idCommande, Produit_idProduit, Custom) VALUES  (1,'',3413,813,0), (1,'',3413,815,0);
get/magasin : SELECT * FROM Magasin WHERE display = 1;
get/category : SELECT * FROM Categorie;
get/client : SELECT * FROM Client WHERE Client.Nom LIKE '%tremouroux%';
complex
UPDATE Client SET Tel='081/239100', Mail ='', Nom ='tremouroux', TVA ='' WHERE idClient = '796';
INSERT INTO Commande( Creation, Livraison, Montant, PNP, Remarque, Client_idClient, Vendeuse_idVendeuse, Terminal_idTerminal) VALUES ('2015-11-30 14:26:05','2015-12-08 08:00:00','31.40','3','','796','3','1');
INSERT INTO ProduitCommande(Quantite, Details, Commande_idCommande, Produit_idProduit, Custom) VALUES  (1,'',3414,813,0), (1,'',3414,809,0), (2,'',3414,874,0), (2,'',3414,873,0);
get/magasin : SELECT * FROM Magasin WHERE display = 1;
get/category : SELECT * FROM Categorie;
get/client : SELECT * FROM Client WHERE Client.Nom LIKE '%g%';
get/client : SELECT * FROM Client WHERE Client.Nom LIKE '%';
get/client : SELECT * FROM Client WHERE Client.Nom LIKE '%G%';
get/client : SELECT * FROM Client WHERE Client.Nom LIKE '%Go%';
get/client : SELECT * FROM Client WHERE Client.Nom LIKE '%Goo%';
get/client : SELECT * FROM Client WHERE Client.Nom LIKE '%Goos%';
get/client : SELECT * FROM Client WHERE Client.Nom LIKE '%Gooss%';
get/client : SELECT * FROM Client WHERE Client.Nom LIKE '%Goosse%';
get/client : SELECT * FROM Client WHERE Client.Nom LIKE '%Goossen%';
get/client : SELECT * FROM Client WHERE Client.Nom LIKE '%Goossens%';
get/client : SELECT * FROM Client WHERE Client.Nom LIKE '%Goossens T%';
get/client : SELECT * FROM Client WHERE Client.Nom LIKE '%Goossens Th%';
get/client : SELECT * FROM Client WHERE Client.Nom LIKE '%Goossens Thé%';
get/client : SELECT * FROM Client WHERE Client.Nom LIKE '%Goossens Thér%';
get/client : SELECT * FROM Client WHERE Client.Nom LIKE '%Goossens Thére%';
get/client : SELECT * FROM Client WHERE Client.Nom LIKE '%Goossens Théreè%';
get/client : SELECT * FROM Client WHERE Client.Nom LIKE '%Goossens Théreès%';
get/client : SELECT * FROM Client WHERE Client.Nom LIKE '%Goossens Théreèse%';
complex
clientID :1499
INSERT INTO Commande( Creation, Livraison, Montant, PNP, Remarque, Client_idClient, Vendeuse_idVendeuse, Terminal_idTerminal) VALUES ('2015-11-30 14:51:39','2015-12-01 07:00:00','13.50','0','','1499','2','1');
INSERT INTO ProduitCommande(Quantite, Details, Commande_idCommande, Produit_idProduit, Custom) VALUES  (1,'',3415,821,0);
get/magasin : SELECT * FROM Magasin WHERE display = 1;
get/category : SELECT * FROM Categorie;
get/commande : SELECT Commande.idCommande, Commande.Creation, Commande.Livraison, Commande.Montant, Commande.PNP, Commande.Remarque, Commande.display, Client.Nom AS clientNom, Vendeuse.Nom AS vendeuseNom, Magasin.Nom AS magasinNom FROM Commande JOIN Terminal ON Commande.Terminal_idTerminal=idTerminal JOIN Client ON Commande.Client_idClient=Client.idClient JOIN Vendeuse ON Commande.Vendeuse_idVendeuse=Vendeuse.idVendeuse JOIN Magasin ON Terminal.Magasin_idMagasin=Magasin.idMagasin WHERE (FALSE  OR Terminal.Magasin_idMagasin=1) AND Commande.Livraison LIKE '2015-12-01%' ORDER BY Commande.Creation DESC LIMIT 0,10000
complex
get/magasin : SELECT * FROM Magasin WHERE display = 1;
get/category : SELECT * FROM Categorie;
get/commande : SELECT Commande.idCommande, Commande.Creation, Commande.Livraison, Commande.Montant, Commande.PNP, Commande.Remarque, Commande.display, Client.Nom AS clientNom, Vendeuse.Nom AS vendeuseNom, Magasin.Nom AS magasinNom FROM Commande JOIN Terminal ON Commande.Terminal_idTerminal=idTerminal JOIN Client ON Commande.Client_idClient=Client.idClient JOIN Vendeuse ON Commande.Vendeuse_idVendeuse=Vendeuse.idVendeuse JOIN Magasin ON Terminal.Magasin_idMagasin=Magasin.idMagasin WHERE (FALSE  OR Terminal.Magasin_idMagasin=1) AND Commande.Livraison LIKE '2015-12-01%' ORDER BY Commande.Creation DESC LIMIT 0,10000
complex
{ selectedMagasins: { '1': true, undefined: false },
  Livraison: '2015-12-01' }
get/terminal : SELECT * FROM Terminal;
get/magasin : SELECT * FROM Magasin WHERE display = 1;
get/magasin : SELECT * FROM Magasin WHERE display = 1;
get/category : SELECT * FROM Categorie;
complex
activeMag : 1
complex
get/commande : SELECT Commande.idCommande, Commande.Creation, Commande.Livraison, Commande.Montant, Commande.PNP, Commande.Remarque, Commande.display, Client.Nom AS clientNom, Vendeuse.Nom AS vendeuseNom, Magasin.Nom AS magasinNom FROM Commande JOIN Terminal ON Commande.Terminal_idTerminal=idTerminal JOIN Client ON Commande.Client_idClient=Client.idClient JOIN Vendeuse ON Commande.Vendeuse_idVendeuse=Vendeuse.idVendeuse JOIN Magasin ON Terminal.Magasin_idMagasin=Magasin.idMagasin WHERE (FALSE  OR Terminal.Magasin_idMagasin=1) AND Commande.Livraison LIKE '2015-12-01%' ORDER BY Commande.Creation DESC LIMIT 0,10000
complex
{ selectedMagasins: { '1': true, undefined: false },
  Livraison: '2015-12-01' }
2015-12-01
complex PRINT 1 : SELECT Commande.idCommande, Commande.Creation, Commande.Livraison, Commande.Montant, Commande.PNP, Commande.Remarque, Commande.display, Commande.Client_idClient, Client.idClient, Client.Nom AS clientNom, Client.Tel, Client.Mail, Client.TVA, Vendeuse.idVendeuse, Vendeuse.Nom AS vendeuseNom,Magasin.idMagasin, Magasin.Nom AS magasinNom, ProduitCommande.Quantite, ProduitCommande.Details, ProduitCommande.Produit_idProduit, Produit.Nom AS produitNom, Produit.idProduit, Produit.Categorie_idCategorie, Terminal.Magasin_idMagasin  FROM ProduitCommande JOIN Produit ON ProduitCommande.Produit_idProduit = idProduit JOIN Commande ON ProduitCommande.Commande_idCommande = idCommande JOIN Client ON Commande.Client_idClient = idClient JOIN Terminal ON Commande.Terminal_idTerminal = idTerminal JOIN Magasin ON Terminal.Magasin_idMagasin = idMagasin JOIN Vendeuse ON Commande.Vendeuse_idVendeuse = idVendeuse WHERE Commande.Livraison LIKE '2015-12-01%' AND (FALSE  OR Terminal.Magasin_idMagasin=1)
complex PRINT 2 : SELECT Commande.idCommande, Commande.Creation, Commande.Livraison, Commande.Montant, Commande.PNP, Commande.Remarque, Commande.display, Commande.Client_idClient, Client.idClient, Client.Nom AS clientNom, Client.Tel, Client.Mail, Client.TVA, Vendeuse.idVendeuse, Vendeuse.Nom AS vendeuseNom,Magasin.idMagasin, Magasin.Nom AS magasinNom, ProduitCommande.Quantite, ProduitCommande.Details, ProduitCommande.ProduitCustom_idProduitCustom, ProduitCustom.Nom AS produitNom, ProduitCustom.idProduitCustom, ProduitCustom.Categorie_idCategorie, Terminal.Magasin_idMagasin FROM ProduitCommande JOIN ProduitCustom ON ProduitCommande.ProduitCustom_idProduitCustom = idProduitCustom JOIN Commande ON ProduitCommande.Commande_idCommande = idCommande JOIN Client ON Commande.Client_idClient = idClient JOIN Terminal ON Commande.Terminal_idTerminal = idTerminal JOIN Magasin ON Terminal.Magasin_idMagasin = idMagasin JOIN Vendeuse ON Commande.Vendeuse_idVendeuse = idVendeuse WHERE Commande.Livraison LIKE '2015-12-01%' AND (FALSE  OR Terminal.Magasin_idMagasin=1)
get/magasin : SELECT * FROM Magasin WHERE display = 1;
get/category : SELECT * FROM Categorie;
get/client : SELECT * FROM Client WHERE Client.Nom LIKE '%e%';
get/client : SELECT * FROM Client WHERE Client.Nom LIKE '%eu%';
get/client : SELECT * FROM Client WHERE Client.Nom LIKE '%e%';
get/client : SELECT * FROM Client WHERE Client.Nom LIKE '%em%';
get/client : SELECT * FROM Client WHERE Client.Nom LIKE '%emy%';
get/client : SELECT * FROM Client WHERE Client.Nom LIKE '%remy%';
get/client : SELECT * FROM Client WHERE Client.Nom LIKE '%emy%';
complex
UPDATE Client SET Tel='0485/874812', Mail ='', Nom ='emy', TVA ='BE' WHERE idClient = '641';
INSERT INTO Commande( Creation, Livraison, Montant, PNP, Remarque, Client_idClient, Vendeuse_idVendeuse, Terminal_idTerminal) VALUES ('2015-11-30 16:36:28','2015-12-02 12:00:00','4.60','0','','641','3','1');
INSERT INTO ProduitCommande(Quantite, Details, Commande_idCommande, Produit_idProduit, Custom) VALUES  (2,'recuits',3416,80,0);
get/magasin : SELECT * FROM Magasin WHERE display = 1;
get/category : SELECT * FROM Categorie;
get/client : SELECT * FROM Client WHERE Client.Nom LIKE '%L%';
get/client : SELECT * FROM Client WHERE Client.Nom LIKE '%Lé%';
get/client : SELECT * FROM Client WHERE Client.Nom LIKE '%Léo%';
get/client : SELECT * FROM Client WHERE Client.Nom LIKE '%Léon%';
get/client : SELECT * FROM Client WHERE Client.Nom LIKE '%Léona%';
get/client : SELECT * FROM Client WHERE Client.Nom LIKE '%Léonar%';
get/client : SELECT * FROM Client WHERE Client.Nom LIKE '%Léonard%';
get/client : SELECT * FROM Client WHERE Client.Nom LIKE '%Léonard m%';
get/client : SELECT * FROM Client WHERE Client.Nom LIKE '%Léonard mu%';
get/client : SELECT * FROM Client WHERE Client.Nom LIKE '%Léonard mur%';
get/client : SELECT * FROM Client WHERE Client.Nom LIKE '%Léonard muri%';
get/client : SELECT * FROM Client WHERE Client.Nom LIKE '%Léonard muril%';
get/client : SELECT * FROM Client WHERE Client.Nom LIKE '%Léonard murile%';
get/client : SELECT * FROM Client WHERE Client.Nom LIKE '%Léonard murilee%';
get/client : SELECT * FROM Client WHERE Client.Nom LIKE '%Léonard murile%';
get/client : SELECT * FROM Client WHERE Client.Nom LIKE '%Léonard muril%';
get/client : SELECT * FROM Client WHERE Client.Nom LIKE '%Léonard muri%';
get/client : SELECT * FROM Client WHERE Client.Nom LIKE '%Léonard murie%';
get/client : SELECT * FROM Client WHERE Client.Nom LIKE '%Léonard muriel%';
complex
clientID :1500
INSERT INTO Commande( Creation, Livraison, Montant, PNP, Remarque, Client_idClient, Vendeuse_idVendeuse, Terminal_idTerminal) VALUES ('2015-11-30 16:48:51','2015-12-02 06:00:00','30.40','1','','1500','3','1');
INSERT INTO ProduitCommande(Quantite, Details, Commande_idCommande, Produit_idProduit, Custom) VALUES  (1,'',3417,212,0), (1,'crème pât',3417,829,0);
get/magasin : SELECT * FROM Magasin WHERE display = 1;
get/category : SELECT * FROM Categorie;
get/terminal : SELECT * FROM Terminal;
get/magasin : SELECT * FROM Magasin WHERE display = 1;
get/terminal : SELECT * FROM Terminal;
get/magasin : SELECT * FROM Magasin WHERE display = 1;
get/terminal : SELECT * FROM Terminal;
get/magasin : SELECT * FROM Magasin WHERE display = 1;
get/magasin : SELECT * FROM Magasin WHERE display = 1;
get/category : SELECT * FROM Categorie;
complex
activeMag : 1
complex
