get/terminal : SELECT * FROM Terminal;
get/magasin : SELECT * FROM Magasin WHERE display = 1;
get/magasin : SELECT * FROM Magasin WHERE display = 1;
get/category : SELECT * FROM Categorie;
complex
activeMag : 1
complex
get/commande : SELECT Commande.idCommande, Commande.Creation, Commande.Livraison, Commande.Montant, Commande.PNP, Commande.Remarque, Commande.display, Client.Nom AS clientNom, Vendeuse.Nom AS vendeuseNom, Magasin.Nom AS magasinNom FROM Commande JOIN Terminal ON Commande.Terminal_idTerminal=idTerminal JOIN Client ON Commande.Client_idClient=Client.idClient JOIN Vendeuse ON Commande.Vendeuse_idVendeuse=Vendeuse.idVendeuse JOIN Magasin ON Terminal.Magasin_idMagasin=Magasin.idMagasin WHERE (FALSE  OR Terminal.Magasin_idMagasin=1) AND Commande.Livraison LIKE '2015-11-28%' ORDER BY Commande.Creation DESC LIMIT 0,10000
complex
complex
complex
complex
complex
complex
complex
complex
complex
get/commande : SELECT Commande.idCommande, Commande.Creation, Commande.Livraison, Commande.Montant, Commande.PNP, Commande.Remarque, Commande.display, Client.Nom AS clientNom, Vendeuse.Nom AS vendeuseNom, Magasin.Nom AS magasinNom FROM Commande JOIN Terminal ON Commande.Terminal_idTerminal=idTerminal JOIN Client ON Commande.Client_idClient=Client.idClient JOIN Vendeuse ON Commande.Vendeuse_idVendeuse=Vendeuse.idVendeuse JOIN Magasin ON Terminal.Magasin_idMagasin=Magasin.idMagasin WHERE (FALSE  OR Terminal.Magasin_idMagasin=1 OR Terminal.Magasin_idMagasin=2) AND Commande.Livraison LIKE '2015-11-28%' ORDER BY Commande.Creation DESC LIMIT 0,10000
get/commande : SELECT Commande.idCommande, Commande.Creation, Commande.Livraison, Commande.Montant, Commande.PNP, Commande.Remarque, Commande.display, Client.Nom AS clientNom, Vendeuse.Nom AS vendeuseNom, Magasin.Nom AS magasinNom FROM Commande JOIN Terminal ON Commande.Terminal_idTerminal=idTerminal JOIN Client ON Commande.Client_idClient=Client.idClient JOIN Vendeuse ON Commande.Vendeuse_idVendeuse=Vendeuse.idVendeuse JOIN Magasin ON Terminal.Magasin_idMagasin=Magasin.idMagasin WHERE (FALSE  OR Terminal.Magasin_idMagasin=2) AND Commande.Livraison LIKE '2015-11-28%' ORDER BY Commande.Creation DESC LIMIT 0,10000
complex
complex
complex
complex
complex
complex
get/terminal : SELECT * FROM Terminal;
get/magasin : SELECT * FROM Magasin WHERE display = 1;
get/terminal : SELECT * FROM Terminal;
get/magasin : SELECT * FROM Magasin WHERE display = 1;
get/magasin : SELECT * FROM Magasin WHERE display = 1;
get/category : SELECT * FROM Categorie;
complex
activeMag : 1
complex
get/terminal : SELECT * FROM Terminal;
get/magasin : SELECT * FROM Magasin WHERE display = 1;
get/magasin : SELECT * FROM Magasin WHERE display = 1;
get/category : SELECT * FROM Categorie;
complex
activeMag : 1
complex
get/magasin : SELECT * FROM Magasin WHERE display = 1;
get/category : SELECT * FROM Categorie;
get/commande : SELECT Commande.idCommande, Commande.Creation, Commande.Livraison, Commande.Montant, Commande.PNP, Commande.Remarque, Commande.display, Client.Nom AS clientNom, Vendeuse.Nom AS vendeuseNom, Magasin.Nom AS magasinNom FROM Commande JOIN Terminal ON Commande.Terminal_idTerminal=idTerminal JOIN Client ON Commande.Client_idClient=Client.idClient JOIN Vendeuse ON Commande.Vendeuse_idVendeuse=Vendeuse.idVendeuse JOIN Magasin ON Terminal.Magasin_idMagasin=Magasin.idMagasin WHERE (FALSE  OR Terminal.Magasin_idMagasin=1) AND Commande.Livraison LIKE '2015-11-23%' ORDER BY Commande.Creation DESC LIMIT 0,10000
get/magasin : SELECT * FROM Magasin WHERE display = 1;
get/category : SELECT * FROM Categorie;
get/commande : SELECT Commande.idCommande, Commande.Creation, Commande.Livraison, Commande.Montant, Commande.PNP, Commande.Remarque, Commande.display, Client.Nom AS clientNom, Vendeuse.Nom AS vendeuseNom, Magasin.Nom AS magasinNom FROM Commande JOIN Terminal ON Commande.Terminal_idTerminal=idTerminal JOIN Client ON Commande.Client_idClient=Client.idClient JOIN Vendeuse ON Commande.Vendeuse_idVendeuse=Vendeuse.idVendeuse JOIN Magasin ON Terminal.Magasin_idMagasin=Magasin.idMagasin WHERE (FALSE  OR Terminal.Magasin_idMagasin=1) AND Commande.Livraison LIKE '2015-11-27%' ORDER BY Commande.Creation DESC LIMIT 0,10000
get/commande : SELECT Commande.idCommande, Commande.Creation, Commande.Livraison, Commande.Montant, Commande.PNP, Commande.Remarque, Commande.display, Client.Nom AS clientNom, Vendeuse.Nom AS vendeuseNom, Magasin.Nom AS magasinNom FROM Commande JOIN Terminal ON Commande.Terminal_idTerminal=idTerminal JOIN Client ON Commande.Client_idClient=Client.idClient JOIN Vendeuse ON Commande.Vendeuse_idVendeuse=Vendeuse.idVendeuse JOIN Magasin ON Terminal.Magasin_idMagasin=Magasin.idMagasin WHERE (FALSE OR TRUE) AND Commande.Livraison LIKE '2015-11-27%' ORDER BY Commande.Creation DESC LIMIT 0,10000
get/commande : SELECT Commande.idCommande, Commande.Creation, Commande.Livraison, Commande.Montant, Commande.PNP, Commande.Remarque, Commande.display, Client.Nom AS clientNom, Vendeuse.Nom AS vendeuseNom, Magasin.Nom AS magasinNom FROM Commande JOIN Terminal ON Commande.Terminal_idTerminal=idTerminal JOIN Client ON Commande.Client_idClient=Client.idClient JOIN Vendeuse ON Commande.Vendeuse_idVendeuse=Vendeuse.idVendeuse JOIN Magasin ON Terminal.Magasin_idMagasin=Magasin.idMagasin WHERE (FALSE  OR Terminal.Magasin_idMagasin=1) AND Commande.Livraison LIKE '2015-11-27%' ORDER BY Commande.Creation DESC LIMIT 0,10000
get/commande : SELECT Commande.idCommande, Commande.Creation, Commande.Livraison, Commande.Montant, Commande.PNP, Commande.Remarque, Commande.display, Client.Nom AS clientNom, Vendeuse.Nom AS vendeuseNom, Magasin.Nom AS magasinNom FROM Commande JOIN Terminal ON Commande.Terminal_idTerminal=idTerminal JOIN Client ON Commande.Client_idClient=Client.idClient JOIN Vendeuse ON Commande.Vendeuse_idVendeuse=Vendeuse.idVendeuse JOIN Magasin ON Terminal.Magasin_idMagasin=Magasin.idMagasin WHERE (FALSE OR TRUE) AND Commande.Livraison LIKE '2015-11-27%' ORDER BY Commande.Creation DESC LIMIT 0,10000
get/magasin : SELECT * FROM Magasin WHERE display = 1;
get/category : SELECT * FROM Categorie;
get/commande : SELECT Commande.idCommande, Commande.Creation, Commande.Livraison, Commande.Montant, Commande.PNP, Commande.Remarque, Commande.display, Client.Nom AS clientNom, Vendeuse.Nom AS vendeuseNom, Magasin.Nom AS magasinNom FROM Commande JOIN Terminal ON Commande.Terminal_idTerminal=idTerminal JOIN Client ON Commande.Client_idClient=Client.idClient JOIN Vendeuse ON Commande.Vendeuse_idVendeuse=Vendeuse.idVendeuse JOIN Magasin ON Terminal.Magasin_idMagasin=Magasin.idMagasin WHERE (FALSE  OR Terminal.Magasin_idMagasin=1) AND Commande.Livraison LIKE '2015-11-28%' ORDER BY Commande.Creation DESC LIMIT 0,10000
get/magasin : SELECT * FROM Magasin WHERE display = 1;
get/category : SELECT * FROM Categorie;
get/client : SELECT * FROM Client WHERE Client.Nom LIKE '%i%';
get/client : SELECT * FROM Client WHERE Client.Nom LIKE '%im%';
get/client : SELECT * FROM Client WHERE Client.Nom LIKE '%imp%';
get/client : SELECT * FROM Client WHERE Client.Nom LIKE '%impz%';
get/client : SELECT * FROM Client WHERE Client.Nom LIKE '%imp%';
get/client : SELECT * FROM Client WHERE Client.Nom LIKE '%impr%';
get/client : SELECT * FROM Client WHERE Client.Nom LIKE '%imp%';
get/client : SELECT * FROM Client WHERE Client.Nom LIKE '%imperbel%';
get/client : SELECT * FROM Client WHERE Client.Nom LIKE '%imperbe%';
get/client : SELECT * FROM Client WHERE Client.Nom LIKE '%imperb%';
get/client : SELECT * FROM Client WHERE Client.Nom LIKE '%imper%';
get/client : SELECT * FROM Client WHERE Client.Nom LIKE '%impe%';
get/client : SELECT * FROM Client WHERE Client.Nom LIKE '%imp%';
get/client : SELECT * FROM Client WHERE Client.Nom LIKE '%im%';
get/client : SELECT * FROM Client WHERE Client.Nom LIKE '%i%';
get/client : SELECT * FROM Client WHERE Client.Nom LIKE '%';
get/client : SELECT * FROM Client WHERE Client.Nom LIKE '%i%';
get/client : SELECT * FROM Client WHERE Client.Nom LIKE '%im%';
get/client : SELECT * FROM Client WHERE Client.Nom LIKE '%imp%';
get/client : SELECT * FROM Client WHERE Client.Nom LIKE '%impe%';
get/client : SELECT * FROM Client WHERE Client.Nom LIKE '%imper%';
get/client : SELECT * FROM Client WHERE Client.Nom LIKE '%imperb%';
get/client : SELECT * FROM Client WHERE Client.Nom LIKE '%imperbe%';
get/client : SELECT * FROM Client WHERE Client.Nom LIKE '%imperbel%';
complex
UPDATE Client SET Tel='', Mail = '', Nom = 'imperbel', TVA = '' WHERE idClient = '17';
INSERT INTO Commande( Creation, Livraison, Montant, PNP, Remarque, Client_idClient, Vendeuse_idVendeuse, Terminal_idTerminal) VALUES ('2015-11-27 16:53:02','2015-11-30 09:00:00','44.00','2','ref: TPL','17','49','1');
INSERT INTO ProduitCommande(Quantite, Details, Commande_idCommande, Produit_idProduit, Custom) VALUES  (22,'',3326,886,0);
get/magasin : SELECT * FROM Magasin WHERE display = 1;
get/category : SELECT * FROM Categorie;
get/client : SELECT * FROM Client WHERE Client.Nom LIKE '%imperbel%';
complex
UPDATE Client SET Tel='', Mail = '', Nom = 'imperbel', TVA = '' WHERE idClient = '17';
INSERT INTO Commande( Creation, Livraison, Montant, PNP, Remarque, Client_idClient, Vendeuse_idVendeuse, Terminal_idTerminal) VALUES ('2015-11-27 16:53:31','2015-12-01 09:00:00','20.00','2','ref; TPC','17','49','1');
get/magasin : SELECT * FROM Magasin WHERE display = 1;
get/category : SELECT * FROM Categorie;
INSERT INTO ProduitCommande(Quantite, Details, Commande_idCommande, Produit_idProduit, Custom) VALUES  (10,'',3327,886,0);
get/client : SELECT * FROM Client WHERE Client.Nom LIKE '%G%';
get/client : SELECT * FROM Client WHERE Client.Nom LIKE '%GE%';
get/client : SELECT * FROM Client WHERE Client.Nom LIKE '%GEO%';
get/client : SELECT * FROM Client WHERE Client.Nom LIKE '%GEOT%';
get/client : SELECT * FROM Client WHERE Client.Nom LIKE '%GEO%';
get/client : SELECT * FROM Client WHERE Client.Nom LIKE '%GE%';
get/client : SELECT * FROM Client WHERE Client.Nom LIKE '%G%';
get/client : SELECT * FROM Client WHERE Client.Nom LIKE '%Ge%';
get/client : SELECT * FROM Client WHERE Client.Nom LIKE '%Geo%';
get/client : SELECT * FROM Client WHERE Client.Nom LIKE '%Geor%';
get/client : SELECT * FROM Client WHERE Client.Nom LIKE '%st georges%';
get/client : SELECT * FROM Client WHERE Client.Nom LIKE '%stgeorges%';
get/client : SELECT * FROM Client WHERE Client.Nom LIKE '%sgeorges%';
get/client : SELECT * FROM Client WHERE Client.Nom LIKE '%georges%';
complex
clientID :1464
INSERT INTO Commande( Creation, Livraison, Montant, PNP, Remarque, Client_idClient, Vendeuse_idVendeuse, Terminal_idTerminal) VALUES ('2015-11-27 16:54:43','2015-11-28 09:00:00','3.35','0','','1464','49','1');
INSERT INTO ProduitCommande(Quantite, Details, Commande_idCommande, Produit_idProduit, Custom) VALUES  (1,'1x12 bav choco "julie 25 ans"',3328,187,0);
get/magasin : SELECT * FROM Magasin WHERE display = 1;
get/category : SELECT * FROM Categorie;
get/client : SELECT * FROM Client WHERE Client.Nom LIKE '%g%';
get/client : SELECT * FROM Client WHERE Client.Nom LIKE '%ge%';
get/client : SELECT * FROM Client WHERE Client.Nom LIKE '%geo%';
get/client : SELECT * FROM Client WHERE Client.Nom LIKE '%geor%';
get/client : SELECT * FROM Client WHERE Client.Nom LIKE '%georg%';
get/client : SELECT * FROM Client WHERE Client.Nom LIKE '%george%';
get/client : SELECT * FROM Client WHERE Client.Nom LIKE '%georges%';
complex
UPDATE Client SET Tel='', Mail = '', Nom = 'georges', TVA = '' WHERE idClient = '1464';
INSERT INTO Commande( Creation, Livraison, Montant, PNP, Remarque, Client_idClient, Vendeuse_idVendeuse, Terminal_idTerminal) VALUES ('2015-11-27 16:57:16','2015-11-29 09:00:00','82.20','0','','1464','49','1');
INSERT INTO ProduitCommande(Quantite, Details, Commande_idCommande, Produit_idProduit, Custom) VALUES  (1,'1x10 ccf "julie 25 ans"',3329,187,0), (1,'1x10 croute banane',3329,187,0), (1,'',3329,871,0), (1,'',3329,868,0), (1,'',3329,859,0), (1,'',3329,803,0), (1,'',3329,880,0), (1,'',3329,811,0);
get/magasin : SELECT * FROM Magasin WHERE display = 1;
get/category : SELECT * FROM Categorie;
get/client : SELECT * FROM Client WHERE Client.Nom LIKE '%P%';
get/client : SELECT * FROM Client WHERE Client.Nom LIKE '%Pe%';
get/client : SELECT * FROM Client WHERE Client.Nom LIKE '%Pet%';
get/client : SELECT * FROM Client WHERE Client.Nom LIKE '%Peti%';
get/client : SELECT * FROM Client WHERE Client.Nom LIKE '%Petig%';
get/client : SELECT * FROM Client WHERE Client.Nom LIKE '%Petign%';
get/client : SELECT * FROM Client WHERE Client.Nom LIKE '%Petigno%';
get/client : SELECT * FROM Client WHERE Client.Nom LIKE '%Petignot%';
get/client : SELECT * FROM Client WHERE Client.Nom LIKE '%Petignot B%';
get/client : SELECT * FROM Client WHERE Client.Nom LIKE '%Petignot Be%';
get/client : SELECT * FROM Client WHERE Client.Nom LIKE '%Petignot Bea%';
get/client : SELECT * FROM Client WHERE Client.Nom LIKE '%Petignot Beat%';
get/client : SELECT * FROM Client WHERE Client.Nom LIKE '%Petignot Beatr%';
get/client : SELECT * FROM Client WHERE Client.Nom LIKE '%Petignot Beatri%';
get/client : SELECT * FROM Client WHERE Client.Nom LIKE '%Petignot Beatric%';
get/client : SELECT * FROM Client WHERE Client.Nom LIKE '%Petignot Beatrice%';
complex
clientID :1465
INSERT INTO Commande( Creation, Livraison, Montant, PNP, Remarque, Client_idClient, Vendeuse_idVendeuse, Terminal_idTerminal) VALUES ('2015-11-27 16:58:47','2015-11-28 10:00:00','9.00','0','','1465','49','1');
INSERT INTO ProduitCommande(Quantite, Details, Commande_idCommande, Produit_idProduit, Custom) VALUES  (1,'',3330,76,0), (1,'1x6 croute framb."j-a MAMY"',3330,187,0), (1,'1x6 madagascar "j-a MAMY"',3330,187,0);
get/magasin : SELECT * FROM Magasin WHERE display = 1;
get/category : SELECT * FROM Categorie;
get/client : SELECT * FROM Client WHERE Client.Nom LIKE '%v%';
get/client : SELECT * FROM Client WHERE Client.Nom LIKE '%vd%';
get/client : SELECT * FROM Client WHERE Client.Nom LIKE '%vdw%';
complex
UPDATE Client SET Tel='', Mail = '', Nom = 'vdw', TVA = '' WHERE idClient = '35';
INSERT INTO Commande( Creation, Livraison, Montant, PNP, Remarque, Client_idClient, Vendeuse_idVendeuse, Terminal_idTerminal) VALUES ('2015-11-27 16:59:28','2015-11-28 09:00:00','63.50','2','','35','49','1');
INSERT INTO ProduitCommande(Quantite, Details, Commande_idCommande, Produit_idProduit, Custom) VALUES  (1,'',3331,813,0), (1,'',3331,849,0), (1,'',3331,811,0), (1,'',3331,803,0), (1,'',3331,880,0);
get/magasin : SELECT * FROM Magasin WHERE display = 1;
get/category : SELECT * FROM Categorie;
get/client : SELECT * FROM Client WHERE Client.Nom LIKE '%l%';
get/client : SELECT * FROM Client WHERE Client.Nom LIKE '%';
get/client : SELECT * FROM Client WHERE Client.Nom LIKE '%L%';
get/client : SELECT * FROM Client WHERE Client.Nom LIKE '%Le%';
get/client : SELECT * FROM Client WHERE Client.Nom LIKE '%Leo%';
get/client : SELECT * FROM Client WHERE Client.Nom LIKE '%Leon%';
get/client : SELECT * FROM Client WHERE Client.Nom LIKE '%Leona%';
get/client : SELECT * FROM Client WHERE Client.Nom LIKE '%Leonar%';
get/client : SELECT * FROM Client WHERE Client.Nom LIKE '%Leonard%';
complex
UPDATE Client SET Tel='0477782618', Mail = '', Nom = 'Leonard', TVA = '' WHERE idClient = '1247';
INSERT INTO Commande( Creation, Livraison, Montant, PNP, Remarque, Client_idClient, Vendeuse_idVendeuse, Terminal_idTerminal) VALUES ('2015-11-27 17:03:40','2015-11-28 09:00:00','11.80','0','','1247','49','1');
INSERT INTO ProduitCommande(Quantite, Details, Commande_idCommande, Produit_idProduit, Custom) VALUES  (4,'',3332,168,0);
get/magasin : SELECT * FROM Magasin WHERE display = 1;
get/category : SELECT * FROM Categorie;
get/client : SELECT * FROM Client WHERE Client.Nom LIKE '%V%';
get/client : SELECT * FROM Client WHERE Client.Nom LIKE '%VN%';
get/client : SELECT * FROM Client WHERE Client.Nom LIKE '%V%';
get/client : SELECT * FROM Client WHERE Client.Nom LIKE '%Va%';
get/client : SELECT * FROM Client WHERE Client.Nom LIKE '%Van%';
get/client : SELECT * FROM Client WHERE Client.Nom LIKE '%Van I%';
get/client : SELECT * FROM Client WHERE Client.Nom LIKE '%Van In%';
get/client : SELECT * FROM Client WHERE Client.Nom LIKE '%Van Ing%';
get/client : SELECT * FROM Client WHERE Client.Nom LIKE '%Van Inge%';
get/client : SELECT * FROM Client WHERE Client.Nom LIKE '%Van Ingel%';
get/client : SELECT * FROM Client WHERE Client.Nom LIKE '%Van Ingelgem%';
complex
UPDATE Client SET Tel='0477/583722', Mail = 'murieldeudon@gmail.com', Nom = 'Van Ingelgem', TVA = 'BE' WHERE idClient = '151';
INSERT INTO Commande( Creation, Livraison, Montant, PNP, Remarque, Client_idClient, Vendeuse_idVendeuse, Terminal_idTerminal) VALUES ('2015-11-27 17:05:40','2015-11-29 08:00:00','1.30','1','','151','49','1');
INSERT INTO ProduitCommande(Quantite, Details, Commande_idCommande, Produit_idProduit, Custom) VALUES  (1,'50 pc',3333,884,0);
get/magasin : SELECT * FROM Magasin WHERE display = 1;
get/category : SELECT * FROM Categorie;
get/client : SELECT * FROM Client WHERE Client.Nom LIKE '%D%';
get/client : SELECT * FROM Client WHERE Client.Nom LIKE '%De%';
get/client : SELECT * FROM Client WHERE Client.Nom LIKE '%De H%';
get/client : SELECT * FROM Client WHERE Client.Nom LIKE '%De He%';
get/client : SELECT * FROM Client WHERE Client.Nom LIKE '%De Hem%';
get/client : SELECT * FROM Client WHERE Client.Nom LIKE '%De Hemptinne%';
complex
UPDATE Client SET Tel='010602661', Mail = '', Nom = 'De Hemptinne', TVA = '' WHERE idClient = '637';
INSERT INTO Commande( Creation, Livraison, Montant, PNP, Remarque, Client_idClient, Vendeuse_idVendeuse, Terminal_idTerminal) VALUES ('2015-11-27 17:07:02','2015-11-29 08:00:00','10.35','1','','637','49','1');
INSERT INTO ProduitCommande(Quantite, Details, Commande_idCommande, Produit_idProduit, Custom) VALUES  (1,'',3334,491,0), (3,'',3334,762,0), (2,'',3334,760,0), (1,'',3334,84,0);
get/magasin : SELECT * FROM Magasin WHERE display = 1;
get/category : SELECT * FROM Categorie;
get/client : SELECT * FROM Client WHERE Client.Nom LIKE '%D%';
get/client : SELECT * FROM Client WHERE Client.Nom LIKE '%De%';
get/client : SELECT * FROM Client WHERE Client.Nom LIKE '%Del%';
get/client : SELECT * FROM Client WHERE Client.Nom LIKE '%Deli%';
get/client : SELECT * FROM Client WHERE Client.Nom LIKE '%Delie%';
get/client : SELECT * FROM Client WHERE Client.Nom LIKE '%Delieg%';
get/client : SELECT * FROM Client WHERE Client.Nom LIKE '%Deliege%';
complex
clientID :1466
INSERT INTO Commande( Creation, Livraison, Montant, PNP, Remarque, Client_idClient, Vendeuse_idVendeuse, Terminal_idTerminal) VALUES ('2015-11-27 17:10:32','2015-11-28 11:00:00','3.35','0','','1466','49','1');
INSERT INTO ProduitCommande(Quantite, Details, Commande_idCommande, Produit_idProduit, Custom) VALUES  (1,'1x4 bav framb "lucie 1 an"',3335,187,0);
get/magasin : SELECT * FROM Magasin WHERE display = 1;
get/category : SELECT * FROM Categorie;
get/commande : SELECT Commande.idCommande, Commande.Creation, Commande.Livraison, Commande.Montant, Commande.PNP, Commande.Remarque, Commande.display, Client.Nom AS clientNom, Vendeuse.Nom AS vendeuseNom, Magasin.Nom AS magasinNom FROM Commande JOIN Terminal ON Commande.Terminal_idTerminal=idTerminal JOIN Client ON Commande.Client_idClient=Client.idClient JOIN Vendeuse ON Commande.Vendeuse_idVendeuse=Vendeuse.idVendeuse JOIN Magasin ON Terminal.Magasin_idMagasin=Magasin.idMagasin WHERE (FALSE  OR Terminal.Magasin_idMagasin=1) AND Commande.Livraison LIKE '2015-11-29%' ORDER BY Commande.Creation DESC LIMIT 0,10000
complex
get/magasin : SELECT * FROM Magasin WHERE display = 1;
get/category : SELECT * FROM Categorie;
get/client : SELECT * FROM Client WHERE Client.Nom LIKE '%A%';
get/client : SELECT * FROM Client WHERE Client.Nom LIKE '%Ar%';
get/client : SELECT * FROM Client WHERE Client.Nom LIKE '%Ari%';
get/client : SELECT * FROM Client WHERE Client.Nom LIKE '%Arie%';
get/client : SELECT * FROM Client WHERE Client.Nom LIKE '%Ariel%';
get/client : SELECT * FROM Client WHERE Client.Nom LIKE '%Ariell%';
get/client : SELECT * FROM Client WHERE Client.Nom LIKE '%Arielle%';
get/client : SELECT * FROM Client WHERE Client.Nom LIKE '%Arielle S%';
get/client : SELECT * FROM Client WHERE Client.Nom LIKE '%Arielle Sm%';
get/client : SELECT * FROM Client WHERE Client.Nom LIKE '%Arielle Sma%';
get/client : SELECT * FROM Client WHERE Client.Nom LIKE '%Arielle Sman%';
get/client : SELECT * FROM Client WHERE Client.Nom LIKE '%Arielle Smani%';
get/client : SELECT * FROM Client WHERE Client.Nom LIKE '%Arielle Smanit%';
get/client : SELECT * FROM Client WHERE Client.Nom LIKE '%Arielle Smanitt%';
get/client : SELECT * FROM Client WHERE Client.Nom LIKE '%Arielle Smanitto%';
complex
clientID :1467
INSERT INTO Commande( Creation, Livraison, Montant, PNP, Remarque, Client_idClient, Vendeuse_idVendeuse, Terminal_idTerminal) VALUES ('2015-11-27 17:11:44','2015-11-28 08:00:00','10.50','1','','1467','49','1');
INSERT INTO ProduitCommande(Quantite, Details, Commande_idCommande, Produit_idProduit, Custom) VALUES  (6,'speculoos',3336,795,0);
get/magasin : SELECT * FROM Magasin WHERE display = 1;
get/category : SELECT * FROM Categorie;
get/client : SELECT * FROM Client WHERE Client.Nom LIKE '%G%';
get/client : SELECT * FROM Client WHERE Client.Nom LIKE '%Ge%';
get/client : SELECT * FROM Client WHERE Client.Nom LIKE '%Ger%';
get/client : SELECT * FROM Client WHERE Client.Nom LIKE '%Gera%';
get/client : SELECT * FROM Client WHERE Client.Nom LIKE '%Gerar%';
get/client : SELECT * FROM Client WHERE Client.Nom LIKE '%Gerard%';
get/client : SELECT * FROM Client WHERE Client.Nom LIKE '%Gerard O%';
get/client : SELECT * FROM Client WHERE Client.Nom LIKE '%Gerard Ol%';
get/client : SELECT * FROM Client WHERE Client.Nom LIKE '%Gerard Oli%';
get/client : SELECT * FROM Client WHERE Client.Nom LIKE '%Gerard Oliv%';
get/client : SELECT * FROM Client WHERE Client.Nom LIKE '%Gerard Olivi%';
get/client : SELECT * FROM Client WHERE Client.Nom LIKE '%Gerard Olivie%';
get/client : SELECT * FROM Client WHERE Client.Nom LIKE '%Gerard Olivier%';
complex
clientID :1468
INSERT INTO Commande( Creation, Livraison, Montant, PNP, Remarque, Client_idClient, Vendeuse_idVendeuse, Terminal_idTerminal) VALUES ('2015-11-27 17:13:12','2015-11-28 10:00:00','68.70','0','','1468','49','1');
INSERT INTO ProduitCommande(Quantite, Details, Commande_idCommande, Produit_idProduit, Custom) VALUES  (1,'',3337,813,0), (1,'',3337,868,0), (1,'',3337,835,0), (1,'',3337,97,0), (1,'',3337,76,0), (1,'',3337,84,0), (25,'',3337,518,0), (4,'',3337,495,0), (1,'',3337,784,0);
get/magasin : SELECT * FROM Magasin WHERE display = 1;
get/category : SELECT * FROM Categorie;
get/client : SELECT * FROM Client WHERE Client.Nom LIKE '%S%';
get/client : SELECT * FROM Client WHERE Client.Nom LIKE '%St%';
get/client : SELECT * FROM Client WHERE Client.Nom LIKE '%Sta%';
get/client : SELECT * FROM Client WHERE Client.Nom LIKE '%Stas%';
complex
clientID :1469
INSERT INTO Commande( Creation, Livraison, Montant, PNP, Remarque, Client_idClient, Vendeuse_idVendeuse, Terminal_idTerminal) VALUES ('2015-11-27 17:16:15','2015-11-28 15:00:00','115.45','0','','1469','49','1');
INSERT INTO ProduitCommande(Quantite, Details, Commande_idCommande, Produit_idProduit, Custom) VALUES  (75,'+ de viande que de poissons',3338,885,0), (1,'1x8 javanais " j-a PAPA, BON PAPA"',3338,187,0), (1,'1x8 bav framb "JA Papa, Bon PAPA"',3338,187,0);
get/magasin : SELECT * FROM Magasin WHERE display = 1;
get/category : SELECT * FROM Categorie;
get/client : SELECT * FROM Client WHERE Client.Nom LIKE '%B%';
get/client : SELECT * FROM Client WHERE Client.Nom LIKE '%Br%';
get/client : SELECT * FROM Client WHERE Client.Nom LIKE '%Bro%';
get/client : SELECT * FROM Client WHERE Client.Nom LIKE '%Broo%';
get/client : SELECT * FROM Client WHERE Client.Nom LIKE '%Broow%';
get/client : SELECT * FROM Client WHERE Client.Nom LIKE '%Broowe%';
get/client : SELECT * FROM Client WHERE Client.Nom LIKE '%Broower%';
get/client : SELECT * FROM Client WHERE Client.Nom LIKE '%Broowers%';
complex
clientID :1470
INSERT INTO Commande( Creation, Livraison, Montant, PNP, Remarque, Client_idClient, Vendeuse_idVendeuse, Terminal_idTerminal) VALUES ('2015-11-27 17:17:51','2015-11-28 14:00:00','14.20','0','','1470','49','1');
INSERT INTO ProduitCommande(Quantite, Details, Commande_idCommande, Produit_idProduit, Custom) VALUES  (1,'',3339,97,0), (2,'',3339,495,0), (1,'',3339,491,0), (1,'',3339,494,0), (1,'',3339,492,0);
get/magasin : SELECT * FROM Magasin WHERE display = 1;
get/category : SELECT * FROM Categorie;
get/client : SELECT * FROM Client WHERE Client.Nom LIKE '%D%';
get/client : SELECT * FROM Client WHERE Client.Nom LIKE '%De%';
get/client : SELECT * FROM Client WHERE Client.Nom LIKE '%Del%';
get/client : SELECT * FROM Client WHERE Client.Nom LIKE '%Delc%';
get/client : SELECT * FROM Client WHERE Client.Nom LIKE '%Delco%';
get/client : SELECT * FROM Client WHERE Client.Nom LIKE '%Delcor%';
get/client : SELECT * FROM Client WHERE Client.Nom LIKE '%Delcorp%';
get/client : SELECT * FROM Client WHERE Client.Nom LIKE '%Delcorps%';
complex
clientID :1471
INSERT INTO Commande( Creation, Livraison, Montant, PNP, Remarque, Client_idClient, Vendeuse_idVendeuse, Terminal_idTerminal) VALUES ('2015-11-27 17:18:16','2015-11-28 08:00:00','1.30','1','','1471','49','1');
INSERT INTO ProduitCommande(Quantite, Details, Commande_idCommande, Produit_idProduit, Custom) VALUES  (1,'',3340,495,0);
get/magasin : SELECT * FROM Magasin WHERE display = 1;
get/category : SELECT * FROM Categorie;
get/client : SELECT * FROM Client WHERE Client.Nom LIKE '%B%';
get/client : SELECT * FROM Client WHERE Client.Nom LIKE '%Ba%';
get/client : SELECT * FROM Client WHERE Client.Nom LIKE '%Bau%';
get/client : SELECT * FROM Client WHERE Client.Nom LIKE '%Baur%';
get/client : SELECT * FROM Client WHERE Client.Nom LIKE '%Baure%';
get/client : SELECT * FROM Client WHERE Client.Nom LIKE '%Bauret%';
get/client : SELECT * FROM Client WHERE Client.Nom LIKE '%Bauret L%';
get/client : SELECT * FROM Client WHERE Client.Nom LIKE '%Bauret LE%';
get/client : SELECT * FROM Client WHERE Client.Nom LIKE '%Bauret LEL%';
get/client : SELECT * FROM Client WHERE Client.Nom LIKE '%Bauret LELI%';
get/client : SELECT * FROM Client WHERE Client.Nom LIKE '%Bauret LELIA%';
complex
clientID :1472
INSERT INTO Commande( Creation, Livraison, Montant, PNP, Remarque, Client_idClient, Vendeuse_idVendeuse, Terminal_idTerminal) VALUES ('2015-11-27 17:18:55','2015-12-02 08:00:00','13.50','1','','1472','49','1');
INSERT INTO ProduitCommande(Quantite, Details, Commande_idCommande, Produit_idProduit, Custom) VALUES  (1,'',3341,825,0);
get/magasin : SELECT * FROM Magasin WHERE display = 1;
get/category : SELECT * FROM Categorie;
get/client : SELECT * FROM Client WHERE Client.Nom LIKE '%A%';
get/client : SELECT * FROM Client WHERE Client.Nom LIKE '%AN%';
get/client : SELECT * FROM Client WHERE Client.Nom LIKE '%A%';
get/client : SELECT * FROM Client WHERE Client.Nom LIKE '%An%';
get/client : SELECT * FROM Client WHERE Client.Nom LIKE '%Ant%';
get/client : SELECT * FROM Client WHERE Client.Nom LIKE '%Anto%';
get/client : SELECT * FROM Client WHERE Client.Nom LIKE '%Antoi%';
get/client : SELECT * FROM Client WHERE Client.Nom LIKE '%Antoin%';
get/client : SELECT * FROM Client WHERE Client.Nom LIKE '%Antoine%';
complex
UPDATE Client SET Tel='0476279299', Mail = '', Nom = 'Antoine', TVA = '' WHERE idClient = '135';
INSERT INTO Commande( Creation, Livraison, Montant, PNP, Remarque, Client_idClient, Vendeuse_idVendeuse, Terminal_idTerminal) VALUES ('2015-11-27 17:19:37','2015-11-28 11:00:00','10.00','0','','135','49','1');
INSERT INTO ProduitCommande(Quantite, Details, Commande_idCommande, Produit_idProduit, Custom) VALUES  (20,'',3342,484,0);
get/magasin : SELECT * FROM Magasin WHERE display = 1;
get/category : SELECT * FROM Categorie;
get/client : SELECT * FROM Client WHERE Client.Nom LIKE '%B%';
get/client : SELECT * FROM Client WHERE Client.Nom LIKE '%Bi%';
get/client : SELECT * FROM Client WHERE Client.Nom LIKE '%Bi\'%';
get/client : SELECT * FROM Client WHERE Client.Nom LIKE '%Bi\'O%';
get/client : SELECT * FROM Client WHERE Client.Nom LIKE '%Bi\'Ok%';
complex
