get/terminal : SELECT * FROM Terminal;
get/magasin : SELECT * FROM Magasin WHERE display = 1;
get/terminal : SELECT * FROM Terminal;
get/magasin : SELECT * FROM Magasin WHERE display = 1;
get/magasin : SELECT * FROM Magasin WHERE display = 1;
get/category : SELECT * FROM Categorie;
complex
activeMag : 1
complex
get/client : SELECT * FROM Client WHERE Client.Nom LIKE '%c%';
get/client : SELECT * FROM Client WHERE Client.Nom LIKE '%co%';
get/client : SELECT * FROM Client WHERE Client.Nom LIKE '%cop%';
get/client : SELECT * FROM Client WHERE Client.Nom LIKE '%copp%';
get/client : SELECT * FROM Client WHERE Client.Nom LIKE '%coppe%';
get/client : SELECT * FROM Client WHERE Client.Nom LIKE '%coppen%';
get/client : SELECT * FROM Client WHERE Client.Nom LIKE '%coppens%';
get/client : SELECT * FROM Client WHERE Client.Nom LIKE '%coppens%';
complex
UPDATE Client SET Tel='', Mail = '', Nom = 'coppens', TVA = '' WHERE idClient = '1365';
INSERT INTO Commande( Creation, Livraison, Montant, PNP, Remarque, Client_idClient, Vendeuse_idVendeuse, Terminal_idTerminal) VALUES ('2015-11-23 08:16:55','2015-11-25 07:00:00','5.20','1','','1365','1','1');
INSERT INTO ProduitCommande(Quantite, Details, Commande_idCommande, Produit_idProduit, Custom) VALUES  (2,'',3257,101,0);
get/magasin : SELECT * FROM Magasin WHERE display = 1;
get/category : SELECT * FROM Categorie;
get/commande : SELECT Commande.idCommande, Commande.Creation, Commande.Livraison, Commande.Montant, Commande.PNP, Commande.Remarque, Commande.display, Client.Nom AS clientNom, Vendeuse.Nom AS vendeuseNom, Magasin.Nom AS magasinNom FROM Commande JOIN Terminal ON Commande.Terminal_idTerminal=idTerminal JOIN Client ON Commande.Client_idClient=Client.idClient JOIN Vendeuse ON Commande.Vendeuse_idVendeuse=Vendeuse.idVendeuse JOIN Magasin ON Terminal.Magasin_idMagasin=Magasin.idMagasin WHERE (FALSE  OR Terminal.Magasin_idMagasin=1) AND Commande.Livraison LIKE '2015-11-23%' ORDER BY Commande.Creation DESC LIMIT 0,10000
complex
