get/terminal : SELECT * FROM Terminal;
get/magasin : SELECT * FROM Magasin WHERE display = 1;
get/terminal : SELECT * FROM Terminal;
get/magasin : SELECT * FROM Magasin WHERE display = 1;
get/magasin : SELECT * FROM Magasin WHERE display = 1;
get/category : SELECT * FROM Categorie;
complex
activeMag : 1
complex
get/client : SELECT * FROM Client WHERE Client.Nom LIKE '%m%';
get/client : SELECT * FROM Client WHERE Client.Nom LIKE '%mo%';
get/client : SELECT * FROM Client WHERE Client.Nom LIKE '%MOUTHUY%';
complex
UPDATE Client SET Tel='081658663', Mail = '', Nom = 'MOUTHUY', TVA = '' WHERE idClient = '20';
INSERT INTO Commande( Creation, Livraison, Montant, PNP, Remarque, Client_idClient, Vendeuse_idVendeuse, Terminal_idTerminal) VALUES ('2015-11-28 06:29:03','2015-11-29 06:00:00','4.20','1','','20','48','1');
INSERT INTO ProduitCommande(Quantite, Details, Commande_idCommande, Produit_idProduit, Custom) VALUES  (6,'',3344,490,0), (3,'',3344,482,0);
get/magasin : SELECT * FROM Magasin WHERE display = 1;
get/category : SELECT * FROM Categorie;
get/commande : SELECT Commande.idCommande, Commande.Creation, Commande.Livraison, Commande.Montant, Commande.PNP, Commande.Remarque, Commande.display, Client.Nom AS clientNom, Vendeuse.Nom AS vendeuseNom, Magasin.Nom AS magasinNom FROM Commande JOIN Terminal ON Commande.Terminal_idTerminal=idTerminal JOIN Client ON Commande.Client_idClient=Client.idClient JOIN Vendeuse ON Commande.Vendeuse_idVendeuse=Vendeuse.idVendeuse JOIN Magasin ON Terminal.Magasin_idMagasin=Magasin.idMagasin WHERE (FALSE  OR Terminal.Magasin_idMagasin=1) AND Commande.Livraison LIKE '2015-11-28%' ORDER BY Commande.Creation DESC LIMIT 0,10000
complex
complex
get/magasin : SELECT * FROM Magasin WHERE display = 1;
get/category : SELECT * FROM Categorie;
get/client : SELECT * FROM Client WHERE Client.Nom LIKE '%L%';
get/client : SELECT * FROM Client WHERE Client.Nom LIKE '%Le%';
get/client : SELECT * FROM Client WHERE Client.Nom LIKE '%Lem%';
get/client : SELECT * FROM Client WHERE Client.Nom LIKE '%Lemo%';
get/client : SELECT * FROM Client WHERE Client.Nom LIKE '%Lemoi%';
get/client : SELECT * FROM Client WHERE Client.Nom LIKE '%lemoine%';
complex
UPDATE Client SET Tel='', Mail = '', Nom = 'lemoine', TVA = '' WHERE idClient = '1060';
INSERT INTO Commande( Creation, Livraison, Montant, PNP, Remarque, Client_idClient, Vendeuse_idVendeuse, Terminal_idTerminal) VALUES ('2015-11-28 06:29:58','2015-12-05 08:00:00','11.50','1','','1060','49','1');
INSERT INTO ProduitCommande(Quantite, Details, Commande_idCommande, Produit_idProduit, Custom) VALUES  (1,'non couper',3345,786,0), (4,'',3345,502,0);
get/magasin : SELECT * FROM Magasin WHERE display = 1;
get/category : SELECT * FROM Categorie;
get/client : SELECT * FROM Client WHERE Client.Nom LIKE '%E%';
get/client : SELECT * FROM Client WHERE Client.Nom LIKE '%Eu%';
get/client : SELECT * FROM Client WHERE Client.Nom LIKE '%Eur%';
get/client : SELECT * FROM Client WHERE Client.Nom LIKE '%Eura%';
get/client : SELECT * FROM Client WHERE Client.Nom LIKE '%Euraa%';
get/client : SELECT * FROM Client WHERE Client.Nom LIKE '%Eura%';
get/client : SELECT * FROM Client WHERE Client.Nom LIKE '%Eura N%';
get/client : SELECT * FROM Client WHERE Client.Nom LIKE '%Eura No%';
get/client : SELECT * FROM Client WHERE Client.Nom LIKE '%Eura Nov%';
get/client : SELECT * FROM Client WHERE Client.Nom LIKE '%Eura Nova%';
complex
clientID :1473
INSERT INTO Commande( Creation, Livraison, Montant, PNP, Remarque, Client_idClient, Vendeuse_idVendeuse, Terminal_idTerminal) VALUES ('2015-11-28 06:55:21','2015-11-30 07:00:00','25.60','2','A livrer tous les lundis pour 8h45-9h!!
adresse: rue emile francqui, 4  1435 Mont-st-guibert','1473','49','1');
INSERT INTO ProduitCommande(Quantite, Details, Commande_idCommande, Produit_idProduit, Custom) VALUES  (8,'',3346,760,0), (8,'',3346,762,0), (4,'',3346,764,0), (4,'',3346,775,0);
get/magasin : SELECT * FROM Magasin WHERE display = 1;
get/category : SELECT * FROM Categorie;
get/commande : SELECT Commande.idCommande, Commande.Creation, Commande.Livraison, Commande.Montant, Commande.PNP, Commande.Remarque, Commande.display, Client.Nom AS clientNom, Vendeuse.Nom AS vendeuseNom, Magasin.Nom AS magasinNom FROM Commande JOIN Terminal ON Commande.Terminal_idTerminal=idTerminal JOIN Client ON Commande.Client_idClient=Client.idClient JOIN Vendeuse ON Commande.Vendeuse_idVendeuse=Vendeuse.idVendeuse JOIN Magasin ON Terminal.Magasin_idMagasin=Magasin.idMagasin WHERE (FALSE  OR Terminal.Magasin_idMagasin=1) AND Commande.Livraison LIKE '2015-11-24%' ORDER BY Commande.Creation DESC LIMIT 0,10000
get/magasin : SELECT * FROM Magasin WHERE display = 1;
get/category : SELECT * FROM Categorie;
get/client : SELECT * FROM Client WHERE Client.Nom LIKE '%j%';
get/client : SELECT * FROM Client WHERE Client.Nom LIKE '%ja%';
get/client : SELECT * FROM Client WHERE Client.Nom LIKE '%jad%';
get/client : SELECT * FROM Client WHERE Client.Nom LIKE '%jado%';
get/client : SELECT * FROM Client WHERE Client.Nom LIKE '%jadot%';
get/client : SELECT * FROM Client WHERE Client.Nom LIKE '%Jadot Olivier%';
get/magasin : SELECT * FROM Magasin WHERE display = 1;
get/category : SELECT * FROM Categorie;
get/client : SELECT * FROM Client WHERE Client.Nom LIKE '%d%';
get/client : SELECT * FROM Client WHERE Client.Nom LIKE '%de%';
get/client : SELECT * FROM Client WHERE Client.Nom LIKE '%der%';
get/client : SELECT * FROM Client WHERE Client.Nom LIKE '%deru%';
get/client : SELECT * FROM Client WHERE Client.Nom LIKE '%deru%';
complex
UPDATE Client SET Tel='0478237972', Mail = '', Nom = 'Jadot Olivier', TVA = '' WHERE idClient = '80';
INSERT INTO Commande( Creation, Livraison, Montant, PNP, Remarque, Client_idClient, Vendeuse_idVendeuse, Terminal_idTerminal) VALUES ('2015-11-28 07:00:03','2015-11-29 07:00:00','12.30','1','','80','48','1');
INSERT INTO ProduitCommande(Quantite, Details, Commande_idCommande, Produit_idProduit, Custom) VALUES  (9,'',3347,518,0), (6,'',3347,482,0), (2,'',3347,91,0);
get/magasin : SELECT * FROM Magasin WHERE display = 1;
get/category : SELECT * FROM Categorie;
complex
UPDATE Client SET Tel='', Mail = '', Nom = 'deru', TVA = '' WHERE idClient = '1354';
INSERT INTO Commande( Creation, Livraison, Montant, PNP, Remarque, Client_idClient, Vendeuse_idVendeuse, Terminal_idTerminal) VALUES ('2015-11-28 07:00:10','2015-11-29 07:00:00','5.20','1','','1354','34','2');
INSERT INTO ProduitCommande(Quantite, Details, Commande_idCommande, Produit_idProduit, Custom) VALUES  (1,'',3348,784,0);
get/magasin : SELECT * FROM Magasin WHERE display = 1;
get/category : SELECT * FROM Categorie;
get/client : SELECT * FROM Client WHERE Client.Nom LIKE '%d%';
get/client : SELECT * FROM Client WHERE Client.Nom LIKE '%de%';
get/client : SELECT * FROM Client WHERE Client.Nom LIKE '%der%';
get/client : SELECT * FROM Client WHERE Client.Nom LIKE '%de%';
get/client : SELECT * FROM Client WHERE Client.Nom LIKE '%deb%';
get/client : SELECT * FROM Client WHERE Client.Nom LIKE '%debr%';
get/client : SELECT * FROM Client WHERE Client.Nom LIKE '%debry%';
get/client : SELECT * FROM Client WHERE Client.Nom LIKE '%debry L%';
get/client : SELECT * FROM Client WHERE Client.Nom LIKE '%debry Lu%';
get/client : SELECT * FROM Client WHERE Client.Nom LIKE '%debry Luc%';
get/client : SELECT * FROM Client WHERE Client.Nom LIKE '%debry Lu%';
get/client : SELECT * FROM Client WHERE Client.Nom LIKE '%debry L%';
get/client : SELECT * FROM Client WHERE Client.Nom LIKE '%debry%';
get/client : SELECT * FROM Client WHERE Client.Nom LIKE '%debr%';
get/client : SELECT * FROM Client WHERE Client.Nom LIKE '%deb%';
get/client : SELECT * FROM Client WHERE Client.Nom LIKE '%de%';
get/client : SELECT * FROM Client WHERE Client.Nom LIKE '%d%';
get/client : SELECT * FROM Client WHERE Client.Nom LIKE '%';
get/client : SELECT * FROM Client WHERE Client.Nom LIKE '%D%';
get/client : SELECT * FROM Client WHERE Client.Nom LIKE '%De%';
get/client : SELECT * FROM Client WHERE Client.Nom LIKE '%Deb%';
get/client : SELECT * FROM Client WHERE Client.Nom LIKE '%Debr%';
get/client : SELECT * FROM Client WHERE Client.Nom LIKE '%Debry%';
get/client : SELECT * FROM Client WHERE Client.Nom LIKE '%Debry L%';
get/client : SELECT * FROM Client WHERE Client.Nom LIKE '%Debry Lu%';
get/client : SELECT * FROM Client WHERE Client.Nom LIKE '%Debry Luv%';
get/client : SELECT * FROM Client WHERE Client.Nom LIKE '%Debry Lu%';
get/client : SELECT * FROM Client WHERE Client.Nom LIKE '%Debry Luc%';
complex
UPDATE Client SET Tel='', Mail = '', Nom = 'Debry Luc', TVA = '' WHERE idClient = '1352';
INSERT INTO Commande( Creation, Livraison, Montant, PNP, Remarque, Client_idClient, Vendeuse_idVendeuse, Terminal_idTerminal) VALUES ('2015-11-28 07:01:53','2015-11-29 09:00:00','12.50','1','','1352','34','2');
INSERT INTO ProduitCommande(Quantite, Details, Commande_idCommande, Produit_idProduit, Custom) VALUES  (2,'',3349,74,0), (4,'',3349,760,0), (1,'',3349,205,0), (6,'',3349,518,0);
get/magasin : SELECT * FROM Magasin WHERE display = 1;
get/category : SELECT * FROM Categorie;
get/commande : SELECT Commande.idCommande, Commande.Creation, Commande.Livraison, Commande.Montant, Commande.PNP, Commande.Remarque, Commande.display, Client.Nom AS clientNom, Vendeuse.Nom AS vendeuseNom, Magasin.Nom AS magasinNom FROM Commande JOIN Terminal ON Commande.Terminal_idTerminal=idTerminal JOIN Client ON Commande.Client_idClient=Client.idClient JOIN Vendeuse ON Commande.Vendeuse_idVendeuse=Vendeuse.idVendeuse JOIN Magasin ON Terminal.Magasin_idMagasin=Magasin.idMagasin WHERE (FALSE  OR Terminal.Magasin_idMagasin=2) AND Commande.Livraison LIKE '2015-11-29%' ORDER BY Commande.Creation DESC LIMIT 0,10000
get/magasin : SELECT * FROM Magasin WHERE display = 1;
get/category : SELECT * FROM Categorie;
get/client : SELECT * FROM Client WHERE Client.Nom LIKE '%P%';
get/client : SELECT * FROM Client WHERE Client.Nom LIKE '%Pa%';
get/client : SELECT * FROM Client WHERE Client.Nom LIKE '%Par%';
get/client : SELECT * FROM Client WHERE Client.Nom LIKE '%Parm%';
get/client : SELECT * FROM Client WHERE Client.Nom LIKE '%Parme%';
get/client : SELECT * FROM Client WHERE Client.Nom LIKE '%Parmen%';
get/client : SELECT * FROM Client WHERE Client.Nom LIKE '%Parment%';
get/client : SELECT * FROM Client WHERE Client.Nom LIKE '%Parmenti%';
get/client : SELECT * FROM Client WHERE Client.Nom LIKE '%Parmentie%';
get/client : SELECT * FROM Client WHERE Client.Nom LIKE '%Parmentier%';
get/client : SELECT * FROM Client WHERE Client.Nom LIKE '%parmentier%';
complex
UPDATE Client SET Tel='', Mail = '', Nom = 'parmentier', TVA = '' WHERE idClient = '186';
INSERT INTO Commande( Creation, Livraison, Montant, PNP, Remarque, Client_idClient, Vendeuse_idVendeuse, Terminal_idTerminal) VALUES ('2015-11-28 07:03:03','2015-11-29 08:00:00','4.40','1','','186','34','2');
INSERT INTO ProduitCommande(Quantite, Details, Commande_idCommande, Produit_idProduit, Custom) VALUES  (6,'',3350,482,0), (4,'',3350,518,0);
get/magasin : SELECT * FROM Magasin WHERE display = 1;
get/category : SELECT * FROM Categorie;
get/commande : SELECT Commande.idCommande, Commande.Creation, Commande.Livraison, Commande.Montant, Commande.PNP, Commande.Remarque, Commande.display, Client.Nom AS clientNom, Vendeuse.Nom AS vendeuseNom, Magasin.Nom AS magasinNom FROM Commande JOIN Terminal ON Commande.Terminal_idTerminal=idTerminal JOIN Client ON Commande.Client_idClient=Client.idClient JOIN Vendeuse ON Commande.Vendeuse_idVendeuse=Vendeuse.idVendeuse JOIN Magasin ON Terminal.Magasin_idMagasin=Magasin.idMagasin WHERE (FALSE  OR Terminal.Magasin_idMagasin=1) AND Commande.Livraison LIKE '2015-11-29%' ORDER BY Commande.Creation DESC LIMIT 0,10000
get/magasin : SELECT * FROM Magasin WHERE display = 1;
get/category : SELECT * FROM Categorie;
get/commande : SELECT Commande.idCommande, Commande.Creation, Commande.Livraison, Commande.Montant, Commande.PNP, Commande.Remarque, Commande.display, Client.Nom AS clientNom, Vendeuse.Nom AS vendeuseNom, Magasin.Nom AS magasinNom FROM Commande JOIN Terminal ON Commande.Terminal_idTerminal=idTerminal JOIN Client ON Commande.Client_idClient=Client.idClient JOIN Vendeuse ON Commande.Vendeuse_idVendeuse=Vendeuse.idVendeuse JOIN Magasin ON Terminal.Magasin_idMagasin=Magasin.idMagasin WHERE (FALSE  OR Terminal.Magasin_idMagasin=1) AND Commande.Livraison LIKE '2015-11-29%' ORDER BY Commande.Creation DESC LIMIT 0,10000
complex
complex
complex
complex
complex
complex
complex
complex
complex
complex
complex
complex
get/magasin : SELECT * FROM Magasin WHERE display = 1;
get/category : SELECT * FROM Categorie;
get/commande : SELECT Commande.idCommande, Commande.Creation, Commande.Livraison, Commande.Montant, Commande.PNP, Commande.Remarque, Commande.display, Client.Nom AS clientNom, Vendeuse.Nom AS vendeuseNom, Magasin.Nom AS magasinNom FROM Commande JOIN Terminal ON Commande.Terminal_idTerminal=idTerminal JOIN Client ON Commande.Client_idClient=Client.idClient JOIN Vendeuse ON Commande.Vendeuse_idVendeuse=Vendeuse.idVendeuse JOIN Magasin ON Terminal.Magasin_idMagasin=Magasin.idMagasin WHERE (FALSE  OR Terminal.Magasin_idMagasin=1) AND Commande.Livraison LIKE '2015-11-30%' ORDER BY Commande.Creation DESC LIMIT 0,10000
complex
complex
complex
get/magasin : SELECT * FROM Magasin WHERE display = 1;
get/category : SELECT * FROM Categorie;
get/client : SELECT * FROM Client WHERE Client.Nom LIKE '%B%';
get/client : SELECT * FROM Client WHERE Client.Nom LIKE '%BO%';
get/client : SELECT * FROM Client WHERE Client.Nom LIKE '%BON%';
get/client : SELECT * FROM Client WHERE Client.Nom LIKE '%BO%';
get/client : SELECT * FROM Client WHERE Client.Nom LIKE '%BOO%';
get/client : SELECT * FROM Client WHERE Client.Nom LIKE '%BOON%';
get/client : SELECT * FROM Client WHERE Client.Nom LIKE '%boon%';
complex
UPDATE Client SET Tel='0476400672', Mail = '', Nom = 'boon', TVA = '' WHERE idClient = '343';
INSERT INTO Commande( Creation, Livraison, Montant, PNP, Remarque, Client_idClient, Vendeuse_idVendeuse, Terminal_idTerminal) VALUES ('2015-11-28 07:34:20','2015-11-29 07:00:00','11.40','1','','343','48','1');
INSERT INTO ProduitCommande(Quantite, Details, Commande_idCommande, Produit_idProduit, Custom) VALUES  (4,'',3351,767,0), (4,'SUCRES',3351,795,0);
get/magasin : SELECT * FROM Magasin WHERE display = 1;
get/category : SELECT * FROM Categorie;
get/client : SELECT * FROM Client WHERE Client.Nom LIKE '%D%';
get/client : SELECT * FROM Client WHERE Client.Nom LIKE '%Dr%';
get/client : SELECT * FROM Client WHERE Client.Nom LIKE '%D%';
get/client : SELECT * FROM Client WHERE Client.Nom LIKE '%Da%';
get/client : SELECT * FROM Client WHERE Client.Nom LIKE '%Dar%';
get/client : SELECT * FROM Client WHERE Client.Nom LIKE '%Da%';
get/client : SELECT * FROM Client WHERE Client.Nom LIKE '%D%';
get/client : SELECT * FROM Client WHERE Client.Nom LIKE '%';
get/client : SELECT * FROM Client WHERE Client.Nom LIKE '%B%';
get/client : SELECT * FROM Client WHERE Client.Nom LIKE '%Ba%';
get/client : SELECT * FROM Client WHERE Client.Nom LIKE '%B%';
get/client : SELECT * FROM Client WHERE Client.Nom LIKE '%Br%';
get/client : SELECT * FROM Client WHERE Client.Nom LIKE '%Bra%';
get/client : SELECT * FROM Client WHERE Client.Nom LIKE '%Brae%';
get/client : SELECT * FROM Client WHERE Client.Nom LIKE '%Bra%';
get/client : SELECT * FROM Client WHERE Client.Nom LIKE '%Brae%';
get/client : SELECT * FROM Client WHERE Client.Nom LIKE '%Braem C%';
complex
UPDATE Client SET Tel='0473980304', Mail = '', Nom = 'Braem C', TVA = '' WHERE idClient = '642';
INSERT INTO Commande( Creation, Livraison, Montant, PNP, Remarque, Client_idClient, Vendeuse_idVendeuse, Terminal_idTerminal) VALUES ('2015-11-28 07:35:57','2015-11-29 07:00:00','14.50','1','','642','49','1');
INSERT INTO ProduitCommande(Quantite, Details, Commande_idCommande, Produit_idProduit, Custom) VALUES  (2,'s/r',3352,795,0), (1,'sucre',3352,797,0), (2,'',3352,760,0), (6,'',3352,484,0);
get/magasin : SELECT * FROM Magasin WHERE display = 1;
get/category : SELECT * FROM Categorie;
get/client : SELECT * FROM Client WHERE Client.Nom LIKE '%s%';
get/client : SELECT * FROM Client WHERE Client.Nom LIKE '%sc%';
get/client : SELECT * FROM Client WHERE Client.Nom LIKE '%scr%';
get/client : SELECT * FROM Client WHERE Client.Nom LIKE '%scre%';
get/client : SELECT * FROM Client WHERE Client.Nom LIKE '%scree%';
get/client : SELECT * FROM Client WHERE Client.Nom LIKE '%screee%';
get/client : SELECT * FROM Client WHERE Client.Nom LIKE '%screeee%';
get/client : SELECT * FROM Client WHERE Client.Nom LIKE '%screee%';
get/client : SELECT * FROM Client WHERE Client.Nom LIKE '%scree%';
get/client : SELECT * FROM Client WHERE Client.Nom LIKE '%scre%';
get/client : SELECT * FROM Client WHERE Client.Nom LIKE '%screv%';
get/client : SELECT * FROM Client WHERE Client.Nom LIKE '%screve%';
get/client : SELECT * FROM Client WHERE Client.Nom LIKE '%Descrevel Joel%';
get/client : SELECT * FROM Client WHERE Client.Nom LIKE '%Descrevel Joe%';
get/client : SELECT * FROM Client WHERE Client.Nom LIKE '%Descrevel Jo%';
get/client : SELECT * FROM Client WHERE Client.Nom LIKE '%Descrevel J%';
get/client : SELECT * FROM Client WHERE Client.Nom LIKE '%Descrevel%';
get/client : SELECT * FROM Client WHERE Client.Nom LIKE '%Descreve%';
get/client : SELECT * FROM Client WHERE Client.Nom LIKE '%Descrev%';
get/client : SELECT * FROM Client WHERE Client.Nom LIKE '%Descre%';
get/client : SELECT * FROM Client WHERE Client.Nom LIKE '%Descr%';
get/client : SELECT * FROM Client WHERE Client.Nom LIKE '%Desc%';
get/client : SELECT * FROM Client WHERE Client.Nom LIKE '%Des%';
get/client : SELECT * FROM Client WHERE Client.Nom LIKE '%De%';
get/client : SELECT * FROM Client WHERE Client.Nom LIKE '%D%';
get/client : SELECT * FROM Client WHERE Client.Nom LIKE '%';
get/client : SELECT * FROM Client WHERE Client.Nom LIKE '%s%';
get/client : SELECT * FROM Client WHERE Client.Nom LIKE '%sc%';
get/client : SELECT * FROM Client WHERE Client.Nom LIKE '%scr%';
get/client : SELECT * FROM Client WHERE Client.Nom LIKE '%scre%';
get/client : SELECT * FROM Client WHERE Client.Nom LIKE '%screv%';
get/client : SELECT * FROM Client WHERE Client.Nom LIKE '%screve%';
get/client : SELECT * FROM Client WHERE Client.Nom LIKE '%Screve%';
complex
UPDATE Client SET Tel='010888999', Mail = '', Nom = 'Screve', TVA = '' WHERE idClient = '172';
INSERT INTO Commande( Creation, Livraison, Montant, PNP, Remarque, Client_idClient, Vendeuse_idVendeuse, Terminal_idTerminal) VALUES ('2015-11-28 07:46:35','2015-11-29 10:00:00','2.30','1','','172','48','1');
INSERT INTO ProduitCommande(Quantite, Details, Commande_idCommande, Produit_idProduit, Custom) VALUES  (1,'',3353,95,0);
get/magasin : SELECT * FROM Magasin WHERE display = 1;
get/category : SELECT * FROM Categorie;
get/magasin : SELECT * FROM Magasin WHERE display = 1;
get/category : SELECT * FROM Categorie;
get/commande : SELECT Commande.idCommande, Commande.Creation, Commande.Livraison, Commande.Montant, Commande.PNP, Commande.Remarque, Commande.display, Client.Nom AS clientNom, Vendeuse.Nom AS vendeuseNom, Magasin.Nom AS magasinNom FROM Commande JOIN Terminal ON Commande.Terminal_idTerminal=idTerminal JOIN Client ON Commande.Client_idClient=Client.idClient JOIN Vendeuse ON Commande.Vendeuse_idVendeuse=Vendeuse.idVendeuse JOIN Magasin ON Terminal.Magasin_idMagasin=Magasin.idMagasin WHERE (FALSE  OR Terminal.Magasin_idMagasin=1) AND Commande.Livraison LIKE '2015-11-24%' ORDER BY Commande.Creation DESC LIMIT 0,10000
get/magasin : SELECT * FROM Magasin WHERE display = 1;
get/category : SELECT * FROM Categorie;
get/client : SELECT * FROM Client WHERE Client.Nom LIKE '%H%';
get/client : SELECT * FROM Client WHERE Client.Nom LIKE '%Hu%';
get/client : SELECT * FROM Client WHERE Client.Nom LIKE '%Hub%';
get/client : SELECT * FROM Client WHERE Client.Nom LIKE '%Hube%';
get/client : SELECT * FROM Client WHERE Client.Nom LIKE '%Huber%';
get/client : SELECT * FROM Client WHERE Client.Nom LIKE '%Hubert%';
get/client : SELECT * FROM Client WHERE Client.Nom LIKE '%Huberte%';
get/client : SELECT * FROM Client WHERE Client.Nom LIKE '%Hubert%';
get/client : SELECT * FROM Client WHERE Client.Nom LIKE '%Huber%';
get/client : SELECT * FROM Client WHERE Client.Nom LIKE '%Huberte%';
get/client : SELECT * FROM Client WHERE Client.Nom LIKE '%Hubert%';
get/client : SELECT * FROM Client WHERE Client.Nom LIKE '%Huber%';
get/client : SELECT * FROM Client WHERE Client.Nom LIKE '%hubert thierry%';
complex
UPDATE Client SET Tel='0475/755151', Mail = '', Nom = 'hubert thierry', TVA = '' WHERE idClient = '243';
INSERT INTO Commande( Creation, Livraison, Montant, PNP, Remarque, Client_idClient, Vendeuse_idVendeuse, Terminal_idTerminal) VALUES ('2015-11-28 07:56:29','2015-11-29 07:00:00','5.20','1','','243','49','1');
INSERT INTO ProduitCommande(Quantite, Details, Commande_idCommande, Produit_idProduit, Custom) VALUES  (3,'',3354,482,0), (1,'',3354,518,0), (1,'',3354,760,0), (1,'',3354,85,0);
get/magasin : SELECT * FROM Magasin WHERE display = 1;
get/category : SELECT * FROM Categorie;
get/client : SELECT * FROM Client WHERE Client.Nom LIKE '%d%';
get/client : SELECT * FROM Client WHERE Client.Nom LIKE '%de%';
get/client : SELECT * FROM Client WHERE Client.Nom LIKE '%de g%';
get/client : SELECT * FROM Client WHERE Client.Nom LIKE '%de gh%';
get/client : SELECT * FROM Client WHERE Client.Nom LIKE '%de ghellinck olivier%';
complex
UPDATE Client SET Tel='081/658972', Mail = '', Nom = 'de ghellinck olivier', TVA = '' WHERE idClient = '185';
INSERT INTO Commande( Creation, Livraison, Montant, PNP, Remarque, Client_idClient, Vendeuse_idVendeuse, Terminal_idTerminal) VALUES ('2015-11-28 07:57:13','2015-11-29 06:00:00','2.50','1','','185','48','1');
INSERT INTO ProduitCommande(Quantite, Details, Commande_idCommande, Produit_idProduit, Custom) VALUES  (1,'',3355,84,0);
get/magasin : SELECT * FROM Magasin WHERE display = 1;
get/category : SELECT * FROM Categorie;
get/magasin : SELECT * FROM Magasin WHERE display = 1;
get/category : SELECT * FROM Categorie;
get/commande : SELECT Commande.idCommande, Commande.Creation, Commande.Livraison, Commande.Montant, Commande.PNP, Commande.Remarque, Commande.display, Client.Nom AS clientNom, Vendeuse.Nom AS vendeuseNom, Magasin.Nom AS magasinNom FROM Commande JOIN Terminal ON Commande.Terminal_idTerminal=idTerminal JOIN Client ON Commande.Client_idClient=Client.idClient JOIN Vendeuse ON Commande.Vendeuse_idVendeuse=Vendeuse.idVendeuse JOIN Magasin ON Terminal.Magasin_idMagasin=Magasin.idMagasin WHERE (FALSE  OR Terminal.Magasin_idMagasin=1) AND Commande.Livraison LIKE '2015-11-28%' ORDER BY Commande.Creation DESC LIMIT 0,10000
complex
get/magasin : SELECT * FROM Magasin WHERE display = 1;
get/category : SELECT * FROM Categorie;
get/client : SELECT * FROM Client WHERE Client.Nom LIKE '%D%';
get/client : SELECT * FROM Client WHERE Client.Nom LIKE '%De%';
get/client : SELECT * FROM Client WHERE Client.Nom LIKE '%De l%';
get/client : SELECT * FROM Client WHERE Client.Nom LIKE '%De li%';
get/client : SELECT * FROM Client WHERE Client.Nom LIKE '%De Liedekerke Serge%';
complex
UPDATE Client SET Tel='0475634958', Mail = 'serge.deliedekerke@outlook.com', Nom = 'De Liedekerke Serge', TVA = '' WHERE idClient = '83';
INSERT INTO Commande( Creation, Livraison, Montant, PNP, Remarque, Client_idClient, Vendeuse_idVendeuse, Terminal_idTerminal) VALUES ('2015-11-28 08:41:49','2015-11-29 08:00:00','12.25','1','','83','49','1');
INSERT INTO ProduitCommande(Quantite, Details, Commande_idCommande, Produit_idProduit, Custom) VALUES  (1,'',3356,762,0), (3,'',3356,760,0), (8,'',3356,482,0), (10,'',3356,518,0);
get/magasin : SELECT * FROM Magasin WHERE display = 1;
get/category : SELECT * FROM Categorie;
