get/client : SELECT * FROM Client WHERE Client.Nom LIKE '%o%';
get/client : SELECT * FROM Client WHERE Client.Nom LIKE '%oc%';
get/client : SELECT * FROM Client WHERE Client.Nom LIKE '%oce%';
get/client : SELECT * FROM Client WHERE Client.Nom LIKE '%ocea%';
complex
clientID :1509
INSERT INTO Commande( Creation, Livraison, Montant, PNP, Remarque, Client_idClient, Vendeuse_idVendeuse, Terminal_idTerminal) VALUES ('2015-12-02 13:44:00','2015-12-07 08:00:00','20.50','0','en boite \n+ 20 st nicolas ( 1.10)','1509','1','1');
INSERT INTO ProduitCommande(Quantite, Details, Commande_idCommande, Produit_idProduit, Custom) VALUES  (10,'',3437,760,0), (10,'',3437,762,0);
get/magasin : SELECT * FROM Magasin WHERE display = 1;
get/category : SELECT * FROM Categorie;
get/client : SELECT * FROM Client WHERE Client.Nom LIKE '%m%';
get/client : SELECT * FROM Client WHERE Client.Nom LIKE '%ma%';
get/client : SELECT * FROM Client WHERE Client.Nom LIKE '%mar%';
get/client : SELECT * FROM Client WHERE Client.Nom LIKE '%mari%';
get/client : SELECT * FROM Client WHERE Client.Nom LIKE '%mariq%';
get/client : SELECT * FROM Client WHERE Client.Nom LIKE '%mariqu%';
get/client : SELECT * FROM Client WHERE Client.Nom LIKE '%marique%';
complex
UPDATE Client SET Tel='0478/319612', Mail ='', Nom ='marique', TVA ='' WHERE idClient = '244';
INSERT INTO Commande( Creation, Livraison, Montant, PNP, Remarque, Client_idClient, Vendeuse_idVendeuse, Terminal_idTerminal) VALUES ('2015-12-02 14:01:33','2015-12-04 06:00:00','23.10','1','','244','3','1');
INSERT INTO ProduitCommande(Quantite, Details, Commande_idCommande, Produit_idProduit, Custom) VALUES  (2,'',3438,496,0), (2,'',3438,497,0), (2,'',3438,498,0), (3,'',3438,499,0), (2,'',3438,500,0), (4,'',3438,495,0);
get/magasin : SELECT * FROM Magasin WHERE display = 1;
get/category : SELECT * FROM Categorie;
get/commande : SELECT Commande.idCommande, Commande.Creation, Commande.Livraison, Commande.Montant, Commande.PNP, Commande.Remarque, Commande.display, Client.Nom AS clientNom, Vendeuse.Nom AS vendeuseNom, Magasin.Nom AS magasinNom FROM Commande JOIN Terminal ON Commande.Terminal_idTerminal=idTerminal JOIN Client ON Commande.Client_idClient=Client.idClient JOIN Vendeuse ON Commande.Vendeuse_idVendeuse=Vendeuse.idVendeuse JOIN Magasin ON Terminal.Magasin_idMagasin=Magasin.idMagasin WHERE (FALSE  OR Terminal.Magasin_idMagasin=1) AND Commande.Livraison LIKE '2015-12-04%' ORDER BY Commande.Creation DESC LIMIT 0,10000
complex
complex
{ selectedMagasins: { '1': true, undefined: false },
  Livraison: '2015-12-04' }
get/magasin : SELECT * FROM Magasin WHERE display = 1;
get/category : SELECT * FROM Categorie;
get/client : SELECT * FROM Client WHERE Client.Nom LIKE '%s%';
get/client : SELECT * FROM Client WHERE Client.Nom LIKE '%si%';
get/client : SELECT * FROM Client WHERE Client.Nom LIKE '%sim%';
get/client : SELECT * FROM Client WHERE Client.Nom LIKE '%simo%';
get/client : SELECT * FROM Client WHERE Client.Nom LIKE '%simon%';
get/client : SELECT * FROM Client WHERE Client.Nom LIKE '%simon m%';
get/client : SELECT * FROM Client WHERE Client.Nom LIKE '%simon mi%';
get/client : SELECT * FROM Client WHERE Client.Nom LIKE '%simon mic%';
get/client : SELECT * FROM Client WHERE Client.Nom LIKE '%simon mich%';
get/client : SELECT * FROM Client WHERE Client.Nom LIKE '%simon miche%';
get/client : SELECT * FROM Client WHERE Client.Nom LIKE '%simon michel%';
get/client : SELECT * FROM Client WHERE Client.Nom LIKE '%simon michell%';
get/client : SELECT * FROM Client WHERE Client.Nom LIKE '%simon michelle%';
complex
clientID :1510
INSERT INTO Commande( Creation, Livraison, Montant, PNP, Remarque, Client_idClient, Vendeuse_idVendeuse, Terminal_idTerminal) VALUES ('2015-12-02 14:08:43','2015-12-07 06:00:00','60.00','1','','1510','1','1');
INSERT INTO ProduitCommande(Quantite, Details, Commande_idCommande, Produit_idProduit, Custom) VALUES  (5,'sucre',3439,797,0), (5,'sucre raisin',3439,797,0);
get/magasin : SELECT * FROM Magasin WHERE display = 1;
get/category : SELECT * FROM Categorie;
get/commande : SELECT Commande.idCommande, Commande.Creation, Commande.Livraison, Commande.Montant, Commande.PNP, Commande.Remarque, Commande.display, Client.Nom AS clientNom, Vendeuse.Nom AS vendeuseNom, Magasin.Nom AS magasinNom FROM Commande JOIN Terminal ON Commande.Terminal_idTerminal=idTerminal JOIN Client ON Commande.Client_idClient=Client.idClient JOIN Vendeuse ON Commande.Vendeuse_idVendeuse=Vendeuse.idVendeuse JOIN Magasin ON Terminal.Magasin_idMagasin=Magasin.idMagasin WHERE (FALSE  OR Terminal.Magasin_idMagasin=1) AND Commande.Livraison LIKE '2015-12-07%' ORDER BY Commande.Creation DESC LIMIT 0,10000
complex
get/magasin : SELECT * FROM Magasin WHERE display = 1;
get/category : SELECT * FROM Categorie;
get/client : SELECT * FROM Client WHERE Client.Nom LIKE '%s%';
get/client : SELECT * FROM Client WHERE Client.Nom LIKE '%sa%';
get/client : SELECT * FROM Client WHERE Client.Nom LIKE '%sap%';
get/client : SELECT * FROM Client WHERE Client.Nom LIKE '%sapl%';
get/client : SELECT * FROM Client WHERE Client.Nom LIKE '%sapla%';
get/client : SELECT * FROM Client WHERE Client.Nom LIKE '%saplas%';
complex
clientID :1511
INSERT INTO Commande( Creation, Livraison, Montant, PNP, Remarque, Client_idClient, Vendeuse_idVendeuse, Terminal_idTerminal) VALUES ('2015-12-02 14:57:49','2015-12-03 06:00:00','9.40','1','','1511','1','1');
INSERT INTO ProduitCommande(Quantite, Details, Commande_idCommande, Produit_idProduit, Custom) VALUES  (2,'',3440,786,0);
get/magasin : SELECT * FROM Magasin WHERE display = 1;
get/category : SELECT * FROM Categorie;
get/commande : SELECT Commande.idCommande, Commande.Creation, Commande.Livraison, Commande.Montant, Commande.PNP, Commande.Remarque, Commande.display, Client.Nom AS clientNom, Vendeuse.Nom AS vendeuseNom, Magasin.Nom AS magasinNom FROM Commande JOIN Terminal ON Commande.Terminal_idTerminal=idTerminal JOIN Client ON Commande.Client_idClient=Client.idClient JOIN Vendeuse ON Commande.Vendeuse_idVendeuse=Vendeuse.idVendeuse JOIN Magasin ON Terminal.Magasin_idMagasin=Magasin.idMagasin WHERE (FALSE  OR Terminal.Magasin_idMagasin=1) AND Commande.Livraison LIKE '2015-12-03%' ORDER BY Commande.Creation DESC LIMIT 0,10000
complex
complex
complex
complex
complex
complex
complex
get/magasin : SELECT * FROM Magasin WHERE display = 1;
get/category : SELECT * FROM Categorie;
get/client : SELECT * FROM Client WHERE Client.Nom LIKE '%n%';
get/client : SELECT * FROM Client WHERE Client.Nom LIKE '%na%';
get/client : SELECT * FROM Client WHERE Client.Nom LIKE '%nam%';
get/client : SELECT * FROM Client WHERE Client.Nom LIKE '%name%';
get/client : SELECT * FROM Client WHERE Client.Nom LIKE '%namec%';
get/client : SELECT * FROM Client WHERE Client.Nom LIKE '%namech%';
get/client : SELECT * FROM Client WHERE Client.Nom LIKE '%nameche%';
get/client : SELECT * FROM Client WHERE Client.Nom LIKE '%Nameche o%';
complex
UPDATE Client SET Tel='0479251546', Mail ='', Nom ='Nameche o', TVA ='' WHERE idClient = '180';
INSERT INTO Commande( Creation, Livraison, Montant, PNP, Remarque, Client_idClient, Vendeuse_idVendeuse, Terminal_idTerminal) VALUES ('2015-12-02 16:16:54','2015-12-06 07:00:00','16.85','1','','180','1','1');
INSERT INTO ProduitCommande(Quantite, Details, Commande_idCommande, Produit_idProduit, Custom) VALUES  (3,'',3441,482,0), (2,'',3441,771,0), (3,'',3441,762,0), (3,'',3441,760,0), (1,'sucre raisin',3441,797,0);
get/magasin : SELECT * FROM Magasin WHERE display = 1;
get/category : SELECT * FROM Categorie;
get/client : SELECT * FROM Client WHERE Client.Nom LIKE '%l%';
get/client : SELECT * FROM Client WHERE Client.Nom LIKE '%le%';
get/client : SELECT * FROM Client WHERE Client.Nom LIKE '%leb%';
get/client : SELECT * FROM Client WHERE Client.Nom LIKE '%lebr%';
get/client : SELECT * FROM Client WHERE Client.Nom LIKE '%lebru%';
get/client : SELECT * FROM Client WHERE Client.Nom LIKE '%Lebrun Carinne%';
complex
UPDATE Client SET Tel='0475/516442', Mail ='', Nom ='Lebrun Carinne', TVA ='' WHERE idClient = '399';
INSERT INTO Commande( Creation, Livraison, Montant, PNP, Remarque, Client_idClient, Vendeuse_idVendeuse, Terminal_idTerminal) VALUES ('2015-12-02 16:20:03','2015-12-06 10:00:00','3.35','1','','399','1','1');
INSERT INTO ProduitCommande(Quantite, Details, Commande_idCommande, Produit_idProduit, Custom) VALUES  (1,'1x10 profiterole ( cremepatissiere )',3442,187,0);
get/magasin : SELECT * FROM Magasin WHERE display = 1;
get/category : SELECT * FROM Categorie;
get/client : SELECT * FROM Client WHERE Client.Nom LIKE '%l%';
get/client : SELECT * FROM Client WHERE Client.Nom LIKE '%le%';
get/client : SELECT * FROM Client WHERE Client.Nom LIKE '%leo%';
get/client : SELECT * FROM Client WHERE Client.Nom LIKE '%leon%';
get/client : SELECT * FROM Client WHERE Client.Nom LIKE '%leona%';
get/client : SELECT * FROM Client WHERE Client.Nom LIKE '%leonar%';
get/client : SELECT * FROM Client WHERE Client.Nom LIKE '%leonard%';
get/client : SELECT * FROM Client WHERE Client.Nom LIKE '%Gerard Leonard%';
get/client : SELECT * FROM Client WHERE Client.Nom LIKE '%Gerard Leonar%';
get/client : SELECT * FROM Client WHERE Client.Nom LIKE '%Gerard Leona%';
get/client : SELECT * FROM Client WHERE Client.Nom LIKE '%Gerard Leon%';
get/client : SELECT * FROM Client WHERE Client.Nom LIKE '%Gerard Leo%';
get/client : SELECT * FROM Client WHERE Client.Nom LIKE '%Gerard Le%';
get/client : SELECT * FROM Client WHERE Client.Nom LIKE '%Gerard L%';
get/client : SELECT * FROM Client WHERE Client.Nom LIKE '%Gerard%';
get/client : SELECT * FROM Client WHERE Client.Nom LIKE '%Gerar%';
get/client : SELECT * FROM Client WHERE Client.Nom LIKE '%Gera%';
get/client : SELECT * FROM Client WHERE Client.Nom LIKE '%Ger%';
get/client : SELECT * FROM Client WHERE Client.Nom LIKE '%Ge%';
get/client : SELECT * FROM Client WHERE Client.Nom LIKE '%G%';
get/client : SELECT * FROM Client WHERE Client.Nom LIKE '%';
get/client : SELECT * FROM Client WHERE Client.Nom LIKE '%l%';
get/client : SELECT * FROM Client WHERE Client.Nom LIKE '%le%';
get/client : SELECT * FROM Client WHERE Client.Nom LIKE '%leo%';
get/client : SELECT * FROM Client WHERE Client.Nom LIKE '%leon%';
get/client : SELECT * FROM Client WHERE Client.Nom LIKE '%leona%';
get/client : SELECT * FROM Client WHERE Client.Nom LIKE '%leonar%';
get/client : SELECT * FROM Client WHERE Client.Nom LIKE '%leonard%';
get/client : SELECT * FROM Client WHERE Client.Nom LIKE '%leonard m%';
get/client : SELECT * FROM Client WHERE Client.Nom LIKE '%Léonard muriel%';
complex
UPDATE Client SET Tel='0477/782618', Mail ='', Nom ='Léonard muriel', TVA ='' WHERE idClient = '1500';
INSERT INTO Commande( Creation, Livraison, Montant, PNP, Remarque, Client_idClient, Vendeuse_idVendeuse, Terminal_idTerminal) VALUES ('2015-12-02 17:10:13','2015-12-03 06:00:00','15.85','1','','1500','1','1');
INSERT INTO ProduitCommande(Quantite, Details, Commande_idCommande, Produit_idProduit, Custom) VALUES  (1,'',3443,813,0), (1,'1x6 madagascar',3443,187,0);
get/magasin : SELECT * FROM Magasin WHERE display = 1;
get/category : SELECT * FROM Categorie;
get/commande : SELECT Commande.idCommande, Commande.Creation, Commande.Livraison, Commande.Montant, Commande.PNP, Commande.Remarque, Commande.display, Client.Nom AS clientNom, Vendeuse.Nom AS vendeuseNom, Magasin.Nom AS magasinNom FROM Commande JOIN Terminal ON Commande.Terminal_idTerminal=idTerminal JOIN Client ON Commande.Client_idClient=Client.idClient JOIN Vendeuse ON Commande.Vendeuse_idVendeuse=Vendeuse.idVendeuse JOIN Magasin ON Terminal.Magasin_idMagasin=Magasin.idMagasin WHERE (FALSE  OR Terminal.Magasin_idMagasin=1) AND Commande.Livraison LIKE '2015-12-03%' ORDER BY Commande.Creation DESC LIMIT 0,10000
complex
complex
get/magasin : SELECT * FROM Magasin WHERE display = 1;
get/category : SELECT * FROM Categorie;
get/commande : SELECT Commande.idCommande, Commande.Creation, Commande.Livraison, Commande.Montant, Commande.PNP, Commande.Remarque, Commande.display, Client.Nom AS clientNom, Vendeuse.Nom AS vendeuseNom, Magasin.Nom AS magasinNom FROM Commande JOIN Terminal ON Commande.Terminal_idTerminal=idTerminal JOIN Client ON Commande.Client_idClient=Client.idClient JOIN Vendeuse ON Commande.Vendeuse_idVendeuse=Vendeuse.idVendeuse JOIN Magasin ON Terminal.Magasin_idMagasin=Magasin.idMagasin WHERE (FALSE  OR Terminal.Magasin_idMagasin=1) AND Commande.Livraison LIKE '2015-12-03%' ORDER BY Commande.Creation DESC LIMIT 0,10000
get/magasin : SELECT * FROM Magasin WHERE display = 1;
get/category : SELECT * FROM Categorie;
get/client : SELECT * FROM Client WHERE Client.Nom LIKE '%l%';
get/client : SELECT * FROM Client WHERE Client.Nom LIKE '%li%';
get/client : SELECT * FROM Client WHERE Client.Nom LIKE '%lib%';
get/client : SELECT * FROM Client WHERE Client.Nom LIKE '%libe%';
get/client : SELECT * FROM Client WHERE Client.Nom LIKE '%liber%';
get/client : SELECT * FROM Client WHERE Client.Nom LIKE '%libert%';
complex
UPDATE Client SET Tel='', Mail ='', Nom ='libert', TVA ='' WHERE idClient = '456';
INSERT INTO Commande( Creation, Livraison, Montant, PNP, Remarque, Client_idClient, Vendeuse_idVendeuse, Terminal_idTerminal) VALUES ('2015-12-02 17:38:43','2015-12-03 09:00:00','8.30','0','','456','1','1');
INSERT INTO ProduitCommande(Quantite, Details, Commande_idCommande, Produit_idProduit, Custom) VALUES  (1,'s/R',3444,797,0), (1,'',3444,95,0);
get/magasin : SELECT * FROM Magasin WHERE display = 1;
get/category : SELECT * FROM Categorie;
get/terminal : SELECT * FROM Terminal;
get/magasin : SELECT * FROM Magasin WHERE display = 1;
get/terminal : SELECT * FROM Terminal;
get/magasin : SELECT * FROM Magasin WHERE display = 1;
get/magasin : SELECT * FROM Magasin WHERE display = 1;
get/category : SELECT * FROM Categorie;
complex
activeMag : 1
complex
get/commande : SELECT Commande.idCommande, Commande.Creation, Commande.Livraison, Commande.Montant, Commande.PNP, Commande.Remarque, Commande.display, Client.Nom AS clientNom, Vendeuse.Nom AS vendeuseNom, Magasin.Nom AS magasinNom FROM Commande JOIN Terminal ON Commande.Terminal_idTerminal=idTerminal JOIN Client ON Commande.Client_idClient=Client.idClient JOIN Vendeuse ON Commande.Vendeuse_idVendeuse=Vendeuse.idVendeuse JOIN Magasin ON Terminal.Magasin_idMagasin=Magasin.idMagasin WHERE (FALSE  OR Terminal.Magasin_idMagasin=1) AND Commande.Livraison LIKE '2015-12-03%' ORDER BY Commande.Creation DESC LIMIT 0,10000
get/magasin : SELECT * FROM Magasin WHERE display = 1;
get/category : SELECT * FROM Categorie;
get/client : SELECT * FROM Client WHERE Client.Nom LIKE '%s%';
get/client : SELECT * FROM Client WHERE Client.Nom LIKE '%st%';
get/client : SELECT * FROM Client WHERE Client.Nom LIKE '%ste%';
get/client : SELECT * FROM Client WHERE Client.Nom LIKE '%step%';
get/client : SELECT * FROM Client WHERE Client.Nom LIKE '%steph%';
get/client : SELECT * FROM Client WHERE Client.Nom LIKE '%stepha%';
get/client : SELECT * FROM Client WHERE Client.Nom LIKE '%stephan%';
get/client : SELECT * FROM Client WHERE Client.Nom LIKE '%stephane%';
get/client : SELECT * FROM Client WHERE Client.Nom LIKE '%Stephane%';
complex
UPDATE Client SET Tel='0477996999', Mail ='sdemiddeleer@gmail.com', Nom ='Stephane', TVA ='BE' WHERE idClient = '133';
INSERT INTO Commande( Creation, Livraison, Montant, PNP, Remarque, Client_idClient, Vendeuse_idVendeuse, Terminal_idTerminal) VALUES ('2015-12-02 18:02:33','2015-12-09 17:00:00','6.70','1','','133','1','1');
INSERT INTO ProduitCommande(Quantite, Details, Commande_idCommande, Produit_idProduit, Custom) VALUES  (1,'1x8 bav framboise \nJA',3445,187,0), (1,'1x8 bav framboise\nJa',3445,187,0);
get/magasin : SELECT * FROM Magasin WHERE display = 1;
get/category : SELECT * FROM Categorie;
