get/magasin : SELECT * FROM Magasin WHERE display = 1;
get/category : SELECT * FROM Categorie;
get/commande : SELECT Commande.idCommande, Commande.Creation, Commande.Livraison, Commande.Montant, Commande.PNP, Commande.Remarque, Commande.display, Client.Nom AS clientNom, Vendeuse.Nom AS vendeuseNom, Magasin.Nom AS magasinNom FROM Commande JOIN Terminal ON Commande.Terminal_idTerminal=idTerminal JOIN Client ON Commande.Client_idClient=Client.idClient JOIN Vendeuse ON Commande.Vendeuse_idVendeuse=Vendeuse.idVendeuse JOIN Magasin ON Terminal.Magasin_idMagasin=Magasin.idMagasin WHERE (FALSE  OR Terminal.Magasin_idMagasin=1) AND Commande.Livraison LIKE '2015-12-15%' ORDER BY Commande.Creation DESC LIMIT 0,10000
complex
complex
complex
get/magasin : SELECT * FROM Magasin WHERE display = 1;
get/category : SELECT * FROM Categorie;
get/client : SELECT * FROM Client WHERE Client.Nom LIKE '%e%';
get/client : SELECT * FROM Client WHERE Client.Nom LIKE '%eu%';
get/client : SELECT * FROM Client WHERE Client.Nom LIKE '%eur%';
get/client : SELECT * FROM Client WHERE Client.Nom LIKE '%euro%';
get/client : SELECT * FROM Client WHERE Client.Nom LIKE '%eur%';
get/client : SELECT * FROM Client WHERE Client.Nom LIKE '%eu%';
get/client : SELECT * FROM Client WHERE Client.Nom LIKE '%e%';
get/client : SELECT * FROM Client WHERE Client.Nom LIKE '%';
get/client : SELECT * FROM Client WHERE Client.Nom LIKE '%E%';
get/client : SELECT * FROM Client WHERE Client.Nom LIKE '%Eu%';
get/client : SELECT * FROM Client WHERE Client.Nom LIKE '%Eur%';
get/client : SELECT * FROM Client WHERE Client.Nom LIKE '%Euro%';
get/client : SELECT * FROM Client WHERE Client.Nom LIKE '%Euro N%';
get/client : SELECT * FROM Client WHERE Client.Nom LIKE '%Euro No%';
get/client : SELECT * FROM Client WHERE Client.Nom LIKE '%Euro Nov%';
get/client : SELECT * FROM Client WHERE Client.Nom LIKE '%Euro Nova%';
complex
clientID :1596
INSERT INTO Commande( Creation, Livraison, Montant, PNP, Remarque, Client_idClient, Vendeuse_idVendeuse, Terminal_idTerminal) VALUES ('2015-12-14 08:27:47','2015-12-21 07:00:00','25.60','2','','1596','49','1');
INSERT INTO ProduitCommande(Quantite, Details, Commande_idCommande, Produit_idProduit, Custom) VALUES  (8,'',3642,762,0), (8,'',3642,760,0), (4,'',3642,764,0), (4,'',3642,775,0);
get/magasin : SELECT * FROM Magasin WHERE display = 1;
get/category : SELECT * FROM Categorie;
get/commande : SELECT Commande.idCommande, Commande.Creation, Commande.Livraison, Commande.Montant, Commande.PNP, Commande.Remarque, Commande.display, Client.Nom AS clientNom, Vendeuse.Nom AS vendeuseNom, Magasin.Nom AS magasinNom FROM Commande JOIN Terminal ON Commande.Terminal_idTerminal=idTerminal JOIN Client ON Commande.Client_idClient=Client.idClient JOIN Vendeuse ON Commande.Vendeuse_idVendeuse=Vendeuse.idVendeuse JOIN Magasin ON Terminal.Magasin_idMagasin=Magasin.idMagasin WHERE (FALSE  OR Terminal.Magasin_idMagasin=1) AND Commande.Livraison LIKE '2015-12-18%' ORDER BY Commande.Creation DESC LIMIT 0,10000
complex
complex
get/magasin : SELECT * FROM Magasin WHERE display = 1;
get/category : SELECT * FROM Categorie;
get/client : SELECT * FROM Client WHERE Client.Nom LIKE '%s%';
get/client : SELECT * FROM Client WHERE Client.Nom LIKE '%so%';
get/client : SELECT * FROM Client WHERE Client.Nom LIKE '%soc%';
get/client : SELECT * FROM Client WHERE Client.Nom LIKE '%soci%';
get/client : SELECT * FROM Client WHERE Client.Nom LIKE '%socie%';
get/client : SELECT * FROM Client WHERE Client.Nom LIKE '%societ%';
get/client : SELECT * FROM Client WHERE Client.Nom LIKE '%societe%';
get/client : SELECT * FROM Client WHERE Client.Nom LIKE '%societe l%';
get/client : SELECT * FROM Client WHERE Client.Nom LIKE '%societe le%';
get/client : SELECT * FROM Client WHERE Client.Nom LIKE '%societe lem%';
get/client : SELECT * FROM Client WHERE Client.Nom LIKE '%societe lemm%';
get/client : SELECT * FROM Client WHERE Client.Nom LIKE '%societe lemme%';
get/client : SELECT * FROM Client WHERE Client.Nom LIKE '%societe lemmen%';
get/client : SELECT * FROM Client WHERE Client.Nom LIKE '%societe lemmens%';
complex
clientID :1597
INSERT INTO Commande( Creation, Livraison, Montant, PNP, Remarque, Client_idClient, Vendeuse_idVendeuse, Terminal_idTerminal) VALUES ('2015-12-14 12:41:27','2015-12-18 13:00:00','330.00','3','chaussée de tirlemont 102 à 5030 gembloux\n\n\ntva: 0429 188 970','1597','3','1');
INSERT INTO ProduitCommande(Quantite, Details, Commande_idCommande, Produit_idProduit, Custom) VALUES  (200,'assortiment de mini gâteau  avc aussi éclair et petit chou',3643,182,0);
get/magasin : SELECT * FROM Magasin WHERE display = 1;
get/category : SELECT * FROM Categorie;
