get/commande : SELECT Commande.idCommande, Commande.Creation, Commande.Livraison, Commande.Montant, Commande.PNP, Commande.Remarque, Commande.display, Client.Nom AS clientNom, Vendeuse.Nom AS vendeuseNom, Magasin.Nom AS magasinNom FROM Commande JOIN Terminal ON Commande.Terminal_idTerminal=idTerminal JOIN Client ON Commande.Client_idClient=Client.idClient JOIN Vendeuse ON Commande.Vendeuse_idVendeuse=Vendeuse.idVendeuse JOIN Magasin ON Terminal.Magasin_idMagasin=Magasin.idMagasin WHERE (FALSE  OR Terminal.Magasin_idMagasin=1) AND Commande.Livraison LIKE '2015-12-22%' ORDER BY Commande.Creation DESC LIMIT 0,10000
complex
complex
get/magasin : SELECT * FROM Magasin WHERE display = 1;
get/category : SELECT * FROM Categorie;
get/client : SELECT * FROM Client WHERE Client.Nom LIKE '%m%';
get/client : SELECT * FROM Client WHERE Client.Nom LIKE '%mu%';
get/client : SELECT * FROM Client WHERE Client.Nom LIKE '%mus%';
get/client : SELECT * FROM Client WHERE Client.Nom LIKE '%muse%';
get/client : SELECT * FROM Client WHERE Client.Nom LIKE '%muset%';
get/client : SELECT * FROM Client WHERE Client.Nom LIKE '%musett%';
get/client : SELECT * FROM Client WHERE Client.Nom LIKE '%musette%';
complex
clientID :1654
INSERT INTO Commande( Creation, Livraison, Montant, PNP, Remarque, Client_idClient, Vendeuse_idVendeuse, Terminal_idTerminal) VALUES ('2015-12-21 11:48:08','2015-12-28 07:00:00','30.00','0','','1654','8','1');
INSERT INTO ProduitCommande(Quantite, Details, Commande_idCommande, Produit_idProduit, Custom) VALUES  (5,'chocolat',3767,797,0);
get/magasin : SELECT * FROM Magasin WHERE display = 1;
get/category : SELECT * FROM Categorie;
get/commande : SELECT Commande.idCommande, Commande.Creation, Commande.Livraison, Commande.Montant, Commande.PNP, Commande.Remarque, Commande.display, Client.Nom AS clientNom, Vendeuse.Nom AS vendeuseNom, Magasin.Nom AS magasinNom FROM Commande JOIN Terminal ON Commande.Terminal_idTerminal=idTerminal JOIN Client ON Commande.Client_idClient=Client.idClient JOIN Vendeuse ON Commande.Vendeuse_idVendeuse=Vendeuse.idVendeuse JOIN Magasin ON Terminal.Magasin_idMagasin=Magasin.idMagasin WHERE (FALSE  OR Terminal.Magasin_idMagasin=1) AND Commande.Livraison LIKE '2015-12-28%' ORDER BY Commande.Creation DESC LIMIT 0,10000
complex
get/magasin : SELECT * FROM Magasin WHERE display = 1;
get/category : SELECT * FROM Categorie;
get/magasin : SELECT * FROM Magasin WHERE display = 1;
get/category : SELECT * FROM Categorie;
get/commande : SELECT Commande.idCommande, Commande.Creation, Commande.Livraison, Commande.Montant, Commande.PNP, Commande.Remarque, Commande.display, Client.Nom AS clientNom, Vendeuse.Nom AS vendeuseNom, Magasin.Nom AS magasinNom FROM Commande JOIN Terminal ON Commande.Terminal_idTerminal=idTerminal JOIN Client ON Commande.Client_idClient=Client.idClient JOIN Vendeuse ON Commande.Vendeuse_idVendeuse=Vendeuse.idVendeuse JOIN Magasin ON Terminal.Magasin_idMagasin=Magasin.idMagasin WHERE (FALSE  OR Terminal.Magasin_idMagasin=1) AND Commande.Livraison LIKE '2015-12-23%' ORDER BY Commande.Creation DESC LIMIT 0,10000
get/magasin : SELECT * FROM Magasin WHERE display = 1;
get/category : SELECT * FROM Categorie;
get/magasin : SELECT * FROM Magasin WHERE display = 1;
get/category : SELECT * FROM Categorie;
get/commande : SELECT Commande.idCommande, Commande.Creation, Commande.Livraison, Commande.Montant, Commande.PNP, Commande.Remarque, Commande.display, Client.Nom AS clientNom, Vendeuse.Nom AS vendeuseNom, Magasin.Nom AS magasinNom FROM Commande JOIN Terminal ON Commande.Terminal_idTerminal=idTerminal JOIN Client ON Commande.Client_idClient=Client.idClient JOIN Vendeuse ON Commande.Vendeuse_idVendeuse=Vendeuse.idVendeuse JOIN Magasin ON Terminal.Magasin_idMagasin=Magasin.idMagasin WHERE (FALSE  OR Terminal.Magasin_idMagasin=1) AND Commande.Livraison LIKE '2015-12-22%' ORDER BY Commande.Creation DESC LIMIT 0,10000
complex
complex
complex
get/magasin : SELECT * FROM Magasin WHERE display = 1;
get/category : SELECT * FROM Categorie;
get/client : SELECT * FROM Client WHERE Client.Nom LIKE '%D%';
get/client : SELECT * FROM Client WHERE Client.Nom LIKE '%De%';
get/client : SELECT * FROM Client WHERE Client.Nom LIKE '%Deg%';
get/client : SELECT * FROM Client WHERE Client.Nom LIKE '%Degr%';
get/client : SELECT * FROM Client WHERE Client.Nom LIKE '%Degro%';
get/client : SELECT * FROM Client WHERE Client.Nom LIKE '%Degros%';
get/client : SELECT * FROM Client WHERE Client.Nom LIKE '%Degros%';
get/client : SELECT * FROM Client WHERE Client.Nom LIKE '%Degros I%';
get/client : SELECT * FROM Client WHERE Client.Nom LIKE '%Degros Is%';
get/client : SELECT * FROM Client WHERE Client.Nom LIKE '%Degros Isa%';
get/client : SELECT * FROM Client WHERE Client.Nom LIKE '%Degros Isab%';
get/client : SELECT * FROM Client WHERE Client.Nom LIKE '%Degros Isabe%';
get/client : SELECT * FROM Client WHERE Client.Nom LIKE '%Degros Isabel%';
get/client : SELECT * FROM Client WHERE Client.Nom LIKE '%Degros Isabell%';
get/client : SELECT * FROM Client WHERE Client.Nom LIKE '%Degros Isabelle%';
complex
clientID :1655
INSERT INTO Commande( Creation, Livraison, Montant, PNP, Remarque, Client_idClient, Vendeuse_idVendeuse, Terminal_idTerminal) VALUES ('2015-12-21 14:17:12','2015-12-26 15:00:00','28.30','1','','1655','49','1');
INSERT INTO ProduitCommande(Quantite, Details, Commande_idCommande, Produit_idProduit, Custom) VALUES  (1,'framboises',3768,217,0), (1,'1x8 buche moka',3768,187,0);
get/magasin : SELECT * FROM Magasin WHERE display = 1;
get/category : SELECT * FROM Categorie;
get/commande : SELECT Commande.idCommande, Commande.Creation, Commande.Livraison, Commande.Montant, Commande.PNP, Commande.Remarque, Commande.display, Client.Nom AS clientNom, Vendeuse.Nom AS vendeuseNom, Magasin.Nom AS magasinNom FROM Commande JOIN Terminal ON Commande.Terminal_idTerminal=idTerminal JOIN Client ON Commande.Client_idClient=Client.idClient JOIN Vendeuse ON Commande.Vendeuse_idVendeuse=Vendeuse.idVendeuse JOIN Magasin ON Terminal.Magasin_idMagasin=Magasin.idMagasin WHERE (FALSE  OR Terminal.Magasin_idMagasin=1) AND Commande.Livraison LIKE '2015-12-26%' ORDER BY Commande.Creation DESC LIMIT 0,10000
complex
get/magasin : SELECT * FROM Magasin WHERE display = 1;
get/category : SELECT * FROM Categorie;
get/client : SELECT * FROM Client WHERE Client.Nom LIKE '%j%';
get/client : SELECT * FROM Client WHERE Client.Nom LIKE '%ja%';
get/client : SELECT * FROM Client WHERE Client.Nom LIKE '%jau%';
get/client : SELECT * FROM Client WHERE Client.Nom LIKE '%jaum%';
get/client : SELECT * FROM Client WHERE Client.Nom LIKE '%jaumo%';
get/client : SELECT * FROM Client WHERE Client.Nom LIKE '%jaumot%';
get/client : SELECT * FROM Client WHERE Client.Nom LIKE '%jaumott%';
get/client : SELECT * FROM Client WHERE Client.Nom LIKE '%jaumottt%';
get/client : SELECT * FROM Client WHERE Client.Nom LIKE '%jaumottte%';
get/client : SELECT * FROM Client WHERE Client.Nom LIKE '%jaumottteµ%';
get/client : SELECT * FROM Client WHERE Client.Nom LIKE '%jaumottte%';
get/client : SELECT * FROM Client WHERE Client.Nom LIKE '%jaumottt%';
get/client : SELECT * FROM Client WHERE Client.Nom LIKE '%jaumott%';
get/client : SELECT * FROM Client WHERE Client.Nom LIKE '%jaumotte%';
get/client : SELECT * FROM Client WHERE Client.Nom LIKE '%jaumotte j%';
get/client : SELECT * FROM Client WHERE Client.Nom LIKE '%jaumotte je%';
get/client : SELECT * FROM Client WHERE Client.Nom LIKE '%jaumotte jea%';
get/client : SELECT * FROM Client WHERE Client.Nom LIKE '%jaumotte jean%';
get/client : SELECT * FROM Client WHERE Client.Nom LIKE '%jaumotte jean l%';
get/client : SELECT * FROM Client WHERE Client.Nom LIKE '%jaumotte jean la%';
get/client : SELECT * FROM Client WHERE Client.Nom LIKE '%jaumotte jean laµ%';
get/client : SELECT * FROM Client WHERE Client.Nom LIKE '%jaumotte jean laµµ%';
get/client : SELECT * FROM Client WHERE Client.Nom LIKE '%jaumotte jean laµ%';
get/client : SELECT * FROM Client WHERE Client.Nom LIKE '%jaumotte jean la%';
get/client : SELECT * FROM Client WHERE Client.Nom LIKE '%jaumotte jean l%';
get/client : SELECT * FROM Client WHERE Client.Nom LIKE '%jaumotte jean%';
get/client : SELECT * FROM Client WHERE Client.Nom LIKE '%jaumotte jean m%';
get/client : SELECT * FROM Client WHERE Client.Nom LIKE '%jaumotte jean ma%';
get/client : SELECT * FROM Client WHERE Client.Nom LIKE '%jaumotte jean mar%';
get/client : SELECT * FROM Client WHERE Client.Nom LIKE '%jaumotte jean mari%';
get/client : SELECT * FROM Client WHERE Client.Nom LIKE '%jaumotte jean marie%';
complex
clientID :1656
INSERT INTO Commande( Creation, Livraison, Montant, PNP, Remarque, Client_idClient, Vendeuse_idVendeuse, Terminal_idTerminal) VALUES ('2015-12-21 14:19:36','2015-12-23 07:00:00','28.00','1','','1656','8','1');
INSERT INTO ProduitCommande(Quantite, Details, Commande_idCommande, Produit_idProduit, Custom) VALUES  (16,'8 sucre raisin 8 sucre',3769,795,0);
get/magasin : SELECT * FROM Magasin WHERE display = 1;
get/category : SELECT * FROM Categorie;
get/commande : SELECT Commande.idCommande, Commande.Creation, Commande.Livraison, Commande.Montant, Commande.PNP, Commande.Remarque, Commande.display, Client.Nom AS clientNom, Vendeuse.Nom AS vendeuseNom, Magasin.Nom AS magasinNom FROM Commande JOIN Terminal ON Commande.Terminal_idTerminal=idTerminal JOIN Client ON Commande.Client_idClient=Client.idClient JOIN Vendeuse ON Commande.Vendeuse_idVendeuse=Vendeuse.idVendeuse JOIN Magasin ON Terminal.Magasin_idMagasin=Magasin.idMagasin WHERE (FALSE  OR Terminal.Magasin_idMagasin=1) AND Commande.Livraison LIKE '2015-12-23%' ORDER BY Commande.Creation DESC LIMIT 0,10000
complex
get/magasin : SELECT * FROM Magasin WHERE display = 1;
get/category : SELECT * FROM Categorie;
get/commande : SELECT Commande.idCommande, Commande.Creation, Commande.Livraison, Commande.Montant, Commande.PNP, Commande.Remarque, Commande.display, Client.Nom AS clientNom, Vendeuse.Nom AS vendeuseNom, Magasin.Nom AS magasinNom FROM Commande JOIN Terminal ON Commande.Terminal_idTerminal=idTerminal JOIN Client ON Commande.Client_idClient=Client.idClient JOIN Vendeuse ON Commande.Vendeuse_idVendeuse=Vendeuse.idVendeuse JOIN Magasin ON Terminal.Magasin_idMagasin=Magasin.idMagasin WHERE (FALSE  OR Terminal.Magasin_idMagasin=1) AND Commande.Livraison LIKE '2015-12-22%' ORDER BY Commande.Creation DESC LIMIT 0,10000
get/magasin : SELECT * FROM Magasin WHERE display = 1;
get/category : SELECT * FROM Categorie;
get/client : SELECT * FROM Client WHERE Client.Nom LIKE '%f%';
get/client : SELECT * FROM Client WHERE Client.Nom LIKE '%fo%';
get/client : SELECT * FROM Client WHERE Client.Nom LIKE '%fou%';
get/client : SELECT * FROM Client WHERE Client.Nom LIKE '%fous%';
get/client : SELECT * FROM Client WHERE Client.Nom LIKE '%fouss%';
complex
UPDATE Client SET Tel='0478/524937', Mail ='', Nom ='fouss', TVA ='' WHERE idClient = '740';
INSERT INTO Commande( Creation, Livraison, Montant, PNP, Remarque, Client_idClient, Vendeuse_idVendeuse, Terminal_idTerminal) VALUES ('2015-12-21 15:42:49','2015-12-22 05:00:00','6.00','1','','740','3','1');
INSERT INTO ProduitCommande(Quantite, Details, Commande_idCommande, Produit_idProduit, Custom) VALUES  (1,'s/r',3770,796,0), (1,'choco',3770,796,0);
get/magasin : SELECT * FROM Magasin WHERE display = 1;
get/category : SELECT * FROM Categorie;
get/client : SELECT * FROM Client WHERE Client.Nom LIKE '%l%';
get/client : SELECT * FROM Client WHERE Client.Nom LIKE '%li%';
get/client : SELECT * FROM Client WHERE Client.Nom LIKE '%lin%';
get/client : SELECT * FROM Client WHERE Client.Nom LIKE '%lind%';
get/client : SELECT * FROM Client WHERE Client.Nom LIKE '%linde%';
get/client : SELECT * FROM Client WHERE Client.Nom LIKE '%lindelauf%';
complex
UPDATE Client SET Tel='0475869625', Mail ='', Nom ='lindelauf', TVA ='BE' WHERE idClient = '539';
INSERT INTO Commande( Creation, Livraison, Montant, PNP, Remarque, Client_idClient, Vendeuse_idVendeuse, Terminal_idTerminal) VALUES ('2015-12-21 17:06:09','2015-12-22 12:00:00','20.10','0','','539','3','1');
INSERT INTO ProduitCommande(Quantite, Details, Commande_idCommande, Produit_idProduit, Custom) VALUES  (6,'fn cerise   \" ja maman 2x20ans\"',3771,187,0);
get/magasin : SELECT * FROM Magasin WHERE display = 1;
get/category : SELECT * FROM Categorie;
get/commande : SELECT Commande.idCommande, Commande.Creation, Commande.Livraison, Commande.Montant, Commande.PNP, Commande.Remarque, Commande.display, Client.Nom AS clientNom, Vendeuse.Nom AS vendeuseNom, Magasin.Nom AS magasinNom FROM Commande JOIN Terminal ON Commande.Terminal_idTerminal=idTerminal JOIN Client ON Commande.Client_idClient=Client.idClient JOIN Vendeuse ON Commande.Vendeuse_idVendeuse=Vendeuse.idVendeuse JOIN Magasin ON Terminal.Magasin_idMagasin=Magasin.idMagasin WHERE (FALSE  OR Terminal.Magasin_idMagasin=1) AND Commande.Livraison LIKE '2015-12-22%' ORDER BY Commande.Creation DESC LIMIT 0,10000
complex
complex
complex
