get/terminal : SELECT * FROM Terminal;
get/magasin : SELECT * FROM Magasin WHERE display = 1;
get/magasin : SELECT * FROM Magasin WHERE display = 1;
get/category : SELECT * FROM Categorie;
complex
activeMag : 1
complex
get/commande : SELECT Commande.idCommande, Commande.Creation, Commande.Livraison, Commande.Montant, Commande.PNP, Commande.Remarque, Commande.display, Client.Nom AS clientNom, Vendeuse.Nom AS vendeuseNom, Magasin.Nom AS magasinNom FROM Commande JOIN Terminal ON Commande.Terminal_idTerminal=idTerminal JOIN Client ON Commande.Client_idClient=Client.idClient JOIN Vendeuse ON Commande.Vendeuse_idVendeuse=Vendeuse.idVendeuse JOIN Magasin ON Terminal.Magasin_idMagasin=Magasin.idMagasin WHERE (FALSE  OR Terminal.Magasin_idMagasin=1) AND Commande.Livraison LIKE '2015-12-23%' ORDER BY Commande.Creation DESC LIMIT 0,10000
complex
get/magasin : SELECT * FROM Magasin WHERE display = 1;
get/category : SELECT * FROM Categorie;
get/commande : SELECT Commande.idCommande, Commande.Creation, Commande.Livraison, Commande.Montant, Commande.PNP, Commande.Remarque, Commande.display, Client.Nom AS clientNom, Vendeuse.Nom AS vendeuseNom, Magasin.Nom AS magasinNom FROM Commande JOIN Terminal ON Commande.Terminal_idTerminal=idTerminal JOIN Client ON Commande.Client_idClient=Client.idClient JOIN Vendeuse ON Commande.Vendeuse_idVendeuse=Vendeuse.idVendeuse JOIN Magasin ON Terminal.Magasin_idMagasin=Magasin.idMagasin WHERE (FALSE  OR Terminal.Magasin_idMagasin=1) AND Commande.Livraison LIKE '2015-12-23%' ORDER BY Commande.Creation DESC LIMIT 0,10000
complex
complex
complex
get/magasin : SELECT * FROM Magasin WHERE display = 1;
get/category : SELECT * FROM Categorie;
get/magasin : SELECT * FROM Magasin WHERE display = 1;
get/category : SELECT * FROM Categorie;
get/commande : SELECT Commande.idCommande, Commande.Creation, Commande.Livraison, Commande.Montant, Commande.PNP, Commande.Remarque, Commande.display, Client.Nom AS clientNom, Vendeuse.Nom AS vendeuseNom, Magasin.Nom AS magasinNom FROM Commande JOIN Terminal ON Commande.Terminal_idTerminal=idTerminal JOIN Client ON Commande.Client_idClient=Client.idClient JOIN Vendeuse ON Commande.Vendeuse_idVendeuse=Vendeuse.idVendeuse JOIN Magasin ON Terminal.Magasin_idMagasin=Magasin.idMagasin WHERE (FALSE  OR Terminal.Magasin_idMagasin=1) AND Commande.Livraison LIKE '2015-12-23%' ORDER BY Commande.Creation DESC LIMIT 0,10000
complex
get/magasin : SELECT * FROM Magasin WHERE display = 1;
get/category : SELECT * FROM Categorie;
get/client : SELECT * FROM Client WHERE Client.Nom LIKE '%t%';
get/client : SELECT * FROM Client WHERE Client.Nom LIKE '%tr%';
get/client : SELECT * FROM Client WHERE Client.Nom LIKE '%tra%';
get/client : SELECT * FROM Client WHERE Client.Nom LIKE '%traf%';
get/client : SELECT * FROM Client WHERE Client.Nom LIKE '%trafi%';
get/client : SELECT * FROM Client WHERE Client.Nom LIKE '%trafic%';
complex
clientID :1672
INSERT INTO Commande( Creation, Livraison, Montant, PNP, Remarque, Client_idClient, Vendeuse_idVendeuse, Terminal_idTerminal) VALUES ('2015-12-23 08:28:39','2015-12-28 06:00:00','12.00','1','','1672','8','1');
INSERT INTO ProduitCommande(Quantite, Details, Commande_idCommande, Produit_idProduit, Custom) VALUES  (1,'sucre raisin',3794,798,0);
get/magasin : SELECT * FROM Magasin WHERE display = 1;
get/category : SELECT * FROM Categorie;
get/commande : SELECT Commande.idCommande, Commande.Creation, Commande.Livraison, Commande.Montant, Commande.PNP, Commande.Remarque, Commande.display, Client.Nom AS clientNom, Vendeuse.Nom AS vendeuseNom, Magasin.Nom AS magasinNom FROM Commande JOIN Terminal ON Commande.Terminal_idTerminal=idTerminal JOIN Client ON Commande.Client_idClient=Client.idClient JOIN Vendeuse ON Commande.Vendeuse_idVendeuse=Vendeuse.idVendeuse JOIN Magasin ON Terminal.Magasin_idMagasin=Magasin.idMagasin WHERE (FALSE  OR Terminal.Magasin_idMagasin=1) AND Commande.Livraison LIKE '2015-12-28%' ORDER BY Commande.Creation DESC LIMIT 0,10000
complex
get/magasin : SELECT * FROM Magasin WHERE display = 1;
get/category : SELECT * FROM Categorie;
get/client : SELECT * FROM Client WHERE Client.Nom LIKE '%D%';
get/client : SELECT * FROM Client WHERE Client.Nom LIKE '%De%';
get/client : SELECT * FROM Client WHERE Client.Nom LIKE '%Def%';
get/client : SELECT * FROM Client WHERE Client.Nom LIKE '%Defo%';
get/client : SELECT * FROM Client WHERE Client.Nom LIKE '%Defou%';
get/client : SELECT * FROM Client WHERE Client.Nom LIKE '%Defour%';
get/client : SELECT * FROM Client WHERE Client.Nom LIKE '%Defour P%';
get/client : SELECT * FROM Client WHERE Client.Nom LIKE '%Defour Pa%';
get/client : SELECT * FROM Client WHERE Client.Nom LIKE '%Defour Pat%';
get/client : SELECT * FROM Client WHERE Client.Nom LIKE '%Defour Patr%';
get/client : SELECT * FROM Client WHERE Client.Nom LIKE '%Defour Patri%';
get/client : SELECT * FROM Client WHERE Client.Nom LIKE '%Defour Patric%';
get/client : SELECT * FROM Client WHERE Client.Nom LIKE '%Defour Patrick%';
complex
clientID :1673
INSERT INTO Commande( Creation, Livraison, Montant, PNP, Remarque, Client_idClient, Vendeuse_idVendeuse, Terminal_idTerminal) VALUES ('2015-12-23 08:35:15','2015-12-26 09:00:00','3.35','1','','1673','2','1');
INSERT INTO ProduitCommande(Quantite, Details, Commande_idCommande, Produit_idProduit, Custom) VALUES  (1,'1*6 buche bav framb et 1*6 buche madagascar',3795,187,0);
get/magasin : SELECT * FROM Magasin WHERE display = 1;
get/category : SELECT * FROM Categorie;
get/commande : SELECT Commande.idCommande, Commande.Creation, Commande.Livraison, Commande.Montant, Commande.PNP, Commande.Remarque, Commande.display, Client.Nom AS clientNom, Vendeuse.Nom AS vendeuseNom, Magasin.Nom AS magasinNom FROM Commande JOIN Terminal ON Commande.Terminal_idTerminal=idTerminal JOIN Client ON Commande.Client_idClient=Client.idClient JOIN Vendeuse ON Commande.Vendeuse_idVendeuse=Vendeuse.idVendeuse JOIN Magasin ON Terminal.Magasin_idMagasin=Magasin.idMagasin WHERE (FALSE  OR Terminal.Magasin_idMagasin=1) AND Commande.Livraison LIKE '2015-12-26%' ORDER BY Commande.Creation DESC LIMIT 0,10000
complex
get/magasin : SELECT * FROM Magasin WHERE display = 1;
get/category : SELECT * FROM Categorie;
get/client : SELECT * FROM Client WHERE Client.Nom LIKE '%D%';
get/client : SELECT * FROM Client WHERE Client.Nom LIKE '%De%';
get/client : SELECT * FROM Client WHERE Client.Nom LIKE '%Def%';
get/client : SELECT * FROM Client WHERE Client.Nom LIKE '%Defo%';
get/client : SELECT * FROM Client WHERE Client.Nom LIKE '%Defou%';
get/client : SELECT * FROM Client WHERE Client.Nom LIKE '%Defour Patrick%';
complex
UPDATE Client SET Tel='0476512692', Mail ='', Nom ='Defour Patrick', TVA ='' WHERE idClient = '1673';
INSERT INTO Commande( Creation, Livraison, Montant, PNP, Remarque, Client_idClient, Vendeuse_idVendeuse, Terminal_idTerminal) VALUES ('2015-12-23 08:36:16','2015-12-27 10:00:00','3.35','1','','1673','2','1');
INSERT INTO ProduitCommande(Quantite, Details, Commande_idCommande, Produit_idProduit, Custom) VALUES  (1,'1*8 liègeois',3796,187,0);
get/magasin : SELECT * FROM Magasin WHERE display = 1;
get/category : SELECT * FROM Categorie;
get/commande : SELECT Commande.idCommande, Commande.Creation, Commande.Livraison, Commande.Montant, Commande.PNP, Commande.Remarque, Commande.display, Client.Nom AS clientNom, Vendeuse.Nom AS vendeuseNom, Magasin.Nom AS magasinNom FROM Commande JOIN Terminal ON Commande.Terminal_idTerminal=idTerminal JOIN Client ON Commande.Client_idClient=Client.idClient JOIN Vendeuse ON Commande.Vendeuse_idVendeuse=Vendeuse.idVendeuse JOIN Magasin ON Terminal.Magasin_idMagasin=Magasin.idMagasin WHERE (FALSE  OR Terminal.Magasin_idMagasin=1) AND Commande.Livraison LIKE '2015-12-27%' ORDER BY Commande.Creation DESC LIMIT 0,10000
complex
get/magasin : SELECT * FROM Magasin WHERE display = 1;
get/category : SELECT * FROM Categorie;
get/commande : SELECT Commande.idCommande, Commande.Creation, Commande.Livraison, Commande.Montant, Commande.PNP, Commande.Remarque, Commande.display, Client.Nom AS clientNom, Vendeuse.Nom AS vendeuseNom, Magasin.Nom AS magasinNom FROM Commande JOIN Terminal ON Commande.Terminal_idTerminal=idTerminal JOIN Client ON Commande.Client_idClient=Client.idClient JOIN Vendeuse ON Commande.Vendeuse_idVendeuse=Vendeuse.idVendeuse JOIN Magasin ON Terminal.Magasin_idMagasin=Magasin.idMagasin WHERE (FALSE  OR Terminal.Magasin_idMagasin=1) AND Commande.Livraison LIKE '2015-12-23%' ORDER BY Commande.Creation DESC LIMIT 0,10000
complex
get/magasin : SELECT * FROM Magasin WHERE display = 1;
get/category : SELECT * FROM Categorie;
get/commande : SELECT Commande.idCommande, Commande.Creation, Commande.Livraison, Commande.Montant, Commande.PNP, Commande.Remarque, Commande.display, Client.Nom AS clientNom, Vendeuse.Nom AS vendeuseNom, Magasin.Nom AS magasinNom FROM Commande JOIN Terminal ON Commande.Terminal_idTerminal=idTerminal JOIN Client ON Commande.Client_idClient=Client.idClient JOIN Vendeuse ON Commande.Vendeuse_idVendeuse=Vendeuse.idVendeuse JOIN Magasin ON Terminal.Magasin_idMagasin=Magasin.idMagasin WHERE (FALSE  OR Terminal.Magasin_idMagasin=1) AND Commande.Livraison LIKE '2015-12-23%' ORDER BY Commande.Creation DESC LIMIT 0,10000
