get/terminal : SELECT * FROM Terminal;
get/magasin : SELECT * FROM Magasin WHERE display = 1;
get/magasin : SELECT * FROM Magasin WHERE display = 1;
get/category : SELECT * FROM Categorie;
complex
activeMag : 1
complex
get/commande : SELECT Commande.idCommande, Commande.Creation, Commande.Livraison, Commande.Montant, Commande.PNP, Commande.Remarque, Commande.display, Client.Nom AS clientNom, Vendeuse.Nom AS vendeuseNom, Magasin.Nom AS magasinNom FROM Commande JOIN Terminal ON Commande.Terminal_idTerminal=idTerminal JOIN Client ON Commande.Client_idClient=Client.idClient JOIN Vendeuse ON Commande.Vendeuse_idVendeuse=Vendeuse.idVendeuse JOIN Magasin ON Terminal.Magasin_idMagasin=Magasin.idMagasin WHERE (FALSE  OR Terminal.Magasin_idMagasin=1) AND Commande.Livraison LIKE '2016-01-01%' ORDER BY Commande.Creation DESC LIMIT 0,10000
get/commande : SELECT Commande.idCommande, Commande.Creation, Commande.Livraison, Commande.Montant, Commande.PNP, Commande.Remarque, Commande.display, Client.Nom AS clientNom, Vendeuse.Nom AS vendeuseNom, Magasin.Nom AS magasinNom FROM Commande JOIN Terminal ON Commande.Terminal_idTerminal=idTerminal JOIN Client ON Commande.Client_idClient=Client.idClient JOIN Vendeuse ON Commande.Vendeuse_idVendeuse=Vendeuse.idVendeuse JOIN Magasin ON Terminal.Magasin_idMagasin=Magasin.idMagasin WHERE (FALSE OR TRUE) AND Commande.Livraison LIKE '2016-01-01%' ORDER BY Commande.Creation DESC LIMIT 0,10000
get/magasin : SELECT * FROM Magasin WHERE display = 1;
get/category : SELECT * FROM Categorie;
get/commande : SELECT Commande.idCommande, Commande.Creation, Commande.Livraison, Commande.Montant, Commande.PNP, Commande.Remarque, Commande.display, Client.Nom AS clientNom, Vendeuse.Nom AS vendeuseNom, Magasin.Nom AS magasinNom FROM Commande JOIN Terminal ON Commande.Terminal_idTerminal=idTerminal JOIN Client ON Commande.Client_idClient=Client.idClient JOIN Vendeuse ON Commande.Vendeuse_idVendeuse=Vendeuse.idVendeuse JOIN Magasin ON Terminal.Magasin_idMagasin=Magasin.idMagasin WHERE (FALSE  OR Terminal.Magasin_idMagasin=1) AND Commande.Livraison LIKE '2015-12-27%' ORDER BY Commande.Creation DESC LIMIT 0,10000
complex
complex
complex
complex
complex
complex
complex
complex
complex
complex
complex
complex
complex
complex
complex
complex
complex
complex
complex
complex
complex
complex
complex
complex
complex
complex
complex
complex
complex
complex
complex
complex
complex
complex
complex
complex
complex
complex
complex
complex
complex
complex
complex
complex
complex
complex
complex
get/terminal : SELECT * FROM Terminal;
get/magasin : SELECT * FROM Magasin WHERE display = 1;
get/magasin : SELECT * FROM Magasin WHERE display = 1;
get/category : SELECT * FROM Categorie;
complex
activeMag : 1
complex
get/commande : SELECT Commande.idCommande, Commande.Creation, Commande.Livraison, Commande.Montant, Commande.PNP, Commande.Remarque, Commande.display, Client.Nom AS clientNom, Vendeuse.Nom AS vendeuseNom, Magasin.Nom AS magasinNom FROM Commande JOIN Terminal ON Commande.Terminal_idTerminal=idTerminal JOIN Client ON Commande.Client_idClient=Client.idClient JOIN Vendeuse ON Commande.Vendeuse_idVendeuse=Vendeuse.idVendeuse JOIN Magasin ON Terminal.Magasin_idMagasin=Magasin.idMagasin WHERE (FALSE  OR Terminal.Magasin_idMagasin=1) AND Commande.Livraison LIKE '2015-12-27%' ORDER BY Commande.Creation DESC LIMIT 0,10000
complex
complex
get/magasin : SELECT * FROM Magasin WHERE display = 1;
get/category : SELECT * FROM Categorie;
get/magasin : SELECT * FROM Magasin WHERE display = 1;
get/category : SELECT * FROM Categorie;
complex
{}
get/magasin : SELECT * FROM Magasin WHERE display = 1;
get/category : SELECT * FROM Categorie;
complex
activeMag : 1
complex
get/commande : SELECT Commande.idCommande, Commande.Creation, Commande.Livraison, Commande.Montant, Commande.PNP, Commande.Remarque, Commande.display, Client.Nom AS clientNom, Vendeuse.Nom AS vendeuseNom, Magasin.Nom AS magasinNom FROM Commande JOIN Terminal ON Commande.Terminal_idTerminal=idTerminal JOIN Client ON Commande.Client_idClient=Client.idClient JOIN Vendeuse ON Commande.Vendeuse_idVendeuse=Vendeuse.idVendeuse JOIN Magasin ON Terminal.Magasin_idMagasin=Magasin.idMagasin WHERE (FALSE  OR Terminal.Magasin_idMagasin=1) AND Commande.Livraison LIKE '2015-12-28%' ORDER BY Commande.Creation DESC LIMIT 0,10000
get/magasin : SELECT * FROM Magasin WHERE display = 1;
get/category : SELECT * FROM Categorie;
get/commande : SELECT Commande.idCommande, Commande.Creation, Commande.Livraison, Commande.Montant, Commande.PNP, Commande.Remarque, Commande.display, Client.Nom AS clientNom, Vendeuse.Nom AS vendeuseNom, Magasin.Nom AS magasinNom FROM Commande JOIN Terminal ON Commande.Terminal_idTerminal=idTerminal JOIN Client ON Commande.Client_idClient=Client.idClient JOIN Vendeuse ON Commande.Vendeuse_idVendeuse=Vendeuse.idVendeuse JOIN Magasin ON Terminal.Magasin_idMagasin=Magasin.idMagasin WHERE (FALSE  OR Terminal.Magasin_idMagasin=1) AND Commande.Livraison LIKE '2015-12-28%' ORDER BY Commande.Creation DESC LIMIT 0,10000
get/magasin : SELECT * FROM Magasin WHERE display = 1;
get/category : SELECT * FROM Categorie;
get/magasin : SELECT * FROM Magasin WHERE display = 1;
get/category : SELECT * FROM Categorie;
complex
{}
get/magasin : SELECT * FROM Magasin WHERE display = 1;
get/category : SELECT * FROM Categorie;
complex
activeMag : 1
complex
get/commande : SELECT Commande.idCommande, Commande.Creation, Commande.Livraison, Commande.Montant, Commande.PNP, Commande.Remarque, Commande.display, Client.Nom AS clientNom, Vendeuse.Nom AS vendeuseNom, Magasin.Nom AS magasinNom FROM Commande JOIN Terminal ON Commande.Terminal_idTerminal=idTerminal JOIN Client ON Commande.Client_idClient=Client.idClient JOIN Vendeuse ON Commande.Vendeuse_idVendeuse=Vendeuse.idVendeuse JOIN Magasin ON Terminal.Magasin_idMagasin=Magasin.idMagasin WHERE (FALSE  OR Terminal.Magasin_idMagasin=1) AND Commande.Livraison LIKE '2016-01-03%' ORDER BY Commande.Creation DESC LIMIT 0,10000
get/magasin : SELECT * FROM Magasin WHERE display = 1;
get/category : SELECT * FROM Categorie;
get/commande : SELECT Commande.idCommande, Commande.Creation, Commande.Livraison, Commande.Montant, Commande.PNP, Commande.Remarque, Commande.display, Client.Nom AS clientNom, Vendeuse.Nom AS vendeuseNom, Magasin.Nom AS magasinNom FROM Commande JOIN Terminal ON Commande.Terminal_idTerminal=idTerminal JOIN Client ON Commande.Client_idClient=Client.idClient JOIN Vendeuse ON Commande.Vendeuse_idVendeuse=Vendeuse.idVendeuse JOIN Magasin ON Terminal.Magasin_idMagasin=Magasin.idMagasin WHERE (FALSE  OR Terminal.Magasin_idMagasin=1) AND Commande.Livraison LIKE '2015-12-28%' ORDER BY Commande.Creation DESC LIMIT 0,10000
get/magasin : SELECT * FROM Magasin WHERE display = 1;
get/category : SELECT * FROM Categorie;
get/commande : SELECT Commande.idCommande, Commande.Creation, Commande.Livraison, Commande.Montant, Commande.PNP, Commande.Remarque, Commande.display, Client.Nom AS clientNom, Vendeuse.Nom AS vendeuseNom, Magasin.Nom AS magasinNom FROM Commande JOIN Terminal ON Commande.Terminal_idTerminal=idTerminal JOIN Client ON Commande.Client_idClient=Client.idClient JOIN Vendeuse ON Commande.Vendeuse_idVendeuse=Vendeuse.idVendeuse JOIN Magasin ON Terminal.Magasin_idMagasin=Magasin.idMagasin WHERE (FALSE  OR Terminal.Magasin_idMagasin=1) AND Commande.Livraison LIKE '2015-12-28%' ORDER BY Commande.Creation DESC LIMIT 0,10000
get/magasin : SELECT * FROM Magasin WHERE display = 1;
get/category : SELECT * FROM Categorie;
get/commande : SELECT Commande.idCommande, Commande.Creation, Commande.Livraison, Commande.Montant, Commande.PNP, Commande.Remarque, Commande.display, Client.Nom AS clientNom, Vendeuse.Nom AS vendeuseNom, Magasin.Nom AS magasinNom FROM Commande JOIN Terminal ON Commande.Terminal_idTerminal=idTerminal JOIN Client ON Commande.Client_idClient=Client.idClient JOIN Vendeuse ON Commande.Vendeuse_idVendeuse=Vendeuse.idVendeuse JOIN Magasin ON Terminal.Magasin_idMagasin=Magasin.idMagasin WHERE (FALSE  OR Terminal.Magasin_idMagasin=1) AND Commande.Livraison LIKE '2015-12-28%' ORDER BY Commande.Creation DESC LIMIT 0,10000
get/magasin : SELECT * FROM Magasin WHERE display = 1;
get/category : SELECT * FROM Categorie;
get/commande : SELECT Commande.idCommande, Commande.Creation, Commande.Livraison, Commande.Montant, Commande.PNP, Commande.Remarque, Commande.display, Client.Nom AS clientNom, Vendeuse.Nom AS vendeuseNom, Magasin.Nom AS magasinNom FROM Commande JOIN Terminal ON Commande.Terminal_idTerminal=idTerminal JOIN Client ON Commande.Client_idClient=Client.idClient JOIN Vendeuse ON Commande.Vendeuse_idVendeuse=Vendeuse.idVendeuse JOIN Magasin ON Terminal.Magasin_idMagasin=Magasin.idMagasin WHERE (FALSE  OR Terminal.Magasin_idMagasin=1) AND Commande.Livraison LIKE '2015-12-28%' ORDER BY Commande.Creation DESC LIMIT 0,10000
get/magasin : SELECT * FROM Magasin WHERE display = 1;
get/category : SELECT * FROM Categorie;
get/commande : SELECT Commande.idCommande, Commande.Creation, Commande.Livraison, Commande.Montant, Commande.PNP, Commande.Remarque, Commande.display, Client.Nom AS clientNom, Vendeuse.Nom AS vendeuseNom, Magasin.Nom AS magasinNom FROM Commande JOIN Terminal ON Commande.Terminal_idTerminal=idTerminal JOIN Client ON Commande.Client_idClient=Client.idClient JOIN Vendeuse ON Commande.Vendeuse_idVendeuse=Vendeuse.idVendeuse JOIN Magasin ON Terminal.Magasin_idMagasin=Magasin.idMagasin WHERE (FALSE  OR Terminal.Magasin_idMagasin=1) AND Commande.Livraison LIKE '2015-12-27%' ORDER BY Commande.Creation DESC LIMIT 0,10000
complex
complex
get/magasin : SELECT * FROM Magasin WHERE display = 1;
get/category : SELECT * FROM Categorie;
get/commande : SELECT Commande.idCommande, Commande.Creation, Commande.Livraison, Commande.Montant, Commande.PNP, Commande.Remarque, Commande.display, Client.Nom AS clientNom, Vendeuse.Nom AS vendeuseNom, Magasin.Nom AS magasinNom FROM Commande JOIN Terminal ON Commande.Terminal_idTerminal=idTerminal JOIN Client ON Commande.Client_idClient=Client.idClient JOIN Vendeuse ON Commande.Vendeuse_idVendeuse=Vendeuse.idVendeuse JOIN Magasin ON Terminal.Magasin_idMagasin=Magasin.idMagasin WHERE (FALSE  OR Terminal.Magasin_idMagasin=1) AND Commande.Livraison LIKE '2015-12-27%' ORDER BY Commande.Creation DESC LIMIT 0,10000
complex
get/magasin : SELECT * FROM Magasin WHERE display = 1;
get/category : SELECT * FROM Categorie;
get/commande : SELECT Commande.idCommande, Commande.Creation, Commande.Livraison, Commande.Montant, Commande.PNP, Commande.Remarque, Commande.display, Client.Nom AS clientNom, Vendeuse.Nom AS vendeuseNom, Magasin.Nom AS magasinNom FROM Commande JOIN Terminal ON Commande.Terminal_idTerminal=idTerminal JOIN Client ON Commande.Client_idClient=Client.idClient JOIN Vendeuse ON Commande.Vendeuse_idVendeuse=Vendeuse.idVendeuse JOIN Magasin ON Terminal.Magasin_idMagasin=Magasin.idMagasin WHERE (FALSE  OR Terminal.Magasin_idMagasin=1) AND Commande.Livraison LIKE '2015-12-27%' ORDER BY Commande.Creation DESC LIMIT 0,10000
complex
complex
get/magasin : SELECT * FROM Magasin WHERE display = 1;
get/category : SELECT * FROM Categorie;
get/commande : SELECT Commande.idCommande, Commande.Creation, Commande.Livraison, Commande.Montant, Commande.PNP, Commande.Remarque, Commande.display, Client.Nom AS clientNom, Vendeuse.Nom AS vendeuseNom, Magasin.Nom AS magasinNom FROM Commande JOIN Terminal ON Commande.Terminal_idTerminal=idTerminal JOIN Client ON Commande.Client_idClient=Client.idClient JOIN Vendeuse ON Commande.Vendeuse_idVendeuse=Vendeuse.idVendeuse JOIN Magasin ON Terminal.Magasin_idMagasin=Magasin.idMagasin WHERE (FALSE  OR Terminal.Magasin_idMagasin=1) AND Commande.Livraison LIKE '2016-01-06%' ORDER BY Commande.Creation DESC LIMIT 0,10000
get/magasin : SELECT * FROM Magasin WHERE display = 1;
get/category : SELECT * FROM Categorie;
get/commande : SELECT Commande.idCommande, Commande.Creation, Commande.Livraison, Commande.Montant, Commande.PNP, Commande.Remarque, Commande.display, Client.Nom AS clientNom, Vendeuse.Nom AS vendeuseNom, Magasin.Nom AS magasinNom FROM Commande JOIN Terminal ON Commande.Terminal_idTerminal=idTerminal JOIN Client ON Commande.Client_idClient=Client.idClient JOIN Vendeuse ON Commande.Vendeuse_idVendeuse=Vendeuse.idVendeuse JOIN Magasin ON Terminal.Magasin_idMagasin=Magasin.idMagasin WHERE (FALSE  OR Terminal.Magasin_idMagasin=1) AND Commande.Livraison LIKE '2015-12-27%' ORDER BY Commande.Creation DESC LIMIT 0,10000
get/magasin : SELECT * FROM Magasin WHERE display = 1;
get/category : SELECT * FROM Categorie;
get/commande : SELECT Commande.idCommande, Commande.Creation, Commande.Livraison, Commande.Montant, Commande.PNP, Commande.Remarque, Commande.display, Client.Nom AS clientNom, Vendeuse.Nom AS vendeuseNom, Magasin.Nom AS magasinNom FROM Commande JOIN Terminal ON Commande.Terminal_idTerminal=idTerminal JOIN Client ON Commande.Client_idClient=Client.idClient JOIN Vendeuse ON Commande.Vendeuse_idVendeuse=Vendeuse.idVendeuse JOIN Magasin ON Terminal.Magasin_idMagasin=Magasin.idMagasin WHERE (FALSE  OR Terminal.Magasin_idMagasin=1) AND Commande.Livraison LIKE '2015-12-27%' ORDER BY Commande.Creation DESC LIMIT 0,10000
complex
complex
complex
complex
complex
complex
complex
complex
complex
complex
complex
complex
complex
complex
complex
complex
complex
complex
complex
complex
complex
complex
complex
complex
complex
complex
complex
complex
complex
complex
complex
complex
complex
complex
complex
complex
complex
complex
complex
complex
complex
complex
complex
complex
complex
get/magasin : SELECT * FROM Magasin WHERE display = 1;
get/category : SELECT * FROM Categorie;
get/commande : SELECT Commande.idCommande, Commande.Creation, Commande.Livraison, Commande.Montant, Commande.PNP, Commande.Remarque, Commande.display, Client.Nom AS clientNom, Vendeuse.Nom AS vendeuseNom, Magasin.Nom AS magasinNom FROM Commande JOIN Terminal ON Commande.Terminal_idTerminal=idTerminal JOIN Client ON Commande.Client_idClient=Client.idClient JOIN Vendeuse ON Commande.Vendeuse_idVendeuse=Vendeuse.idVendeuse JOIN Magasin ON Terminal.Magasin_idMagasin=Magasin.idMagasin WHERE (FALSE  OR Terminal.Magasin_idMagasin=1) AND Commande.Livraison LIKE '2015-12-27%' ORDER BY Commande.Creation DESC LIMIT 0,10000
complex
complex
get/magasin : SELECT * FROM Magasin WHERE display = 1;
get/category : SELECT * FROM Categorie;
get/commande : SELECT Commande.idCommande, Commande.Creation, Commande.Livraison, Commande.Montant, Commande.PNP, Commande.Remarque, Commande.display, Client.Nom AS clientNom, Vendeuse.Nom AS vendeuseNom, Magasin.Nom AS magasinNom FROM Commande JOIN Terminal ON Commande.Terminal_idTerminal=idTerminal JOIN Client ON Commande.Client_idClient=Client.idClient JOIN Vendeuse ON Commande.Vendeuse_idVendeuse=Vendeuse.idVendeuse JOIN Magasin ON Terminal.Magasin_idMagasin=Magasin.idMagasin WHERE (FALSE  OR Terminal.Magasin_idMagasin=1) AND Commande.Livraison LIKE '2015-12-27%' ORDER BY Commande.Creation DESC LIMIT 0,10000
get/magasin : SELECT * FROM Magasin WHERE display = 1;
get/category : SELECT * FROM Categorie;
get/magasin : SELECT * FROM Magasin WHERE display = 1;
get/category : SELECT * FROM Categorie;
get/commande : SELECT Commande.idCommande, Commande.Creation, Commande.Livraison, Commande.Montant, Commande.PNP, Commande.Remarque, Commande.display, Client.Nom AS clientNom, Vendeuse.Nom AS vendeuseNom, Magasin.Nom AS magasinNom FROM Commande JOIN Terminal ON Commande.Terminal_idTerminal=idTerminal JOIN Client ON Commande.Client_idClient=Client.idClient JOIN Vendeuse ON Commande.Vendeuse_idVendeuse=Vendeuse.idVendeuse JOIN Magasin ON Terminal.Magasin_idMagasin=Magasin.idMagasin WHERE (FALSE  OR Terminal.Magasin_idMagasin=1) AND Commande.Livraison LIKE '2015-12-28%' ORDER BY Commande.Creation DESC LIMIT 0,10000
get/magasin : SELECT * FROM Magasin WHERE display = 1;
get/category : SELECT * FROM Categorie;
get/commande : SELECT Commande.idCommande, Commande.Creation, Commande.Livraison, Commande.Montant, Commande.PNP, Commande.Remarque, Commande.display, Client.Nom AS clientNom, Vendeuse.Nom AS vendeuseNom, Magasin.Nom AS magasinNom FROM Commande JOIN Terminal ON Commande.Terminal_idTerminal=idTerminal JOIN Client ON Commande.Client_idClient=Client.idClient JOIN Vendeuse ON Commande.Vendeuse_idVendeuse=Vendeuse.idVendeuse JOIN Magasin ON Terminal.Magasin_idMagasin=Magasin.idMagasin WHERE (FALSE  OR Terminal.Magasin_idMagasin=1) AND Commande.Livraison LIKE '2015-12-27%' ORDER BY Commande.Creation DESC LIMIT 0,10000
complex
complex
get/magasin : SELECT * FROM Magasin WHERE display = 1;
get/category : SELECT * FROM Categorie;
get/client : SELECT * FROM Client WHERE Client.Nom LIKE '%s%';
get/client : SELECT * FROM Client WHERE Client.Nom LIKE '%sµ%';
get/client : SELECT * FROM Client WHERE Client.Nom LIKE '%s%';
get/client : SELECT * FROM Client WHERE Client.Nom LIKE '%';
get/client : SELECT * FROM Client WHERE Client.Nom LIKE '%S%';
get/client : SELECT * FROM Client WHERE Client.Nom LIKE '%SP%';
get/client : SELECT * FROM Client WHERE Client.Nom LIKE '%SPP%';
get/client : SELECT * FROM Client WHERE Client.Nom LIKE '%SPPP%';
get/client : SELECT * FROM Client WHERE Client.Nom LIKE '%SPPPP%';
get/client : SELECT * FROM Client WHERE Client.Nom LIKE '%SPPP%';
get/client : SELECT * FROM Client WHERE Client.Nom LIKE '%SPP%';
get/client : SELECT * FROM Client WHERE Client.Nom LIKE '%SP%';
get/client : SELECT * FROM Client WHERE Client.Nom LIKE '%SPE%';
get/client : SELECT * FROM Client WHERE Client.Nom LIKE '%SPEE%';
get/client : SELECT * FROM Client WHERE Client.Nom LIKE '%SPEEC%';
get/client : SELECT * FROM Client WHERE Client.Nom LIKE '%SPEECK%';
get/client : SELECT * FROM Client WHERE Client.Nom LIKE '%SPEECKA%';
get/client : SELECT * FROM Client WHERE Client.Nom LIKE '%SPEECKAE%';
get/client : SELECT * FROM Client WHERE Client.Nom LIKE '%SPEECKAEN%';
get/client : SELECT * FROM Client WHERE Client.Nom LIKE '%SPEECKAENN%';
get/client : SELECT * FROM Client WHERE Client.Nom LIKE '%SPEECKAEN%';
get/client : SELECT * FROM Client WHERE Client.Nom LIKE '%SPEECKAE%';
get/client : SELECT * FROM Client WHERE Client.Nom LIKE '%SPEECKA%';
get/client : SELECT * FROM Client WHERE Client.Nom LIKE '%SPEECKAE%';
get/client : SELECT * FROM Client WHERE Client.Nom LIKE '%SPEECKAER%';
get/client : SELECT * FROM Client WHERE Client.Nom LIKE '%SPEECKAERR%';
get/client : SELECT * FROM Client WHERE Client.Nom LIKE '%SPEECKAERRR%';
get/client : SELECT * FROM Client WHERE Client.Nom LIKE '%SPEECKAERRRT%';
get/client : SELECT * FROM Client WHERE Client.Nom LIKE '%SPEECKAERRR%';
get/client : SELECT * FROM Client WHERE Client.Nom LIKE '%SPEECKAERR%';
get/client : SELECT * FROM Client WHERE Client.Nom LIKE '%SPEECKAER%';
get/client : SELECT * FROM Client WHERE Client.Nom LIKE '%SPEECKAE%';
get/client : SELECT * FROM Client WHERE Client.Nom LIKE '%SPEECKA%';
get/client : SELECT * FROM Client WHERE Client.Nom LIKE '%SPEECKAE%';
get/client : SELECT * FROM Client WHERE Client.Nom LIKE '%SPEECKAER%';
get/client : SELECT * FROM Client WHERE Client.Nom LIKE '%SPEECKAERT%';
complex
clientID :1694
INSERT INTO Commande( Creation, Livraison, Montant, PNP, Remarque, Client_idClient, Vendeuse_idVendeuse, Terminal_idTerminal) VALUES ('2015-12-27 08:25:44','2015-12-28 06:00:00','35.45','1','','1694','12','1');
INSERT INTO ProduitCommande(Quantite, Details, Commande_idCommande, Produit_idProduit, Custom) VALUES  (25,'',3858,482,0), (25,'',3858,764,0);
get/magasin : SELECT * FROM Magasin WHERE display = 1;
get/category : SELECT * FROM Categorie;
get/commande : SELECT Commande.idCommande, Commande.Creation, Commande.Livraison, Commande.Montant, Commande.PNP, Commande.Remarque, Commande.display, Client.Nom AS clientNom, Vendeuse.Nom AS vendeuseNom, Magasin.Nom AS magasinNom FROM Commande JOIN Terminal ON Commande.Terminal_idTerminal=idTerminal JOIN Client ON Commande.Client_idClient=Client.idClient JOIN Vendeuse ON Commande.Vendeuse_idVendeuse=Vendeuse.idVendeuse JOIN Magasin ON Terminal.Magasin_idMagasin=Magasin.idMagasin WHERE (FALSE  OR Terminal.Magasin_idMagasin=1) AND Commande.Livraison LIKE '2015-12-27%' ORDER BY Commande.Creation DESC LIMIT 0,10000
complex
get/magasin : SELECT * FROM Magasin WHERE display = 1;
get/category : SELECT * FROM Categorie;
get/magasin : SELECT * FROM Magasin WHERE display = 1;
get/category : SELECT * FROM Categorie;
get/commande : SELECT Commande.idCommande, Commande.Creation, Commande.Livraison, Commande.Montant, Commande.PNP, Commande.Remarque, Commande.display, Client.Nom AS clientNom, Vendeuse.Nom AS vendeuseNom, Magasin.Nom AS magasinNom FROM Commande JOIN Terminal ON Commande.Terminal_idTerminal=idTerminal JOIN Client ON Commande.Client_idClient=Client.idClient JOIN Vendeuse ON Commande.Vendeuse_idVendeuse=Vendeuse.idVendeuse JOIN Magasin ON Terminal.Magasin_idMagasin=Magasin.idMagasin WHERE (FALSE  OR Terminal.Magasin_idMagasin=1) AND Commande.Livraison LIKE '2015-12-28%' ORDER BY Commande.Creation DESC LIMIT 0,10000
complex
complex
get/commande : SELECT Commande.idCommande, Commande.Creation, Commande.Livraison, Commande.Montant, Commande.PNP, Commande.Remarque, Commande.display, Client.Nom AS clientNom, Vendeuse.Nom AS vendeuseNom, Magasin.Nom AS magasinNom FROM Commande JOIN Terminal ON Commande.Terminal_idTerminal=idTerminal JOIN Client ON Commande.Client_idClient=Client.idClient JOIN Vendeuse ON Commande.Vendeuse_idVendeuse=Vendeuse.idVendeuse JOIN Magasin ON Terminal.Magasin_idMagasin=Magasin.idMagasin WHERE (FALSE  OR Terminal.Magasin_idMagasin=1) AND Commande.Livraison LIKE '2015-12-28%' ORDER BY Commande.Creation DESC LIMIT 0,10000
complex
UPDATE Client SET Tel='010898434', Mail ='', Nom ='melotte', TVA ='' WHERE idClient = '1224';
DELETE FROM ProduitCommande WHERE Commande_idCommande = 3855;UPDATE Commande SET Livraison = '2015-12-28 07:00:00',Montant = '13.50',PNP = '1',Remarque = '',Client_idClient = '1224',Vendeuse_idVendeuse = '48',Terminal_idTerminal = '1' WHERE idCommande=3855;
INSERT INTO ProduitCommande(Quantite, Details, Commande_idCommande, Produit_idProduit, Custom) VALUES  (1,'',3855,811,0), (1,'',3855,853,0), (1,'',3855,868,0);
get/magasin : SELECT * FROM Magasin WHERE display = 1;
get/category : SELECT * FROM Categorie;
