get/terminal : SELECT * FROM Terminal;
get/magasin : SELECT * FROM Magasin WHERE display = 1;
get/terminal : SELECT * FROM Terminal;
get/magasin : SELECT * FROM Magasin WHERE display = 1;
get/terminal : SELECT * FROM Terminal;
get/magasin : SELECT * FROM Magasin WHERE display = 1;
get/magasin : SELECT * FROM Magasin WHERE display = 1;
get/category : SELECT * FROM Categorie;
complex
activeMag : 1
complex
get/commande : SELECT Commande.idCommande, Commande.Creation, Commande.Livraison, Commande.Montant, Commande.PNP, Commande.Remarque, Commande.display, Client.Nom AS clientNom, Vendeuse.Nom AS vendeuseNom, Magasin.Nom AS magasinNom FROM Commande JOIN Terminal ON Commande.Terminal_idTerminal=idTerminal JOIN Client ON Commande.Client_idClient=Client.idClient JOIN Vendeuse ON Commande.Vendeuse_idVendeuse=Vendeuse.idVendeuse JOIN Magasin ON Terminal.Magasin_idMagasin=Magasin.idMagasin WHERE (FALSE  OR Terminal.Magasin_idMagasin=1) AND Commande.Livraison LIKE '2016-01-11%' ORDER BY Commande.Creation DESC LIMIT 0,10000
get/magasin : SELECT * FROM Magasin WHERE display = 1;
get/category : SELECT * FROM Categorie;
get/commande : SELECT Commande.idCommande, Commande.Creation, Commande.Livraison, Commande.Montant, Commande.PNP, Commande.Remarque, Commande.display, Client.Nom AS clientNom, Vendeuse.Nom AS vendeuseNom, Magasin.Nom AS magasinNom FROM Commande JOIN Terminal ON Commande.Terminal_idTerminal=idTerminal JOIN Client ON Commande.Client_idClient=Client.idClient JOIN Vendeuse ON Commande.Vendeuse_idVendeuse=Vendeuse.idVendeuse JOIN Magasin ON Terminal.Magasin_idMagasin=Magasin.idMagasin WHERE (FALSE  OR Terminal.Magasin_idMagasin=1) AND Commande.Livraison LIKE '2016-01-15%' ORDER BY Commande.Creation DESC LIMIT 0,10000
complex
complex
complex
complex
complex
complex
complex
complex
complex
complex
get/magasin : SELECT * FROM Magasin WHERE display = 1;
get/category : SELECT * FROM Categorie;
get/commande : SELECT Commande.idCommande, Commande.Creation, Commande.Livraison, Commande.Montant, Commande.PNP, Commande.Remarque, Commande.display, Client.Nom AS clientNom, Vendeuse.Nom AS vendeuseNom, Magasin.Nom AS magasinNom FROM Commande JOIN Terminal ON Commande.Terminal_idTerminal=idTerminal JOIN Client ON Commande.Client_idClient=Client.idClient JOIN Vendeuse ON Commande.Vendeuse_idVendeuse=Vendeuse.idVendeuse JOIN Magasin ON Terminal.Magasin_idMagasin=Magasin.idMagasin WHERE (FALSE  OR Terminal.Magasin_idMagasin=1) AND Commande.Livraison LIKE '2016-01-16%' ORDER BY Commande.Creation DESC LIMIT 0,10000
complex
get/magasin : SELECT * FROM Magasin WHERE display = 1;
get/category : SELECT * FROM Categorie;
get/client : SELECT * FROM Client WHERE Client.Nom LIKE '%M%';
get/client : SELECT * FROM Client WHERE Client.Nom LIKE '%Me%';
get/client : SELECT * FROM Client WHERE Client.Nom LIKE '%Mer%';
get/client : SELECT * FROM Client WHERE Client.Nom LIKE '%Merc%';
get/client : SELECT * FROM Client WHERE Client.Nom LIKE '%Merci%';
get/client : SELECT * FROM Client WHERE Client.Nom LIKE '%Mercie%';
get/client : SELECT * FROM Client WHERE Client.Nom LIKE '%Mercier%';
get/client : SELECT * FROM Client WHERE Client.Nom LIKE '%mercier rita%';
complex
UPDATE Client SET Tel='0485579940', Mail ='', Nom ='mercier rita', TVA ='' WHERE idClient = '610';
INSERT INTO Commande( Creation, Livraison, Montant, PNP, Remarque, Client_idClient, Vendeuse_idVendeuse, Terminal_idTerminal) VALUES ('2016-01-15 08:09:49','2016-01-17 09:00:00','3.35','0','','610','2','1');
INSERT INTO ProduitCommande(Quantite, Details, Commande_idCommande, Produit_idProduit, Custom) VALUES  (1,'1*8 bav choco \"Ja Nanou\"',4135,187,0);
get/magasin : SELECT * FROM Magasin WHERE display = 1;
get/category : SELECT * FROM Categorie;
get/commande : SELECT Commande.idCommande, Commande.Creation, Commande.Livraison, Commande.Montant, Commande.PNP, Commande.Remarque, Commande.display, Client.Nom AS clientNom, Vendeuse.Nom AS vendeuseNom, Magasin.Nom AS magasinNom FROM Commande JOIN Terminal ON Commande.Terminal_idTerminal=idTerminal JOIN Client ON Commande.Client_idClient=Client.idClient JOIN Vendeuse ON Commande.Vendeuse_idVendeuse=Vendeuse.idVendeuse JOIN Magasin ON Terminal.Magasin_idMagasin=Magasin.idMagasin WHERE (FALSE  OR Terminal.Magasin_idMagasin=1) AND Commande.Livraison LIKE '2016-01-17%' ORDER BY Commande.Creation DESC LIMIT 0,10000
complex
get/magasin : SELECT * FROM Magasin WHERE display = 1;
get/category : SELECT * FROM Categorie;
get/commande : SELECT Commande.idCommande, Commande.Creation, Commande.Livraison, Commande.Montant, Commande.PNP, Commande.Remarque, Commande.display, Client.Nom AS clientNom, Vendeuse.Nom AS vendeuseNom, Magasin.Nom AS magasinNom FROM Commande JOIN Terminal ON Commande.Terminal_idTerminal=idTerminal JOIN Client ON Commande.Client_idClient=Client.idClient JOIN Vendeuse ON Commande.Vendeuse_idVendeuse=Vendeuse.idVendeuse JOIN Magasin ON Terminal.Magasin_idMagasin=Magasin.idMagasin WHERE (FALSE  OR Terminal.Magasin_idMagasin=1) AND Commande.Livraison LIKE '2016-01-16%' ORDER BY Commande.Creation DESC LIMIT 0,10000
get/magasin : SELECT * FROM Magasin WHERE display = 1;
get/category : SELECT * FROM Categorie;
get/commande : SELECT Commande.idCommande, Commande.Creation, Commande.Livraison, Commande.Montant, Commande.PNP, Commande.Remarque, Commande.display, Client.Nom AS clientNom, Vendeuse.Nom AS vendeuseNom, Magasin.Nom AS magasinNom FROM Commande JOIN Terminal ON Commande.Terminal_idTerminal=idTerminal JOIN Client ON Commande.Client_idClient=Client.idClient JOIN Vendeuse ON Commande.Vendeuse_idVendeuse=Vendeuse.idVendeuse JOIN Magasin ON Terminal.Magasin_idMagasin=Magasin.idMagasin WHERE (FALSE  OR Terminal.Magasin_idMagasin=1) AND Commande.Livraison LIKE '2016-01-25%' ORDER BY Commande.Creation DESC LIMIT 0,10000
complex
get/magasin : SELECT * FROM Magasin WHERE display = 1;
get/category : SELECT * FROM Categorie;
get/client : SELECT * FROM Client WHERE Client.Nom LIKE '%d%';
get/client : SELECT * FROM Client WHERE Client.Nom LIKE '%de%';
get/client : SELECT * FROM Client WHERE Client.Nom LIKE '%deh%';
get/client : SELECT * FROM Client WHERE Client.Nom LIKE '%Dehareng Françoise%';
complex
UPDATE Client SET Tel='081656406', Mail ='', Nom ='Dehareng Françoise', TVA ='' WHERE idClient = '1333';
INSERT INTO Commande( Creation, Livraison, Montant, PNP, Remarque, Client_idClient, Vendeuse_idVendeuse, Terminal_idTerminal) VALUES ('2016-01-15 08:33:45','2016-01-17 06:00:00','7.10','1','','1333','4','1');
INSERT INTO ProduitCommande(Quantite, Details, Commande_idCommande, Produit_idProduit, Custom) VALUES  (2,'',4136,482,0), (5,'',4136,518,0), (1,'',4136,762,0), (1,'gosette',4136,192,0), (1,'',4136,765,0);
get/magasin : SELECT * FROM Magasin WHERE display = 1;
get/category : SELECT * FROM Categorie;
get/commande : SELECT Commande.idCommande, Commande.Creation, Commande.Livraison, Commande.Montant, Commande.PNP, Commande.Remarque, Commande.display, Client.Nom AS clientNom, Vendeuse.Nom AS vendeuseNom, Magasin.Nom AS magasinNom FROM Commande JOIN Terminal ON Commande.Terminal_idTerminal=idTerminal JOIN Client ON Commande.Client_idClient=Client.idClient JOIN Vendeuse ON Commande.Vendeuse_idVendeuse=Vendeuse.idVendeuse JOIN Magasin ON Terminal.Magasin_idMagasin=Magasin.idMagasin WHERE (FALSE  OR Terminal.Magasin_idMagasin=1) AND Commande.Livraison LIKE '2016-01-17%' ORDER BY Commande.Creation DESC LIMIT 0,10000
complex
get/magasin : SELECT * FROM Magasin WHERE display = 1;
get/category : SELECT * FROM Categorie;
get/commande : SELECT Commande.idCommande, Commande.Creation, Commande.Livraison, Commande.Montant, Commande.PNP, Commande.Remarque, Commande.display, Client.Nom AS clientNom, Vendeuse.Nom AS vendeuseNom, Magasin.Nom AS magasinNom FROM Commande JOIN Terminal ON Commande.Terminal_idTerminal=idTerminal JOIN Client ON Commande.Client_idClient=Client.idClient JOIN Vendeuse ON Commande.Vendeuse_idVendeuse=Vendeuse.idVendeuse JOIN Magasin ON Terminal.Magasin_idMagasin=Magasin.idMagasin WHERE (FALSE  OR Terminal.Magasin_idMagasin=1) AND Commande.Livraison LIKE '2016-01-13%' ORDER BY Commande.Creation DESC LIMIT 0,10000
get/magasin : SELECT * FROM Magasin WHERE display = 1;
get/category : SELECT * FROM Categorie;
get/commande : SELECT Commande.idCommande, Commande.Creation, Commande.Livraison, Commande.Montant, Commande.PNP, Commande.Remarque, Commande.display, Client.Nom AS clientNom, Vendeuse.Nom AS vendeuseNom, Magasin.Nom AS magasinNom FROM Commande JOIN Terminal ON Commande.Terminal_idTerminal=idTerminal JOIN Client ON Commande.Client_idClient=Client.idClient JOIN Vendeuse ON Commande.Vendeuse_idVendeuse=Vendeuse.idVendeuse JOIN Magasin ON Terminal.Magasin_idMagasin=Magasin.idMagasin WHERE (FALSE  OR Terminal.Magasin_idMagasin=1) AND Commande.Livraison LIKE '2016-01-15%' ORDER BY Commande.Creation DESC LIMIT 0,10000
complex
get/magasin : SELECT * FROM Magasin WHERE display = 1;
get/category : SELECT * FROM Categorie;
get/commande : SELECT Commande.idCommande, Commande.Creation, Commande.Livraison, Commande.Montant, Commande.PNP, Commande.Remarque, Commande.display, Client.Nom AS clientNom, Vendeuse.Nom AS vendeuseNom, Magasin.Nom AS magasinNom FROM Commande JOIN Terminal ON Commande.Terminal_idTerminal=idTerminal JOIN Client ON Commande.Client_idClient=Client.idClient JOIN Vendeuse ON Commande.Vendeuse_idVendeuse=Vendeuse.idVendeuse JOIN Magasin ON Terminal.Magasin_idMagasin=Magasin.idMagasin WHERE (FALSE  OR Terminal.Magasin_idMagasin=1) AND Commande.Livraison LIKE '2016-01-16%' ORDER BY Commande.Creation DESC LIMIT 0,10000
complex
{ selectedMagasins: { '1': true, undefined: false },
  Livraison: '2016-01-16' }
2016-01-16
complex PRINT 1 : SELECT Commande.idCommande, Commande.Creation, Commande.Livraison, Commande.Montant, Commande.PNP, Commande.Remarque, Commande.display, Commande.Client_idClient, Client.idClient, Client.Nom AS clientNom, Client.Tel, Client.Mail, Client.TVA, Vendeuse.idVendeuse, Vendeuse.Nom AS vendeuseNom,Magasin.idMagasin, Magasin.Nom AS magasinNom, ProduitCommande.Quantite, ProduitCommande.Details, ProduitCommande.Produit_idProduit, Produit.Nom AS produitNom, Produit.idProduit, Produit.Categorie_idCategorie, Terminal.Magasin_idMagasin  FROM ProduitCommande JOIN Produit ON ProduitCommande.Produit_idProduit = idProduit JOIN Commande ON ProduitCommande.Commande_idCommande = idCommande JOIN Client ON Commande.Client_idClient = idClient JOIN Terminal ON Commande.Terminal_idTerminal = idTerminal JOIN Magasin ON Terminal.Magasin_idMagasin = idMagasin JOIN Vendeuse ON Commande.Vendeuse_idVendeuse = idVendeuse WHERE Commande.Livraison LIKE '2016-01-16%' AND (FALSE  OR Terminal.Magasin_idMagasin=1)
complex PRINT 2 : SELECT Commande.idCommande, Commande.Creation, Commande.Livraison, Commande.Montant, Commande.PNP, Commande.Remarque, Commande.display, Commande.Client_idClient, Client.idClient, Client.Nom AS clientNom, Client.Tel, Client.Mail, Client.TVA, Vendeuse.idVendeuse, Vendeuse.Nom AS vendeuseNom,Magasin.idMagasin, Magasin.Nom AS magasinNom, ProduitCommande.Quantite, ProduitCommande.Details, ProduitCommande.ProduitCustom_idProduitCustom, ProduitCustom.Nom AS produitNom, ProduitCustom.idProduitCustom, ProduitCustom.Categorie_idCategorie, Terminal.Magasin_idMagasin FROM ProduitCommande JOIN ProduitCustom ON ProduitCommande.ProduitCustom_idProduitCustom = idProduitCustom JOIN Commande ON ProduitCommande.Commande_idCommande = idCommande JOIN Client ON Commande.Client_idClient = idClient JOIN Terminal ON Commande.Terminal_idTerminal = idTerminal JOIN Magasin ON Terminal.Magasin_idMagasin = idMagasin JOIN Vendeuse ON Commande.Vendeuse_idVendeuse = idVendeuse WHERE Commande.Livraison LIKE '2016-01-16%' AND (FALSE  OR Terminal.Magasin_idMagasin=1)
get/magasin : SELECT * FROM Magasin WHERE display = 1;
get/category : SELECT * FROM Categorie;
get/client : SELECT * FROM Client WHERE Client.Nom LIKE '%v%';
get/client : SELECT * FROM Client WHERE Client.Nom LIKE '%va%';
get/client : SELECT * FROM Client WHERE Client.Nom LIKE '%van%';
get/client : SELECT * FROM Client WHERE Client.Nom LIKE '%vand%';
get/client : SELECT * FROM Client WHERE Client.Nom LIKE '%vande%';
get/client : SELECT * FROM Client WHERE Client.Nom LIKE '%vander%';
get/client : SELECT * FROM Client WHERE Client.Nom LIKE '%vanderl%';
get/client : SELECT * FROM Client WHERE Client.Nom LIKE '%Vanderlinder Philippe %';
get/client : SELECT * FROM Client WHERE Client.Nom LIKE '%Vanderlinder Philippe%';
get/client : SELECT * FROM Client WHERE Client.Nom LIKE '%Vanderlinder Philipp%';
get/client : SELECT * FROM Client WHERE Client.Nom LIKE '%Vanderlinder Philip%';
get/client : SELECT * FROM Client WHERE Client.Nom LIKE '%Vanderlinder Phili%';
get/client : SELECT * FROM Client WHERE Client.Nom LIKE '%Vanderlinder Phil%';
get/client : SELECT * FROM Client WHERE Client.Nom LIKE '%Vanderlinder Phi%';
get/client : SELECT * FROM Client WHERE Client.Nom LIKE '%Vanderlinder Ph%';
get/client : SELECT * FROM Client WHERE Client.Nom LIKE '%Vanderlinder P%';
get/client : SELECT * FROM Client WHERE Client.Nom LIKE '%Vanderlinder%';
get/client : SELECT * FROM Client WHERE Client.Nom LIKE '%Vanderlinde%';
get/client : SELECT * FROM Client WHERE Client.Nom LIKE '%Vanderlind%';
get/client : SELECT * FROM Client WHERE Client.Nom LIKE '%Vanderlin%';
get/client : SELECT * FROM Client WHERE Client.Nom LIKE '%Vanderli%';
get/client : SELECT * FROM Client WHERE Client.Nom LIKE '%Vanderlin%';
complex
UPDATE Client SET Tel='0479/791844', Mail ='', Nom ='Vanderlin', TVA ='' WHERE idClient = '1535';
INSERT INTO Commande( Creation, Livraison, Montant, PNP, Remarque, Client_idClient, Vendeuse_idVendeuse, Terminal_idTerminal) VALUES ('2016-01-15 09:18:30','2016-01-17 07:00:00','66.10','0','','1535','4','1');
INSERT INTO ProduitCommande(Quantite, Details, Commande_idCommande, Produit_idProduit, Custom) VALUES  (2,'',4137,100,0), (6,'minis eclair',4137,182,0), (6,'minis merveilleux',4137,182,0), (5,'minis moka',4137,182,0), (5,'minis javanais',4137,182,0), (2,'minis tartelettes framboise',4137,182,0), (2,'minis tartelettes chocolat',4137,182,0), (3,'gateau',4137,192,0), (6,'',4137,482,0), (2,'',4137,175,0), (2,'',4137,76,0);
get/magasin : SELECT * FROM Magasin WHERE display = 1;
get/category : SELECT * FROM Categorie;
get/commande : SELECT Commande.idCommande, Commande.Creation, Commande.Livraison, Commande.Montant, Commande.PNP, Commande.Remarque, Commande.display, Client.Nom AS clientNom, Vendeuse.Nom AS vendeuseNom, Magasin.Nom AS magasinNom FROM Commande JOIN Terminal ON Commande.Terminal_idTerminal=idTerminal JOIN Client ON Commande.Client_idClient=Client.idClient JOIN Vendeuse ON Commande.Vendeuse_idVendeuse=Vendeuse.idVendeuse JOIN Magasin ON Terminal.Magasin_idMagasin=Magasin.idMagasin WHERE (FALSE  OR Terminal.Magasin_idMagasin=1) AND Commande.Livraison LIKE '2016-01-17%' ORDER BY Commande.Creation DESC LIMIT 0,10000
complex
get/magasin : SELECT * FROM Magasin WHERE display = 1;
get/category : SELECT * FROM Categorie;
get/commande : SELECT Commande.idCommande, Commande.Creation, Commande.Livraison, Commande.Montant, Commande.PNP, Commande.Remarque, Commande.display, Client.Nom AS clientNom, Vendeuse.Nom AS vendeuseNom, Magasin.Nom AS magasinNom FROM Commande JOIN Terminal ON Commande.Terminal_idTerminal=idTerminal JOIN Client ON Commande.Client_idClient=Client.idClient JOIN Vendeuse ON Commande.Vendeuse_idVendeuse=Vendeuse.idVendeuse JOIN Magasin ON Terminal.Magasin_idMagasin=Magasin.idMagasin WHERE (FALSE  OR Terminal.Magasin_idMagasin=1) AND Commande.Livraison LIKE '2016-01-16%' ORDER BY Commande.Creation DESC LIMIT 0,10000
get/magasin : SELECT * FROM Magasin WHERE display = 1;
get/category : SELECT * FROM Categorie;
get/commande : SELECT Commande.idCommande, Commande.Creation, Commande.Livraison, Commande.Montant, Commande.PNP, Commande.Remarque, Commande.display, Client.Nom AS clientNom, Vendeuse.Nom AS vendeuseNom, Magasin.Nom AS magasinNom FROM Commande JOIN Terminal ON Commande.Terminal_idTerminal=idTerminal JOIN Client ON Commande.Client_idClient=Client.idClient JOIN Vendeuse ON Commande.Vendeuse_idVendeuse=Vendeuse.idVendeuse JOIN Magasin ON Terminal.Magasin_idMagasin=Magasin.idMagasin WHERE (FALSE  OR Terminal.Magasin_idMagasin=1) AND Commande.Livraison LIKE '2016-01-17%' ORDER BY Commande.Creation DESC LIMIT 0,10000
get/magasin : SELECT * FROM Magasin WHERE display = 1;
get/category : SELECT * FROM Categorie;
get/commande : SELECT Commande.idCommande, Commande.Creation, Commande.Livraison, Commande.Montant, Commande.PNP, Commande.Remarque, Commande.display, Client.Nom AS clientNom, Vendeuse.Nom AS vendeuseNom, Magasin.Nom AS magasinNom FROM Commande JOIN Terminal ON Commande.Terminal_idTerminal=idTerminal JOIN Client ON Commande.Client_idClient=Client.idClient JOIN Vendeuse ON Commande.Vendeuse_idVendeuse=Vendeuse.idVendeuse JOIN Magasin ON Terminal.Magasin_idMagasin=Magasin.idMagasin WHERE (FALSE  OR Terminal.Magasin_idMagasin=1) AND Commande.Livraison LIKE '2016-01-16%' ORDER BY Commande.Creation DESC LIMIT 0,10000
get/magasin : SELECT * FROM Magasin WHERE display = 1;
get/category : SELECT * FROM Categorie;
get/client : SELECT * FROM Client WHERE Client.Nom LIKE '%b%';
get/client : SELECT * FROM Client WHERE Client.Nom LIKE '%bo%';
get/client : SELECT * FROM Client WHERE Client.Nom LIKE '%bos%';
get/client : SELECT * FROM Client WHERE Client.Nom LIKE '%bosm%';
get/client : SELECT * FROM Client WHERE Client.Nom LIKE '%bosman%';
complex
UPDATE Client SET Tel='0479468112', Mail ='', Nom ='bosman', TVA ='' WHERE idClient = '454';
INSERT INTO Commande( Creation, Livraison, Montant, PNP, Remarque, Client_idClient, Vendeuse_idVendeuse, Terminal_idTerminal) VALUES ('2016-01-15 09:22:02','2016-01-16 06:00:00','6.75','1','','454','3','1');
INSERT INTO ProduitCommande(Quantite, Details, Commande_idCommande, Produit_idProduit, Custom) VALUES  (2,'',4138,762,0), (3,'',4138,890,0), (3,'',4138,485,0);
get/magasin : SELECT * FROM Magasin WHERE display = 1;
get/category : SELECT * FROM Categorie;
get/client : SELECT * FROM Client WHERE Client.Nom LIKE '%Bosmans Lisette%';
complex
UPDATE Client SET Tel='081263981', Mail ='', Nom ='Bosmans Lisette', TVA ='' WHERE idClient = '43';
INSERT INTO Commande( Creation, Livraison, Montant, PNP, Remarque, Client_idClient, Vendeuse_idVendeuse, Terminal_idTerminal) VALUES ('2016-01-15 09:22:55','2016-01-17 06:00:00','11.05','1','','43','3','1');
INSERT INTO ProduitCommande(Quantite, Details, Commande_idCommande, Produit_idProduit, Custom) VALUES  (3,'',4139,890,0), (2,'',4139,762,0), (3,'',4139,485,0), (4,'',4139,518,0), (1,'',4139,78,0);
get/magasin : SELECT * FROM Magasin WHERE display = 1;
get/category : SELECT * FROM Categorie;
