get/terminal : SELECT * FROM Terminal;
get/magasin : SELECT * FROM Magasin WHERE display = 1;
get/magasin : SELECT * FROM Magasin WHERE display = 1;
get/category : SELECT * FROM Categorie;
complex
complex
get/magasin : SELECT * FROM Magasin WHERE display = 1;
get/category : SELECT * FROM Categorie;
get/client : SELECT * FROM Client WHERE Client.Nom LIKE '%T%';
get/client : SELECT * FROM Client WHERE Client.Nom LIKE '%TH%';
get/client : SELECT * FROM Client WHERE Client.Nom LIKE '%THI%';
get/client : SELECT * FROM Client WHERE Client.Nom LIKE '%THIE%';
get/client : SELECT * FROM Client WHERE Client.Nom LIKE '%THIEL%';
get/client : SELECT * FROM Client WHERE Client.Nom LIKE '%THIELE%';
get/client : SELECT * FROM Client WHERE Client.Nom LIKE '%THIELEN%';
get/client : SELECT * FROM Client WHERE Client.Nom LIKE '%THIELENS%';
get/client : SELECT * FROM Client WHERE Client.Nom LIKE '%THIELENS M%';
get/client : SELECT * FROM Client WHERE Client.Nom LIKE '%THIELENS MI%';
get/client : SELECT * FROM Client WHERE Client.Nom LIKE '%THIELENS MIC%';
get/client : SELECT * FROM Client WHERE Client.Nom LIKE '%THIELENS MICH%';
get/client : SELECT * FROM Client WHERE Client.Nom LIKE '%THIELENS MICHE%';
get/client : SELECT * FROM Client WHERE Client.Nom LIKE '%THIELENS MICHEL%';
get/client : SELECT * FROM Client WHERE Client.Nom LIKE '%THIELENS MICHELL%';
get/client : SELECT * FROM Client WHERE Client.Nom LIKE '%THIELENS MICHELLE%';
complex
clientID :1785
INSERT INTO Commande( Creation, Livraison, Montant, PNP, Remarque, Client_idClient, Vendeuse_idVendeuse, Terminal_idTerminal) VALUES ('2016-01-10 10:23:45','2016-01-11 09:00:00','7.50','0','','1785','48','1');
INSERT INTO ProduitCommande(Quantite, Details, Commande_idCommande, Produit_idProduit, Custom) VALUES  (15,'',4079,518,0);
get/magasin : SELECT * FROM Magasin WHERE display = 1;
get/category : SELECT * FROM Categorie;
get/commande : SELECT Commande.idCommande, Commande.Creation, Commande.Livraison, Commande.Montant, Commande.PNP, Commande.Remarque, Commande.display, Client.Nom AS clientNom, Vendeuse.Nom AS vendeuseNom, Magasin.Nom AS magasinNom FROM Commande JOIN Terminal ON Commande.Terminal_idTerminal=idTerminal JOIN Client ON Commande.Client_idClient=Client.idClient JOIN Vendeuse ON Commande.Vendeuse_idVendeuse=Vendeuse.idVendeuse JOIN Magasin ON Terminal.Magasin_idMagasin=Magasin.idMagasin WHERE (FALSE  OR Terminal.Magasin_idMagasin=1) AND Commande.Livraison LIKE '2016-01-11%' ORDER BY Commande.Creation DESC LIMIT 0,10000
get/magasin : SELECT * FROM Magasin WHERE display = 1;
get/category : SELECT * FROM Categorie;
get/commande : SELECT Commande.idCommande, Commande.Creation, Commande.Livraison, Commande.Montant, Commande.PNP, Commande.Remarque, Commande.display, Client.Nom AS clientNom, Vendeuse.Nom AS vendeuseNom, Magasin.Nom AS magasinNom FROM Commande JOIN Terminal ON Commande.Terminal_idTerminal=idTerminal JOIN Client ON Commande.Client_idClient=Client.idClient JOIN Vendeuse ON Commande.Vendeuse_idVendeuse=Vendeuse.idVendeuse JOIN Magasin ON Terminal.Magasin_idMagasin=Magasin.idMagasin WHERE (FALSE  OR Terminal.Magasin_idMagasin=1) AND Commande.Livraison LIKE '2016-01-10%' ORDER BY Commande.Creation DESC LIMIT 0,10000
complex
complex
get/magasin : SELECT * FROM Magasin WHERE display = 1;
get/category : SELECT * FROM Categorie;
get/client : SELECT * FROM Client WHERE Client.Nom LIKE '%O%';
get/client : SELECT * FROM Client WHERE Client.Nom LIKE '%OO%';
get/client : SELECT * FROM Client WHERE Client.Nom LIKE '%OOK%';
get/client : SELECT * FROM Client WHERE Client.Nom LIKE '%OO%';
get/client : SELECT * FROM Client WHERE Client.Nom LIKE '%O%';
get/client : SELECT * FROM Client WHERE Client.Nom LIKE '%';
get/client : SELECT * FROM Client WHERE Client.Nom LIKE '%O%';
get/client : SELECT * FROM Client WHERE Client.Nom LIKE '%OK%';
get/client : SELECT * FROM Client WHERE Client.Nom LIKE '%OKa%';
get/client : SELECT * FROM Client WHERE Client.Nom LIKE '%OKan%';
get/client : SELECT * FROM Client WHERE Client.Nom LIKE '%OKa%';
get/client : SELECT * FROM Client WHERE Client.Nom LIKE '%OK%';
get/client : SELECT * FROM Client WHERE Client.Nom LIKE '%O%';
get/client : SELECT * FROM Client WHERE Client.Nom LIKE '%';
get/client : SELECT * FROM Client WHERE Client.Nom LIKE '%o%';
get/client : SELECT * FROM Client WHERE Client.Nom LIKE '%ok%';
get/client : SELECT * FROM Client WHERE Client.Nom LIKE '%oka%';
get/client : SELECT * FROM Client WHERE Client.Nom LIKE '%okan%';
get/client : SELECT * FROM Client WHERE Client.Nom LIKE '%okanz%';
get/client : SELECT * FROM Client WHERE Client.Nom LIKE '%okan%';
get/client : SELECT * FROM Client WHERE Client.Nom LIKE '%oka%';
get/client : SELECT * FROM Client WHERE Client.Nom LIKE '%ok%';
get/client : SELECT * FROM Client WHERE Client.Nom LIKE '%o%';
get/client : SELECT * FROM Client WHERE Client.Nom LIKE '%';
get/client : SELECT * FROM Client WHERE Client.Nom LIKE '%o%';
get/client : SELECT * FROM Client WHERE Client.Nom LIKE '%ok%';
get/client : SELECT * FROM Client WHERE Client.Nom LIKE '%o%';
get/client : SELECT * FROM Client WHERE Client.Nom LIKE '%';
get/client : SELECT * FROM Client WHERE Client.Nom LIKE '%k%';
get/client : SELECT * FROM Client WHERE Client.Nom LIKE '%ko%';
get/client : SELECT * FROM Client WHERE Client.Nom LIKE '%k%';
get/client : SELECT * FROM Client WHERE Client.Nom LIKE '%ka%';
get/client : SELECT * FROM Client WHERE Client.Nom LIKE '%kan%';
get/client : SELECT * FROM Client WHERE Client.Nom LIKE '%kanz%';
get/client : SELECT * FROM Client WHERE Client.Nom LIKE '%kanza%';
get/client : SELECT * FROM Client WHERE Client.Nom LIKE '%kanzao%';
get/client : SELECT * FROM Client WHERE Client.Nom LIKE '%kanzaoy%';
get/client : SELECT * FROM Client WHERE Client.Nom LIKE '%kanzao%';
get/client : SELECT * FROM Client WHERE Client.Nom LIKE '%kanza%';
get/client : SELECT * FROM Client WHERE Client.Nom LIKE '%kanzay%';
get/client : SELECT * FROM Client WHERE Client.Nom LIKE '%kanzayi%';
get/client : SELECT * FROM Client WHERE Client.Nom LIKE '%kanzayio%';
get/client : SELECT * FROM Client WHERE Client.Nom LIKE '%kanzayior%';
get/client : SELECT * FROM Client WHERE Client.Nom LIKE '%kanzayiore%';
get/client : SELECT * FROM Client WHERE Client.Nom LIKE '%kanzayioree%';
get/client : SELECT * FROM Client WHERE Client.Nom LIKE '%kanzayiore%';
get/client : SELECT * FROM Client WHERE Client.Nom LIKE '%kanzayior%';
get/client : SELECT * FROM Client WHERE Client.Nom LIKE '%kanzayio%';
get/client : SELECT * FROM Client WHERE Client.Nom LIKE '%kanzayi%';
get/client : SELECT * FROM Client WHERE Client.Nom LIKE '%kanzayir%';
get/client : SELECT * FROM Client WHERE Client.Nom LIKE '%kanzayire%';
get/magasin : SELECT * FROM Magasin WHERE display = 1;
get/category : SELECT * FROM Categorie;
get/client : SELECT * FROM Client WHERE Client.Nom LIKE '%f%';
get/client : SELECT * FROM Client WHERE Client.Nom LIKE '%fo%';
get/client : SELECT * FROM Client WHERE Client.Nom LIKE '%fol%';
get/client : SELECT * FROM Client WHERE Client.Nom LIKE '%fola%';
get/client : SELECT * FROM Client WHERE Client.Nom LIKE '%fol%';
get/client : SELECT * FROM Client WHERE Client.Nom LIKE '%fo%';
get/client : SELECT * FROM Client WHERE Client.Nom LIKE '%f%';
get/client : SELECT * FROM Client WHERE Client.Nom LIKE '%fo%';
get/client : SELECT * FROM Client WHERE Client.Nom LIKE '%fol%';
get/client : SELECT * FROM Client WHERE Client.Nom LIKE '%fola%';
get/client : SELECT * FROM Client WHERE Client.Nom LIKE '%fol%';
get/client : SELECT * FROM Client WHERE Client.Nom LIKE '%fo%';
get/client : SELECT * FROM Client WHERE Client.Nom LIKE '%f%';
get/client : SELECT * FROM Client WHERE Client.Nom LIKE '%fo%';
get/client : SELECT * FROM Client WHERE Client.Nom LIKE '%fol%';
get/client : SELECT * FROM Client WHERE Client.Nom LIKE '%folo%';
get/client : SELECT * FROM Client WHERE Client.Nom LIKE '%fol%';
get/client : SELECT * FROM Client WHERE Client.Nom LIKE '%fo%';
get/client : SELECT * FROM Client WHERE Client.Nom LIKE '%f%';
get/client : SELECT * FROM Client WHERE Client.Nom LIKE '%fo%';
get/client : SELECT * FROM Client WHERE Client.Nom LIKE '%fol%';
get/client : SELECT * FROM Client WHERE Client.Nom LIKE '%fo%';
get/client : SELECT * FROM Client WHERE Client.Nom LIKE '%f%';
get/client : SELECT * FROM Client WHERE Client.Nom LIKE '%fo%';
get/client : SELECT * FROM Client WHERE Client.Nom LIKE '%fol%';
get/client : SELECT * FROM Client WHERE Client.Nom LIKE '%fo%';
get/client : SELECT * FROM Client WHERE Client.Nom LIKE '%f%';
get/client : SELECT * FROM Client WHERE Client.Nom LIKE '%fo%';
get/client : SELECT * FROM Client WHERE Client.Nom LIKE '%fol%';
get/client : SELECT * FROM Client WHERE Client.Nom LIKE '%fo%';
get/client : SELECT * FROM Client WHERE Client.Nom LIKE '%f%';
get/client : SELECT * FROM Client WHERE Client.Nom LIKE '%';
get/client : SELECT * FROM Client WHERE Client.Nom LIKE '%F%';
get/client : SELECT * FROM Client WHERE Client.Nom LIKE '%Fo%';
get/client : SELECT * FROM Client WHERE Client.Nom LIKE '%Fol%';
get/client : SELECT * FROM Client WHERE Client.Nom LIKE '%Folo%';
get/client : SELECT * FROM Client WHERE Client.Nom LIKE '%Foloo%';
get/client : SELECT * FROM Client WHERE Client.Nom LIKE '%Folooo%';
get/client : SELECT * FROM Client WHERE Client.Nom LIKE '%Foloooo%';
get/client : SELECT * FROM Client WHERE Client.Nom LIKE '%Folooooo%';
get/client : SELECT * FROM Client WHERE Client.Nom LIKE '%Foloooooo%';
get/client : SELECT * FROM Client WHERE Client.Nom LIKE '%Folooooooo%';
get/client : SELECT * FROM Client WHERE Client.Nom LIKE '%Foloooooooo%';
get/client : SELECT * FROM Client WHERE Client.Nom LIKE '%Folooooooooo%';
get/client : SELECT * FROM Client WHERE Client.Nom LIKE '%Foloooooooooo%';
get/client : SELECT * FROM Client WHERE Client.Nom LIKE '%Folooooooooooo%';
get/client : SELECT * FROM Client WHERE Client.Nom LIKE '%Foloooooooooooo%';
get/client : SELECT * FROM Client WHERE Client.Nom LIKE '%Folooooooooooooo%';
get/client : SELECT * FROM Client WHERE Client.Nom LIKE '%Foloooooooooooooo%';
get/client : SELECT * FROM Client WHERE Client.Nom LIKE '%Folooooooooooooooo%';
get/client : SELECT * FROM Client WHERE Client.Nom LIKE '%Foloooooooooooooooo%';
get/client : SELECT * FROM Client WHERE Client.Nom LIKE '%Folooooooooooooooooo%';
get/client : SELECT * FROM Client WHERE Client.Nom LIKE '%Foloooooooooooooooooo%';
get/client : SELECT * FROM Client WHERE Client.Nom LIKE '%Folooooooooooooooooo%';
get/client : SELECT * FROM Client WHERE Client.Nom LIKE '%Foloooooooooooooooo%';
get/client : SELECT * FROM Client WHERE Client.Nom LIKE '%Folooooooooooooooo%';
get/client : SELECT * FROM Client WHERE Client.Nom LIKE '%Foloooooooooooooo%';
get/client : SELECT * FROM Client WHERE Client.Nom LIKE '%Folooooooooooooo%';
get/client : SELECT * FROM Client WHERE Client.Nom LIKE '%Foloooooooooooo%';
get/client : SELECT * FROM Client WHERE Client.Nom LIKE '%Folooooooooooo%';
get/client : SELECT * FROM Client WHERE Client.Nom LIKE '%Foloooooooooo%';
get/client : SELECT * FROM Client WHERE Client.Nom LIKE '%Folooooooooo%';
get/client : SELECT * FROM Client WHERE Client.Nom LIKE '%Foloooooooo%';
get/client : SELECT * FROM Client WHERE Client.Nom LIKE '%Folooooooo%';
get/client : SELECT * FROM Client WHERE Client.Nom LIKE '%Foloooooo%';
get/client : SELECT * FROM Client WHERE Client.Nom LIKE '%Folooooo%';
get/client : SELECT * FROM Client WHERE Client.Nom LIKE '%Foloooo%';
get/client : SELECT * FROM Client WHERE Client.Nom LIKE '%Folooo%';
get/client : SELECT * FROM Client WHERE Client.Nom LIKE '%Foloo%';
get/client : SELECT * FROM Client WHERE Client.Nom LIKE '%Folo%';
get/client : SELECT * FROM Client WHERE Client.Nom LIKE '%Fol%';
get/client : SELECT * FROM Client WHERE Client.Nom LIKE '%Fo%';
get/client : SELECT * FROM Client WHERE Client.Nom LIKE '%F%';
get/client : SELECT * FROM Client WHERE Client.Nom LIKE '%';
get/client : SELECT * FROM Client WHERE Client.Nom LIKE '%fla%';
get/client : SELECT * FROM Client WHERE Client.Nom LIKE '%flab%';
get/client : SELECT * FROM Client WHERE Client.Nom LIKE '%fla%';
get/client : SELECT * FROM Client WHERE Client.Nom LIKE '%fl%';
get/client : SELECT * FROM Client WHERE Client.Nom LIKE '%f%';
get/client : SELECT * FROM Client WHERE Client.Nom LIKE '%';
get/client : SELECT * FROM Client WHERE Client.Nom LIKE '%o%';
get/client : SELECT * FROM Client WHERE Client.Nom LIKE '%oj%';
get/client : SELECT * FROM Client WHERE Client.Nom LIKE '%ojo%';
get/client : SELECT * FROM Client WHERE Client.Nom LIKE '%ojoo%';
get/client : SELECT * FROM Client WHERE Client.Nom LIKE '%ojooo%';
get/client : SELECT * FROM Client WHERE Client.Nom LIKE '%ojoooo%';
get/client : SELECT * FROM Client WHERE Client.Nom LIKE '%ojooooo%';
get/client : SELECT * FROM Client WHERE Client.Nom LIKE '%ojoooooo%';
get/client : SELECT * FROM Client WHERE Client.Nom LIKE '%ojooooooo%';
get/client : SELECT * FROM Client WHERE Client.Nom LIKE '%ojoooooo%';
get/client : SELECT * FROM Client WHERE Client.Nom LIKE '%ojooooo%';
get/client : SELECT * FROM Client WHERE Client.Nom LIKE '%ojoooo%';
get/client : SELECT * FROM Client WHERE Client.Nom LIKE '%ojooo%';
get/client : SELECT * FROM Client WHERE Client.Nom LIKE '%ojoo%';
get/client : SELECT * FROM Client WHERE Client.Nom LIKE '%ojo%';
get/client : SELECT * FROM Client WHERE Client.Nom LIKE '%oj%';
get/client : SELECT * FROM Client WHERE Client.Nom LIKE '%o%';
get/client : SELECT * FROM Client WHERE Client.Nom LIKE '%';
get/client : SELECT * FROM Client WHERE Client.Nom LIKE '%o%';
get/client : SELECT * FROM Client WHERE Client.Nom LIKE '%';
get/client : SELECT * FROM Client WHERE Client.Nom LIKE '%j%';
get/client : SELECT * FROM Client WHERE Client.Nom LIKE '%jo%';
get/client : SELECT * FROM Client WHERE Client.Nom LIKE '%jos%';
get/client : SELECT * FROM Client WHERE Client.Nom LIKE '%jose%';
get/client : SELECT * FROM Client WHERE Client.Nom LIKE '%jose f%';
get/client : SELECT * FROM Client WHERE Client.Nom LIKE '%jose fo%';
get/client : SELECT * FROM Client WHERE Client.Nom LIKE '%jose fol%';
get/client : SELECT * FROM Client WHERE Client.Nom LIKE '%jose fo%';
get/client : SELECT * FROM Client WHERE Client.Nom LIKE '%jose f%';
get/client : SELECT * FROM Client WHERE Client.Nom LIKE '%jose fla%';
get/client : SELECT * FROM Client WHERE Client.Nom LIKE '%jose flab%';
get/client : SELECT * FROM Client WHERE Client.Nom LIKE '%jose flaba%';
get/client : SELECT * FROM Client WHERE Client.Nom LIKE '%jose flabat%';
get/client : SELECT * FROM Client WHERE Client.Nom LIKE '%jose flaba%';
get/client : SELECT * FROM Client WHERE Client.Nom LIKE '%jose flab%';
get/client : SELECT * FROM Client WHERE Client.Nom LIKE '%jose fla%';
get/client : SELECT * FROM Client WHERE Client.Nom LIKE '%jose fl%';
get/client : SELECT * FROM Client WHERE Client.Nom LIKE '%jose f%';
get/client : SELECT * FROM Client WHERE Client.Nom LIKE '%jose%';
get/client : SELECT * FROM Client WHERE Client.Nom LIKE '%jos%';
get/client : SELECT * FROM Client WHERE Client.Nom LIKE '%jo%';
get/client : SELECT * FROM Client WHERE Client.Nom LIKE '%j%';
get/client : SELECT * FROM Client WHERE Client.Nom LIKE '%';
get/magasin : SELECT * FROM Magasin WHERE display = 1;
get/category : SELECT * FROM Categorie;
get/commande : SELECT Commande.idCommande, Commande.Creation, Commande.Livraison, Commande.Montant, Commande.PNP, Commande.Remarque, Commande.display, Client.Nom AS clientNom, Vendeuse.Nom AS vendeuseNom, Magasin.Nom AS magasinNom FROM Commande JOIN Terminal ON Commande.Terminal_idTerminal=idTerminal JOIN Client ON Commande.Client_idClient=Client.idClient JOIN Vendeuse ON Commande.Vendeuse_idVendeuse=Vendeuse.idVendeuse JOIN Magasin ON Terminal.Magasin_idMagasin=Magasin.idMagasin WHERE (FALSE  OR Terminal.Magasin_idMagasin=1) AND Commande.Livraison LIKE '2016-01-11%' ORDER BY Commande.Creation DESC LIMIT 0,10000
complex
{ selectedMagasins: { '1': true, undefined: false },
  Livraison: '2016-01-11' }
complex
{ selectedMagasins: { '1': true, undefined: false },
  Livraison: '2016-01-11' }
get/magasin : SELECT * FROM Magasin WHERE display = 1;
get/category : SELECT * FROM Categorie;
get/commande : SELECT Commande.idCommande, Commande.Creation, Commande.Livraison, Commande.Montant, Commande.PNP, Commande.Remarque, Commande.display, Client.Nom AS clientNom, Vendeuse.Nom AS vendeuseNom, Magasin.Nom AS magasinNom FROM Commande JOIN Terminal ON Commande.Terminal_idTerminal=idTerminal JOIN Client ON Commande.Client_idClient=Client.idClient JOIN Vendeuse ON Commande.Vendeuse_idVendeuse=Vendeuse.idVendeuse JOIN Magasin ON Terminal.Magasin_idMagasin=Magasin.idMagasin WHERE (FALSE  OR Terminal.Magasin_idMagasin=1) AND Commande.Livraison LIKE '2016-01-11%' ORDER BY Commande.Creation DESC LIMIT 0,10000
complex
{ selectedMagasins: { '1': true, undefined: false },
  Livraison: '2016-01-11' }
get/magasin : SELECT * FROM Magasin WHERE display = 1;
get/category : SELECT * FROM Categorie;
get/commande : SELECT Commande.idCommande, Commande.Creation, Commande.Livraison, Commande.Montant, Commande.PNP, Commande.Remarque, Commande.display, Client.Nom AS clientNom, Vendeuse.Nom AS vendeuseNom, Magasin.Nom AS magasinNom FROM Commande JOIN Terminal ON Commande.Terminal_idTerminal=idTerminal JOIN Client ON Commande.Client_idClient=Client.idClient JOIN Vendeuse ON Commande.Vendeuse_idVendeuse=Vendeuse.idVendeuse JOIN Magasin ON Terminal.Magasin_idMagasin=Magasin.idMagasin WHERE (FALSE  OR Terminal.Magasin_idMagasin=1) AND Commande.Livraison LIKE '2016-01-11%' ORDER BY Commande.Creation DESC LIMIT 0,10000
complex
complex
complex
complex
complex
complex
complex
complex
complex
complex
complex
complex
get/magasin : SELECT * FROM Magasin WHERE display = 1;
get/category : SELECT * FROM Categorie;
get/commande : SELECT Commande.idCommande, Commande.Creation, Commande.Livraison, Commande.Montant, Commande.PNP, Commande.Remarque, Commande.display, Client.Nom AS clientNom, Vendeuse.Nom AS vendeuseNom, Magasin.Nom AS magasinNom FROM Commande JOIN Terminal ON Commande.Terminal_idTerminal=idTerminal JOIN Client ON Commande.Client_idClient=Client.idClient JOIN Vendeuse ON Commande.Vendeuse_idVendeuse=Vendeuse.idVendeuse JOIN Magasin ON Terminal.Magasin_idMagasin=Magasin.idMagasin WHERE (FALSE  OR Terminal.Magasin_idMagasin=1) AND Commande.Livraison LIKE '2016-01-17%' ORDER BY Commande.Creation DESC LIMIT 0,10000
get/magasin : SELECT * FROM Magasin WHERE display = 1;
get/category : SELECT * FROM Categorie;
get/commande : SELECT Commande.idCommande, Commande.Creation, Commande.Livraison, Commande.Montant, Commande.PNP, Commande.Remarque, Commande.display, Client.Nom AS clientNom, Vendeuse.Nom AS vendeuseNom, Magasin.Nom AS magasinNom FROM Commande JOIN Terminal ON Commande.Terminal_idTerminal=idTerminal JOIN Client ON Commande.Client_idClient=Client.idClient JOIN Vendeuse ON Commande.Vendeuse_idVendeuse=Vendeuse.idVendeuse JOIN Magasin ON Terminal.Magasin_idMagasin=Magasin.idMagasin WHERE (FALSE  OR Terminal.Magasin_idMagasin=1) AND Commande.Livraison LIKE '2016-01-17%' ORDER BY Commande.Creation DESC LIMIT 0,10000
get/magasin : SELECT * FROM Magasin WHERE display = 1;
get/category : SELECT * FROM Categorie;
get/commande : SELECT Commande.idCommande, Commande.Creation, Commande.Livraison, Commande.Montant, Commande.PNP, Commande.Remarque, Commande.display, Client.Nom AS clientNom, Vendeuse.Nom AS vendeuseNom, Magasin.Nom AS magasinNom FROM Commande JOIN Terminal ON Commande.Terminal_idTerminal=idTerminal JOIN Client ON Commande.Client_idClient=Client.idClient JOIN Vendeuse ON Commande.Vendeuse_idVendeuse=Vendeuse.idVendeuse JOIN Magasin ON Terminal.Magasin_idMagasin=Magasin.idMagasin WHERE (FALSE  OR Terminal.Magasin_idMagasin=1) AND Commande.Livraison LIKE '2016-01-17%' ORDER BY Commande.Creation DESC LIMIT 0,10000
get/magasin : SELECT * FROM Magasin WHERE display = 1;
get/category : SELECT * FROM Categorie;
get/commande : SELECT Commande.idCommande, Commande.Creation, Commande.Livraison, Commande.Montant, Commande.PNP, Commande.Remarque, Commande.display, Client.Nom AS clientNom, Vendeuse.Nom AS vendeuseNom, Magasin.Nom AS magasinNom FROM Commande JOIN Terminal ON Commande.Terminal_idTerminal=idTerminal JOIN Client ON Commande.Client_idClient=Client.idClient JOIN Vendeuse ON Commande.Vendeuse_idVendeuse=Vendeuse.idVendeuse JOIN Magasin ON Terminal.Magasin_idMagasin=Magasin.idMagasin WHERE (FALSE  OR Terminal.Magasin_idMagasin=1) AND Commande.Livraison LIKE '2016-01-17%' ORDER BY Commande.Creation DESC LIMIT 0,10000
get/magasin : SELECT * FROM Magasin WHERE display = 1;
get/category : SELECT * FROM Categorie;
get/commande : SELECT Commande.idCommande, Commande.Creation, Commande.Livraison, Commande.Montant, Commande.PNP, Commande.Remarque, Commande.display, Client.Nom AS clientNom, Vendeuse.Nom AS vendeuseNom, Magasin.Nom AS magasinNom FROM Commande JOIN Terminal ON Commande.Terminal_idTerminal=idTerminal JOIN Client ON Commande.Client_idClient=Client.idClient JOIN Vendeuse ON Commande.Vendeuse_idVendeuse=Vendeuse.idVendeuse JOIN Magasin ON Terminal.Magasin_idMagasin=Magasin.idMagasin WHERE (FALSE  OR Terminal.Magasin_idMagasin=1) AND Commande.Livraison LIKE '2016-01-10%' ORDER BY Commande.Creation DESC LIMIT 0,10000
complex
get/magasin : SELECT * FROM Magasin WHERE display = 1;
get/category : SELECT * FROM Categorie;
get/commande : SELECT Commande.idCommande, Commande.Creation, Commande.Livraison, Commande.Montant, Commande.PNP, Commande.Remarque, Commande.display, Client.Nom AS clientNom, Vendeuse.Nom AS vendeuseNom, Magasin.Nom AS magasinNom FROM Commande JOIN Terminal ON Commande.Terminal_idTerminal=idTerminal JOIN Client ON Commande.Client_idClient=Client.idClient JOIN Vendeuse ON Commande.Vendeuse_idVendeuse=Vendeuse.idVendeuse JOIN Magasin ON Terminal.Magasin_idMagasin=Magasin.idMagasin WHERE (FALSE  OR Terminal.Magasin_idMagasin=1) AND Commande.Livraison LIKE '2016-01-11%' ORDER BY Commande.Creation DESC LIMIT 0,10000
complex
complex
complex
complex
complex
complex
complex
complex
complex
complex
complex
complex
get/magasin : SELECT * FROM Magasin WHERE display = 1;
get/category : SELECT * FROM Categorie;
get/commande : SELECT Commande.idCommande, Commande.Creation, Commande.Livraison, Commande.Montant, Commande.PNP, Commande.Remarque, Commande.display, Client.Nom AS clientNom, Vendeuse.Nom AS vendeuseNom, Magasin.Nom AS magasinNom FROM Commande JOIN Terminal ON Commande.Terminal_idTerminal=idTerminal JOIN Client ON Commande.Client_idClient=Client.idClient JOIN Vendeuse ON Commande.Vendeuse_idVendeuse=Vendeuse.idVendeuse JOIN Magasin ON Terminal.Magasin_idMagasin=Magasin.idMagasin WHERE (FALSE  OR Terminal.Magasin_idMagasin=1) AND Commande.Livraison LIKE '2016-01-17%' ORDER BY Commande.Creation DESC LIMIT 0,10000
get/commande : SELECT Commande.idCommande, Commande.Creation, Commande.Livraison, Commande.Montant, Commande.PNP, Commande.Remarque, Commande.display, Client.Nom AS clientNom, Vendeuse.Nom AS vendeuseNom, Magasin.Nom AS magasinNom FROM Commande JOIN Terminal ON Commande.Terminal_idTerminal=idTerminal JOIN Client ON Commande.Client_idClient=Client.idClient JOIN Vendeuse ON Commande.Vendeuse_idVendeuse=Vendeuse.idVendeuse JOIN Magasin ON Terminal.Magasin_idMagasin=Magasin.idMagasin WHERE (FALSE OR TRUE) AND Commande.Livraison LIKE '2016-01-17%' ORDER BY Commande.Creation DESC LIMIT 0,10000
get/magasin : SELECT * FROM Magasin WHERE display = 1;
get/category : SELECT * FROM Categorie;
get/commande : SELECT Commande.idCommande, Commande.Creation, Commande.Livraison, Commande.Montant, Commande.PNP, Commande.Remarque, Commande.display, Client.Nom AS clientNom, Vendeuse.Nom AS vendeuseNom, Magasin.Nom AS magasinNom FROM Commande JOIN Terminal ON Commande.Terminal_idTerminal=idTerminal JOIN Client ON Commande.Client_idClient=Client.idClient JOIN Vendeuse ON Commande.Vendeuse_idVendeuse=Vendeuse.idVendeuse JOIN Magasin ON Terminal.Magasin_idMagasin=Magasin.idMagasin WHERE (FALSE  OR Terminal.Magasin_idMagasin=1) AND Commande.Livraison LIKE '2016-01-10%' ORDER BY Commande.Creation DESC LIMIT 0,10000
complex
complex
complex
get/magasin : SELECT * FROM Magasin WHERE display = 1;
get/category : SELECT * FROM Categorie;
get/commande : SELECT Commande.idCommande, Commande.Creation, Commande.Livraison, Commande.Montant, Commande.PNP, Commande.Remarque, Commande.display, Client.Nom AS clientNom, Vendeuse.Nom AS vendeuseNom, Magasin.Nom AS magasinNom FROM Commande JOIN Terminal ON Commande.Terminal_idTerminal=idTerminal JOIN Client ON Commande.Client_idClient=Client.idClient JOIN Vendeuse ON Commande.Vendeuse_idVendeuse=Vendeuse.idVendeuse JOIN Magasin ON Terminal.Magasin_idMagasin=Magasin.idMagasin WHERE (FALSE  OR Terminal.Magasin_idMagasin=1) AND Commande.Livraison LIKE '2016-01-17%' ORDER BY Commande.Creation DESC LIMIT 0,10000
get/magasin : SELECT * FROM Magasin WHERE display = 1;
get/category : SELECT * FROM Categorie;
get/commande : SELECT Commande.idCommande, Commande.Creation, Commande.Livraison, Commande.Montant, Commande.PNP, Commande.Remarque, Commande.display, Client.Nom AS clientNom, Vendeuse.Nom AS vendeuseNom, Magasin.Nom AS magasinNom FROM Commande JOIN Terminal ON Commande.Terminal_idTerminal=idTerminal JOIN Client ON Commande.Client_idClient=Client.idClient JOIN Vendeuse ON Commande.Vendeuse_idVendeuse=Vendeuse.idVendeuse JOIN Magasin ON Terminal.Magasin_idMagasin=Magasin.idMagasin WHERE (FALSE  OR Terminal.Magasin_idMagasin=1) AND Commande.Livraison LIKE '2016-01-10%' ORDER BY Commande.Creation DESC LIMIT 0,10000
complex
complex
get/magasin : SELECT * FROM Magasin WHERE display = 1;
get/category : SELECT * FROM Categorie;
get/client : SELECT * FROM Client WHERE Client.Nom LIKE '%d%';
get/client : SELECT * FROM Client WHERE Client.Nom LIKE '%du%';
get/client : SELECT * FROM Client WHERE Client.Nom LIKE '%dup%';
get/client : SELECT * FROM Client WHERE Client.Nom LIKE '%dupo%';
get/client : SELECT * FROM Client WHERE Client.Nom LIKE '%dupon%';
get/client : SELECT * FROM Client WHERE Client.Nom LIKE '%dupont%';
get/client : SELECT * FROM Client WHERE Client.Nom LIKE '%dupont d%';
get/client : SELECT * FROM Client WHERE Client.Nom LIKE '%dupont da%';
get/client : SELECT * FROM Client WHERE Client.Nom LIKE '%dupont dan%';
get/client : SELECT * FROM Client WHERE Client.Nom LIKE '%dupont dani%';
get/client : SELECT * FROM Client WHERE Client.Nom LIKE '%dupont danie%';
get/client : SELECT * FROM Client WHERE Client.Nom LIKE '%dupont daniel%';
complex
clientID :1786
INSERT INTO Commande( Creation, Livraison, Montant, PNP, Remarque, Client_idClient, Vendeuse_idVendeuse, Terminal_idTerminal) VALUES ('2016-01-10 14:22:20','2016-01-18 13:00:00','12.50','0','','1786','14','1');
INSERT INTO ProduitCommande(Quantite, Details, Commande_idCommande, Produit_idProduit, Custom) VALUES  (1,'',4080,813,0);
get/magasin : SELECT * FROM Magasin WHERE display = 1;
get/category : SELECT * FROM Categorie;
get/client : SELECT * FROM Client WHERE Client.Nom LIKE '%m%';
get/client : SELECT * FROM Client WHERE Client.Nom LIKE '%mu%';
get/client : SELECT * FROM Client WHERE Client.Nom LIKE '%mul%';
get/client : SELECT * FROM Client WHERE Client.Nom LIKE '%muli%';
get/client : SELECT * FROM Client WHERE Client.Nom LIKE '%mul%';
get/client : SELECT * FROM Client WHERE Client.Nom LIKE '%mull%';
get/client : SELECT * FROM Client WHERE Client.Nom LIKE '%Mullie josiane%';
get/client : SELECT * FROM Client WHERE Client.Nom LIKE '%Mullie josian%';
get/client : SELECT * FROM Client WHERE Client.Nom LIKE '%Mullie josia%';
get/client : SELECT * FROM Client WHERE Client.Nom LIKE '%Mullie josi%';
get/client : SELECT * FROM Client WHERE Client.Nom LIKE '%Mullie jos%';
get/client : SELECT * FROM Client WHERE Client.Nom LIKE '%Mullie jo%';
get/client : SELECT * FROM Client WHERE Client.Nom LIKE '%Mullie j%';
get/client : SELECT * FROM Client WHERE Client.Nom LIKE '%Mullie%';
complex
UPDATE Client SET Tel='', Mail ='', Nom ='Mullie', TVA ='' WHERE idClient = '1043';
INSERT INTO Commande( Creation, Livraison, Montant, PNP, Remarque, Client_idClient, Vendeuse_idVendeuse, Terminal_idTerminal) VALUES ('2016-01-10 15:53:08','2016-01-18 08:00:00','10.40','0','','1043','14','1');
INSERT INTO ProduitCommande(Quantite, Details, Commande_idCommande, Produit_idProduit, Custom) VALUES  (4,'',4081,101,0);
get/magasin : SELECT * FROM Magasin WHERE display = 1;
get/category : SELECT * FROM Categorie;
