get/terminal : SELECT * FROM Terminal;
get/magasin : SELECT * FROM Magasin WHERE display = 1;
get/terminal : SELECT * FROM Terminal;
get/magasin : SELECT * FROM Magasin WHERE display = 1;
get/magasin : SELECT * FROM Magasin WHERE display = 1;
get/category : SELECT * FROM Categorie;
complex
activeMag : 1
complex
get/commande : SELECT Commande.idCommande, Commande.Creation, Commande.Livraison, Commande.Montant, Commande.PNP, Commande.Remarque, Commande.display, Client.Nom AS clientNom, Vendeuse.Nom AS vendeuseNom, Magasin.Nom AS magasinNom FROM Commande JOIN Terminal ON Commande.Terminal_idTerminal=idTerminal JOIN Client ON Commande.Client_idClient=Client.idClient JOIN Vendeuse ON Commande.Vendeuse_idVendeuse=Vendeuse.idVendeuse JOIN Magasin ON Terminal.Magasin_idMagasin=Magasin.idMagasin WHERE (FALSE  OR Terminal.Magasin_idMagasin=1) AND Commande.Livraison LIKE '2016-01-20%' ORDER BY Commande.Creation DESC LIMIT 0,10000
complex
complex
complex
complex
complex
complex
get/magasin : SELECT * FROM Magasin WHERE display = 1;
get/category : SELECT * FROM Categorie;
get/commande : SELECT Commande.idCommande, Commande.Creation, Commande.Livraison, Commande.Montant, Commande.PNP, Commande.Remarque, Commande.display, Client.Nom AS clientNom, Vendeuse.Nom AS vendeuseNom, Magasin.Nom AS magasinNom FROM Commande JOIN Terminal ON Commande.Terminal_idTerminal=idTerminal JOIN Client ON Commande.Client_idClient=Client.idClient JOIN Vendeuse ON Commande.Vendeuse_idVendeuse=Vendeuse.idVendeuse JOIN Magasin ON Terminal.Magasin_idMagasin=Magasin.idMagasin WHERE (FALSE  OR Terminal.Magasin_idMagasin=1) AND Commande.Livraison LIKE '2016-01-20%' ORDER BY Commande.Creation DESC LIMIT 0,10000
complex
get/magasin : SELECT * FROM Magasin WHERE display = 1;
get/category : SELECT * FROM Categorie;
get/commande : SELECT Commande.idCommande, Commande.Creation, Commande.Livraison, Commande.Montant, Commande.PNP, Commande.Remarque, Commande.display, Client.Nom AS clientNom, Vendeuse.Nom AS vendeuseNom, Magasin.Nom AS magasinNom FROM Commande JOIN Terminal ON Commande.Terminal_idTerminal=idTerminal JOIN Client ON Commande.Client_idClient=Client.idClient JOIN Vendeuse ON Commande.Vendeuse_idVendeuse=Vendeuse.idVendeuse JOIN Magasin ON Terminal.Magasin_idMagasin=Magasin.idMagasin WHERE (FALSE  OR Terminal.Magasin_idMagasin=1) AND Commande.Livraison LIKE '2016-01-20%' ORDER BY Commande.Creation DESC LIMIT 0,10000
complex
complex
complex
get/magasin : SELECT * FROM Magasin WHERE display = 1;
get/category : SELECT * FROM Categorie;
get/commande : SELECT Commande.idCommande, Commande.Creation, Commande.Livraison, Commande.Montant, Commande.PNP, Commande.Remarque, Commande.display, Client.Nom AS clientNom, Vendeuse.Nom AS vendeuseNom, Magasin.Nom AS magasinNom FROM Commande JOIN Terminal ON Commande.Terminal_idTerminal=idTerminal JOIN Client ON Commande.Client_idClient=Client.idClient JOIN Vendeuse ON Commande.Vendeuse_idVendeuse=Vendeuse.idVendeuse JOIN Magasin ON Terminal.Magasin_idMagasin=Magasin.idMagasin WHERE (FALSE  OR Terminal.Magasin_idMagasin=1) AND Commande.Livraison LIKE '2016-01-23%' ORDER BY Commande.Creation DESC LIMIT 0,10000
complex
get/magasin : SELECT * FROM Magasin WHERE display = 1;
get/category : SELECT * FROM Categorie;
get/commande : SELECT Commande.idCommande, Commande.Creation, Commande.Livraison, Commande.Montant, Commande.PNP, Commande.Remarque, Commande.display, Client.Nom AS clientNom, Vendeuse.Nom AS vendeuseNom, Magasin.Nom AS magasinNom FROM Commande JOIN Terminal ON Commande.Terminal_idTerminal=idTerminal JOIN Client ON Commande.Client_idClient=Client.idClient JOIN Vendeuse ON Commande.Vendeuse_idVendeuse=Vendeuse.idVendeuse JOIN Magasin ON Terminal.Magasin_idMagasin=Magasin.idMagasin WHERE (FALSE  OR Terminal.Magasin_idMagasin=1) AND Commande.Livraison LIKE '2016-01-21%' ORDER BY Commande.Creation DESC LIMIT 0,10000
complex
complex
get/magasin : SELECT * FROM Magasin WHERE display = 1;
get/category : SELECT * FROM Categorie;
get/commande : SELECT Commande.idCommande, Commande.Creation, Commande.Livraison, Commande.Montant, Commande.PNP, Commande.Remarque, Commande.display, Client.Nom AS clientNom, Vendeuse.Nom AS vendeuseNom, Magasin.Nom AS magasinNom FROM Commande JOIN Terminal ON Commande.Terminal_idTerminal=idTerminal JOIN Client ON Commande.Client_idClient=Client.idClient JOIN Vendeuse ON Commande.Vendeuse_idVendeuse=Vendeuse.idVendeuse JOIN Magasin ON Terminal.Magasin_idMagasin=Magasin.idMagasin WHERE (FALSE  OR Terminal.Magasin_idMagasin=1) AND Commande.Livraison LIKE '2016-01-20%' ORDER BY Commande.Creation DESC LIMIT 0,10000
get/magasin : SELECT * FROM Magasin WHERE display = 1;
get/category : SELECT * FROM Categorie;
get/commande : SELECT Commande.idCommande, Commande.Creation, Commande.Livraison, Commande.Montant, Commande.PNP, Commande.Remarque, Commande.display, Client.Nom AS clientNom, Vendeuse.Nom AS vendeuseNom, Magasin.Nom AS magasinNom FROM Commande JOIN Terminal ON Commande.Terminal_idTerminal=idTerminal JOIN Client ON Commande.Client_idClient=Client.idClient JOIN Vendeuse ON Commande.Vendeuse_idVendeuse=Vendeuse.idVendeuse JOIN Magasin ON Terminal.Magasin_idMagasin=Magasin.idMagasin WHERE (FALSE  OR Terminal.Magasin_idMagasin=1) AND Commande.Livraison LIKE '2016-01-21%' ORDER BY Commande.Creation DESC LIMIT 0,10000
complex
complex
get/magasin : SELECT * FROM Magasin WHERE display = 1;
get/category : SELECT * FROM Categorie;
get/commande : SELECT Commande.idCommande, Commande.Creation, Commande.Livraison, Commande.Montant, Commande.PNP, Commande.Remarque, Commande.display, Client.Nom AS clientNom, Vendeuse.Nom AS vendeuseNom, Magasin.Nom AS magasinNom FROM Commande JOIN Terminal ON Commande.Terminal_idTerminal=idTerminal JOIN Client ON Commande.Client_idClient=Client.idClient JOIN Vendeuse ON Commande.Vendeuse_idVendeuse=Vendeuse.idVendeuse JOIN Magasin ON Terminal.Magasin_idMagasin=Magasin.idMagasin WHERE (FALSE  OR Terminal.Magasin_idMagasin=1) AND Commande.Livraison LIKE '2016-01-21%' ORDER BY Commande.Creation DESC LIMIT 0,10000
complex
complex
get/magasin : SELECT * FROM Magasin WHERE display = 1;
get/category : SELECT * FROM Categorie;
get/client : SELECT * FROM Client WHERE Client.Nom LIKE '%J%';
get/client : SELECT * FROM Client WHERE Client.Nom LIKE '%Ja%';
get/client : SELECT * FROM Client WHERE Client.Nom LIKE '%Jac%';
get/client : SELECT * FROM Client WHERE Client.Nom LIKE '%Jacq%';
get/client : SELECT * FROM Client WHERE Client.Nom LIKE '%Jacqu%';
get/client : SELECT * FROM Client WHERE Client.Nom LIKE '%Jacque%';
get/client : SELECT * FROM Client WHERE Client.Nom LIKE '%Jacques%';
get/client : SELECT * FROM Client WHERE Client.Nom LIKE '%Jacques Nicole%';
complex
UPDATE Client SET Tel='010888702', Mail ='', Nom ='Jacques Nicole', TVA ='' WHERE idClient = '46';
INSERT INTO Commande( Creation, Livraison, Montant, PNP, Remarque, Client_idClient, Vendeuse_idVendeuse, Terminal_idTerminal) VALUES ('2016-01-20 09:12:21','2016-01-23 08:00:00','21.40','1','','46','3','1');
INSERT INTO ProduitCommande(Quantite, Details, Commande_idCommande, Produit_idProduit, Custom) VALUES  (6,'bav poire caramel',4194,187,0), (1,'',4194,495,0);
get/magasin : SELECT * FROM Magasin WHERE display = 1;
get/category : SELECT * FROM Categorie;
get/commande : SELECT Commande.idCommande, Commande.Creation, Commande.Livraison, Commande.Montant, Commande.PNP, Commande.Remarque, Commande.display, Client.Nom AS clientNom, Vendeuse.Nom AS vendeuseNom, Magasin.Nom AS magasinNom FROM Commande JOIN Terminal ON Commande.Terminal_idTerminal=idTerminal JOIN Client ON Commande.Client_idClient=Client.idClient JOIN Vendeuse ON Commande.Vendeuse_idVendeuse=Vendeuse.idVendeuse JOIN Magasin ON Terminal.Magasin_idMagasin=Magasin.idMagasin WHERE (FALSE  OR Terminal.Magasin_idMagasin=1) AND Commande.Livraison LIKE '2016-01-20%' ORDER BY Commande.Creation DESC LIMIT 0,10000
complex
get/magasin : SELECT * FROM Magasin WHERE display = 1;
get/category : SELECT * FROM Categorie;
get/commande : SELECT Commande.idCommande, Commande.Creation, Commande.Livraison, Commande.Montant, Commande.PNP, Commande.Remarque, Commande.display, Client.Nom AS clientNom, Vendeuse.Nom AS vendeuseNom, Magasin.Nom AS magasinNom FROM Commande JOIN Terminal ON Commande.Terminal_idTerminal=idTerminal JOIN Client ON Commande.Client_idClient=Client.idClient JOIN Vendeuse ON Commande.Vendeuse_idVendeuse=Vendeuse.idVendeuse JOIN Magasin ON Terminal.Magasin_idMagasin=Magasin.idMagasin WHERE (FALSE  OR Terminal.Magasin_idMagasin=1) AND Commande.Livraison LIKE '2016-01-24%' ORDER BY Commande.Creation DESC LIMIT 0,10000
get/magasin : SELECT * FROM Magasin WHERE display = 1;
get/category : SELECT * FROM Categorie;
get/client : SELECT * FROM Client WHERE Client.Nom LIKE '%g%';
get/client : SELECT * FROM Client WHERE Client.Nom LIKE '%gi%';
get/client : SELECT * FROM Client WHERE Client.Nom LIKE '%gil%';
get/client : SELECT * FROM Client WHERE Client.Nom LIKE '%gill%';
get/client : SELECT * FROM Client WHERE Client.Nom LIKE '%gille%';
get/client : SELECT * FROM Client WHERE Client.Nom LIKE '%gilles%';
get/client : SELECT * FROM Client WHERE Client.Nom LIKE '%gilles I%';
get/client : SELECT * FROM Client WHERE Client.Nom LIKE '%gilles In%';
get/client : SELECT * FROM Client WHERE Client.Nom LIKE '%gilles Ing%';
get/client : SELECT * FROM Client WHERE Client.Nom LIKE '%gilles Ingr%';
get/client : SELECT * FROM Client WHERE Client.Nom LIKE '%gilles Ingri%';
get/client : SELECT * FROM Client WHERE Client.Nom LIKE '%gilles Ingrid%';
complex
clientID :1806
INSERT INTO Commande( Creation, Livraison, Montant, PNP, Remarque, Client_idClient, Vendeuse_idVendeuse, Terminal_idTerminal) VALUES ('2016-01-20 09:27:13','2016-01-24 09:00:00','73.80','0','','1806','3','1');
INSERT INTO ProduitCommande(Quantite, Details, Commande_idCommande, Produit_idProduit, Custom) VALUES  (8,'madagacar  \" ja Edouard\"\ndeco: cars',4195,187,0), (10,'moka',4195,187,0), (1,'',4195,857,0);
get/magasin : SELECT * FROM Magasin WHERE display = 1;
get/category : SELECT * FROM Categorie;
get/client : SELECT * FROM Client WHERE Client.Nom LIKE '%l%';
get/client : SELECT * FROM Client WHERE Client.Nom LIKE '%la%';
get/client : SELECT * FROM Client WHERE Client.Nom LIKE '%lab%';
get/client : SELECT * FROM Client WHERE Client.Nom LIKE '%labi%';
get/client : SELECT * FROM Client WHERE Client.Nom LIKE '%labio%';
get/client : SELECT * FROM Client WHERE Client.Nom LIKE '%labiou%';
get/client : SELECT * FROM Client WHERE Client.Nom LIKE '%labious%';
get/client : SELECT * FROM Client WHERE Client.Nom LIKE '%labiouse%';
get/client : SELECT * FROM Client WHERE Client.Nom LIKE '%Labiouse Monique%';
complex
UPDATE Client SET Tel='081655141', Mail ='', Nom ='Labiouse Monique', TVA ='' WHERE idClient = '103';
INSERT INTO Commande( Creation, Livraison, Montant, PNP, Remarque, Client_idClient, Vendeuse_idVendeuse, Terminal_idTerminal) VALUES ('2016-01-20 09:59:38','2016-01-24 07:00:00','4.00','1','','103','14','1');
INSERT INTO ProduitCommande(Quantite, Details, Commande_idCommande, Produit_idProduit, Custom) VALUES  (10,'',4196,482,0);
get/magasin : SELECT * FROM Magasin WHERE display = 1;
get/category : SELECT * FROM Categorie;
get/client : SELECT * FROM Client WHERE Client.Nom LIKE '%s%';
get/client : SELECT * FROM Client WHERE Client.Nom LIKE '%sa%';
get/client : SELECT * FROM Client WHERE Client.Nom LIKE '%sau%';
get/client : SELECT * FROM Client WHERE Client.Nom LIKE '%sauv%';
get/client : SELECT * FROM Client WHERE Client.Nom LIKE '%sauva%';
get/client : SELECT * FROM Client WHERE Client.Nom LIKE '%sauvag%';
get/client : SELECT * FROM Client WHERE Client.Nom LIKE '%sauvage%';
get/client : SELECT * FROM Client WHERE Client.Nom LIKE '%sauvage j%';
get/client : SELECT * FROM Client WHERE Client.Nom LIKE '%sauvage ju%';
get/client : SELECT * FROM Client WHERE Client.Nom LIKE '%sauvage jul%';
get/client : SELECT * FROM Client WHERE Client.Nom LIKE '%sauvage juli%';
get/client : SELECT * FROM Client WHERE Client.Nom LIKE '%sauvage julie%';
complex
clientID :1807
INSERT INTO Commande( Creation, Livraison, Montant, PNP, Remarque, Client_idClient, Vendeuse_idVendeuse, Terminal_idTerminal) VALUES ('2016-01-20 10:22:47','2016-01-24 09:00:00','12.20','1','tous les pains NC !!!!!!!!!!!!','1807','1','1');
INSERT INTO ProduitCommande(Quantite, Details, Commande_idCommande, Produit_idProduit, Custom) VALUES  (1,'',4197,97,0), (1,'',4197,103,0), (1,'',4197,76,0), (1,'',4197,89,0), (1,'',4197,495,0);
get/magasin : SELECT * FROM Magasin WHERE display = 1;
get/category : SELECT * FROM Categorie;
get/client : SELECT * FROM Client WHERE Client.Nom LIKE '%I%';
get/client : SELECT * FROM Client WHERE Client.Nom LIKE '%Ip%';
get/client : SELECT * FROM Client WHERE Client.Nom LIKE '%IpH%';
get/client : SELECT * FROM Client WHERE Client.Nom LIKE '%IpHm%';
get/client : SELECT * FROM Client WHERE Client.Nom LIKE '%IpHme%';
get/client : SELECT * FROM Client WHERE Client.Nom LIKE '%IpHme d%';
get/client : SELECT * FROM Client WHERE Client.Nom LIKE '%IpHme d\'%';
get/client : SELECT * FROM Client WHERE Client.Nom LIKE '%IpHme d\'E%';
get/client : SELECT * FROM Client WHERE Client.Nom LIKE '%IpHme d\'Es%';
get/client : SELECT * FROM Client WHERE Client.Nom LIKE '%IpHme d\'Ese%';
get/client : SELECT * FROM Client WHERE Client.Nom LIKE '%IpHme d\'Esen%';
get/client : SELECT * FROM Client WHERE Client.Nom LIKE '%IpHme d\'Esene%';
get/client : SELECT * FROM Client WHERE Client.Nom LIKE '%IpHme d\'Esenes%';
complex
clientID :1808
INSERT INTO Commande( Creation, Livraison, Montant, PNP, Remarque, Client_idClient, Vendeuse_idVendeuse, Terminal_idTerminal) VALUES ('2016-01-20 10:38:34','2016-01-26 09:00:00','1.45','0','a livrer avant 12h\n66, rue Saucin 5032 Isnes \nsortie Spy','1808','1','1');
INSERT INTO ProduitCommande(Quantite, Details, Commande_idCommande, Produit_idProduit, Custom) VALUES  (1,'200p ( F2)',4198,885,0);
get/magasin : SELECT * FROM Magasin WHERE display = 1;
get/category : SELECT * FROM Categorie;
