get/client : SELECT * FROM Client WHERE Client.Nom LIKE '%D%';
get/client : SELECT * FROM Client WHERE Client.Nom LIKE '%De%';
get/client : SELECT * FROM Client WHERE Client.Nom LIKE '%Dem%';
get/client : SELECT * FROM Client WHERE Client.Nom LIKE '%Deme%';
get/client : SELECT * FROM Client WHERE Client.Nom LIKE '%Demey%';
complex
clientID :1833
INSERT INTO Commande( Creation, Livraison, Montant, PNP, Remarque, Client_idClient, Vendeuse_idVendeuse, Terminal_idTerminal) VALUES ('2016-01-25 11:18:19','2016-01-26 16:00:00','26.80','0','','1833','49','1');
INSERT INTO ProduitCommande(Quantite, Details, Commande_idCommande, Produit_idProduit, Custom) VALUES  (1,'profiterole mixte de creme patissiere,creme fraiche',4278,892,0);
get/magasin : SELECT * FROM Magasin WHERE display = 1;
get/category : SELECT * FROM Categorie;
get/commande : SELECT Commande.idCommande, Commande.Creation, Commande.Livraison, Commande.Montant, Commande.PNP, Commande.Remarque, Commande.display, Client.Nom AS clientNom, Vendeuse.Nom AS vendeuseNom, Magasin.Nom AS magasinNom FROM Commande JOIN Terminal ON Commande.Terminal_idTerminal=idTerminal JOIN Client ON Commande.Client_idClient=Client.idClient JOIN Vendeuse ON Commande.Vendeuse_idVendeuse=Vendeuse.idVendeuse JOIN Magasin ON Terminal.Magasin_idMagasin=Magasin.idMagasin WHERE (FALSE  OR Terminal.Magasin_idMagasin=1) AND Commande.Livraison LIKE '2016-01-26%' ORDER BY Commande.Creation DESC LIMIT 0,10000
complex
complex
complex
complex
get/magasin : SELECT * FROM Magasin WHERE display = 1;
get/category : SELECT * FROM Categorie;
get/client : SELECT * FROM Client WHERE Client.Nom LIKE '%t%';
get/client : SELECT * FROM Client WHERE Client.Nom LIKE '%tr%';
get/client : SELECT * FROM Client WHERE Client.Nom LIKE '%tré%';
get/client : SELECT * FROM Client WHERE Client.Nom LIKE '%trém%';
get/client : SELECT * FROM Client WHERE Client.Nom LIKE '%trémo%';
get/client : SELECT * FROM Client WHERE Client.Nom LIKE '%trémou%';
get/client : SELECT * FROM Client WHERE Client.Nom LIKE '%tremouroux%';
complex
UPDATE Client SET Tel='', Mail ='', Nom ='tremouroux', TVA ='' WHERE idClient = '796';
INSERT INTO Commande( Creation, Livraison, Montant, PNP, Remarque, Client_idClient, Vendeuse_idVendeuse, Terminal_idTerminal) VALUES ('2016-01-25 12:50:29','2016-01-26 13:00:00','31.40','2','','796','2','1');
INSERT INTO ProduitCommande(Quantite, Details, Commande_idCommande, Produit_idProduit, Custom) VALUES  (1,'',4279,813,0), (1,'',4279,815,0), (2,'',4279,776,0), (2,'',4279,874,0);
get/magasin : SELECT * FROM Magasin WHERE display = 1;
get/category : SELECT * FROM Categorie;
get/client : SELECT * FROM Client WHERE Client.Nom LIKE '%tremouroux%';
complex
UPDATE Client SET Tel='', Mail ='', Nom ='tremouroux', TVA ='' WHERE idClient = '796';
INSERT INTO Commande( Creation, Livraison, Montant, PNP, Remarque, Client_idClient, Vendeuse_idVendeuse, Terminal_idTerminal) VALUES ('2016-01-25 12:51:07','2016-01-29 13:00:00','37.80','2','','796','2','1');
INSERT INTO ProduitCommande(Quantite, Details, Commande_idCommande, Produit_idProduit, Custom) VALUES  (1,'',4280,813,0), (1,'',4280,809,0), (4,'',4280,174,0), (4,'',4280,202,0);
get/magasin : SELECT * FROM Magasin WHERE display = 1;
get/category : SELECT * FROM Categorie;
get/client : SELECT * FROM Client WHERE Client.Nom LIKE '%tremouroux%';
complex
UPDATE Client SET Tel='', Mail ='', Nom ='tremouroux', TVA ='' WHERE idClient = '796';
INSERT INTO Commande( Creation, Livraison, Montant, PNP, Remarque, Client_idClient, Vendeuse_idVendeuse, Terminal_idTerminal) VALUES ('2016-01-25 12:51:28','2016-01-31 13:00:00','27.50','2','','796','2','1');
INSERT INTO ProduitCommande(Quantite, Details, Commande_idCommande, Produit_idProduit, Custom) VALUES  (1,'',4281,880,0), (1,'',4281,859,0);
get/magasin : SELECT * FROM Magasin WHERE display = 1;
get/category : SELECT * FROM Categorie;
get/client : SELECT * FROM Client WHERE Client.Nom LIKE '%D%';
get/client : SELECT * FROM Client WHERE Client.Nom LIKE '%Du%';
get/client : SELECT * FROM Client WHERE Client.Nom LIKE '%Duc%';
get/client : SELECT * FROM Client WHERE Client.Nom LIKE '%Duch%';
get/client : SELECT * FROM Client WHERE Client.Nom LIKE '%Duche%';
get/client : SELECT * FROM Client WHERE Client.Nom LIKE '%Duchen%';
get/client : SELECT * FROM Client WHERE Client.Nom LIKE '%Duchene%';
complex
UPDATE Client SET Tel='0484.67.83.79', Mail ='', Nom ='Duchene', TVA ='' WHERE idClient = '324';
INSERT INTO Commande( Creation, Livraison, Montant, PNP, Remarque, Client_idClient, Vendeuse_idVendeuse, Terminal_idTerminal) VALUES ('2016-01-25 12:59:11','2016-01-26 15:00:00','20.10','0','','324','49','1');
INSERT INTO ProduitCommande(Quantite, Details, Commande_idCommande, Produit_idProduit, Custom) VALUES  (1,'madagascar \" j-a Marie-Ange\"',4282,891,0);
get/magasin : SELECT * FROM Magasin WHERE display = 1;
get/category : SELECT * FROM Categorie;
get/client : SELECT * FROM Client WHERE Client.Nom LIKE '%D%';
get/client : SELECT * FROM Client WHERE Client.Nom LIKE '%Du%';
get/client : SELECT * FROM Client WHERE Client.Nom LIKE '%Dut%';
get/client : SELECT * FROM Client WHERE Client.Nom LIKE '%Duti%';
get/client : SELECT * FROM Client WHERE Client.Nom LIKE '%Dutil%';
get/client : SELECT * FROM Client WHERE Client.Nom LIKE '%Dutill%';
get/client : SELECT * FROM Client WHERE Client.Nom LIKE '%dutilleul%';
complex
UPDATE Client SET Tel='0494/25.84.34', Mail ='', Nom ='dutilleul', TVA ='' WHERE idClient = '1675';
INSERT INTO Commande( Creation, Livraison, Montant, PNP, Remarque, Client_idClient, Vendeuse_idVendeuse, Terminal_idTerminal) VALUES ('2016-01-25 13:24:22','2016-01-29 12:00:00','50.50','0','','1675','49','1');
INSERT INTO ProduitCommande(Quantite, Details, Commande_idCommande, Produit_idProduit, Custom) VALUES  (1,'',4283,859,0), (1,'',4283,809,0), (1,'',4283,868,0), (1,'',4283,184,0);
get/magasin : SELECT * FROM Magasin WHERE display = 1;
get/category : SELECT * FROM Categorie;
get/client : SELECT * FROM Client WHERE Client.Nom LIKE '%l%';
get/client : SELECT * FROM Client WHERE Client.Nom LIKE '%la%';
get/client : SELECT * FROM Client WHERE Client.Nom LIKE '%la p%';
get/client : SELECT * FROM Client WHERE Client.Nom LIKE '%la pe%';
get/client : SELECT * FROM Client WHERE Client.Nom LIKE '%la pet%';
get/client : SELECT * FROM Client WHERE Client.Nom LIKE '%la peti%';
get/client : SELECT * FROM Client WHERE Client.Nom LIKE '%la petite maison %';
complex
UPDATE Client SET Tel='0499/045730', Mail ='', Nom ='la petite maison ', TVA ='BE' WHERE idClient = '941';
INSERT INTO Commande( Creation, Livraison, Montant, PNP, Remarque, Client_idClient, Vendeuse_idVendeuse, Terminal_idTerminal) VALUES ('2016-01-25 14:04:34','2016-01-26 09:00:00','41.90','2','','941','49','1');
INSERT INTO ProduitCommande(Quantite, Details, Commande_idCommande, Produit_idProduit, Custom) VALUES  (1,'crudites sans mayo',4284,696,0), (1,'tomates',4284,697,0), (1,'pas de pain',4284,709,0), (1,'cress',4284,709,0), (1,'crudite',4284,709,0), (1,'',4284,742,0), (1,'mayo oignon frais concombre carotte cress',4284,692,0), (1,'cornichon crudite',4284,686,0), (1,'oignon frais cress concombre tomat',4284,709,0), (1,'crudite mayo sans concombre',4284,703,0), (1,'cruditee',4284,709,0), (1,'',4284,755,0), (1,'',4284,739,0), (1,'oignon tomates concombre salade beurre',4284,709,0);
get/magasin : SELECT * FROM Magasin WHERE display = 1;
get/category : SELECT * FROM Categorie;
get/commande : SELECT Commande.idCommande, Commande.Creation, Commande.Livraison, Commande.Montant, Commande.PNP, Commande.Remarque, Commande.display, Client.Nom AS clientNom, Vendeuse.Nom AS vendeuseNom, Magasin.Nom AS magasinNom FROM Commande JOIN Terminal ON Commande.Terminal_idTerminal=idTerminal JOIN Client ON Commande.Client_idClient=Client.idClient JOIN Vendeuse ON Commande.Vendeuse_idVendeuse=Vendeuse.idVendeuse JOIN Magasin ON Terminal.Magasin_idMagasin=Magasin.idMagasin WHERE (FALSE  OR Terminal.Magasin_idMagasin=1) AND Commande.Livraison LIKE '2016-02-11%' ORDER BY Commande.Creation DESC LIMIT 0,10000
get/magasin : SELECT * FROM Magasin WHERE display = 1;
get/category : SELECT * FROM Categorie;
get/commande : SELECT Commande.idCommande, Commande.Creation, Commande.Livraison, Commande.Montant, Commande.PNP, Commande.Remarque, Commande.display, Client.Nom AS clientNom, Vendeuse.Nom AS vendeuseNom, Magasin.Nom AS magasinNom FROM Commande JOIN Terminal ON Commande.Terminal_idTerminal=idTerminal JOIN Client ON Commande.Client_idClient=Client.idClient JOIN Vendeuse ON Commande.Vendeuse_idVendeuse=Vendeuse.idVendeuse JOIN Magasin ON Terminal.Magasin_idMagasin=Magasin.idMagasin WHERE (FALSE  OR Terminal.Magasin_idMagasin=1) AND Commande.Livraison LIKE '2016-01-26%' ORDER BY Commande.Creation DESC LIMIT 0,10000
complex
complex
complex
complex
complex
complex
complex
complex
complex
complex
complex
complex
get/magasin : SELECT * FROM Magasin WHERE display = 1;
get/category : SELECT * FROM Categorie;
get/client : SELECT * FROM Client WHERE Client.Nom LIKE '%G%';
get/client : SELECT * FROM Client WHERE Client.Nom LIKE '%Gi%';
get/client : SELECT * FROM Client WHERE Client.Nom LIKE '%Gil%';
get/client : SELECT * FROM Client WHERE Client.Nom LIKE '%Gill%';
get/client : SELECT * FROM Client WHERE Client.Nom LIKE '%Gilli%';
get/client : SELECT * FROM Client WHERE Client.Nom LIKE '%Gillis%';
complex
UPDATE Client SET Tel='0473/76.33.37', Mail ='', Nom ='Gillis', TVA ='' WHERE idClient = '774';
INSERT INTO Commande( Creation, Livraison, Montant, PNP, Remarque, Client_idClient, Vendeuse_idVendeuse, Terminal_idTerminal) VALUES ('2016-01-25 15:55:31','2016-01-27 12:00:00','3.35','1','','774','49','1');
INSERT INTO ProduitCommande(Quantite, Details, Commande_idCommande, Produit_idProduit, Custom) VALUES  (1,'1x10 madagascar \"j-a Ticia et ManieTi\" le t en majuscule',4285,187,0);
get/magasin : SELECT * FROM Magasin WHERE display = 1;
get/category : SELECT * FROM Categorie;
get/magasin : SELECT * FROM Magasin WHERE display = 1;
get/category : SELECT * FROM Categorie;
get/commande : SELECT Commande.idCommande, Commande.Creation, Commande.Livraison, Commande.Montant, Commande.PNP, Commande.Remarque, Commande.display, Client.Nom AS clientNom, Vendeuse.Nom AS vendeuseNom, Magasin.Nom AS magasinNom FROM Commande JOIN Terminal ON Commande.Terminal_idTerminal=idTerminal JOIN Client ON Commande.Client_idClient=Client.idClient JOIN Vendeuse ON Commande.Vendeuse_idVendeuse=Vendeuse.idVendeuse JOIN Magasin ON Terminal.Magasin_idMagasin=Magasin.idMagasin WHERE (FALSE  OR Terminal.Magasin_idMagasin=1) AND Commande.Livraison LIKE '2016-01-27%' ORDER BY Commande.Creation DESC LIMIT 0,10000
complex
get/magasin : SELECT * FROM Magasin WHERE display = 1;
get/category : SELECT * FROM Categorie;
get/client : SELECT * FROM Client WHERE Client.Nom LIKE '%V%';
get/client : SELECT * FROM Client WHERE Client.Nom LIKE '%';
get/client : SELECT * FROM Client WHERE Client.Nom LIKE '%C%';
get/client : SELECT * FROM Client WHERE Client.Nom LIKE '%Cl%';
get/client : SELECT * FROM Client WHERE Client.Nom LIKE '%Cle%';
get/client : SELECT * FROM Client WHERE Client.Nom LIKE '%Cles%';
get/client : SELECT * FROM Client WHERE Client.Nom LIKE '%Cless%';
get/client : SELECT * FROM Client WHERE Client.Nom LIKE '%Cles%';
get/client : SELECT * FROM Client WHERE Client.Nom LIKE '%Cle%';
get/client : SELECT * FROM Client WHERE Client.Nom LIKE '%Cl%';
get/client : SELECT * FROM Client WHERE Client.Nom LIKE '%Clo%';
get/client : SELECT * FROM Client WHERE Client.Nom LIKE '%Cloo%';
get/client : SELECT * FROM Client WHERE Client.Nom LIKE '%cloosen%';
complex
UPDATE Client SET Tel='0479/834272', Mail ='', Nom ='cloosen', TVA ='' WHERE idClient = '837';
INSERT INTO Commande( Creation, Livraison, Montant, PNP, Remarque, Client_idClient, Vendeuse_idVendeuse, Terminal_idTerminal) VALUES ('2016-01-25 15:59:49','2016-01-31 08:00:00','26.80','1','','837','49','1');
INSERT INTO ProduitCommande(Quantite, Details, Commande_idCommande, Produit_idProduit, Custom) VALUES  (1,'foret noir',4286,892,0);
get/magasin : SELECT * FROM Magasin WHERE display = 1;
get/category : SELECT * FROM Categorie;
get/client : SELECT * FROM Client WHERE Client.Nom LIKE '%S%';
get/client : SELECT * FROM Client WHERE Client.Nom LIKE '%St%';
get/client : SELECT * FROM Client WHERE Client.Nom LIKE '%Stp%';
get/client : SELECT * FROM Client WHERE Client.Nom LIKE '%Stph%';
get/client : SELECT * FROM Client WHERE Client.Nom LIKE '%Stpha%';
get/client : SELECT * FROM Client WHERE Client.Nom LIKE '%Stphan%';
get/client : SELECT * FROM Client WHERE Client.Nom LIKE '%Stpha%';
get/client : SELECT * FROM Client WHERE Client.Nom LIKE '%Stph%';
get/client : SELECT * FROM Client WHERE Client.Nom LIKE '%Stp%';
get/client : SELECT * FROM Client WHERE Client.Nom LIKE '%St%';
get/client : SELECT * FROM Client WHERE Client.Nom LIKE '%Ste%';
get/client : SELECT * FROM Client WHERE Client.Nom LIKE '%Step%';
get/client : SELECT * FROM Client WHERE Client.Nom LIKE '%Steph%';
get/client : SELECT * FROM Client WHERE Client.Nom LIKE '%Stephane%';
complex
UPDATE Client SET Tel='0477996999', Mail ='sdemiddeleer@gmail.com', Nom ='Stephane', TVA ='BE' WHERE idClient = '133';
INSERT INTO Commande( Creation, Livraison, Montant, PNP, Remarque, Client_idClient, Vendeuse_idVendeuse, Terminal_idTerminal) VALUES ('2016-01-25 16:45:53','2016-01-26 07:00:00','5.90','1','','133','49','1');
INSERT INTO ProduitCommande(Quantite, Details, Commande_idCommande, Produit_idProduit, Custom) VALUES  (1,'peches',4287,710,0), (2,'',4287,874,0);
get/magasin : SELECT * FROM Magasin WHERE display = 1;
get/category : SELECT * FROM Categorie;
get/client : SELECT * FROM Client WHERE Client.Nom LIKE '%C%';
get/client : SELECT * FROM Client WHERE Client.Nom LIKE '%Co%';
get/client : SELECT * FROM Client WHERE Client.Nom LIKE '%Col%';
get/client : SELECT * FROM Client WHERE Client.Nom LIKE '%Colo%';
get/client : SELECT * FROM Client WHERE Client.Nom LIKE '%Coloc%';
get/client : SELECT * FROM Client WHERE Client.Nom LIKE '%Colock%';
get/client : SELECT * FROM Client WHERE Client.Nom LIKE '%Colockw%';
get/client : SELECT * FROM Client WHERE Client.Nom LIKE '%Colockwi%';
get/client : SELECT * FROM Client WHERE Client.Nom LIKE '%Colockwie%';
get/client : SELECT * FROM Client WHERE Client.Nom LIKE '%Colockwi%';
get/client : SELECT * FROM Client WHERE Client.Nom LIKE '%Colockwis%';
get/client : SELECT * FROM Client WHERE Client.Nom LIKE '%Colockwise%';
complex
clientID :1834
INSERT INTO Commande( Creation, Livraison, Montant, PNP, Remarque, Client_idClient, Vendeuse_idVendeuse, Terminal_idTerminal) VALUES ('2016-01-25 17:31:42','2016-01-26 06:00:00','22.50','1','','1834','49','1');
INSERT INTO ProduitCommande(Quantite, Details, Commande_idCommande, Produit_idProduit, Custom) VALUES  (5,'',4288,74,0), (5,'',4288,78,0);
get/magasin : SELECT * FROM Magasin WHERE display = 1;
get/category : SELECT * FROM Categorie;
get/commande : SELECT Commande.idCommande, Commande.Creation, Commande.Livraison, Commande.Montant, Commande.PNP, Commande.Remarque, Commande.display, Client.Nom AS clientNom, Vendeuse.Nom AS vendeuseNom, Magasin.Nom AS magasinNom FROM Commande JOIN Terminal ON Commande.Terminal_idTerminal=idTerminal JOIN Client ON Commande.Client_idClient=Client.idClient JOIN Vendeuse ON Commande.Vendeuse_idVendeuse=Vendeuse.idVendeuse JOIN Magasin ON Terminal.Magasin_idMagasin=Magasin.idMagasin WHERE (FALSE  OR Terminal.Magasin_idMagasin=1) AND Commande.Livraison LIKE '2016-01-26%' ORDER BY Commande.Creation DESC LIMIT 0,10000
complex
complex
{ selectedMagasins: { '1': true, undefined: false },
  Livraison: '2016-01-26' }
get/terminal : SELECT * FROM Terminal;
get/magasin : SELECT * FROM Magasin WHERE display = 1;
get/terminal : SELECT * FROM Terminal;
get/magasin : SELECT * FROM Magasin WHERE display = 1;
get/magasin : SELECT * FROM Magasin WHERE display = 1;
get/category : SELECT * FROM Categorie;
complex
activeMag : 1
complex
get/commande : SELECT Commande.idCommande, Commande.Creation, Commande.Livraison, Commande.Montant, Commande.PNP, Commande.Remarque, Commande.display, Client.Nom AS clientNom, Vendeuse.Nom AS vendeuseNom, Magasin.Nom AS magasinNom FROM Commande JOIN Terminal ON Commande.Terminal_idTerminal=idTerminal JOIN Client ON Commande.Client_idClient=Client.idClient JOIN Vendeuse ON Commande.Vendeuse_idVendeuse=Vendeuse.idVendeuse JOIN Magasin ON Terminal.Magasin_idMagasin=Magasin.idMagasin WHERE (FALSE  OR Terminal.Magasin_idMagasin=1) AND Commande.Livraison LIKE '2016-01-26%' ORDER BY Commande.Creation DESC LIMIT 0,10000
complex
{ selectedMagasins: { '1': true, undefined: false },
  Livraison: '2016-01-26' }
2016-01-26
complex PRINT 1 : SELECT Commande.idCommande, Commande.Creation, Commande.Livraison, Commande.Montant, Commande.PNP, Commande.Remarque, Commande.display, Commande.Client_idClient, Client.idClient, Client.Nom AS clientNom, Client.Tel, Client.Mail, Client.TVA, Vendeuse.idVendeuse, Vendeuse.Nom AS vendeuseNom,Magasin.idMagasin, Magasin.Nom AS magasinNom, ProduitCommande.Quantite, ProduitCommande.Details, ProduitCommande.Produit_idProduit, Produit.Nom AS produitNom, Produit.idProduit, Produit.Categorie_idCategorie, Terminal.Magasin_idMagasin  FROM ProduitCommande JOIN Produit ON ProduitCommande.Produit_idProduit = idProduit JOIN Commande ON ProduitCommande.Commande_idCommande = idCommande JOIN Client ON Commande.Client_idClient = idClient JOIN Terminal ON Commande.Terminal_idTerminal = idTerminal JOIN Magasin ON Terminal.Magasin_idMagasin = idMagasin JOIN Vendeuse ON Commande.Vendeuse_idVendeuse = idVendeuse WHERE Commande.Livraison LIKE '2016-01-26%' AND (FALSE  OR Terminal.Magasin_idMagasin=1)
complex PRINT 2 : SELECT Commande.idCommande, Commande.Creation, Commande.Livraison, Commande.Montant, Commande.PNP, Commande.Remarque, Commande.display, Commande.Client_idClient, Client.idClient, Client.Nom AS clientNom, Client.Tel, Client.Mail, Client.TVA, Vendeuse.idVendeuse, Vendeuse.Nom AS vendeuseNom,Magasin.idMagasin, Magasin.Nom AS magasinNom, ProduitCommande.Quantite, ProduitCommande.Details, ProduitCommande.ProduitCustom_idProduitCustom, ProduitCustom.Nom AS produitNom, ProduitCustom.idProduitCustom, ProduitCustom.Categorie_idCategorie, Terminal.Magasin_idMagasin FROM ProduitCommande JOIN ProduitCustom ON ProduitCommande.ProduitCustom_idProduitCustom = idProduitCustom JOIN Commande ON ProduitCommande.Commande_idCommande = idCommande JOIN Client ON Commande.Client_idClient = idClient JOIN Terminal ON Commande.Terminal_idTerminal = idTerminal JOIN Magasin ON Terminal.Magasin_idMagasin = idMagasin JOIN Vendeuse ON Commande.Vendeuse_idVendeuse = idVendeuse WHERE Commande.Livraison LIKE '2016-01-26%' AND (FALSE  OR Terminal.Magasin_idMagasin=1)
get/magasin : SELECT * FROM Magasin WHERE display = 1;
get/category : SELECT * FROM Categorie;
