get/magasin : SELECT * FROM Magasin WHERE display = 1;
get/category : SELECT * FROM Categorie;
get/client : SELECT * FROM Client WHERE Client.Nom LIKE '%b%';
get/client : SELECT * FROM Client WHERE Client.Nom LIKE '%be%';
get/client : SELECT * FROM Client WHERE Client.Nom LIKE '%b%';
get/client : SELECT * FROM Client WHERE Client.Nom LIKE '%';
get/client : SELECT * FROM Client WHERE Client.Nom LIKE '%w%';
get/client : SELECT * FROM Client WHERE Client.Nom LIKE '%we%';
get/client : SELECT * FROM Client WHERE Client.Nom LIKE '%wer%';
get/client : SELECT * FROM Client WHERE Client.Nom LIKE '%wert%';
get/client : SELECT * FROM Client WHERE Client.Nom LIKE '%wertz%';
complex
clientID :1836
INSERT INTO Commande( Creation, Livraison, Montant, PNP, Remarque, Client_idClient, Vendeuse_idVendeuse, Terminal_idTerminal) VALUES ('2016-01-26 11:49:38','2016-01-30 06:00:00','2.60','0','','1836','2','1');
INSERT INTO ProduitCommande(Quantite, Details, Commande_idCommande, Produit_idProduit, Custom) VALUES  (1,'',4294,101,0);
get/magasin : SELECT * FROM Magasin WHERE display = 1;
get/category : SELECT * FROM Categorie;
get/client : SELECT * FROM Client WHERE Client.Nom LIKE '%T%';
get/client : SELECT * FROM Client WHERE Client.Nom LIKE '%Tr%';
get/client : SELECT * FROM Client WHERE Client.Nom LIKE '%Tré%';
get/client : SELECT * FROM Client WHERE Client.Nom LIKE '%Trém%';
get/client : SELECT * FROM Client WHERE Client.Nom LIKE '%Trémo%';
get/client : SELECT * FROM Client WHERE Client.Nom LIKE '%Trémou%';
get/client : SELECT * FROM Client WHERE Client.Nom LIKE '%tremouroux%';
complex
UPDATE Client SET Tel='', Mail ='', Nom ='tremouroux', TVA ='' WHERE idClient = '796';
INSERT INTO Commande( Creation, Livraison, Montant, PNP, Remarque, Client_idClient, Vendeuse_idVendeuse, Terminal_idTerminal) VALUES ('2016-01-26 11:50:55','2016-01-30 07:00:00','123.40','2','','796','2','1');
INSERT INTO ProduitCommande(Quantite, Details, Commande_idCommande, Produit_idProduit, Custom) VALUES  (12,'',4295,74,0), (6,'',4295,78,0), (2,'',4295,86,0), (15,'',4295,784,0);
get/magasin : SELECT * FROM Magasin WHERE display = 1;
get/category : SELECT * FROM Categorie;
get/client : SELECT * FROM Client WHERE Client.Nom LIKE '%tremouroux%';
complex
UPDATE Client SET Tel='', Mail ='', Nom ='tremouroux', TVA ='' WHERE idClient = '796';
INSERT INTO Commande( Creation, Livraison, Montant, PNP, Remarque, Client_idClient, Vendeuse_idVendeuse, Terminal_idTerminal) VALUES ('2016-01-26 11:51:30','2016-01-31 07:00:00','72.80','2','','796','2','1');
INSERT INTO ProduitCommande(Quantite, Details, Commande_idCommande, Produit_idProduit, Custom) VALUES  (20,'',4296,74,0), (8,'',4296,78,0), (4,'',4296,86,0);
get/magasin : SELECT * FROM Magasin WHERE display = 1;
get/category : SELECT * FROM Categorie;
get/client : SELECT * FROM Client WHERE Client.Nom LIKE '%tremouroux%';
complex
UPDATE Client SET Tel='', Mail ='', Nom ='tremouroux', TVA ='' WHERE idClient = '796';
INSERT INTO Commande( Creation, Livraison, Montant, PNP, Remarque, Client_idClient, Vendeuse_idVendeuse, Terminal_idTerminal) VALUES ('2016-01-26 11:52:04','2016-02-01 07:00:00','72.80','2','','796','2','1');
INSERT INTO ProduitCommande(Quantite, Details, Commande_idCommande, Produit_idProduit, Custom) VALUES  (20,'',4297,74,0), (8,'',4297,78,0), (4,'',4297,86,0);
get/magasin : SELECT * FROM Magasin WHERE display = 1;
get/category : SELECT * FROM Categorie;
get/client : SELECT * FROM Client WHERE Client.Nom LIKE '%tremouroux%';
complex
UPDATE Client SET Tel='', Mail ='', Nom ='tremouroux', TVA ='' WHERE idClient = '796';
INSERT INTO Commande( Creation, Livraison, Montant, PNP, Remarque, Client_idClient, Vendeuse_idVendeuse, Terminal_idTerminal) VALUES ('2016-01-26 11:52:33','2016-02-02 07:00:00','72.80','2','','796','2','1');
INSERT INTO ProduitCommande(Quantite, Details, Commande_idCommande, Produit_idProduit, Custom) VALUES  (20,'',4298,74,0), (8,'',4298,78,0), (4,'',4298,86,0);
get/magasin : SELECT * FROM Magasin WHERE display = 1;
get/category : SELECT * FROM Categorie;
get/client : SELECT * FROM Client WHERE Client.Nom LIKE '%tremouroux%';
complex
UPDATE Client SET Tel='', Mail ='', Nom ='tremouroux', TVA ='' WHERE idClient = '796';
INSERT INTO Commande( Creation, Livraison, Montant, PNP, Remarque, Client_idClient, Vendeuse_idVendeuse, Terminal_idTerminal) VALUES ('2016-01-26 11:53:33','2016-02-03 07:00:00','72.80','2','','796','2','1');
INSERT INTO ProduitCommande(Quantite, Details, Commande_idCommande, Produit_idProduit, Custom) VALUES  (20,'',4299,74,0), (8,'',4299,78,0), (4,'',4299,86,0);
get/magasin : SELECT * FROM Magasin WHERE display = 1;
get/category : SELECT * FROM Categorie;
get/commande : SELECT Commande.idCommande, Commande.Creation, Commande.Livraison, Commande.Montant, Commande.PNP, Commande.Remarque, Commande.display, Client.Nom AS clientNom, Vendeuse.Nom AS vendeuseNom, Magasin.Nom AS magasinNom FROM Commande JOIN Terminal ON Commande.Terminal_idTerminal=idTerminal JOIN Client ON Commande.Client_idClient=Client.idClient JOIN Vendeuse ON Commande.Vendeuse_idVendeuse=Vendeuse.idVendeuse JOIN Magasin ON Terminal.Magasin_idMagasin=Magasin.idMagasin WHERE (FALSE  OR Terminal.Magasin_idMagasin=1) AND Commande.Livraison LIKE '2016-02-03%' ORDER BY Commande.Creation DESC LIMIT 0,10000
complex
get/magasin : SELECT * FROM Magasin WHERE display = 1;
get/category : SELECT * FROM Categorie;
get/client : SELECT * FROM Client WHERE Client.Nom LIKE '%tremouroux%';
complex
UPDATE Client SET Tel='', Mail ='', Nom ='tremouroux', TVA ='' WHERE idClient = '796';
INSERT INTO Commande( Creation, Livraison, Montant, PNP, Remarque, Client_idClient, Vendeuse_idVendeuse, Terminal_idTerminal) VALUES ('2016-01-26 11:54:05','2016-02-04 07:00:00','72.80','2','','796','2','1');
INSERT INTO ProduitCommande(Quantite, Details, Commande_idCommande, Produit_idProduit, Custom) VALUES  (20,'',4300,74,0), (8,'',4300,78,0), (4,'',4300,86,0);
get/magasin : SELECT * FROM Magasin WHERE display = 1;
get/category : SELECT * FROM Categorie;
get/client : SELECT * FROM Client WHERE Client.Nom LIKE '%tremouroux%';
complex
UPDATE Client SET Tel='', Mail ='', Nom ='tremouroux', TVA ='' WHERE idClient = '796';
INSERT INTO Commande( Creation, Livraison, Montant, PNP, Remarque, Client_idClient, Vendeuse_idVendeuse, Terminal_idTerminal) VALUES ('2016-01-26 11:54:34','2016-02-05 07:00:00','72.80','2','','796','2','1');
INSERT INTO ProduitCommande(Quantite, Details, Commande_idCommande, Produit_idProduit, Custom) VALUES  (20,'',4301,74,0), (8,'',4301,78,0), (4,'',4301,86,0);
get/magasin : SELECT * FROM Magasin WHERE display = 1;
get/category : SELECT * FROM Categorie;
get/magasin : SELECT * FROM Magasin WHERE display = 1;
get/category : SELECT * FROM Categorie;
get/client : SELECT * FROM Client WHERE Client.Nom LIKE '%g%';
get/client : SELECT * FROM Client WHERE Client.Nom LIKE '%gu%';
get/client : SELECT * FROM Client WHERE Client.Nom LIKE '%guy%';
complex
UPDATE Client SET Tel='', Mail ='', Nom ='guy', TVA ='' WHERE idClient = '71';
INSERT INTO Commande( Creation, Livraison, Montant, PNP, Remarque, Client_idClient, Vendeuse_idVendeuse, Terminal_idTerminal) VALUES ('2016-01-26 12:21:24','2016-01-28 14:00:00','60.00','3','','71','4','1');
INSERT INTO ProduitCommande(Quantite, Details, Commande_idCommande, Produit_idProduit, Custom) VALUES  (50,'ronde',4302,794,0), (50,'',4302,789,0);
get/magasin : SELECT * FROM Magasin WHERE display = 1;
get/category : SELECT * FROM Categorie;
get/commande : SELECT Commande.idCommande, Commande.Creation, Commande.Livraison, Commande.Montant, Commande.PNP, Commande.Remarque, Commande.display, Client.Nom AS clientNom, Vendeuse.Nom AS vendeuseNom, Magasin.Nom AS magasinNom FROM Commande JOIN Terminal ON Commande.Terminal_idTerminal=idTerminal JOIN Client ON Commande.Client_idClient=Client.idClient JOIN Vendeuse ON Commande.Vendeuse_idVendeuse=Vendeuse.idVendeuse JOIN Magasin ON Terminal.Magasin_idMagasin=Magasin.idMagasin WHERE (FALSE  OR Terminal.Magasin_idMagasin=1) AND Commande.Livraison LIKE '2016-01-28%' ORDER BY Commande.Creation DESC LIMIT 0,10000
complex
get/magasin : SELECT * FROM Magasin WHERE display = 1;
get/category : SELECT * FROM Categorie;
get/commande : SELECT Commande.idCommande, Commande.Creation, Commande.Livraison, Commande.Montant, Commande.PNP, Commande.Remarque, Commande.display, Client.Nom AS clientNom, Vendeuse.Nom AS vendeuseNom, Magasin.Nom AS magasinNom FROM Commande JOIN Terminal ON Commande.Terminal_idTerminal=idTerminal JOIN Client ON Commande.Client_idClient=Client.idClient JOIN Vendeuse ON Commande.Vendeuse_idVendeuse=Vendeuse.idVendeuse JOIN Magasin ON Terminal.Magasin_idMagasin=Magasin.idMagasin WHERE (FALSE  OR Terminal.Magasin_idMagasin=1) AND Commande.Livraison LIKE '2016-01-27%' ORDER BY Commande.Creation DESC LIMIT 0,10000
complex
get/magasin : SELECT * FROM Magasin WHERE display = 1;
get/category : SELECT * FROM Categorie;
get/commande : SELECT Commande.idCommande, Commande.Creation, Commande.Livraison, Commande.Montant, Commande.PNP, Commande.Remarque, Commande.display, Client.Nom AS clientNom, Vendeuse.Nom AS vendeuseNom, Magasin.Nom AS magasinNom FROM Commande JOIN Terminal ON Commande.Terminal_idTerminal=idTerminal JOIN Client ON Commande.Client_idClient=Client.idClient JOIN Vendeuse ON Commande.Vendeuse_idVendeuse=Vendeuse.idVendeuse JOIN Magasin ON Terminal.Magasin_idMagasin=Magasin.idMagasin WHERE (FALSE  OR Terminal.Magasin_idMagasin=1) AND Commande.Livraison LIKE '2016-01-27%' ORDER BY Commande.Creation DESC LIMIT 0,10000
get/magasin : SELECT * FROM Magasin WHERE display = 1;
get/category : SELECT * FROM Categorie;
get/commande : SELECT Commande.idCommande, Commande.Creation, Commande.Livraison, Commande.Montant, Commande.PNP, Commande.Remarque, Commande.display, Client.Nom AS clientNom, Vendeuse.Nom AS vendeuseNom, Magasin.Nom AS magasinNom FROM Commande JOIN Terminal ON Commande.Terminal_idTerminal=idTerminal JOIN Client ON Commande.Client_idClient=Client.idClient JOIN Vendeuse ON Commande.Vendeuse_idVendeuse=Vendeuse.idVendeuse JOIN Magasin ON Terminal.Magasin_idMagasin=Magasin.idMagasin WHERE (FALSE  OR Terminal.Magasin_idMagasin=1) AND Commande.Livraison LIKE '2016-01-27%' ORDER BY Commande.Creation DESC LIMIT 0,10000
get/magasin : SELECT * FROM Magasin WHERE display = 1;
get/category : SELECT * FROM Categorie;
