get/client : SELECT * FROM Client WHERE Client.Nom LIKE '%d%';
get/client : SELECT * FROM Client WHERE Client.Nom LIKE '%de%';
get/client : SELECT * FROM Client WHERE Client.Nom LIKE '%dem%';
get/client : SELECT * FROM Client WHERE Client.Nom LIKE '%dema%';
get/client : SELECT * FROM Client WHERE Client.Nom LIKE '%demar%';
get/client : SELECT * FROM Client WHERE Client.Nom LIKE '%demare%';
get/client : SELECT * FROM Client WHERE Client.Nom LIKE '%demaret%';
complex
clientID :1988
INSERT INTO Commande( Creation, Livraison, Montant, PNP, Remarque, Client_idClient, Vendeuse_idVendeuse, Terminal_idTerminal) VALUES ('2016-02-24 15:42:50','2016-02-27 12:00:00','6.70','0','','1988','1','1');
INSERT INTO ProduitCommande(Quantite, Details, Commande_idCommande, Produit_idProduit, Custom) VALUES  (1,'1x10 bav framb \nCharlotte 2ans',4759,187,0), (1,'1x10 cffruits \ncharlotte , 2ans',4759,187,0);
get/magasin : SELECT * FROM Magasin WHERE display = 1;
get/category : SELECT * FROM Categorie;
get/client : SELECT * FROM Client WHERE Client.Nom LIKE '%l%';
get/client : SELECT * FROM Client WHERE Client.Nom LIKE '%la%';
get/client : SELECT * FROM Client WHERE Client.Nom LIKE '%lau%';
get/client : SELECT * FROM Client WHERE Client.Nom LIKE '%laur%';
get/client : SELECT * FROM Client WHERE Client.Nom LIKE '%laure%';
get/client : SELECT * FROM Client WHERE Client.Nom LIKE '%laurey%';
get/client : SELECT * FROM Client WHERE Client.Nom LIKE '%laureys%';
get/client : SELECT * FROM Client WHERE Client.Nom LIKE '%laureys%';
complex
UPDATE Client SET Tel='0475569965', Mail ='', Nom ='laureys', TVA ='' WHERE idClient = '1680';
INSERT INTO Commande( Creation, Livraison, Montant, PNP, Remarque, Client_idClient, Vendeuse_idVendeuse, Terminal_idTerminal) VALUES ('2016-02-24 15:55:10','2016-02-28 07:00:00','40.85','1','','1680','1','1');
INSERT INTO ProduitCommande(Quantite, Details, Commande_idCommande, Produit_idProduit, Custom) VALUES  (1,'1x24 Liegeois \nJA MAMYVETTE',4760,187,0), (2,'',4760,880,0), (2,'',4760,803,0);
get/magasin : SELECT * FROM Magasin WHERE display = 1;
get/category : SELECT * FROM Categorie;
get/magasin : SELECT * FROM Magasin WHERE display = 1;
get/category : SELECT * FROM Categorie;
get/commande : SELECT Commande.idCommande, Commande.Creation, Commande.Livraison, Commande.Montant, Commande.PNP, Commande.Remarque, Commande.display, Client.Nom AS clientNom, Vendeuse.Nom AS vendeuseNom, Magasin.Nom AS magasinNom FROM Commande JOIN Terminal ON Commande.Terminal_idTerminal=idTerminal JOIN Client ON Commande.Client_idClient=Client.idClient JOIN Vendeuse ON Commande.Vendeuse_idVendeuse=Vendeuse.idVendeuse JOIN Magasin ON Terminal.Magasin_idMagasin=Magasin.idMagasin WHERE (FALSE  OR Terminal.Magasin_idMagasin=1) AND Commande.Livraison LIKE '2016-02-28%' ORDER BY Commande.Creation DESC LIMIT 0,10000
complex
get/magasin : SELECT * FROM Magasin WHERE display = 1;
get/category : SELECT * FROM Categorie;
get/client : SELECT * FROM Client WHERE Client.Nom LIKE '%l%';
get/client : SELECT * FROM Client WHERE Client.Nom LIKE '%li%';
get/client : SELECT * FROM Client WHERE Client.Nom LIKE '%lib%';
get/client : SELECT * FROM Client WHERE Client.Nom LIKE '%libe%';
get/client : SELECT * FROM Client WHERE Client.Nom LIKE '%liber%';
get/client : SELECT * FROM Client WHERE Client.Nom LIKE '%libert%';
get/client : SELECT * FROM Client WHERE Client.Nom LIKE '%libertvincent%';
complex
UPDATE Client SET Tel='', Mail ='', Nom ='libertvincent', TVA ='' WHERE idClient = '1948';
INSERT INTO Commande( Creation, Livraison, Montant, PNP, Remarque, Client_idClient, Vendeuse_idVendeuse, Terminal_idTerminal) VALUES ('2016-02-24 15:57:41','2016-02-25 06:00:00','14.55','1','','1948','1','1');
INSERT INTO ProduitCommande(Quantite, Details, Commande_idCommande, Produit_idProduit, Custom) VALUES  (6,'',4761,900,0), (3,'',4761,780,0), (3,'',4761,760,0);
get/magasin : SELECT * FROM Magasin WHERE display = 1;
get/category : SELECT * FROM Categorie;
get/client : SELECT * FROM Client WHERE Client.Nom LIKE '%i%';
get/client : SELECT * FROM Client WHERE Client.Nom LIKE '%ip%';
get/client : SELECT * FROM Client WHERE Client.Nom LIKE '%iph%';
get/client : SELECT * FROM Client WHERE Client.Nom LIKE '%ipha%';
get/client : SELECT * FROM Client WHERE Client.Nom LIKE '%iphap%';
get/client : SELECT * FROM Client WHERE Client.Nom LIKE '%iphapm%';
get/client : SELECT * FROM Client WHERE Client.Nom LIKE '%iphapme%';
get/client : SELECT * FROM Client WHERE Client.Nom LIKE '%iphapme d%';
get/client : SELECT * FROM Client WHERE Client.Nom LIKE '%iphapme de%';
get/client : SELECT * FROM Client WHERE Client.Nom LIKE '%iphapme de p%';
get/client : SELECT * FROM Client WHERE Client.Nom LIKE '%iphapme de pe%';
get/client : SELECT * FROM Client WHERE Client.Nom LIKE '%iphapme de per%';
get/client : SELECT * FROM Client WHERE Client.Nom LIKE '%iphapme de perw%';
get/client : SELECT * FROM Client WHERE Client.Nom LIKE '%iphapme de perwe%';
get/client : SELECT * FROM Client WHERE Client.Nom LIKE '%iphapme de perwez%';
complex
clientID :1989
INSERT INTO Commande( Creation, Livraison, Montant, PNP, Remarque, Client_idClient, Vendeuse_idVendeuse, Terminal_idTerminal) VALUES ('2016-02-24 15:59:27','2016-02-25 06:00:00','17.00','0','','1989','1','1');
INSERT INTO ProduitCommande(Quantite, Details, Commande_idCommande, Produit_idProduit, Custom) VALUES  (10,'',4762,882,0);
get/magasin : SELECT * FROM Magasin WHERE display = 1;
get/category : SELECT * FROM Categorie;
get/commande : SELECT Commande.idCommande, Commande.Creation, Commande.Livraison, Commande.Montant, Commande.PNP, Commande.Remarque, Commande.display, Client.Nom AS clientNom, Vendeuse.Nom AS vendeuseNom, Magasin.Nom AS magasinNom FROM Commande JOIN Terminal ON Commande.Terminal_idTerminal=idTerminal JOIN Client ON Commande.Client_idClient=Client.idClient JOIN Vendeuse ON Commande.Vendeuse_idVendeuse=Vendeuse.idVendeuse JOIN Magasin ON Terminal.Magasin_idMagasin=Magasin.idMagasin WHERE (FALSE  OR Terminal.Magasin_idMagasin=1) AND Commande.Livraison LIKE '2016-02-25%' ORDER BY Commande.Creation DESC LIMIT 0,10000
complex
complex
complex
complex
complex
get/magasin : SELECT * FROM Magasin WHERE display = 1;
get/category : SELECT * FROM Categorie;
get/commande : SELECT Commande.idCommande, Commande.Creation, Commande.Livraison, Commande.Montant, Commande.PNP, Commande.Remarque, Commande.display, Client.Nom AS clientNom, Vendeuse.Nom AS vendeuseNom, Magasin.Nom AS magasinNom FROM Commande JOIN Terminal ON Commande.Terminal_idTerminal=idTerminal JOIN Client ON Commande.Client_idClient=Client.idClient JOIN Vendeuse ON Commande.Vendeuse_idVendeuse=Vendeuse.idVendeuse JOIN Magasin ON Terminal.Magasin_idMagasin=Magasin.idMagasin WHERE (FALSE  OR Terminal.Magasin_idMagasin=1) AND Commande.Livraison LIKE '2016-02-26%' ORDER BY Commande.Creation DESC LIMIT 0,10000
get/magasin : SELECT * FROM Magasin WHERE display = 1;
get/category : SELECT * FROM Categorie;
get/commande : SELECT Commande.idCommande, Commande.Creation, Commande.Livraison, Commande.Montant, Commande.PNP, Commande.Remarque, Commande.display, Client.Nom AS clientNom, Vendeuse.Nom AS vendeuseNom, Magasin.Nom AS magasinNom FROM Commande JOIN Terminal ON Commande.Terminal_idTerminal=idTerminal JOIN Client ON Commande.Client_idClient=Client.idClient JOIN Vendeuse ON Commande.Vendeuse_idVendeuse=Vendeuse.idVendeuse JOIN Magasin ON Terminal.Magasin_idMagasin=Magasin.idMagasin WHERE (FALSE  OR Terminal.Magasin_idMagasin=1) AND Commande.Livraison LIKE '2016-02-25%' ORDER BY Commande.Creation DESC LIMIT 0,10000
complex
{ selectedMagasins: { '1': true, undefined: false },
  Livraison: '2016-02-25' }
get/terminal : SELECT * FROM Terminal;
get/magasin : SELECT * FROM Magasin WHERE display = 1;
get/magasin : SELECT * FROM Magasin WHERE display = 1;
get/category : SELECT * FROM Categorie;
complex
activeMag : 1
complex
get/commande : SELECT Commande.idCommande, Commande.Creation, Commande.Livraison, Commande.Montant, Commande.PNP, Commande.Remarque, Commande.display, Client.Nom AS clientNom, Vendeuse.Nom AS vendeuseNom, Magasin.Nom AS magasinNom FROM Commande JOIN Terminal ON Commande.Terminal_idTerminal=idTerminal JOIN Client ON Commande.Client_idClient=Client.idClient JOIN Vendeuse ON Commande.Vendeuse_idVendeuse=Vendeuse.idVendeuse JOIN Magasin ON Terminal.Magasin_idMagasin=Magasin.idMagasin WHERE (FALSE  OR Terminal.Magasin_idMagasin=1) AND Commande.Livraison LIKE '2016-02-25%' ORDER BY Commande.Creation DESC LIMIT 0,10000
complex
{ selectedMagasins: { '1': true, undefined: false },
  Livraison: '2016-02-25' }
2016-02-25
complex PRINT 1 : SELECT Commande.idCommande, Commande.Creation, Commande.Livraison, Commande.Montant, Commande.PNP, Commande.Remarque, Commande.display, Commande.Client_idClient, Client.idClient, Client.Nom AS clientNom, Client.Tel, Client.Mail, Client.TVA, Vendeuse.idVendeuse, Vendeuse.Nom AS vendeuseNom,Magasin.idMagasin, Magasin.Nom AS magasinNom, ProduitCommande.Quantite, ProduitCommande.Details, ProduitCommande.Produit_idProduit, Produit.Nom AS produitNom, Produit.idProduit, Produit.Categorie_idCategorie, Terminal.Magasin_idMagasin  FROM ProduitCommande JOIN Produit ON ProduitCommande.Produit_idProduit = idProduit JOIN Commande ON ProduitCommande.Commande_idCommande = idCommande JOIN Client ON Commande.Client_idClient = idClient JOIN Terminal ON Commande.Terminal_idTerminal = idTerminal JOIN Magasin ON Terminal.Magasin_idMagasin = idMagasin JOIN Vendeuse ON Commande.Vendeuse_idVendeuse = idVendeuse WHERE Commande.Livraison LIKE '2016-02-25%' AND (FALSE  OR Terminal.Magasin_idMagasin=1)
complex PRINT 2 : SELECT Commande.idCommande, Commande.Creation, Commande.Livraison, Commande.Montant, Commande.PNP, Commande.Remarque, Commande.display, Commande.Client_idClient, Client.idClient, Client.Nom AS clientNom, Client.Tel, Client.Mail, Client.TVA, Vendeuse.idVendeuse, Vendeuse.Nom AS vendeuseNom,Magasin.idMagasin, Magasin.Nom AS magasinNom, ProduitCommande.Quantite, ProduitCommande.Details, ProduitCommande.ProduitCustom_idProduitCustom, ProduitCustom.Nom AS produitNom, ProduitCustom.idProduitCustom, ProduitCustom.Categorie_idCategorie, Terminal.Magasin_idMagasin FROM ProduitCommande JOIN ProduitCustom ON ProduitCommande.ProduitCustom_idProduitCustom = idProduitCustom JOIN Commande ON ProduitCommande.Commande_idCommande = idCommande JOIN Client ON Commande.Client_idClient = idClient JOIN Terminal ON Commande.Terminal_idTerminal = idTerminal JOIN Magasin ON Terminal.Magasin_idMagasin = idMagasin JOIN Vendeuse ON Commande.Vendeuse_idVendeuse = idVendeuse WHERE Commande.Livraison LIKE '2016-02-25%' AND (FALSE  OR Terminal.Magasin_idMagasin=1)
get/terminal : SELECT * FROM Terminal;
get/magasin : SELECT * FROM Magasin WHERE display = 1;
get/magasin : SELECT * FROM Magasin WHERE display = 1;
get/category : SELECT * FROM Categorie;
complex
activeMag : 1
complex
get/commande : SELECT Commande.idCommande, Commande.Creation, Commande.Livraison, Commande.Montant, Commande.PNP, Commande.Remarque, Commande.display, Client.Nom AS clientNom, Vendeuse.Nom AS vendeuseNom, Magasin.Nom AS magasinNom FROM Commande JOIN Terminal ON Commande.Terminal_idTerminal=idTerminal JOIN Client ON Commande.Client_idClient=Client.idClient JOIN Vendeuse ON Commande.Vendeuse_idVendeuse=Vendeuse.idVendeuse JOIN Magasin ON Terminal.Magasin_idMagasin=Magasin.idMagasin WHERE (FALSE  OR Terminal.Magasin_idMagasin=1) AND Commande.Livraison LIKE '2016-02-28%' ORDER BY Commande.Creation DESC LIMIT 0,10000
complex
complex
get/commande : SELECT Commande.idCommande, Commande.Creation, Commande.Livraison, Commande.Montant, Commande.PNP, Commande.Remarque, Commande.display, Client.Nom AS clientNom, Vendeuse.Nom AS vendeuseNom, Magasin.Nom AS magasinNom FROM Commande JOIN Terminal ON Commande.Terminal_idTerminal=idTerminal JOIN Client ON Commande.Client_idClient=Client.idClient JOIN Vendeuse ON Commande.Vendeuse_idVendeuse=Vendeuse.idVendeuse JOIN Magasin ON Terminal.Magasin_idMagasin=Magasin.idMagasin WHERE (FALSE  OR Terminal.Magasin_idMagasin=1) AND Commande.Livraison LIKE '2016-02-28%' ORDER BY Commande.Creation DESC LIMIT 0,10000
complex
UPDATE Client SET Tel='0475569965', Mail ='', Nom ='laureys', TVA ='' WHERE idClient = '1680';
DELETE FROM ProduitCommande WHERE Commande_idCommande = 4760;UPDATE Commande SET Livraison = '2016-02-28 07:00:00',Montant = '5.00',PNP = '1',Remarque = '',Client_idClient = '1680',Vendeuse_idVendeuse = '1',Terminal_idTerminal = '1' WHERE idCommande=4760;
INSERT INTO ProduitCommande(Quantite, Details, Commande_idCommande, Produit_idProduit, Custom) VALUES  (2,'',4760,880,0), (2,'',4760,803,0), (1,'1x24 madagscar  \nJA MAMYVETTE',4760,187,0);
get/magasin : SELECT * FROM Magasin WHERE display = 1;
get/category : SELECT * FROM Categorie;
