get/terminal : SELECT * FROM Terminal;
get/magasin : SELECT * FROM Magasin WHERE display = 1;
get/terminal : SELECT * FROM Terminal;
get/magasin : SELECT * FROM Magasin WHERE display = 1;
get/magasin : SELECT * FROM Magasin WHERE display = 1;
get/category : SELECT * FROM Categorie;
complex
activeMag : 1
complex
get/commande : SELECT Commande.idCommande, Commande.Creation, Commande.Livraison, Commande.Montant, Commande.PNP, Commande.Remarque, Commande.display, Client.Nom AS clientNom, Vendeuse.Nom AS vendeuseNom, Magasin.Nom AS magasinNom FROM Commande JOIN Terminal ON Commande.Terminal_idTerminal=idTerminal JOIN Client ON Commande.Client_idClient=Client.idClient JOIN Vendeuse ON Commande.Vendeuse_idVendeuse=Vendeuse.idVendeuse JOIN Magasin ON Terminal.Magasin_idMagasin=Magasin.idMagasin WHERE (FALSE  OR Terminal.Magasin_idMagasin=1) AND Commande.Livraison LIKE '2016-03-10%' ORDER BY Commande.Creation DESC LIMIT 0,10000
complex
complex
get/magasin : SELECT * FROM Magasin WHERE display = 1;
get/category : SELECT * FROM Categorie;
get/client : SELECT * FROM Client WHERE Client.Nom LIKE '%a%';
get/client : SELECT * FROM Client WHERE Client.Nom LIKE '%am%';
get/client : SELECT * FROM Client WHERE Client.Nom LIKE '%ama%';
get/client : SELECT * FROM Client WHERE Client.Nom LIKE '%am%';
get/client : SELECT * FROM Client WHERE Client.Nom LIKE '%a%';
get/client : SELECT * FROM Client WHERE Client.Nom LIKE '%';
get/client : SELECT * FROM Client WHERE Client.Nom LIKE '%m%';
get/client : SELECT * FROM Client WHERE Client.Nom LIKE '%ma%';
get/client : SELECT * FROM Client WHERE Client.Nom LIKE '%man%';
get/client : SELECT * FROM Client WHERE Client.Nom LIKE '%ackerman%';
get/client : SELECT * FROM Client WHERE Client.Nom LIKE '%ackerma%';
get/client : SELECT * FROM Client WHERE Client.Nom LIKE '%ackerm%';
get/client : SELECT * FROM Client WHERE Client.Nom LIKE '%acker%';
get/client : SELECT * FROM Client WHERE Client.Nom LIKE '%acke%';
get/client : SELECT * FROM Client WHERE Client.Nom LIKE '%ack%';
get/client : SELECT * FROM Client WHERE Client.Nom LIKE '%ac%';
get/client : SELECT * FROM Client WHERE Client.Nom LIKE '%a%';
get/client : SELECT * FROM Client WHERE Client.Nom LIKE '%';
get/client : SELECT * FROM Client WHERE Client.Nom LIKE '%m%';
get/client : SELECT * FROM Client WHERE Client.Nom LIKE '%ma%';
get/client : SELECT * FROM Client WHERE Client.Nom LIKE '%man%';
get/client : SELECT * FROM Client WHERE Client.Nom LIKE '%mano%';
get/client : SELECT * FROM Client WHERE Client.Nom LIKE '%manoi%';
get/client : SELECT * FROM Client WHERE Client.Nom LIKE '%manoir%';
get/client : SELECT * FROM Client WHERE Client.Nom LIKE '%manoir%';
complex
UPDATE Client SET Tel='081658972', Mail ='', Nom ='manoir', TVA ='' WHERE idClient = '150';
INSERT INTO Commande( Creation, Livraison, Montant, PNP, Remarque, Client_idClient, Vendeuse_idVendeuse, Terminal_idTerminal) VALUES ('2016-03-10 06:10:17','2016-03-11 06:00:00','4.10','3','','150','3','1');
INSERT INTO ProduitCommande(Quantite, Details, Commande_idCommande, Produit_idProduit, Custom) VALUES  (1,'',4987,77,0), (1,'',4987,81,0), (1,'',4987,518,0), (1,'',4987,482,0);
get/magasin : SELECT * FROM Magasin WHERE display = 1;
get/category : SELECT * FROM Categorie;
