get/client : SELECT * FROM Client WHERE Client.Nom LIKE '%a%';
get/client : SELECT * FROM Client WHERE Client.Nom LIKE '%ab%';
get/client : SELECT * FROM Client WHERE Client.Nom LIKE '%abd%';
get/client : SELECT * FROM Client WHERE Client.Nom LIKE '%abde%';
get/client : SELECT * FROM Client WHERE Client.Nom LIKE '%abdel%';
complex
clientID :2032
INSERT INTO Commande( Creation, Livraison, Montant, PNP, Remarque, Client_idClient, Vendeuse_idVendeuse, Terminal_idTerminal) VALUES ('2016-03-04 14:25:21','2016-03-05 08:00:00','5.40','1','','2032','8','1');
INSERT INTO ProduitCommande(Quantite, Details, Commande_idCommande, Produit_idProduit, Custom) VALUES  (2,'',4913,91,0);
get/magasin : SELECT * FROM Magasin WHERE display = 1;
get/category : SELECT * FROM Categorie;
get/commande : SELECT Commande.idCommande, Commande.Creation, Commande.Livraison, Commande.Montant, Commande.PNP, Commande.Remarque, Commande.display, Client.Nom AS clientNom, Vendeuse.Nom AS vendeuseNom, Magasin.Nom AS magasinNom FROM Commande JOIN Terminal ON Commande.Terminal_idTerminal=idTerminal JOIN Client ON Commande.Client_idClient=Client.idClient JOIN Vendeuse ON Commande.Vendeuse_idVendeuse=Vendeuse.idVendeuse JOIN Magasin ON Terminal.Magasin_idMagasin=Magasin.idMagasin WHERE (FALSE  OR Terminal.Magasin_idMagasin=1) AND Commande.Livraison LIKE '2016-03-05%' ORDER BY Commande.Creation DESC LIMIT 0,10000
complex
complex
get/commande : SELECT Commande.idCommande, Commande.Creation, Commande.Livraison, Commande.Montant, Commande.PNP, Commande.Remarque, Commande.display, Client.Nom AS clientNom, Vendeuse.Nom AS vendeuseNom, Magasin.Nom AS magasinNom FROM Commande JOIN Terminal ON Commande.Terminal_idTerminal=idTerminal JOIN Client ON Commande.Client_idClient=Client.idClient JOIN Vendeuse ON Commande.Vendeuse_idVendeuse=Vendeuse.idVendeuse JOIN Magasin ON Terminal.Magasin_idMagasin=Magasin.idMagasin WHERE (FALSE  OR Terminal.Magasin_idMagasin=1) AND Commande.Livraison LIKE '2016-03-05%' ORDER BY Commande.Creation DESC LIMIT 0,10000
complex
UPDATE Client SET Tel='0479229867', Mail ='', Nom ='raschella', TVA ='' WHERE idClient = '2025';
DELETE FROM ProduitCommande WHERE Commande_idCommande = 4884;UPDATE Commande SET Livraison = '2016-03-05 15:00:00',Montant = '2.00',PNP = '1',Remarque = 'rembousser le pain surprise annulation ce vendredi',Client_idClient = '2025',Vendeuse_idVendeuse = '49',Terminal_idTerminal = '1' WHERE idCommande=4884;
INSERT INTO ProduitCommande(Quantite, Details, Commande_idCommande, Produit_idProduit, Custom) VALUES  (1,'',4884,871,0), (1,'',4884,880,0);
get/magasin : SELECT * FROM Magasin WHERE display = 1;
get/category : SELECT * FROM Categorie;
get/client : SELECT * FROM Client WHERE Client.Nom LIKE '%Z%';
get/client : SELECT * FROM Client WHERE Client.Nom LIKE '%Zh%';
get/client : SELECT * FROM Client WHERE Client.Nom LIKE '%Zha%';
get/client : SELECT * FROM Client WHERE Client.Nom LIKE '%zhang%';
complex
UPDATE Client SET Tel='0489/300923', Mail ='', Nom ='zhang', TVA ='' WHERE idClient = '1408';
INSERT INTO Commande( Creation, Livraison, Montant, PNP, Remarque, Client_idClient, Vendeuse_idVendeuse, Terminal_idTerminal) VALUES ('2016-03-04 14:51:18','2016-03-09 07:00:00','3.35','0','','1408','49','1');
INSERT INTO ProduitCommande(Quantite, Details, Commande_idCommande, Produit_idProduit, Custom) VALUES  (1,'1x16 madagascar (deco de fruits) \" j-a JASMINES 7ans\" \n+ 2 feux de binguales',4914,187,0);
get/magasin : SELECT * FROM Magasin WHERE display = 1;
get/category : SELECT * FROM Categorie;
get/commande : SELECT Commande.idCommande, Commande.Creation, Commande.Livraison, Commande.Montant, Commande.PNP, Commande.Remarque, Commande.display, Client.Nom AS clientNom, Vendeuse.Nom AS vendeuseNom, Magasin.Nom AS magasinNom FROM Commande JOIN Terminal ON Commande.Terminal_idTerminal=idTerminal JOIN Client ON Commande.Client_idClient=Client.idClient JOIN Vendeuse ON Commande.Vendeuse_idVendeuse=Vendeuse.idVendeuse JOIN Magasin ON Terminal.Magasin_idMagasin=Magasin.idMagasin WHERE (FALSE  OR Terminal.Magasin_idMagasin=1) AND Commande.Livraison LIKE '2016-03-09%' ORDER BY Commande.Creation DESC LIMIT 0,10000
complex
get/magasin : SELECT * FROM Magasin WHERE display = 1;
get/category : SELECT * FROM Categorie;
get/client : SELECT * FROM Client WHERE Client.Nom LIKE '%M%';
get/client : SELECT * FROM Client WHERE Client.Nom LIKE '%MI%';
get/client : SELECT * FROM Client WHERE Client.Nom LIKE '%M%';
get/client : SELECT * FROM Client WHERE Client.Nom LIKE '%Mi%';
get/client : SELECT * FROM Client WHERE Client.Nom LIKE '%Min%';
complex
clientID :2033
INSERT INTO Commande( Creation, Livraison, Montant, PNP, Remarque, Client_idClient, Vendeuse_idVendeuse, Terminal_idTerminal) VALUES ('2016-03-04 15:38:44','2016-03-05 17:00:00','20.10','0','','2033','49','1');
INSERT INTO ProduitCommande(Quantite, Details, Commande_idCommande, Produit_idProduit, Custom) VALUES  (1,'madagascar \"j-a NOA 12ans\"',4915,891,0);
get/magasin : SELECT * FROM Magasin WHERE display = 1;
get/category : SELECT * FROM Categorie;
get/commande : SELECT Commande.idCommande, Commande.Creation, Commande.Livraison, Commande.Montant, Commande.PNP, Commande.Remarque, Commande.display, Client.Nom AS clientNom, Vendeuse.Nom AS vendeuseNom, Magasin.Nom AS magasinNom FROM Commande JOIN Terminal ON Commande.Terminal_idTerminal=idTerminal JOIN Client ON Commande.Client_idClient=Client.idClient JOIN Vendeuse ON Commande.Vendeuse_idVendeuse=Vendeuse.idVendeuse JOIN Magasin ON Terminal.Magasin_idMagasin=Magasin.idMagasin WHERE (FALSE  OR Terminal.Magasin_idMagasin=1) AND Commande.Livraison LIKE '2016-03-05%' ORDER BY Commande.Creation DESC LIMIT 0,10000
complex
complex
complex
get/commande : SELECT Commande.idCommande, Commande.Creation, Commande.Livraison, Commande.Montant, Commande.PNP, Commande.Remarque, Commande.display, Client.Nom AS clientNom, Vendeuse.Nom AS vendeuseNom, Magasin.Nom AS magasinNom FROM Commande JOIN Terminal ON Commande.Terminal_idTerminal=idTerminal JOIN Client ON Commande.Client_idClient=Client.idClient JOIN Vendeuse ON Commande.Vendeuse_idVendeuse=Vendeuse.idVendeuse JOIN Magasin ON Terminal.Magasin_idMagasin=Magasin.idMagasin WHERE (FALSE  OR Terminal.Magasin_idMagasin=1) AND Commande.Livraison LIKE '2016-03-05%' ORDER BY Commande.Creation DESC LIMIT 0,10000
complex
UPDATE Client SET Tel='0479229867', Mail ='', Nom ='raschella', TVA ='' WHERE idClient = '2025';
DELETE FROM ProduitCommande WHERE Commande_idCommande = 4884;UPDATE Commande SET Livraison = '2016-03-05 14:00:00',Montant = '2',PNP = '0',Remarque = 'rembousser le pain surprise annulation ce vendredi !!!!!!!!!!',Client_idClient = '2025',Vendeuse_idVendeuse = '49',Terminal_idTerminal = '1' WHERE idCommande=4884;
INSERT INTO ProduitCommande(Quantite, Details, Commande_idCommande, Produit_idProduit, Custom) VALUES  (1,'',4884,871,0), (1,'',4884,880,0);
get/magasin : SELECT * FROM Magasin WHERE display = 1;
get/category : SELECT * FROM Categorie;
get/commande : SELECT Commande.idCommande, Commande.Creation, Commande.Livraison, Commande.Montant, Commande.PNP, Commande.Remarque, Commande.display, Client.Nom AS clientNom, Vendeuse.Nom AS vendeuseNom, Magasin.Nom AS magasinNom FROM Commande JOIN Terminal ON Commande.Terminal_idTerminal=idTerminal JOIN Client ON Commande.Client_idClient=Client.idClient JOIN Vendeuse ON Commande.Vendeuse_idVendeuse=Vendeuse.idVendeuse JOIN Magasin ON Terminal.Magasin_idMagasin=Magasin.idMagasin WHERE (FALSE  OR Terminal.Magasin_idMagasin=1) AND Commande.Livraison LIKE '2016-03-05%' ORDER BY Commande.Creation DESC LIMIT 0,10000
complex
get/magasin : SELECT * FROM Magasin WHERE display = 1;
get/category : SELECT * FROM Categorie;
get/client : SELECT * FROM Client WHERE Client.Nom LIKE '%F%';
get/client : SELECT * FROM Client WHERE Client.Nom LIKE '%Fe%';
get/client : SELECT * FROM Client WHERE Client.Nom LIKE '%Fer%';
get/client : SELECT * FROM Client WHERE Client.Nom LIKE '%Fera%';
get/client : SELECT * FROM Client WHERE Client.Nom LIKE '%Ferai%';
get/client : SELECT * FROM Client WHERE Client.Nom LIKE '%Ferail%';
get/client : SELECT * FROM Client WHERE Client.Nom LIKE '%Feraill%';
get/client : SELECT * FROM Client WHERE Client.Nom LIKE '%Feraille%';
complex
clientID :2034
INSERT INTO Commande( Creation, Livraison, Montant, PNP, Remarque, Client_idClient, Vendeuse_idVendeuse, Terminal_idTerminal) VALUES ('2016-03-04 15:55:41','2016-03-13 10:00:00','46.90','1','','2034','49','1');
INSERT INTO ProduitCommande(Quantite, Details, Commande_idCommande, Produit_idProduit, Custom) VALUES  (1,'1x6 bavarois framboise',4916,891,0), (1,'1x10 madagascare \nattention possibilite de mettre le plus petit aux fruits sur le mada pour faire une \"piece montee\"',4916,892,0);
get/magasin : SELECT * FROM Magasin WHERE display = 1;
get/category : SELECT * FROM Categorie;
get/commande : SELECT Commande.idCommande, Commande.Creation, Commande.Livraison, Commande.Montant, Commande.PNP, Commande.Remarque, Commande.display, Client.Nom AS clientNom, Vendeuse.Nom AS vendeuseNom, Magasin.Nom AS magasinNom FROM Commande JOIN Terminal ON Commande.Terminal_idTerminal=idTerminal JOIN Client ON Commande.Client_idClient=Client.idClient JOIN Vendeuse ON Commande.Vendeuse_idVendeuse=Vendeuse.idVendeuse JOIN Magasin ON Terminal.Magasin_idMagasin=Magasin.idMagasin WHERE (FALSE  OR Terminal.Magasin_idMagasin=1) AND Commande.Livraison LIKE '2016-03-13%' ORDER BY Commande.Creation DESC LIMIT 0,10000
complex
complex
get/commande : SELECT Commande.idCommande, Commande.Creation, Commande.Livraison, Commande.Montant, Commande.PNP, Commande.Remarque, Commande.display, Client.Nom AS clientNom, Vendeuse.Nom AS vendeuseNom, Magasin.Nom AS magasinNom FROM Commande JOIN Terminal ON Commande.Terminal_idTerminal=idTerminal JOIN Client ON Commande.Client_idClient=Client.idClient JOIN Vendeuse ON Commande.Vendeuse_idVendeuse=Vendeuse.idVendeuse JOIN Magasin ON Terminal.Magasin_idMagasin=Magasin.idMagasin WHERE (FALSE  OR Terminal.Magasin_idMagasin=1) AND Commande.Livraison LIKE '2016-03-13%' ORDER BY Commande.Creation DESC LIMIT 0,10000
complex
UPDATE Client SET Tel='0496/08.88.82', Mail ='', Nom ='Feraille', TVA ='' WHERE idClient = '2034';
DELETE FROM ProduitCommande WHERE Commande_idCommande = 4916;UPDATE Commande SET Livraison = '2016-03-13 09:00:00',Montant = '2.00',PNP = '1',Remarque = '',Client_idClient = '2034',Vendeuse_idVendeuse = '49',Terminal_idTerminal = '1' WHERE idCommande=4916;
INSERT INTO ProduitCommande(Quantite, Details, Commande_idCommande, Produit_idProduit, Custom) VALUES  (1,'1x10 madagascare \nattention possibilite de mettre le plus petit aux fruits sur le mada pour faire une \"piece montee\"',4916,892,0), (1,'1x6 bavarois framboise \" j-a Raphael 1 an\"',4916,891,0);
get/magasin : SELECT * FROM Magasin WHERE display = 1;
get/category : SELECT * FROM Categorie;
get/commande : SELECT Commande.idCommande, Commande.Creation, Commande.Livraison, Commande.Montant, Commande.PNP, Commande.Remarque, Commande.display, Client.Nom AS clientNom, Vendeuse.Nom AS vendeuseNom, Magasin.Nom AS magasinNom FROM Commande JOIN Terminal ON Commande.Terminal_idTerminal=idTerminal JOIN Client ON Commande.Client_idClient=Client.idClient JOIN Vendeuse ON Commande.Vendeuse_idVendeuse=Vendeuse.idVendeuse JOIN Magasin ON Terminal.Magasin_idMagasin=Magasin.idMagasin WHERE (FALSE  OR Terminal.Magasin_idMagasin=1) AND Commande.Livraison LIKE '2016-03-04%' ORDER BY Commande.Creation DESC LIMIT 0,10000
complex
complex
get/magasin : SELECT * FROM Magasin WHERE display = 1;
get/category : SELECT * FROM Categorie;
get/commande : SELECT Commande.idCommande, Commande.Creation, Commande.Livraison, Commande.Montant, Commande.PNP, Commande.Remarque, Commande.display, Client.Nom AS clientNom, Vendeuse.Nom AS vendeuseNom, Magasin.Nom AS magasinNom FROM Commande JOIN Terminal ON Commande.Terminal_idTerminal=idTerminal JOIN Client ON Commande.Client_idClient=Client.idClient JOIN Vendeuse ON Commande.Vendeuse_idVendeuse=Vendeuse.idVendeuse JOIN Magasin ON Terminal.Magasin_idMagasin=Magasin.idMagasin WHERE (FALSE  OR Terminal.Magasin_idMagasin=1) AND Commande.Livraison LIKE '2016-03-05%' ORDER BY Commande.Creation DESC LIMIT 0,10000
complex
get/magasin : SELECT * FROM Magasin WHERE display = 1;
get/category : SELECT * FROM Categorie;
get/client : SELECT * FROM Client WHERE Client.Nom LIKE '%T%';
get/client : SELECT * FROM Client WHERE Client.Nom LIKE '%Te%';
get/client : SELECT * FROM Client WHERE Client.Nom LIKE '%Teu%';
get/client : SELECT * FROM Client WHERE Client.Nom LIKE '%Teur%';
get/client : SELECT * FROM Client WHERE Client.Nom LIKE '%Teurl%';
get/client : SELECT * FROM Client WHERE Client.Nom LIKE '%Teurli%';
get/client : SELECT * FROM Client WHERE Client.Nom LIKE '%Teurlin%';
get/client : SELECT * FROM Client WHERE Client.Nom LIKE '%Teurlinc%';
get/client : SELECT * FROM Client WHERE Client.Nom LIKE '%Teurlince%';
get/client : SELECT * FROM Client WHERE Client.Nom LIKE '%Teurlinc%';
get/client : SELECT * FROM Client WHERE Client.Nom LIKE '%Teurlincs%';
complex
clientID :2035
INSERT INTO Commande( Creation, Livraison, Montant, PNP, Remarque, Client_idClient, Vendeuse_idVendeuse, Terminal_idTerminal) VALUES ('2016-03-04 16:47:22','2016-03-05 07:00:00','23.00','0','','2035','49','1');
INSERT INTO ProduitCommande(Quantite, Details, Commande_idCommande, Produit_idProduit, Custom) VALUES  (10,'',4917,76,0);
get/magasin : SELECT * FROM Magasin WHERE display = 1;
get/category : SELECT * FROM Categorie;
get/commande : SELECT Commande.idCommande, Commande.Creation, Commande.Livraison, Commande.Montant, Commande.PNP, Commande.Remarque, Commande.display, Client.Nom AS clientNom, Vendeuse.Nom AS vendeuseNom, Magasin.Nom AS magasinNom FROM Commande JOIN Terminal ON Commande.Terminal_idTerminal=idTerminal JOIN Client ON Commande.Client_idClient=Client.idClient JOIN Vendeuse ON Commande.Vendeuse_idVendeuse=Vendeuse.idVendeuse JOIN Magasin ON Terminal.Magasin_idMagasin=Magasin.idMagasin WHERE (FALSE  OR Terminal.Magasin_idMagasin=1) AND Commande.Livraison LIKE '2016-03-05%' ORDER BY Commande.Creation DESC LIMIT 0,10000
complex
get/magasin : SELECT * FROM Magasin WHERE display = 1;
get/category : SELECT * FROM Categorie;
get/commande : SELECT Commande.idCommande, Commande.Creation, Commande.Livraison, Commande.Montant, Commande.PNP, Commande.Remarque, Commande.display, Client.Nom AS clientNom, Vendeuse.Nom AS vendeuseNom, Magasin.Nom AS magasinNom FROM Commande JOIN Terminal ON Commande.Terminal_idTerminal=idTerminal JOIN Client ON Commande.Client_idClient=Client.idClient JOIN Vendeuse ON Commande.Vendeuse_idVendeuse=Vendeuse.idVendeuse JOIN Magasin ON Terminal.Magasin_idMagasin=Magasin.idMagasin WHERE (FALSE  OR Terminal.Magasin_idMagasin=1) AND Commande.Livraison LIKE '2016-03-04%' ORDER BY Commande.Creation DESC LIMIT 0,10000
complex
get/magasin : SELECT * FROM Magasin WHERE display = 1;
get/category : SELECT * FROM Categorie;
get/commande : SELECT Commande.idCommande, Commande.Creation, Commande.Livraison, Commande.Montant, Commande.PNP, Commande.Remarque, Commande.display, Client.Nom AS clientNom, Vendeuse.Nom AS vendeuseNom, Magasin.Nom AS magasinNom FROM Commande JOIN Terminal ON Commande.Terminal_idTerminal=idTerminal JOIN Client ON Commande.Client_idClient=Client.idClient JOIN Vendeuse ON Commande.Vendeuse_idVendeuse=Vendeuse.idVendeuse JOIN Magasin ON Terminal.Magasin_idMagasin=Magasin.idMagasin WHERE (FALSE  OR Terminal.Magasin_idMagasin=1) AND Commande.Livraison LIKE '2016-03-05%' ORDER BY Commande.Creation DESC LIMIT 0,10000
complex
{ selectedMagasins: { '1': true, undefined: false },
  Livraison: '2016-03-05' }
get/terminal : SELECT * FROM Terminal;
get/magasin : SELECT * FROM Magasin WHERE display = 1;
get/magasin : SELECT * FROM Magasin WHERE display = 1;
get/category : SELECT * FROM Categorie;
complex
activeMag : 1
complex
get/commande : SELECT Commande.idCommande, Commande.Creation, Commande.Livraison, Commande.Montant, Commande.PNP, Commande.Remarque, Commande.display, Client.Nom AS clientNom, Vendeuse.Nom AS vendeuseNom, Magasin.Nom AS magasinNom FROM Commande JOIN Terminal ON Commande.Terminal_idTerminal=idTerminal JOIN Client ON Commande.Client_idClient=Client.idClient JOIN Vendeuse ON Commande.Vendeuse_idVendeuse=Vendeuse.idVendeuse JOIN Magasin ON Terminal.Magasin_idMagasin=Magasin.idMagasin WHERE (FALSE  OR Terminal.Magasin_idMagasin=1) AND Commande.Livraison LIKE '2016-03-05%' ORDER BY Commande.Creation DESC LIMIT 0,10000
complex
{ selectedMagasins: { '1': true, undefined: false },
  Livraison: '2016-03-05' }
2016-03-05
complex PRINT 1 : SELECT Commande.idCommande, Commande.Creation, Commande.Livraison, Commande.Montant, Commande.PNP, Commande.Remarque, Commande.display, Commande.Client_idClient, Client.idClient, Client.Nom AS clientNom, Client.Tel, Client.Mail, Client.TVA, Vendeuse.idVendeuse, Vendeuse.Nom AS vendeuseNom,Magasin.idMagasin, Magasin.Nom AS magasinNom, ProduitCommande.Quantite, ProduitCommande.Details, ProduitCommande.Produit_idProduit, Produit.Nom AS produitNom, Produit.idProduit, Produit.Categorie_idCategorie, Terminal.Magasin_idMagasin  FROM ProduitCommande JOIN Produit ON ProduitCommande.Produit_idProduit = idProduit JOIN Commande ON ProduitCommande.Commande_idCommande = idCommande JOIN Client ON Commande.Client_idClient = idClient JOIN Terminal ON Commande.Terminal_idTerminal = idTerminal JOIN Magasin ON Terminal.Magasin_idMagasin = idMagasin JOIN Vendeuse ON Commande.Vendeuse_idVendeuse = idVendeuse WHERE Commande.Livraison LIKE '2016-03-05%' AND (FALSE  OR Terminal.Magasin_idMagasin=1)
complex PRINT 2 : SELECT Commande.idCommande, Commande.Creation, Commande.Livraison, Commande.Montant, Commande.PNP, Commande.Remarque, Commande.display, Commande.Client_idClient, Client.idClient, Client.Nom AS clientNom, Client.Tel, Client.Mail, Client.TVA, Vendeuse.idVendeuse, Vendeuse.Nom AS vendeuseNom,Magasin.idMagasin, Magasin.Nom AS magasinNom, ProduitCommande.Quantite, ProduitCommande.Details, ProduitCommande.ProduitCustom_idProduitCustom, ProduitCustom.Nom AS produitNom, ProduitCustom.idProduitCustom, ProduitCustom.Categorie_idCategorie, Terminal.Magasin_idMagasin FROM ProduitCommande JOIN ProduitCustom ON ProduitCommande.ProduitCustom_idProduitCustom = idProduitCustom JOIN Commande ON ProduitCommande.Commande_idCommande = idCommande JOIN Client ON Commande.Client_idClient = idClient JOIN Terminal ON Commande.Terminal_idTerminal = idTerminal JOIN Magasin ON Terminal.Magasin_idMagasin = idMagasin JOIN Vendeuse ON Commande.Vendeuse_idVendeuse = idVendeuse WHERE Commande.Livraison LIKE '2016-03-05%' AND (FALSE  OR Terminal.Magasin_idMagasin=1)
get/magasin : SELECT * FROM Magasin WHERE display = 1;
get/category : SELECT * FROM Categorie;
get/commande : SELECT Commande.idCommande, Commande.Creation, Commande.Livraison, Commande.Montant, Commande.PNP, Commande.Remarque, Commande.display, Client.Nom AS clientNom, Vendeuse.Nom AS vendeuseNom, Magasin.Nom AS magasinNom FROM Commande JOIN Terminal ON Commande.Terminal_idTerminal=idTerminal JOIN Client ON Commande.Client_idClient=Client.idClient JOIN Vendeuse ON Commande.Vendeuse_idVendeuse=Vendeuse.idVendeuse JOIN Magasin ON Terminal.Magasin_idMagasin=Magasin.idMagasin WHERE (FALSE  OR Terminal.Magasin_idMagasin=1) AND Commande.Livraison LIKE '2016-03-05%' ORDER BY Commande.Creation DESC LIMIT 0,10000
