get/terminal : SELECT * FROM Terminal;
get/magasin : SELECT * FROM Magasin WHERE display = 1;
get/magasin : SELECT * FROM Magasin WHERE display = 1;
get/category : SELECT * FROM Categorie;
complex
activeMag : 1
complex
get/client : SELECT * FROM Client WHERE Client.Nom LIKE '%m%';
get/client : SELECT * FROM Client WHERE Client.Nom LIKE '%mu%';
get/client : SELECT * FROM Client WHERE Client.Nom LIKE '%mut%';
get/client : SELECT * FROM Client WHERE Client.Nom LIKE '%muth%';
get/client : SELECT * FROM Client WHERE Client.Nom LIKE '%mut%';
get/client : SELECT * FROM Client WHERE Client.Nom LIKE '%mu%';
get/client : SELECT * FROM Client WHERE Client.Nom LIKE '%m%';
get/client : SELECT * FROM Client WHERE Client.Nom LIKE '%mo%';
get/client : SELECT * FROM Client WHERE Client.Nom LIKE '%mou%';
get/client : SELECT * FROM Client WHERE Client.Nom LIKE '%mout%';
get/client : SELECT * FROM Client WHERE Client.Nom LIKE '%mouth%';
get/client : SELECT * FROM Client WHERE Client.Nom LIKE '%mouthy%';
complex
UPDATE Client SET Tel='0473506121', Mail ='', Nom ='mouthy', TVA ='BE' WHERE idClient = '397';
INSERT INTO Commande( Creation, Livraison, Montant, PNP, Remarque, Client_idClient, Vendeuse_idVendeuse, Terminal_idTerminal) VALUES ('2016-03-26 06:14:31','2016-03-27 05:00:00','3.00','1','','397','10','1');
INSERT INTO ProduitCommande(Quantite, Details, Commande_idCommande, Produit_idProduit, Custom) VALUES  (6,'',5301,490,0);
get/magasin : SELECT * FROM Magasin WHERE display = 1;
get/category : SELECT * FROM Categorie;
get/client : SELECT * FROM Client WHERE Client.Nom LIKE '%l%';
get/client : SELECT * FROM Client WHERE Client.Nom LIKE '%le%';
get/client : SELECT * FROM Client WHERE Client.Nom LIKE '%lem%';
get/client : SELECT * FROM Client WHERE Client.Nom LIKE '%lemo%';
get/client : SELECT * FROM Client WHERE Client.Nom LIKE '%lemoi%';
get/client : SELECT * FROM Client WHERE Client.Nom LIKE '%Lemoine%';
complex
UPDATE Client SET Tel='', Mail ='', Nom ='Lemoine', TVA ='' WHERE idClient = '1060';
INSERT INTO Commande( Creation, Livraison, Montant, PNP, Remarque, Client_idClient, Vendeuse_idVendeuse, Terminal_idTerminal) VALUES ('2016-03-26 06:18:26','2016-04-02 06:00:00','13.80','1','','1060','48','1');
INSERT INTO ProduitCommande(Quantite, Details, Commande_idCommande, Produit_idProduit, Custom) VALUES  (3,'',5302,502,0), (1,'Non coupe',5302,786,0), (4,'',5302,760,0);
get/magasin : SELECT * FROM Magasin WHERE display = 1;
get/category : SELECT * FROM Categorie;
get/client : SELECT * FROM Client WHERE Client.Nom LIKE '%l%';
get/client : SELECT * FROM Client WHERE Client.Nom LIKE '%la%';
get/client : SELECT * FROM Client WHERE Client.Nom LIKE '%lae%';
get/client : SELECT * FROM Client WHERE Client.Nom LIKE '%laet%';
get/client : SELECT * FROM Client WHERE Client.Nom LIKE '%laeti%';
get/client : SELECT * FROM Client WHERE Client.Nom LIKE '%laetit%';
get/client : SELECT * FROM Client WHERE Client.Nom LIKE '%laetiti%';
get/client : SELECT * FROM Client WHERE Client.Nom LIKE '%laetitia%';
complex
clientID :2149
INSERT INTO Commande( Creation, Livraison, Montant, PNP, Remarque, Client_idClient, Vendeuse_idVendeuse, Terminal_idTerminal) VALUES ('2016-03-26 06:48:25','2016-03-27 05:00:00','8.80','1','','2149','10','1');
INSERT INTO ProduitCommande(Quantite, Details, Commande_idCommande, Produit_idProduit, Custom) VALUES  (1,'',5303,84,0), (3,'nappé',5303,762,0), (3,'',5303,890,0);
get/magasin : SELECT * FROM Magasin WHERE display = 1;
get/category : SELECT * FROM Categorie;
get/commande : SELECT Commande.idCommande, Commande.Creation, Commande.Livraison, Commande.Montant, Commande.PNP, Commande.Remarque, Commande.display, Client.Nom AS clientNom, Vendeuse.Nom AS vendeuseNom, Magasin.Nom AS magasinNom FROM Commande JOIN Terminal ON Commande.Terminal_idTerminal=idTerminal JOIN Client ON Commande.Client_idClient=Client.idClient JOIN Vendeuse ON Commande.Vendeuse_idVendeuse=Vendeuse.idVendeuse JOIN Magasin ON Terminal.Magasin_idMagasin=Magasin.idMagasin WHERE (FALSE  OR Terminal.Magasin_idMagasin=1) AND Commande.Livraison LIKE '2016-03-26%' ORDER BY Commande.Creation DESC LIMIT 0,10000
complex
get/magasin : SELECT * FROM Magasin WHERE display = 1;
get/category : SELECT * FROM Categorie;
get/commande : SELECT Commande.idCommande, Commande.Creation, Commande.Livraison, Commande.Montant, Commande.PNP, Commande.Remarque, Commande.display, Client.Nom AS clientNom, Vendeuse.Nom AS vendeuseNom, Magasin.Nom AS magasinNom FROM Commande JOIN Terminal ON Commande.Terminal_idTerminal=idTerminal JOIN Client ON Commande.Client_idClient=Client.idClient JOIN Vendeuse ON Commande.Vendeuse_idVendeuse=Vendeuse.idVendeuse JOIN Magasin ON Terminal.Magasin_idMagasin=Magasin.idMagasin WHERE (FALSE  OR Terminal.Magasin_idMagasin=1) AND Commande.Livraison LIKE '2016-03-26%' ORDER BY Commande.Creation DESC LIMIT 0,10000
complex
get/magasin : SELECT * FROM Magasin WHERE display = 1;
get/category : SELECT * FROM Categorie;
get/commande : SELECT Commande.idCommande, Commande.Creation, Commande.Livraison, Commande.Montant, Commande.PNP, Commande.Remarque, Commande.display, Client.Nom AS clientNom, Vendeuse.Nom AS vendeuseNom, Magasin.Nom AS magasinNom FROM Commande JOIN Terminal ON Commande.Terminal_idTerminal=idTerminal JOIN Client ON Commande.Client_idClient=Client.idClient JOIN Vendeuse ON Commande.Vendeuse_idVendeuse=Vendeuse.idVendeuse JOIN Magasin ON Terminal.Magasin_idMagasin=Magasin.idMagasin WHERE (FALSE  OR Terminal.Magasin_idMagasin=1) AND Commande.Livraison LIKE '2016-03-27%' ORDER BY Commande.Creation DESC LIMIT 0,10000
complex
get/magasin : SELECT * FROM Magasin WHERE display = 1;
get/category : SELECT * FROM Categorie;
get/commande : SELECT Commande.idCommande, Commande.Creation, Commande.Livraison, Commande.Montant, Commande.PNP, Commande.Remarque, Commande.display, Client.Nom AS clientNom, Vendeuse.Nom AS vendeuseNom, Magasin.Nom AS magasinNom FROM Commande JOIN Terminal ON Commande.Terminal_idTerminal=idTerminal JOIN Client ON Commande.Client_idClient=Client.idClient JOIN Vendeuse ON Commande.Vendeuse_idVendeuse=Vendeuse.idVendeuse JOIN Magasin ON Terminal.Magasin_idMagasin=Magasin.idMagasin WHERE (FALSE  OR Terminal.Magasin_idMagasin=1) AND Commande.Livraison LIKE '2016-03-26%' ORDER BY Commande.Creation DESC LIMIT 0,10000
complex
get/magasin : SELECT * FROM Magasin WHERE display = 1;
get/category : SELECT * FROM Categorie;
get/commande : SELECT Commande.idCommande, Commande.Creation, Commande.Livraison, Commande.Montant, Commande.PNP, Commande.Remarque, Commande.display, Client.Nom AS clientNom, Vendeuse.Nom AS vendeuseNom, Magasin.Nom AS magasinNom FROM Commande JOIN Terminal ON Commande.Terminal_idTerminal=idTerminal JOIN Client ON Commande.Client_idClient=Client.idClient JOIN Vendeuse ON Commande.Vendeuse_idVendeuse=Vendeuse.idVendeuse JOIN Magasin ON Terminal.Magasin_idMagasin=Magasin.idMagasin WHERE (FALSE  OR Terminal.Magasin_idMagasin=1) AND Commande.Livraison LIKE '2016-03-26%' ORDER BY Commande.Creation DESC LIMIT 0,10000
get/magasin : SELECT * FROM Magasin WHERE display = 1;
get/category : SELECT * FROM Categorie;
get/client : SELECT * FROM Client WHERE Client.Nom LIKE '%o%';
get/client : SELECT * FROM Client WHERE Client.Nom LIKE '%ot%';
get/client : SELECT * FROM Client WHERE Client.Nom LIKE '%o%';
get/client : SELECT * FROM Client WHERE Client.Nom LIKE '%';
get/client : SELECT * FROM Client WHERE Client.Nom LIKE '%e%';
get/client : SELECT * FROM Client WHERE Client.Nom LIKE '%et%';
get/client : SELECT * FROM Client WHERE Client.Nom LIKE '%ets%';
get/client : SELECT * FROM Client WHERE Client.Nom LIKE '%et%';
get/client : SELECT * FROM Client WHERE Client.Nom LIKE '%e%';
get/client : SELECT * FROM Client WHERE Client.Nom LIKE '%';
get/client : SELECT * FROM Client WHERE Client.Nom LIKE '%v%';
get/client : SELECT * FROM Client WHERE Client.Nom LIKE '%va%';
get/client : SELECT * FROM Client WHERE Client.Nom LIKE '%van%';
get/client : SELECT * FROM Client WHERE Client.Nom LIKE '%va%';
get/client : SELECT * FROM Client WHERE Client.Nom LIKE '%v%';
get/client : SELECT * FROM Client WHERE Client.Nom LIKE '%';
get/client : SELECT * FROM Client WHERE Client.Nom LIKE '%E%';
get/client : SELECT * FROM Client WHERE Client.Nom LIKE '%ET%';
get/client : SELECT * FROM Client WHERE Client.Nom LIKE '%ETH%';
get/client : SELECT * FROM Client WHERE Client.Nom LIKE '%ETHE%';
get/client : SELECT * FROM Client WHERE Client.Nom LIKE '%ETHES%';
complex
clientID :2150
INSERT INTO Commande( Creation, Livraison, Montant, PNP, Remarque, Client_idClient, Vendeuse_idVendeuse, Terminal_idTerminal) VALUES ('2016-03-26 08:04:05','2016-03-27 05:00:00','66.60','0','','2150','10','1');
INSERT INTO ProduitCommande(Quantite, Details, Commande_idCommande, Produit_idProduit, Custom) VALUES  (1,'',5304,97,0), (2,'',5304,495,0), (1,'',5304,496,0), (20,'',5304,183,0), (10,'JAVANAIS',5304,182,0), (10,'TARTELETTE  FRAMBOISE',5304,182,0);
get/magasin : SELECT * FROM Magasin WHERE display = 1;
get/category : SELECT * FROM Categorie;
get/client : SELECT * FROM Client WHERE Client.Nom LIKE '%G%';
get/client : SELECT * FROM Client WHERE Client.Nom LIKE '%GO%';
get/client : SELECT * FROM Client WHERE Client.Nom LIKE '%GOD%';
get/client : SELECT * FROM Client WHERE Client.Nom LIKE '%GODE%';
get/client : SELECT * FROM Client WHERE Client.Nom LIKE '%GOD%';
get/client : SELECT * FROM Client WHERE Client.Nom LIKE '%GO%';
get/client : SELECT * FROM Client WHERE Client.Nom LIKE '%G%';
get/client : SELECT * FROM Client WHERE Client.Nom LIKE '%';
get/client : SELECT * FROM Client WHERE Client.Nom LIKE '%g%';
get/client : SELECT * FROM Client WHERE Client.Nom LIKE '%go%';
get/client : SELECT * FROM Client WHERE Client.Nom LIKE '%god%';
get/client : SELECT * FROM Client WHERE Client.Nom LIKE '%gode%';
get/client : SELECT * FROM Client WHERE Client.Nom LIKE '%god%';
get/client : SELECT * FROM Client WHERE Client.Nom LIKE '%godf%';
get/client : SELECT * FROM Client WHERE Client.Nom LIKE '%godfr%';
get/client : SELECT * FROM Client WHERE Client.Nom LIKE '%godfro%';
get/client : SELECT * FROM Client WHERE Client.Nom LIKE '%godfroi%';
get/client : SELECT * FROM Client WHERE Client.Nom LIKE '%godfroid%';
complex
clientID :2151
INSERT INTO Commande( Creation, Livraison, Montant, PNP, Remarque, Client_idClient, Vendeuse_idVendeuse, Terminal_idTerminal) VALUES ('2016-03-26 08:05:28','2016-03-27 05:00:00','16.00','0','','2151','10','1');
INSERT INTO ProduitCommande(Quantite, Details, Commande_idCommande, Produit_idProduit, Custom) VALUES  (1,'frambise',5305,216,0), (1,'4pers charlotte chocolat',5305,215,0);
get/magasin : SELECT * FROM Magasin WHERE display = 1;
get/category : SELECT * FROM Categorie;
