complex
complex
complex
complex
complex
get/magasin : SELECT * FROM Magasin WHERE display = 1;
get/category : SELECT * FROM Categorie;
get/commande : SELECT Commande.idCommande, Commande.Creation, Commande.Livraison, Commande.Montant, Commande.PNP, Commande.Remarque, Commande.display, Client.Nom AS clientNom, Vendeuse.Nom AS vendeuseNom, Magasin.Nom AS magasinNom FROM Commande JOIN Terminal ON Commande.Terminal_idTerminal=idTerminal JOIN Client ON Commande.Client_idClient=Client.idClient JOIN Vendeuse ON Commande.Vendeuse_idVendeuse=Vendeuse.idVendeuse JOIN Magasin ON Terminal.Magasin_idMagasin=Magasin.idMagasin WHERE (FALSE  OR Terminal.Magasin_idMagasin=1) AND Commande.Livraison LIKE '2016-03-17%' ORDER BY Commande.Creation DESC LIMIT 0,10000
complex
complex
complex
complex
complex
get/magasin : SELECT * FROM Magasin WHERE display = 1;
get/category : SELECT * FROM Categorie;
get/commande : SELECT Commande.idCommande, Commande.Creation, Commande.Livraison, Commande.Montant, Commande.PNP, Commande.Remarque, Commande.display, Client.Nom AS clientNom, Vendeuse.Nom AS vendeuseNom, Magasin.Nom AS magasinNom FROM Commande JOIN Terminal ON Commande.Terminal_idTerminal=idTerminal JOIN Client ON Commande.Client_idClient=Client.idClient JOIN Vendeuse ON Commande.Vendeuse_idVendeuse=Vendeuse.idVendeuse JOIN Magasin ON Terminal.Magasin_idMagasin=Magasin.idMagasin WHERE (FALSE  OR Terminal.Magasin_idMagasin=1) AND Commande.Livraison LIKE '2016-03-16%' ORDER BY Commande.Creation DESC LIMIT 0,10000
complex
get/magasin : SELECT * FROM Magasin WHERE display = 1;
get/category : SELECT * FROM Categorie;
get/commande : SELECT Commande.idCommande, Commande.Creation, Commande.Livraison, Commande.Montant, Commande.PNP, Commande.Remarque, Commande.display, Client.Nom AS clientNom, Vendeuse.Nom AS vendeuseNom, Magasin.Nom AS magasinNom FROM Commande JOIN Terminal ON Commande.Terminal_idTerminal=idTerminal JOIN Client ON Commande.Client_idClient=Client.idClient JOIN Vendeuse ON Commande.Vendeuse_idVendeuse=Vendeuse.idVendeuse JOIN Magasin ON Terminal.Magasin_idMagasin=Magasin.idMagasin WHERE (FALSE  OR Terminal.Magasin_idMagasin=1) AND Commande.Livraison LIKE '2016-03-17%' ORDER BY Commande.Creation DESC LIMIT 0,10000
get/magasin : SELECT * FROM Magasin WHERE display = 1;
get/category : SELECT * FROM Categorie;
get/client : SELECT * FROM Client WHERE Client.Nom LIKE '%A%';
get/client : SELECT * FROM Client WHERE Client.Nom LIKE '%An%';
get/client : SELECT * FROM Client WHERE Client.Nom LIKE '%Ann%';
get/client : SELECT * FROM Client WHERE Client.Nom LIKE '%An%';
get/client : SELECT * FROM Client WHERE Client.Nom LIKE '%A%';
get/client : SELECT * FROM Client WHERE Client.Nom LIKE '%Ag%';
get/client : SELECT * FROM Client WHERE Client.Nom LIKE '%Agn%';
get/client : SELECT * FROM Client WHERE Client.Nom LIKE '%Agne%';
get/client : SELECT * FROM Client WHERE Client.Nom LIKE '%Agnee%';
get/client : SELECT * FROM Client WHERE Client.Nom LIKE '%Agneesens Christelle%';
complex
UPDATE Client SET Tel='0484/596304', Mail ='', Nom ='Agneesens Christelle', TVA ='' WHERE idClient = '266';
INSERT INTO Commande( Creation, Livraison, Montant, PNP, Remarque, Client_idClient, Vendeuse_idVendeuse, Terminal_idTerminal) VALUES ('2016-03-16 07:22:16','2016-03-17 06:00:00','1.60','1','','266','2','1');
INSERT INTO ProduitCommande(Quantite, Details, Commande_idCommande, Produit_idProduit, Custom) VALUES  (1,'',5102,175,0);
get/magasin : SELECT * FROM Magasin WHERE display = 1;
get/category : SELECT * FROM Categorie;
get/client : SELECT * FROM Client WHERE Client.Nom LIKE '%F%';
get/client : SELECT * FROM Client WHERE Client.Nom LIKE '%Fr%';
get/client : SELECT * FROM Client WHERE Client.Nom LIKE '%Fra%';
get/client : SELECT * FROM Client WHERE Client.Nom LIKE '%Fran%';
get/client : SELECT * FROM Client WHERE Client.Nom LIKE '%Franc%';
get/client : SELECT * FROM Client WHERE Client.Nom LIKE '%Franci%';
get/client : SELECT * FROM Client WHERE Client.Nom LIKE '%Francis%';
complex
UPDATE Client SET Tel='', Mail ='', Nom ='Francis', TVA ='' WHERE idClient = '696';
INSERT INTO Commande( Creation, Livraison, Montant, PNP, Remarque, Client_idClient, Vendeuse_idVendeuse, Terminal_idTerminal) VALUES ('2016-03-16 08:11:41','2016-03-19 09:00:00','26.60','1','','696','49','1');
INSERT INTO ProduitCommande(Quantite, Details, Commande_idCommande, Produit_idProduit, Custom) VALUES  (5,'',5103,518,0), (1,'',5103,75,0), (2,'',5103,97,0), (12,'',5103,495,0);
get/magasin : SELECT * FROM Magasin WHERE display = 1;
get/category : SELECT * FROM Categorie;
get/commande : SELECT Commande.idCommande, Commande.Creation, Commande.Livraison, Commande.Montant, Commande.PNP, Commande.Remarque, Commande.display, Client.Nom AS clientNom, Vendeuse.Nom AS vendeuseNom, Magasin.Nom AS magasinNom FROM Commande JOIN Terminal ON Commande.Terminal_idTerminal=idTerminal JOIN Client ON Commande.Client_idClient=Client.idClient JOIN Vendeuse ON Commande.Vendeuse_idVendeuse=Vendeuse.idVendeuse JOIN Magasin ON Terminal.Magasin_idMagasin=Magasin.idMagasin WHERE (FALSE  OR Terminal.Magasin_idMagasin=1) AND Commande.Livraison LIKE '2016-03-19%' ORDER BY Commande.Creation DESC LIMIT 0,10000
complex
get/magasin : SELECT * FROM Magasin WHERE display = 1;
get/category : SELECT * FROM Categorie;
get/commande : SELECT Commande.idCommande, Commande.Creation, Commande.Livraison, Commande.Montant, Commande.PNP, Commande.Remarque, Commande.display, Client.Nom AS clientNom, Vendeuse.Nom AS vendeuseNom, Magasin.Nom AS magasinNom FROM Commande JOIN Terminal ON Commande.Terminal_idTerminal=idTerminal JOIN Client ON Commande.Client_idClient=Client.idClient JOIN Vendeuse ON Commande.Vendeuse_idVendeuse=Vendeuse.idVendeuse JOIN Magasin ON Terminal.Magasin_idMagasin=Magasin.idMagasin WHERE (FALSE  OR Terminal.Magasin_idMagasin=1) AND Commande.Livraison LIKE '2016-03-16%' ORDER BY Commande.Creation DESC LIMIT 0,10000
complex
get/magasin : SELECT * FROM Magasin WHERE display = 1;
get/category : SELECT * FROM Categorie;
get/client : SELECT * FROM Client WHERE Client.Nom LIKE '%i%';
get/client : SELECT * FROM Client WHERE Client.Nom LIKE '%im%';
get/client : SELECT * FROM Client WHERE Client.Nom LIKE '%imp%';
get/client : SELECT * FROM Client WHERE Client.Nom LIKE '%impe%';
get/client : SELECT * FROM Client WHERE Client.Nom LIKE '%imper%';
get/client : SELECT * FROM Client WHERE Client.Nom LIKE '%imperbel%';
complex
UPDATE Client SET Tel='081/654376', Mail ='', Nom ='imperbel', TVA ='' WHERE idClient = '17';
INSERT INTO Commande( Creation, Livraison, Montant, PNP, Remarque, Client_idClient, Vendeuse_idVendeuse, Terminal_idTerminal) VALUES ('2016-03-16 08:39:00','2016-03-21 07:00:00','22.30','3','ref ce','17','49','1');
INSERT INTO ProduitCommande(Quantite, Details, Commande_idCommande, Produit_idProduit, Custom) VALUES  (3,'',5104,743,0), (1,'',5104,753,0), (1,'',5104,757,0), (1,'cockailt oignon v',5104,709,0), (1,'oeuf maoy',5104,696,0);
get/magasin : SELECT * FROM Magasin WHERE display = 1;
get/category : SELECT * FROM Categorie;
get/commande : SELECT Commande.idCommande, Commande.Creation, Commande.Livraison, Commande.Montant, Commande.PNP, Commande.Remarque, Commande.display, Client.Nom AS clientNom, Vendeuse.Nom AS vendeuseNom, Magasin.Nom AS magasinNom FROM Commande JOIN Terminal ON Commande.Terminal_idTerminal=idTerminal JOIN Client ON Commande.Client_idClient=Client.idClient JOIN Vendeuse ON Commande.Vendeuse_idVendeuse=Vendeuse.idVendeuse JOIN Magasin ON Terminal.Magasin_idMagasin=Magasin.idMagasin WHERE (FALSE  OR Terminal.Magasin_idMagasin=1) AND Commande.Livraison LIKE '2016-03-17%' ORDER BY Commande.Creation DESC LIMIT 0,10000
complex
get/magasin : SELECT * FROM Magasin WHERE display = 1;
get/category : SELECT * FROM Categorie;
get/commande : SELECT Commande.idCommande, Commande.Creation, Commande.Livraison, Commande.Montant, Commande.PNP, Commande.Remarque, Commande.display, Client.Nom AS clientNom, Vendeuse.Nom AS vendeuseNom, Magasin.Nom AS magasinNom FROM Commande JOIN Terminal ON Commande.Terminal_idTerminal=idTerminal JOIN Client ON Commande.Client_idClient=Client.idClient JOIN Vendeuse ON Commande.Vendeuse_idVendeuse=Vendeuse.idVendeuse JOIN Magasin ON Terminal.Magasin_idMagasin=Magasin.idMagasin WHERE (FALSE  OR Terminal.Magasin_idMagasin=1) AND Commande.Livraison LIKE '2016-03-17%' ORDER BY Commande.Creation DESC LIMIT 0,10000
get/magasin : SELECT * FROM Magasin WHERE display = 1;
get/category : SELECT * FROM Categorie;
get/client : SELECT * FROM Client WHERE Client.Nom LIKE '%W%';
get/client : SELECT * FROM Client WHERE Client.Nom LIKE '%Wi%';
get/client : SELECT * FROM Client WHERE Client.Nom LIKE '%Wia%';
get/client : SELECT * FROM Client WHERE Client.Nom LIKE '%Wiam%';
get/client : SELECT * FROM Client WHERE Client.Nom LIKE '%Wiame sylvie%';
complex
UPDATE Client SET Tel='0479706516', Mail ='', Nom ='Wiame sylvie', TVA ='' WHERE idClient = '905';
INSERT INTO Commande( Creation, Livraison, Montant, PNP, Remarque, Client_idClient, Vendeuse_idVendeuse, Terminal_idTerminal) VALUES ('2016-03-16 09:56:43','2016-03-19 14:00:00','3.35','0','','905','49','1');
INSERT INTO ProduitCommande(Quantite, Details, Commande_idCommande, Produit_idProduit, Custom) VALUES  (1,'1x10 bavarois choco \" j-a LILIE 4ans\" \ndeco: reines des neiges si pas belle au bois dormant',5105,187,0);
get/magasin : SELECT * FROM Magasin WHERE display = 1;
get/category : SELECT * FROM Categorie;
get/commande : SELECT Commande.idCommande, Commande.Creation, Commande.Livraison, Commande.Montant, Commande.PNP, Commande.Remarque, Commande.display, Client.Nom AS clientNom, Vendeuse.Nom AS vendeuseNom, Magasin.Nom AS magasinNom FROM Commande JOIN Terminal ON Commande.Terminal_idTerminal=idTerminal JOIN Client ON Commande.Client_idClient=Client.idClient JOIN Vendeuse ON Commande.Vendeuse_idVendeuse=Vendeuse.idVendeuse JOIN Magasin ON Terminal.Magasin_idMagasin=Magasin.idMagasin WHERE (FALSE  OR Terminal.Magasin_idMagasin=1) AND Commande.Livraison LIKE '2016-03-19%' ORDER BY Commande.Creation DESC LIMIT 0,10000
get/magasin : SELECT * FROM Magasin WHERE display = 1;
get/category : SELECT * FROM Categorie;
get/commande : SELECT Commande.idCommande, Commande.Creation, Commande.Livraison, Commande.Montant, Commande.PNP, Commande.Remarque, Commande.display, Client.Nom AS clientNom, Vendeuse.Nom AS vendeuseNom, Magasin.Nom AS magasinNom FROM Commande JOIN Terminal ON Commande.Terminal_idTerminal=idTerminal JOIN Client ON Commande.Client_idClient=Client.idClient JOIN Vendeuse ON Commande.Vendeuse_idVendeuse=Vendeuse.idVendeuse JOIN Magasin ON Terminal.Magasin_idMagasin=Magasin.idMagasin WHERE (FALSE  OR Terminal.Magasin_idMagasin=1) AND Commande.Livraison LIKE '2016-03-16%' ORDER BY Commande.Creation DESC LIMIT 0,10000
complex
complex
complex
get/magasin : SELECT * FROM Magasin WHERE display = 1;
get/category : SELECT * FROM Categorie;
get/commande : SELECT Commande.idCommande, Commande.Creation, Commande.Livraison, Commande.Montant, Commande.PNP, Commande.Remarque, Commande.display, Client.Nom AS clientNom, Vendeuse.Nom AS vendeuseNom, Magasin.Nom AS magasinNom FROM Commande JOIN Terminal ON Commande.Terminal_idTerminal=idTerminal JOIN Client ON Commande.Client_idClient=Client.idClient JOIN Vendeuse ON Commande.Vendeuse_idVendeuse=Vendeuse.idVendeuse JOIN Magasin ON Terminal.Magasin_idMagasin=Magasin.idMagasin WHERE (FALSE  OR Terminal.Magasin_idMagasin=1) AND Commande.Livraison LIKE '2016-03-17%' ORDER BY Commande.Creation DESC LIMIT 0,10000
get/magasin : SELECT * FROM Magasin WHERE display = 1;
get/category : SELECT * FROM Categorie;
get/commande : SELECT Commande.idCommande, Commande.Creation, Commande.Livraison, Commande.Montant, Commande.PNP, Commande.Remarque, Commande.display, Client.Nom AS clientNom, Vendeuse.Nom AS vendeuseNom, Magasin.Nom AS magasinNom FROM Commande JOIN Terminal ON Commande.Terminal_idTerminal=idTerminal JOIN Client ON Commande.Client_idClient=Client.idClient JOIN Vendeuse ON Commande.Vendeuse_idVendeuse=Vendeuse.idVendeuse JOIN Magasin ON Terminal.Magasin_idMagasin=Magasin.idMagasin WHERE (FALSE  OR Terminal.Magasin_idMagasin=1) AND Commande.Livraison LIKE '2016-03-17%' ORDER BY Commande.Creation DESC LIMIT 0,10000
get/magasin : SELECT * FROM Magasin WHERE display = 1;
get/category : SELECT * FROM Categorie;
get/client : SELECT * FROM Client WHERE Client.Nom LIKE '%s%';
get/client : SELECT * FROM Client WHERE Client.Nom LIKE '%ss%';
get/client : SELECT * FROM Client WHERE Client.Nom LIKE '%sse%';
get/client : SELECT * FROM Client WHERE Client.Nom LIKE '%sseh%';
get/client : SELECT * FROM Client WHERE Client.Nom LIKE '%sseha%';
get/client : SELECT * FROM Client WHERE Client.Nom LIKE '%sseh%';
get/client : SELECT * FROM Client WHERE Client.Nom LIKE '%sse%';
get/client : SELECT * FROM Client WHERE Client.Nom LIKE '%ss%';
get/client : SELECT * FROM Client WHERE Client.Nom LIKE '%s%';
get/client : SELECT * FROM Client WHERE Client.Nom LIKE '%se%';
get/client : SELECT * FROM Client WHERE Client.Nom LIKE '%seh%';
get/client : SELECT * FROM Client WHERE Client.Nom LIKE '%seha%';
get/client : SELECT * FROM Client WHERE Client.Nom LIKE '%Seha%';
complex
UPDATE Client SET Tel='', Mail ='', Nom ='Seha', TVA ='' WHERE idClient = '392';
INSERT INTO Commande( Creation, Livraison, Montant, PNP, Remarque, Client_idClient, Vendeuse_idVendeuse, Terminal_idTerminal) VALUES ('2016-03-16 11:55:40','2016-03-19 09:00:00','5.40','1','','392','52','1');
INSERT INTO ProduitCommande(Quantite, Details, Commande_idCommande, Produit_idProduit, Custom) VALUES  (2,'crudités',5106,711,0);
get/magasin : SELECT * FROM Magasin WHERE display = 1;
get/category : SELECT * FROM Categorie;
get/client : SELECT * FROM Client WHERE Client.Nom LIKE '%B%';
get/client : SELECT * FROM Client WHERE Client.Nom LIKE '%Be%';
get/client : SELECT * FROM Client WHERE Client.Nom LIKE '%Ber%';
get/client : SELECT * FROM Client WHERE Client.Nom LIKE '%Berg%';
get/client : SELECT * FROM Client WHERE Client.Nom LIKE '%Berge%';
get/client : SELECT * FROM Client WHERE Client.Nom LIKE '%Berger%';
get/client : SELECT * FROM Client WHERE Client.Nom LIKE '%marie-thérese berger%';
get/client : SELECT * FROM Client WHERE Client.Nom LIKE '%marie-thérese berge%';
get/client : SELECT * FROM Client WHERE Client.Nom LIKE '%marie-thérese berg%';
get/client : SELECT * FROM Client WHERE Client.Nom LIKE '%marie-thérese ber%';
get/client : SELECT * FROM Client WHERE Client.Nom LIKE '%marie-thérese be%';
get/client : SELECT * FROM Client WHERE Client.Nom LIKE '%marie-thérese b%';
get/client : SELECT * FROM Client WHERE Client.Nom LIKE '%marie-thérese%';
get/client : SELECT * FROM Client WHERE Client.Nom LIKE '%marie-théres%';
get/client : SELECT * FROM Client WHERE Client.Nom LIKE '%marie-thére%';
get/client : SELECT * FROM Client WHERE Client.Nom LIKE '%marie-thér%';
get/client : SELECT * FROM Client WHERE Client.Nom LIKE '%marie-thé%';
get/client : SELECT * FROM Client WHERE Client.Nom LIKE '%marie-th%';
get/client : SELECT * FROM Client WHERE Client.Nom LIKE '%marie-t%';
get/client : SELECT * FROM Client WHERE Client.Nom LIKE '%marie-%';
get/client : SELECT * FROM Client WHERE Client.Nom LIKE '%marie%';
get/client : SELECT * FROM Client WHERE Client.Nom LIKE '%mari%';
get/client : SELECT * FROM Client WHERE Client.Nom LIKE '%mar%';
get/client : SELECT * FROM Client WHERE Client.Nom LIKE '%ma%';
get/client : SELECT * FROM Client WHERE Client.Nom LIKE '%m%';
get/client : SELECT * FROM Client WHERE Client.Nom LIKE '%';
get/client : SELECT * FROM Client WHERE Client.Nom LIKE '%b%';
get/client : SELECT * FROM Client WHERE Client.Nom LIKE '%br%';
get/client : SELECT * FROM Client WHERE Client.Nom LIKE '%b%';
get/client : SELECT * FROM Client WHERE Client.Nom LIKE '%';
get/client : SELECT * FROM Client WHERE Client.Nom LIKE '%B%';
get/client : SELECT * FROM Client WHERE Client.Nom LIKE '%Be%';
get/client : SELECT * FROM Client WHERE Client.Nom LIKE '%Ber%';
get/client : SELECT * FROM Client WHERE Client.Nom LIKE '%Berg%';
get/client : SELECT * FROM Client WHERE Client.Nom LIKE '%Berge%';
get/client : SELECT * FROM Client WHERE Client.Nom LIKE '%Berger%';
get/client : SELECT * FROM Client WHERE Client.Nom LIKE '%berger%';
get/client : SELECT * FROM Client WHERE Client.Nom LIKE '%Berger Carine%';
complex
UPDATE Client SET Tel='0478531099', Mail ='', Nom ='Berger Carine', TVA ='' WHERE idClient = '1605';
INSERT INTO Commande( Creation, Livraison, Montant, PNP, Remarque, Client_idClient, Vendeuse_idVendeuse, Terminal_idTerminal) VALUES ('2016-03-16 12:27:46','2016-03-17 07:00:00','5.20','0','','1605','49','1');
INSERT INTO ProduitCommande(Quantite, Details, Commande_idCommande, Produit_idProduit, Custom) VALUES  (2,'',5107,101,0);
get/magasin : SELECT * FROM Magasin WHERE display = 1;
get/category : SELECT * FROM Categorie;
get/magasin : SELECT * FROM Magasin WHERE display = 1;
get/category : SELECT * FROM Categorie;
get/magasin : SELECT * FROM Magasin WHERE display = 1;
get/category : SELECT * FROM Categorie;
get/magasin : SELECT * FROM Magasin WHERE display = 1;
get/category : SELECT * FROM Categorie;
get/magasin : SELECT * FROM Magasin WHERE display = 1;
get/category : SELECT * FROM Categorie;
get/magasin : SELECT * FROM Magasin WHERE display = 1;
get/category : SELECT * FROM Categorie;
get/magasin : SELECT * FROM Magasin WHERE display = 1;
get/category : SELECT * FROM Categorie;
get/magasin : SELECT * FROM Magasin WHERE display = 1;
get/category : SELECT * FROM Categorie;
get/commande : SELECT Commande.idCommande, Commande.Creation, Commande.Livraison, Commande.Montant, Commande.PNP, Commande.Remarque, Commande.display, Client.Nom AS clientNom, Vendeuse.Nom AS vendeuseNom, Magasin.Nom AS magasinNom FROM Commande JOIN Terminal ON Commande.Terminal_idTerminal=idTerminal JOIN Client ON Commande.Client_idClient=Client.idClient JOIN Vendeuse ON Commande.Vendeuse_idVendeuse=Vendeuse.idVendeuse JOIN Magasin ON Terminal.Magasin_idMagasin=Magasin.idMagasin WHERE (FALSE  OR Terminal.Magasin_idMagasin=1) AND Commande.Livraison LIKE '2016-04-10%' ORDER BY Commande.Creation DESC LIMIT 0,10000
get/magasin : SELECT * FROM Magasin WHERE display = 1;
get/category : SELECT * FROM Categorie;
get/commande : SELECT Commande.idCommande, Commande.Creation, Commande.Livraison, Commande.Montant, Commande.PNP, Commande.Remarque, Commande.display, Client.Nom AS clientNom, Vendeuse.Nom AS vendeuseNom, Magasin.Nom AS magasinNom FROM Commande JOIN Terminal ON Commande.Terminal_idTerminal=idTerminal JOIN Client ON Commande.Client_idClient=Client.idClient JOIN Vendeuse ON Commande.Vendeuse_idVendeuse=Vendeuse.idVendeuse JOIN Magasin ON Terminal.Magasin_idMagasin=Magasin.idMagasin WHERE (FALSE  OR Terminal.Magasin_idMagasin=1) AND Commande.Livraison LIKE '2016-03-19%' ORDER BY Commande.Creation DESC LIMIT 0,10000
get/magasin : SELECT * FROM Magasin WHERE display = 1;
get/category : SELECT * FROM Categorie;
get/magasin : SELECT * FROM Magasin WHERE display = 1;
get/category : SELECT * FROM Categorie;
get/magasin : SELECT * FROM Magasin WHERE display = 1;
get/category : SELECT * FROM Categorie;
get/magasin : SELECT * FROM Magasin WHERE display = 1;
get/category : SELECT * FROM Categorie;
get/magasin : SELECT * FROM Magasin WHERE display = 1;
get/category : SELECT * FROM Categorie;
get/commande : SELECT Commande.idCommande, Commande.Creation, Commande.Livraison, Commande.Montant, Commande.PNP, Commande.Remarque, Commande.display, Client.Nom AS clientNom, Vendeuse.Nom AS vendeuseNom, Magasin.Nom AS magasinNom FROM Commande JOIN Terminal ON Commande.Terminal_idTerminal=idTerminal JOIN Client ON Commande.Client_idClient=Client.idClient JOIN Vendeuse ON Commande.Vendeuse_idVendeuse=Vendeuse.idVendeuse JOIN Magasin ON Terminal.Magasin_idMagasin=Magasin.idMagasin WHERE (FALSE  OR Terminal.Magasin_idMagasin=1) AND Commande.Livraison LIKE '2016-03-17%' ORDER BY Commande.Creation DESC LIMIT 0,10000
complex
complex
complex
complex
complex
complex
complex
get/magasin : SELECT * FROM Magasin WHERE display = 1;
get/category : SELECT * FROM Categorie;
get/magasin : SELECT * FROM Magasin WHERE display = 1;
get/category : SELECT * FROM Categorie;
get/commande : SELECT Commande.idCommande, Commande.Creation, Commande.Livraison, Commande.Montant, Commande.PNP, Commande.Remarque, Commande.display, Client.Nom AS clientNom, Vendeuse.Nom AS vendeuseNom, Magasin.Nom AS magasinNom FROM Commande JOIN Terminal ON Commande.Terminal_idTerminal=idTerminal JOIN Client ON Commande.Client_idClient=Client.idClient JOIN Vendeuse ON Commande.Vendeuse_idVendeuse=Vendeuse.idVendeuse JOIN Magasin ON Terminal.Magasin_idMagasin=Magasin.idMagasin WHERE (FALSE  OR Terminal.Magasin_idMagasin=1) AND Commande.Livraison LIKE '2016-03-16%' ORDER BY Commande.Creation DESC LIMIT 0,10000
