get/client : SELECT * FROM Client WHERE Client.Nom LIKE '%b%';
get/client : SELECT * FROM Client WHERE Client.Nom LIKE '%be%';
get/client : SELECT * FROM Client WHERE Client.Nom LIKE '%ber%';
get/client : SELECT * FROM Client WHERE Client.Nom LIKE '%berg%';
get/client : SELECT * FROM Client WHERE Client.Nom LIKE '%bergh%';
get/client : SELECT * FROM Client WHERE Client.Nom LIKE '%berghm%';
get/client : SELECT * FROM Client WHERE Client.Nom LIKE '%berghma%';
get/client : SELECT * FROM Client WHERE Client.Nom LIKE '%berghmae%';
get/client : SELECT * FROM Client WHERE Client.Nom LIKE '%berghmaen%';
complex
clientID :2146
INSERT INTO Commande( Creation, Livraison, Montant, PNP, Remarque, Client_idClient, Vendeuse_idVendeuse, Terminal_idTerminal) VALUES ('2016-03-25 16:15:24','2016-03-26 08:00:00','8.90','1','','2146','8','1');
INSERT INTO ProduitCommande(Quantite, Details, Commande_idCommande, Produit_idProduit, Custom) VALUES  (1,'',5298,784,0), (1,'',5298,785,0);
get/magasin : SELECT * FROM Magasin WHERE display = 1;
get/category : SELECT * FROM Categorie;
get/commande : SELECT Commande.idCommande, Commande.Creation, Commande.Livraison, Commande.Montant, Commande.PNP, Commande.Remarque, Commande.display, Client.Nom AS clientNom, Vendeuse.Nom AS vendeuseNom, Magasin.Nom AS magasinNom FROM Commande JOIN Terminal ON Commande.Terminal_idTerminal=idTerminal JOIN Client ON Commande.Client_idClient=Client.idClient JOIN Vendeuse ON Commande.Vendeuse_idVendeuse=Vendeuse.idVendeuse JOIN Magasin ON Terminal.Magasin_idMagasin=Magasin.idMagasin WHERE (FALSE  OR Terminal.Magasin_idMagasin=1) AND Commande.Livraison LIKE '2016-03-26%' ORDER BY Commande.Creation DESC LIMIT 0,10000
complex
get/magasin : SELECT * FROM Magasin WHERE display = 1;
get/category : SELECT * FROM Categorie;
get/client : SELECT * FROM Client WHERE Client.Nom LIKE '%c%';
get/client : SELECT * FROM Client WHERE Client.Nom LIKE '%cl%';
get/client : SELECT * FROM Client WHERE Client.Nom LIKE '%cle%';
get/client : SELECT * FROM Client WHERE Client.Nom LIKE '%cler%';
get/client : SELECT * FROM Client WHERE Client.Nom LIKE '%clerc%';
get/client : SELECT * FROM Client WHERE Client.Nom LIKE '%clercq%';
complex
clientID :2147
INSERT INTO Commande( Creation, Livraison, Montant, PNP, Remarque, Client_idClient, Vendeuse_idVendeuse, Terminal_idTerminal) VALUES ('2016-03-25 16:18:38','2016-03-28 07:00:00','23.15','0','','2147','8','1');
INSERT INTO ProduitCommande(Quantite, Details, Commande_idCommande, Produit_idProduit, Custom) VALUES  (4,'',5299,495,0), (1,'1x6 citron',5299,190,0);
get/magasin : SELECT * FROM Magasin WHERE display = 1;
get/category : SELECT * FROM Categorie;
get/commande : SELECT Commande.idCommande, Commande.Creation, Commande.Livraison, Commande.Montant, Commande.PNP, Commande.Remarque, Commande.display, Client.Nom AS clientNom, Vendeuse.Nom AS vendeuseNom, Magasin.Nom AS magasinNom FROM Commande JOIN Terminal ON Commande.Terminal_idTerminal=idTerminal JOIN Client ON Commande.Client_idClient=Client.idClient JOIN Vendeuse ON Commande.Vendeuse_idVendeuse=Vendeuse.idVendeuse JOIN Magasin ON Terminal.Magasin_idMagasin=Magasin.idMagasin WHERE (FALSE  OR Terminal.Magasin_idMagasin=1) AND Commande.Livraison LIKE '2016-03-28%' ORDER BY Commande.Creation DESC LIMIT 0,10000
complex
get/magasin : SELECT * FROM Magasin WHERE display = 1;
get/category : SELECT * FROM Categorie;
get/client : SELECT * FROM Client WHERE Client.Nom LIKE '%g%';
get/client : SELECT * FROM Client WHERE Client.Nom LIKE '%gh%';
get/client : SELECT * FROM Client WHERE Client.Nom LIKE '%ghi%';
get/client : SELECT * FROM Client WHERE Client.Nom LIKE '%ghio%';
get/client : SELECT * FROM Client WHERE Client.Nom LIKE '%ghiot%';
get/client : SELECT * FROM Client WHERE Client.Nom LIKE '%ghiott%';
get/client : SELECT * FROM Client WHERE Client.Nom LIKE '%ghiotte%';
get/client : SELECT * FROM Client WHERE Client.Nom LIKE '%ghiott%';
get/client : SELECT * FROM Client WHERE Client.Nom LIKE '%ghiotto%';
complex
clientID :2148
INSERT INTO Commande( Creation, Livraison, Montant, PNP, Remarque, Client_idClient, Vendeuse_idVendeuse, Terminal_idTerminal) VALUES ('2016-03-25 17:14:01','2016-03-28 07:00:00','24.00','1','','2148','8','1');
INSERT INTO ProduitCommande(Quantite, Details, Commande_idCommande, Produit_idProduit, Custom) VALUES  (1,'',5300,880,0), (1,'',5300,868,0);
get/magasin : SELECT * FROM Magasin WHERE display = 1;
get/category : SELECT * FROM Categorie;
