get/commande : SELECT Commande.idCommande, Commande.Creation, Commande.Livraison, Commande.Montant, Commande.PNP, Commande.Remarque, Commande.display, Client.Nom AS clientNom, Vendeuse.Nom AS vendeuseNom, Magasin.Nom AS magasinNom FROM Commande JOIN Terminal ON Commande.Terminal_idTerminal=idTerminal JOIN Client ON Commande.Client_idClient=Client.idClient JOIN Vendeuse ON Commande.Vendeuse_idVendeuse=Vendeuse.idVendeuse JOIN Magasin ON Terminal.Magasin_idMagasin=Magasin.idMagasin WHERE (FALSE  OR Terminal.Magasin_idMagasin=1) AND Commande.Livraison LIKE '2016-04-05%' ORDER BY Commande.Creation DESC LIMIT 0,10000
complex
complex
complex
complex
complex
complex
complex
complex
complex
complex
complex
complex
get/magasin : SELECT * FROM Magasin WHERE display = 1;
get/category : SELECT * FROM Categorie;
get/commande : SELECT Commande.idCommande, Commande.Creation, Commande.Livraison, Commande.Montant, Commande.PNP, Commande.Remarque, Commande.display, Client.Nom AS clientNom, Vendeuse.Nom AS vendeuseNom, Magasin.Nom AS magasinNom FROM Commande JOIN Terminal ON Commande.Terminal_idTerminal=idTerminal JOIN Client ON Commande.Client_idClient=Client.idClient JOIN Vendeuse ON Commande.Vendeuse_idVendeuse=Vendeuse.idVendeuse JOIN Magasin ON Terminal.Magasin_idMagasin=Magasin.idMagasin WHERE (FALSE  OR Terminal.Magasin_idMagasin=1) AND Commande.Livraison LIKE '2016-04-04%' ORDER BY Commande.Creation DESC LIMIT 0,10000
get/magasin : SELECT * FROM Magasin WHERE display = 1;
get/category : SELECT * FROM Categorie;
get/client : SELECT * FROM Client WHERE Client.Nom LIKE '%v%';
get/client : SELECT * FROM Client WHERE Client.Nom LIKE '%vi%';
get/client : SELECT * FROM Client WHERE Client.Nom LIKE '%vin%';
get/client : SELECT * FROM Client WHERE Client.Nom LIKE '%vinv%';
get/client : SELECT * FROM Client WHERE Client.Nom LIKE '%vin%';
get/client : SELECT * FROM Client WHERE Client.Nom LIKE '%vinc%';
get/client : SELECT * FROM Client WHERE Client.Nom LIKE '%vince%';
get/client : SELECT * FROM Client WHERE Client.Nom LIKE '%vincen%';
get/client : SELECT * FROM Client WHERE Client.Nom LIKE '%vincent%';
get/client : SELECT * FROM Client WHERE Client.Nom LIKE '%vncent%';
get/client : SELECT * FROM Client WHERE Client.Nom LIKE '%ncent%';
get/client : SELECT * FROM Client WHERE Client.Nom LIKE '%Vncent%';
get/client : SELECT * FROM Client WHERE Client.Nom LIKE '%Vincent%';
complex
clientID :2206
INSERT INTO Commande( Creation, Livraison, Montant, PNP, Remarque, Client_idClient, Vendeuse_idVendeuse, Terminal_idTerminal) VALUES ('2016-04-04 16:31:00','2016-04-17 08:00:00','61.90','0','','2206','49','1');
INSERT INTO ProduitCommande(Quantite, Details, Commande_idCommande, Produit_idProduit, Custom) VALUES  (7,'',5487,495,0), (7,'',5487,499,0), (7,'',5487,498,0), (5,'',5487,76,0), (5,'',5487,97,0);
get/magasin : SELECT * FROM Magasin WHERE display = 1;
get/category : SELECT * FROM Categorie;
get/commande : SELECT Commande.idCommande, Commande.Creation, Commande.Livraison, Commande.Montant, Commande.PNP, Commande.Remarque, Commande.display, Client.Nom AS clientNom, Vendeuse.Nom AS vendeuseNom, Magasin.Nom AS magasinNom FROM Commande JOIN Terminal ON Commande.Terminal_idTerminal=idTerminal JOIN Client ON Commande.Client_idClient=Client.idClient JOIN Vendeuse ON Commande.Vendeuse_idVendeuse=Vendeuse.idVendeuse JOIN Magasin ON Terminal.Magasin_idMagasin=Magasin.idMagasin WHERE (FALSE  OR Terminal.Magasin_idMagasin=1) AND Commande.Livraison LIKE '2016-04-05%' ORDER BY Commande.Creation DESC LIMIT 0,10000
complex
{ selectedMagasins: { '1': true, undefined: false },
  Livraison: '2016-04-05' }
get/terminal : SELECT * FROM Terminal;
get/magasin : SELECT * FROM Magasin WHERE display = 1;
get/magasin : SELECT * FROM Magasin WHERE display = 1;
get/category : SELECT * FROM Categorie;
complex
activeMag : 1
complex
get/commande : SELECT Commande.idCommande, Commande.Creation, Commande.Livraison, Commande.Montant, Commande.PNP, Commande.Remarque, Commande.display, Client.Nom AS clientNom, Vendeuse.Nom AS vendeuseNom, Magasin.Nom AS magasinNom FROM Commande JOIN Terminal ON Commande.Terminal_idTerminal=idTerminal JOIN Client ON Commande.Client_idClient=Client.idClient JOIN Vendeuse ON Commande.Vendeuse_idVendeuse=Vendeuse.idVendeuse JOIN Magasin ON Terminal.Magasin_idMagasin=Magasin.idMagasin WHERE (FALSE  OR Terminal.Magasin_idMagasin=1) AND Commande.Livraison LIKE '2016-04-05%' ORDER BY Commande.Creation DESC LIMIT 0,10000
complex
{ selectedMagasins: { '1': true, undefined: false },
  Livraison: '2016-04-05' }
2016-04-05
complex PRINT 1 : SELECT Commande.idCommande, Commande.Creation, Commande.Livraison, Commande.Montant, Commande.PNP, Commande.Remarque, Commande.display, Commande.Client_idClient, Client.idClient, Client.Nom AS clientNom, Client.Tel, Client.Mail, Client.TVA, Vendeuse.idVendeuse, Vendeuse.Nom AS vendeuseNom,Magasin.idMagasin, Magasin.Nom AS magasinNom, ProduitCommande.Quantite, ProduitCommande.Details, ProduitCommande.Produit_idProduit, Produit.Nom AS produitNom, Produit.idProduit, Produit.Categorie_idCategorie, Terminal.Magasin_idMagasin  FROM ProduitCommande JOIN Produit ON ProduitCommande.Produit_idProduit = idProduit JOIN Commande ON ProduitCommande.Commande_idCommande = idCommande JOIN Client ON Commande.Client_idClient = idClient JOIN Terminal ON Commande.Terminal_idTerminal = idTerminal JOIN Magasin ON Terminal.Magasin_idMagasin = idMagasin JOIN Vendeuse ON Commande.Vendeuse_idVendeuse = idVendeuse WHERE Commande.Livraison LIKE '2016-04-05%' AND (FALSE  OR Terminal.Magasin_idMagasin=1)
complex PRINT 2 : SELECT Commande.idCommande, Commande.Creation, Commande.Livraison, Commande.Montant, Commande.PNP, Commande.Remarque, Commande.display, Commande.Client_idClient, Client.idClient, Client.Nom AS clientNom, Client.Tel, Client.Mail, Client.TVA, Vendeuse.idVendeuse, Vendeuse.Nom AS vendeuseNom,Magasin.idMagasin, Magasin.Nom AS magasinNom, ProduitCommande.Quantite, ProduitCommande.Details, ProduitCommande.ProduitCustom_idProduitCustom, ProduitCustom.Nom AS produitNom, ProduitCustom.idProduitCustom, ProduitCustom.Categorie_idCategorie, Terminal.Magasin_idMagasin FROM ProduitCommande JOIN ProduitCustom ON ProduitCommande.ProduitCustom_idProduitCustom = idProduitCustom JOIN Commande ON ProduitCommande.Commande_idCommande = idCommande JOIN Client ON Commande.Client_idClient = idClient JOIN Terminal ON Commande.Terminal_idTerminal = idTerminal JOIN Magasin ON Terminal.Magasin_idMagasin = idMagasin JOIN Vendeuse ON Commande.Vendeuse_idVendeuse = idVendeuse WHERE Commande.Livraison LIKE '2016-04-05%' AND (FALSE  OR Terminal.Magasin_idMagasin=1)
