get/client : SELECT * FROM Client WHERE Client.Nom LIKE '%g%';
get/client : SELECT * FROM Client WHERE Client.Nom LIKE '%ge%';
get/client : SELECT * FROM Client WHERE Client.Nom LIKE '%geo%';
get/client : SELECT * FROM Client WHERE Client.Nom LIKE '%geor%';
get/client : SELECT * FROM Client WHERE Client.Nom LIKE '%georg%';
get/client : SELECT * FROM Client WHERE Client.Nom LIKE '%Noel George%';
get/client : SELECT * FROM Client WHERE Client.Nom LIKE '%Noel Georg%';
get/client : SELECT * FROM Client WHERE Client.Nom LIKE '%Noel Geor%';
get/client : SELECT * FROM Client WHERE Client.Nom LIKE '%Noel Geo%';
get/client : SELECT * FROM Client WHERE Client.Nom LIKE '%Noel Ge%';
get/client : SELECT * FROM Client WHERE Client.Nom LIKE '%Noel G%';
get/client : SELECT * FROM Client WHERE Client.Nom LIKE '%Noel%';
get/client : SELECT * FROM Client WHERE Client.Nom LIKE '%Noe%';
get/client : SELECT * FROM Client WHERE Client.Nom LIKE '%No%';
get/client : SELECT * FROM Client WHERE Client.Nom LIKE '%N%';
get/client : SELECT * FROM Client WHERE Client.Nom LIKE '%';
get/client : SELECT * FROM Client WHERE Client.Nom LIKE '%g%';
get/client : SELECT * FROM Client WHERE Client.Nom LIKE '%ge%';
get/client : SELECT * FROM Client WHERE Client.Nom LIKE '%geo%';
get/client : SELECT * FROM Client WHERE Client.Nom LIKE '%geor%';
get/client : SELECT * FROM Client WHERE Client.Nom LIKE '%Georges Mathieu%';
complex
UPDATE Client SET Tel='0495/196442', Mail ='', Nom ='Georges Mathieu', TVA ='' WHERE idClient = '107';
INSERT INTO Commande( Creation, Livraison, Montant, PNP, Remarque, Client_idClient, Vendeuse_idVendeuse, Terminal_idTerminal) VALUES ('2016-03-26 16:16:19','2016-03-27 07:00:00','20.90','1','','107','8','1');
INSERT INTO ProduitCommande(Quantite, Details, Commande_idCommande, Produit_idProduit, Custom) VALUES  (1,'',5341,97,0), (2,'',5341,486,0), (2,'',5341,484,0), (2,'',5341,488,0), (2,'',5341,487,0), (2,'levee',5341,776,0), (2,'',5341,765,0), (2,'',5341,900,0), (4,'',5341,780,0);
get/magasin : SELECT * FROM Magasin WHERE display = 1;
get/category : SELECT * FROM Categorie;
get/client : SELECT * FROM Client WHERE Client.Nom LIKE '%L%';
get/client : SELECT * FROM Client WHERE Client.Nom LIKE '%Lo%';
get/client : SELECT * FROM Client WHERE Client.Nom LIKE '%Loi%';
get/client : SELECT * FROM Client WHERE Client.Nom LIKE '%Lo%';
get/client : SELECT * FROM Client WHERE Client.Nom LIKE '%L%';
get/client : SELECT * FROM Client WHERE Client.Nom LIKE '%';
get/client : SELECT * FROM Client WHERE Client.Nom LIKE '%D%';
get/client : SELECT * FROM Client WHERE Client.Nom LIKE '%Do%';
get/client : SELECT * FROM Client WHERE Client.Nom LIKE '%Doi%';
get/client : SELECT * FROM Client WHERE Client.Nom LIKE '%Do%';
get/client : SELECT * FROM Client WHERE Client.Nom LIKE '%Doy%';
get/client : SELECT * FROM Client WHERE Client.Nom LIKE '%doyin%';
complex
UPDATE Client SET Tel='', Mail ='', Nom ='doyin', TVA ='' WHERE idClient = '1866';
INSERT INTO Commande( Creation, Livraison, Montant, PNP, Remarque, Client_idClient, Vendeuse_idVendeuse, Terminal_idTerminal) VALUES ('2016-03-26 16:19:39','2016-03-27 06:00:00','7.15','1','','1866','49','1');
INSERT INTO ProduitCommande(Quantite, Details, Commande_idCommande, Produit_idProduit, Custom) VALUES  (4,'',5342,760,0), (2,'',5342,762,0), (1,'',5342,890,0);
get/magasin : SELECT * FROM Magasin WHERE display = 1;
get/category : SELECT * FROM Categorie;
get/commande : SELECT Commande.idCommande, Commande.Creation, Commande.Livraison, Commande.Montant, Commande.PNP, Commande.Remarque, Commande.display, Client.Nom AS clientNom, Vendeuse.Nom AS vendeuseNom, Magasin.Nom AS magasinNom FROM Commande JOIN Terminal ON Commande.Terminal_idTerminal=idTerminal JOIN Client ON Commande.Client_idClient=Client.idClient JOIN Vendeuse ON Commande.Vendeuse_idVendeuse=Vendeuse.idVendeuse JOIN Magasin ON Terminal.Magasin_idMagasin=Magasin.idMagasin WHERE (FALSE  OR Terminal.Magasin_idMagasin=1) AND Commande.Livraison LIKE '2016-03-27%' ORDER BY Commande.Creation DESC LIMIT 0,10000
complex
complex
complex
get/magasin : SELECT * FROM Magasin WHERE display = 1;
get/category : SELECT * FROM Categorie;
get/client : SELECT * FROM Client WHERE Client.Nom LIKE '%v%';
get/client : SELECT * FROM Client WHERE Client.Nom LIKE '%va%';
get/client : SELECT * FROM Client WHERE Client.Nom LIKE '%van%';
get/client : SELECT * FROM Client WHERE Client.Nom LIKE '%vanr%';
get/client : SELECT * FROM Client WHERE Client.Nom LIKE '%vanra%';
get/client : SELECT * FROM Client WHERE Client.Nom LIKE '%vanrav%';
get/client : SELECT * FROM Client WHERE Client.Nom LIKE '%vanravr%';
get/client : SELECT * FROM Client WHERE Client.Nom LIKE '%vanravre%';
get/client : SELECT * FROM Client WHERE Client.Nom LIKE '%vanravr%';
get/client : SELECT * FROM Client WHERE Client.Nom LIKE '%vanrav%';
get/client : SELECT * FROM Client WHERE Client.Nom LIKE '%vanra%';
get/client : SELECT * FROM Client WHERE Client.Nom LIKE '%vanr%';
get/client : SELECT * FROM Client WHERE Client.Nom LIKE '%van%';
get/client : SELECT * FROM Client WHERE Client.Nom LIKE '%vanh%';
get/client : SELECT * FROM Client WHERE Client.Nom LIKE '%vanha%';
get/client : SELECT * FROM Client WHERE Client.Nom LIKE '%vanhav%';
get/client : SELECT * FROM Client WHERE Client.Nom LIKE '%vanhavr%';
get/client : SELECT * FROM Client WHERE Client.Nom LIKE '%vanhavre%';
complex
clientID :2163
INSERT INTO Commande( Creation, Livraison, Montant, PNP, Remarque, Client_idClient, Vendeuse_idVendeuse, Terminal_idTerminal) VALUES ('2016-03-26 16:40:03','2016-03-28 07:00:00','3.35','0','','2163','8','1');
INSERT INTO ProduitCommande(Quantite, Details, Commande_idCommande, Produit_idProduit, Custom) VALUES  (1,'1x 6 bav framboise\n1x6 charlotte chocolat',5343,187,0);
get/magasin : SELECT * FROM Magasin WHERE display = 1;
get/category : SELECT * FROM Categorie;
get/commande : SELECT Commande.idCommande, Commande.Creation, Commande.Livraison, Commande.Montant, Commande.PNP, Commande.Remarque, Commande.display, Client.Nom AS clientNom, Vendeuse.Nom AS vendeuseNom, Magasin.Nom AS magasinNom FROM Commande JOIN Terminal ON Commande.Terminal_idTerminal=idTerminal JOIN Client ON Commande.Client_idClient=Client.idClient JOIN Vendeuse ON Commande.Vendeuse_idVendeuse=Vendeuse.idVendeuse JOIN Magasin ON Terminal.Magasin_idMagasin=Magasin.idMagasin WHERE (FALSE  OR Terminal.Magasin_idMagasin=1) AND Commande.Livraison LIKE '2016-03-28%' ORDER BY Commande.Creation DESC LIMIT 0,10000
complex
get/magasin : SELECT * FROM Magasin WHERE display = 1;
get/category : SELECT * FROM Categorie;
get/commande : SELECT Commande.idCommande, Commande.Creation, Commande.Livraison, Commande.Montant, Commande.PNP, Commande.Remarque, Commande.display, Client.Nom AS clientNom, Vendeuse.Nom AS vendeuseNom, Magasin.Nom AS magasinNom FROM Commande JOIN Terminal ON Commande.Terminal_idTerminal=idTerminal JOIN Client ON Commande.Client_idClient=Client.idClient JOIN Vendeuse ON Commande.Vendeuse_idVendeuse=Vendeuse.idVendeuse JOIN Magasin ON Terminal.Magasin_idMagasin=Magasin.idMagasin WHERE (FALSE  OR Terminal.Magasin_idMagasin=1) AND Commande.Livraison LIKE '2016-03-27%' ORDER BY Commande.Creation DESC LIMIT 0,10000
complex
complex
complex
complex
complex
complex
get/magasin : SELECT * FROM Magasin WHERE display = 1;
get/category : SELECT * FROM Categorie;
get/client : SELECT * FROM Client WHERE Client.Nom LIKE '%l%';
get/client : SELECT * FROM Client WHERE Client.Nom LIKE '%le%';
get/client : SELECT * FROM Client WHERE Client.Nom LIKE '%lea%';
get/client : SELECT * FROM Client WHERE Client.Nom LIKE '%leag%';
get/client : SELECT * FROM Client WHERE Client.Nom LIKE '%leage%';
get/client : SELECT * FROM Client WHERE Client.Nom LIKE '%leagee%';
get/client : SELECT * FROM Client WHERE Client.Nom LIKE '%leage%';
get/client : SELECT * FROM Client WHERE Client.Nom LIKE '%leag%';
get/client : SELECT * FROM Client WHERE Client.Nom LIKE '%lea%';
get/client : SELECT * FROM Client WHERE Client.Nom LIKE '%le%';
get/client : SELECT * FROM Client WHERE Client.Nom LIKE '%lep%';
get/client : SELECT * FROM Client WHERE Client.Nom LIKE '%lepa%';
get/client : SELECT * FROM Client WHERE Client.Nom LIKE '%lepag%';
get/client : SELECT * FROM Client WHERE Client.Nom LIKE '%lepage%';
get/client : SELECT * FROM Client WHERE Client.Nom LIKE '%epage%';
get/client : SELECT * FROM Client WHERE Client.Nom LIKE '%Lepage%';
complex
clientID :2164
INSERT INTO Commande( Creation, Livraison, Montant, PNP, Remarque, Client_idClient, Vendeuse_idVendeuse, Terminal_idTerminal) VALUES ('2016-03-26 16:44:48','2016-03-27 09:00:00','16.20','0','','2164','49','1');
INSERT INTO ProduitCommande(Quantite, Details, Commande_idCommande, Produit_idProduit, Custom) VALUES  (2,'1 couper l autre pas',5344,784,0), (1,'',5344,80,0), (2,'',5344,482,0), (1,'',5344,494,0);
get/magasin : SELECT * FROM Magasin WHERE display = 1;
get/category : SELECT * FROM Categorie;
get/commande : SELECT Commande.idCommande, Commande.Creation, Commande.Livraison, Commande.Montant, Commande.PNP, Commande.Remarque, Commande.display, Client.Nom AS clientNom, Vendeuse.Nom AS vendeuseNom, Magasin.Nom AS magasinNom FROM Commande JOIN Terminal ON Commande.Terminal_idTerminal=idTerminal JOIN Client ON Commande.Client_idClient=Client.idClient JOIN Vendeuse ON Commande.Vendeuse_idVendeuse=Vendeuse.idVendeuse JOIN Magasin ON Terminal.Magasin_idMagasin=Magasin.idMagasin WHERE (FALSE  OR Terminal.Magasin_idMagasin=1) AND Commande.Livraison LIKE '2016-03-27%' ORDER BY Commande.Creation DESC LIMIT 0,10000
complex
complex
complex
complex
complex
complex
complex
complex
complex
complex
complex
complex
complex
complex
complex
complex
complex
get/magasin : SELECT * FROM Magasin WHERE display = 1;
get/category : SELECT * FROM Categorie;
get/commande : SELECT Commande.idCommande, Commande.Creation, Commande.Livraison, Commande.Montant, Commande.PNP, Commande.Remarque, Commande.display, Client.Nom AS clientNom, Vendeuse.Nom AS vendeuseNom, Magasin.Nom AS magasinNom FROM Commande JOIN Terminal ON Commande.Terminal_idTerminal=idTerminal JOIN Client ON Commande.Client_idClient=Client.idClient JOIN Vendeuse ON Commande.Vendeuse_idVendeuse=Vendeuse.idVendeuse JOIN Magasin ON Terminal.Magasin_idMagasin=Magasin.idMagasin WHERE (FALSE  OR Terminal.Magasin_idMagasin=1) AND Commande.Livraison LIKE '2016-03-27%' ORDER BY Commande.Creation DESC LIMIT 0,10000
complex
complex
complex
get/magasin : SELECT * FROM Magasin WHERE display = 1;
get/category : SELECT * FROM Categorie;
get/client : SELECT * FROM Client WHERE Client.Nom LIKE '%L%';
get/client : SELECT * FROM Client WHERE Client.Nom LIKE '%Le%';
get/client : SELECT * FROM Client WHERE Client.Nom LIKE '%Leq%';
get/client : SELECT * FROM Client WHERE Client.Nom LIKE '%Lequ%';
get/client : SELECT * FROM Client WHERE Client.Nom LIKE '%Leque%';
get/client : SELECT * FROM Client WHERE Client.Nom LIKE '%Lequeé%';
get/client : SELECT * FROM Client WHERE Client.Nom LIKE '%Lequeée%';
complex
clientID :2165
INSERT INTO Commande( Creation, Livraison, Montant, PNP, Remarque, Client_idClient, Vendeuse_idVendeuse, Terminal_idTerminal) VALUES ('2016-03-26 17:10:27','2016-03-27 10:00:00','40.85','0','','2165','49','1');
INSERT INTO ProduitCommande(Quantite, Details, Commande_idCommande, Produit_idProduit, Custom) VALUES  (1,'1x24 bav choco',5345,187,0), (1,'',5345,803,0), (1,'',5345,868,0), (1,'fraises',5345,878,0);
get/magasin : SELECT * FROM Magasin WHERE display = 1;
get/category : SELECT * FROM Categorie;
get/commande : SELECT Commande.idCommande, Commande.Creation, Commande.Livraison, Commande.Montant, Commande.PNP, Commande.Remarque, Commande.display, Client.Nom AS clientNom, Vendeuse.Nom AS vendeuseNom, Magasin.Nom AS magasinNom FROM Commande JOIN Terminal ON Commande.Terminal_idTerminal=idTerminal JOIN Client ON Commande.Client_idClient=Client.idClient JOIN Vendeuse ON Commande.Vendeuse_idVendeuse=Vendeuse.idVendeuse JOIN Magasin ON Terminal.Magasin_idMagasin=Magasin.idMagasin WHERE (FALSE  OR Terminal.Magasin_idMagasin=1) AND Commande.Livraison LIKE '2016-03-27%' ORDER BY Commande.Creation DESC LIMIT 0,10000
complex
get/magasin : SELECT * FROM Magasin WHERE display = 1;
get/category : SELECT * FROM Categorie;
get/commande : SELECT Commande.idCommande, Commande.Creation, Commande.Livraison, Commande.Montant, Commande.PNP, Commande.Remarque, Commande.display, Client.Nom AS clientNom, Vendeuse.Nom AS vendeuseNom, Magasin.Nom AS magasinNom FROM Commande JOIN Terminal ON Commande.Terminal_idTerminal=idTerminal JOIN Client ON Commande.Client_idClient=Client.idClient JOIN Vendeuse ON Commande.Vendeuse_idVendeuse=Vendeuse.idVendeuse JOIN Magasin ON Terminal.Magasin_idMagasin=Magasin.idMagasin WHERE (FALSE  OR Terminal.Magasin_idMagasin=1) AND Commande.Livraison LIKE '2016-03-27%' ORDER BY Commande.Creation DESC LIMIT 0,10000
get/magasin : SELECT * FROM Magasin WHERE display = 1;
get/category : SELECT * FROM Categorie;
get/commande : SELECT Commande.idCommande, Commande.Creation, Commande.Livraison, Commande.Montant, Commande.PNP, Commande.Remarque, Commande.display, Client.Nom AS clientNom, Vendeuse.Nom AS vendeuseNom, Magasin.Nom AS magasinNom FROM Commande JOIN Terminal ON Commande.Terminal_idTerminal=idTerminal JOIN Client ON Commande.Client_idClient=Client.idClient JOIN Vendeuse ON Commande.Vendeuse_idVendeuse=Vendeuse.idVendeuse JOIN Magasin ON Terminal.Magasin_idMagasin=Magasin.idMagasin WHERE (FALSE  OR Terminal.Magasin_idMagasin=1) AND Commande.Livraison LIKE '2016-03-27%' ORDER BY Commande.Creation DESC LIMIT 0,10000
complex
{ selectedMagasins: { '1': true, undefined: false },
  Livraison: '2016-03-27' }
get/terminal : SELECT * FROM Terminal;
get/magasin : SELECT * FROM Magasin WHERE display = 1;
get/terminal : SELECT * FROM Terminal;
get/magasin : SELECT * FROM Magasin WHERE display = 1;
get/magasin : SELECT * FROM Magasin WHERE display = 1;
get/category : SELECT * FROM Categorie;
complex
activeMag : 1
complex
get/commande : SELECT Commande.idCommande, Commande.Creation, Commande.Livraison, Commande.Montant, Commande.PNP, Commande.Remarque, Commande.display, Client.Nom AS clientNom, Vendeuse.Nom AS vendeuseNom, Magasin.Nom AS magasinNom FROM Commande JOIN Terminal ON Commande.Terminal_idTerminal=idTerminal JOIN Client ON Commande.Client_idClient=Client.idClient JOIN Vendeuse ON Commande.Vendeuse_idVendeuse=Vendeuse.idVendeuse JOIN Magasin ON Terminal.Magasin_idMagasin=Magasin.idMagasin WHERE (FALSE  OR Terminal.Magasin_idMagasin=1) AND Commande.Livraison LIKE '2016-03-27%' ORDER BY Commande.Creation DESC LIMIT 0,10000
complex
{ selectedMagasins: { '1': true, undefined: false },
  Livraison: '2016-03-27' }
2016-03-27
complex PRINT 1 : SELECT Commande.idCommande, Commande.Creation, Commande.Livraison, Commande.Montant, Commande.PNP, Commande.Remarque, Commande.display, Commande.Client_idClient, Client.idClient, Client.Nom AS clientNom, Client.Tel, Client.Mail, Client.TVA, Vendeuse.idVendeuse, Vendeuse.Nom AS vendeuseNom,Magasin.idMagasin, Magasin.Nom AS magasinNom, ProduitCommande.Quantite, ProduitCommande.Details, ProduitCommande.Produit_idProduit, Produit.Nom AS produitNom, Produit.idProduit, Produit.Categorie_idCategorie, Terminal.Magasin_idMagasin  FROM ProduitCommande JOIN Produit ON ProduitCommande.Produit_idProduit = idProduit JOIN Commande ON ProduitCommande.Commande_idCommande = idCommande JOIN Client ON Commande.Client_idClient = idClient JOIN Terminal ON Commande.Terminal_idTerminal = idTerminal JOIN Magasin ON Terminal.Magasin_idMagasin = idMagasin JOIN Vendeuse ON Commande.Vendeuse_idVendeuse = idVendeuse WHERE Commande.Livraison LIKE '2016-03-27%' AND (FALSE  OR Terminal.Magasin_idMagasin=1)
complex PRINT 2 : SELECT Commande.idCommande, Commande.Creation, Commande.Livraison, Commande.Montant, Commande.PNP, Commande.Remarque, Commande.display, Commande.Client_idClient, Client.idClient, Client.Nom AS clientNom, Client.Tel, Client.Mail, Client.TVA, Vendeuse.idVendeuse, Vendeuse.Nom AS vendeuseNom,Magasin.idMagasin, Magasin.Nom AS magasinNom, ProduitCommande.Quantite, ProduitCommande.Details, ProduitCommande.ProduitCustom_idProduitCustom, ProduitCustom.Nom AS produitNom, ProduitCustom.idProduitCustom, ProduitCustom.Categorie_idCategorie, Terminal.Magasin_idMagasin FROM ProduitCommande JOIN ProduitCustom ON ProduitCommande.ProduitCustom_idProduitCustom = idProduitCustom JOIN Commande ON ProduitCommande.Commande_idCommande = idCommande JOIN Client ON Commande.Client_idClient = idClient JOIN Terminal ON Commande.Terminal_idTerminal = idTerminal JOIN Magasin ON Terminal.Magasin_idMagasin = idMagasin JOIN Vendeuse ON Commande.Vendeuse_idVendeuse = idVendeuse WHERE Commande.Livraison LIKE '2016-03-27%' AND (FALSE  OR Terminal.Magasin_idMagasin=1)
