get/commande : SELECT Commande.idCommande, Commande.Creation, Commande.Livraison, Commande.Montant, Commande.PNP, Commande.Remarque, Commande.display, Client.Nom AS clientNom, Vendeuse.Nom AS vendeuseNom, Magasin.Nom AS magasinNom FROM Commande JOIN Terminal ON Commande.Terminal_idTerminal=idTerminal JOIN Client ON Commande.Client_idClient=Client.idClient JOIN Vendeuse ON Commande.Vendeuse_idVendeuse=Vendeuse.idVendeuse JOIN Magasin ON Terminal.Magasin_idMagasin=Magasin.idMagasin WHERE (FALSE  OR Terminal.Magasin_idMagasin=1) AND Commande.Livraison LIKE '2016-04-02%' ORDER BY Commande.Creation DESC LIMIT 0,10000
complex
{ selectedMagasins: { '1': true, undefined: false },
  Livraison: '2016-04-02' }
get/terminal : SELECT * FROM Terminal;
get/magasin : SELECT * FROM Magasin WHERE display = 1;
get/magasin : SELECT * FROM Magasin WHERE display = 1;
get/category : SELECT * FROM Categorie;
complex
activeMag : 1
complex
get/commande : SELECT Commande.idCommande, Commande.Creation, Commande.Livraison, Commande.Montant, Commande.PNP, Commande.Remarque, Commande.display, Client.Nom AS clientNom, Vendeuse.Nom AS vendeuseNom, Magasin.Nom AS magasinNom FROM Commande JOIN Terminal ON Commande.Terminal_idTerminal=idTerminal JOIN Client ON Commande.Client_idClient=Client.idClient JOIN Vendeuse ON Commande.Vendeuse_idVendeuse=Vendeuse.idVendeuse JOIN Magasin ON Terminal.Magasin_idMagasin=Magasin.idMagasin WHERE (FALSE  OR Terminal.Magasin_idMagasin=1) AND Commande.Livraison LIKE '2016-04-02%' ORDER BY Commande.Creation DESC LIMIT 0,10000
complex
{ selectedMagasins: { '1': true, undefined: false },
  Livraison: '2016-04-02' }
2016-04-02
complex PRINT 1 : SELECT Commande.idCommande, Commande.Creation, Commande.Livraison, Commande.Montant, Commande.PNP, Commande.Remarque, Commande.display, Commande.Client_idClient, Client.idClient, Client.Nom AS clientNom, Client.Tel, Client.Mail, Client.TVA, Vendeuse.idVendeuse, Vendeuse.Nom AS vendeuseNom,Magasin.idMagasin, Magasin.Nom AS magasinNom, ProduitCommande.Quantite, ProduitCommande.Details, ProduitCommande.Produit_idProduit, Produit.Nom AS produitNom, Produit.idProduit, Produit.Categorie_idCategorie, Terminal.Magasin_idMagasin  FROM ProduitCommande JOIN Produit ON ProduitCommande.Produit_idProduit = idProduit JOIN Commande ON ProduitCommande.Commande_idCommande = idCommande JOIN Client ON Commande.Client_idClient = idClient JOIN Terminal ON Commande.Terminal_idTerminal = idTerminal JOIN Magasin ON Terminal.Magasin_idMagasin = idMagasin JOIN Vendeuse ON Commande.Vendeuse_idVendeuse = idVendeuse WHERE Commande.Livraison LIKE '2016-04-02%' AND (FALSE  OR Terminal.Magasin_idMagasin=1)
complex PRINT 2 : SELECT Commande.idCommande, Commande.Creation, Commande.Livraison, Commande.Montant, Commande.PNP, Commande.Remarque, Commande.display, Commande.Client_idClient, Client.idClient, Client.Nom AS clientNom, Client.Tel, Client.Mail, Client.TVA, Vendeuse.idVendeuse, Vendeuse.Nom AS vendeuseNom,Magasin.idMagasin, Magasin.Nom AS magasinNom, ProduitCommande.Quantite, ProduitCommande.Details, ProduitCommande.ProduitCustom_idProduitCustom, ProduitCustom.Nom AS produitNom, ProduitCustom.idProduitCustom, ProduitCustom.Categorie_idCategorie, Terminal.Magasin_idMagasin FROM ProduitCommande JOIN ProduitCustom ON ProduitCommande.ProduitCustom_idProduitCustom = idProduitCustom JOIN Commande ON ProduitCommande.Commande_idCommande = idCommande JOIN Client ON Commande.Client_idClient = idClient JOIN Terminal ON Commande.Terminal_idTerminal = idTerminal JOIN Magasin ON Terminal.Magasin_idMagasin = idMagasin JOIN Vendeuse ON Commande.Vendeuse_idVendeuse = idVendeuse WHERE Commande.Livraison LIKE '2016-04-02%' AND (FALSE  OR Terminal.Magasin_idMagasin=1)
get/magasin : SELECT * FROM Magasin WHERE display = 1;
get/category : SELECT * FROM Categorie;
get/client : SELECT * FROM Client WHERE Client.Nom LIKE '%M%';
get/client : SELECT * FROM Client WHERE Client.Nom LIKE '%Ma%';
get/client : SELECT * FROM Client WHERE Client.Nom LIKE '%Mar%';
get/client : SELECT * FROM Client WHERE Client.Nom LIKE '%Mari%';
get/client : SELECT * FROM Client WHERE Client.Nom LIKE '%Marie%';
get/client : SELECT * FROM Client WHERE Client.Nom LIKE '%Marie T%';
get/client : SELECT * FROM Client WHERE Client.Nom LIKE '%Marie Th%';
get/client : SELECT * FROM Client WHERE Client.Nom LIKE '%Marie The%';
get/client : SELECT * FROM Client WHERE Client.Nom LIKE '%Marie Ther%';
get/client : SELECT * FROM Client WHERE Client.Nom LIKE '%Marie There%';
get/client : SELECT * FROM Client WHERE Client.Nom LIKE '%Marie Theres%';
get/client : SELECT * FROM Client WHERE Client.Nom LIKE '%Marie Therese%';
complex
clientID :2191
INSERT INTO Commande( Creation, Livraison, Montant, PNP, Remarque, Client_idClient, Vendeuse_idVendeuse, Terminal_idTerminal) VALUES ('2016-04-01 16:40:11','2016-04-02 10:00:00','32.30','1','','2191','49','1');
INSERT INTO ProduitCommande(Quantite, Details, Commande_idCommande, Produit_idProduit, Custom) VALUES  (4,'',5439,875,0), (4,'',5439,199,0), (2,'',5439,206,0);
get/magasin : SELECT * FROM Magasin WHERE display = 1;
get/category : SELECT * FROM Categorie;
get/commande : SELECT Commande.idCommande, Commande.Creation, Commande.Livraison, Commande.Montant, Commande.PNP, Commande.Remarque, Commande.display, Client.Nom AS clientNom, Vendeuse.Nom AS vendeuseNom, Magasin.Nom AS magasinNom FROM Commande JOIN Terminal ON Commande.Terminal_idTerminal=idTerminal JOIN Client ON Commande.Client_idClient=Client.idClient JOIN Vendeuse ON Commande.Vendeuse_idVendeuse=Vendeuse.idVendeuse JOIN Magasin ON Terminal.Magasin_idMagasin=Magasin.idMagasin WHERE (FALSE  OR Terminal.Magasin_idMagasin=1) AND Commande.Livraison LIKE '2016-04-02%' ORDER BY Commande.Creation DESC LIMIT 0,10000
complex
get/magasin : SELECT * FROM Magasin WHERE display = 1;
get/category : SELECT * FROM Categorie;
