get/terminal : SELECT * FROM Terminal;
get/magasin : SELECT * FROM Magasin WHERE display = 1;
get/terminal : SELECT * FROM Terminal;
get/magasin : SELECT * FROM Magasin WHERE display = 1;
get/magasin : SELECT * FROM Magasin WHERE display = 1;
get/category : SELECT * FROM Categorie;
complex
complex
get/terminal : SELECT * FROM Terminal;
get/magasin : SELECT * FROM Magasin WHERE display = 1;
get/terminal : SELECT * FROM Terminal;
get/magasin : SELECT * FROM Magasin WHERE display = 1;
get/magasin : SELECT * FROM Magasin WHERE display = 1;
get/category : SELECT * FROM Categorie;
complex
activeMag : 1
complex
get/commande : SELECT Commande.idCommande, Commande.Creation, Commande.Livraison, Commande.Montant, Commande.PNP, Commande.Remarque, Commande.display, Client.Nom AS clientNom, Vendeuse.Nom AS vendeuseNom, Magasin.Nom AS magasinNom FROM Commande JOIN Terminal ON Commande.Terminal_idTerminal=idTerminal JOIN Client ON Commande.Client_idClient=Client.idClient JOIN Vendeuse ON Commande.Vendeuse_idVendeuse=Vendeuse.idVendeuse JOIN Magasin ON Terminal.Magasin_idMagasin=Magasin.idMagasin WHERE (FALSE  OR Terminal.Magasin_idMagasin=1) AND Commande.Livraison LIKE '2016-04-10%' ORDER BY Commande.Creation DESC LIMIT 0,10000
complex
complex
complex
complex
complex
complex
complex
complex
complex
complex
complex
complex
complex
complex
complex
complex
complex
complex
complex
complex
complex
complex
complex
complex
complex
get/magasin : SELECT * FROM Magasin WHERE display = 1;
get/category : SELECT * FROM Categorie;
get/commande : SELECT Commande.idCommande, Commande.Creation, Commande.Livraison, Commande.Montant, Commande.PNP, Commande.Remarque, Commande.display, Client.Nom AS clientNom, Vendeuse.Nom AS vendeuseNom, Magasin.Nom AS magasinNom FROM Commande JOIN Terminal ON Commande.Terminal_idTerminal=idTerminal JOIN Client ON Commande.Client_idClient=Client.idClient JOIN Vendeuse ON Commande.Vendeuse_idVendeuse=Vendeuse.idVendeuse JOIN Magasin ON Terminal.Magasin_idMagasin=Magasin.idMagasin WHERE (FALSE  OR Terminal.Magasin_idMagasin=1) AND Commande.Livraison LIKE '2016-04-09%' ORDER BY Commande.Creation DESC LIMIT 0,10000
complex
get/magasin : SELECT * FROM Magasin WHERE display = 1;
get/category : SELECT * FROM Categorie;
get/client : SELECT * FROM Client WHERE Client.Nom LIKE '%l%';
get/client : SELECT * FROM Client WHERE Client.Nom LIKE '%le%';
get/client : SELECT * FROM Client WHERE Client.Nom LIKE '%le m%';
get/client : SELECT * FROM Client WHERE Client.Nom LIKE '%le mo%';
get/client : SELECT * FROM Client WHERE Client.Nom LIKE '%le moi%';
get/client : SELECT * FROM Client WHERE Client.Nom LIKE '%Le Moine%';
complex
UPDATE Client SET Tel='', Mail ='', Nom ='Le Moine', TVA ='' WHERE idClient = '171';
INSERT INTO Commande( Creation, Livraison, Montant, PNP, Remarque, Client_idClient, Vendeuse_idVendeuse, Terminal_idTerminal) VALUES ('2016-04-09 05:09:14','2016-04-16 05:00:00','11.90','1','','171','5','1');
INSERT INTO ProduitCommande(Quantite, Details, Commande_idCommande, Produit_idProduit, Custom) VALUES  (3,'',5549,501,0), (1,'nc!!!!',5549,786,0);
get/magasin : SELECT * FROM Magasin WHERE display = 1;
get/category : SELECT * FROM Categorie;
get/client : SELECT * FROM Client WHERE Client.Nom LIKE '%M%';
get/client : SELECT * FROM Client WHERE Client.Nom LIKE '%Mo%';
get/client : SELECT * FROM Client WHERE Client.Nom LIKE '%Mou%';
get/client : SELECT * FROM Client WHERE Client.Nom LIKE '%MOUTHUY%';
complex
UPDATE Client SET Tel='081658663', Mail ='', Nom ='MOUTHUY', TVA ='' WHERE idClient = '20';
INSERT INTO Commande( Creation, Livraison, Montant, PNP, Remarque, Client_idClient, Vendeuse_idVendeuse, Terminal_idTerminal) VALUES ('2016-04-09 05:13:27','2016-04-10 06:00:00','3.00','1','','20','2','1');
INSERT INTO ProduitCommande(Quantite, Details, Commande_idCommande, Produit_idProduit, Custom) VALUES  (6,'',5550,490,0);
get/magasin : SELECT * FROM Magasin WHERE display = 1;
get/category : SELECT * FROM Categorie;
get/client : SELECT * FROM Client WHERE Client.Nom LIKE '%j%';
get/client : SELECT * FROM Client WHERE Client.Nom LIKE '%ja%';
get/client : SELECT * FROM Client WHERE Client.Nom LIKE '%jad%';
get/client : SELECT * FROM Client WHERE Client.Nom LIKE '%Jadot Olivier%';
complex
UPDATE Client SET Tel='0478237972', Mail ='', Nom ='Jadot Olivier', TVA ='' WHERE idClient = '80';
INSERT INTO Commande( Creation, Livraison, Montant, PNP, Remarque, Client_idClient, Vendeuse_idVendeuse, Terminal_idTerminal) VALUES ('2016-04-09 05:54:38','2016-04-10 05:00:00','9.85','1','','80','3','1');
INSERT INTO ProduitCommande(Quantite, Details, Commande_idCommande, Produit_idProduit, Custom) VALUES  (1,'',5551,762,0), (9,'',5551,518,0), (4,'',5551,482,0), (1,'',5551,91,0);
get/magasin : SELECT * FROM Magasin WHERE display = 1;
get/category : SELECT * FROM Categorie;
get/client : SELECT * FROM Client WHERE Client.Nom LIKE '%e%';
get/client : SELECT * FROM Client WHERE Client.Nom LIKE '%ec%';
get/client : SELECT * FROM Client WHERE Client.Nom LIKE '%e%';
get/client : SELECT * FROM Client WHERE Client.Nom LIKE '%';
get/client : SELECT * FROM Client WHERE Client.Nom LIKE '%l%';
get/client : SELECT * FROM Client WHERE Client.Nom LIKE '%le%';
get/client : SELECT * FROM Client WHERE Client.Nom LIKE '%lee%';
get/client : SELECT * FROM Client WHERE Client.Nom LIKE '%leec%';
get/client : SELECT * FROM Client WHERE Client.Nom LIKE '%lee%';
get/client : SELECT * FROM Client WHERE Client.Nom LIKE '%le%';
get/client : SELECT * FROM Client WHERE Client.Nom LIKE '%l%';
get/client : SELECT * FROM Client WHERE Client.Nom LIKE '%le%';
get/client : SELECT * FROM Client WHERE Client.Nom LIKE '%lec%';
get/client : SELECT * FROM Client WHERE Client.Nom LIKE '%Leclercq M%';
complex
UPDATE Client SET Tel='0473827240', Mail ='', Nom ='Leclercq M', TVA ='' WHERE idClient = '77';
INSERT INTO Commande( Creation, Livraison, Montant, PNP, Remarque, Client_idClient, Vendeuse_idVendeuse, Terminal_idTerminal) VALUES ('2016-04-09 07:25:56','2016-04-10 05:00:00','9.55','1','','77','3','1');
INSERT INTO ProduitCommande(Quantite, Details, Commande_idCommande, Produit_idProduit, Custom) VALUES  (1,'',5552,80,0), (1,'',5552,103,0), (4,'',5552,482,0), (3,'',5552,890,0);
get/magasin : SELECT * FROM Magasin WHERE display = 1;
get/category : SELECT * FROM Categorie;
get/client : SELECT * FROM Client WHERE Client.Nom LIKE '%g%';
get/client : SELECT * FROM Client WHERE Client.Nom LIKE '%gr%';
get/client : SELECT * FROM Client WHERE Client.Nom LIKE '%gra%';
get/client : SELECT * FROM Client WHERE Client.Nom LIKE '%gras%';
complex
UPDATE Client SET Tel='', Mail ='', Nom ='gras', TVA ='' WHERE idClient = '124';
INSERT INTO Commande( Creation, Livraison, Montant, PNP, Remarque, Client_idClient, Vendeuse_idVendeuse, Terminal_idTerminal) VALUES ('2016-04-09 07:33:48','2016-04-10 06:00:00','8.20','0','','124','5','1');
INSERT INTO ProduitCommande(Quantite, Details, Commande_idCommande, Produit_idProduit, Custom) VALUES  (2,'ptit',5553,100,0);
get/magasin : SELECT * FROM Magasin WHERE display = 1;
get/category : SELECT * FROM Categorie;
get/commande : SELECT Commande.idCommande, Commande.Creation, Commande.Livraison, Commande.Montant, Commande.PNP, Commande.Remarque, Commande.display, Client.Nom AS clientNom, Vendeuse.Nom AS vendeuseNom, Magasin.Nom AS magasinNom FROM Commande JOIN Terminal ON Commande.Terminal_idTerminal=idTerminal JOIN Client ON Commande.Client_idClient=Client.idClient JOIN Vendeuse ON Commande.Vendeuse_idVendeuse=Vendeuse.idVendeuse JOIN Magasin ON Terminal.Magasin_idMagasin=Magasin.idMagasin WHERE (FALSE  OR Terminal.Magasin_idMagasin=1) AND Commande.Livraison LIKE '2016-04-10%' ORDER BY Commande.Creation DESC LIMIT 0,10000
get/magasin : SELECT * FROM Magasin WHERE display = 1;
get/category : SELECT * FROM Categorie;
get/commande : SELECT Commande.idCommande, Commande.Creation, Commande.Livraison, Commande.Montant, Commande.PNP, Commande.Remarque, Commande.display, Client.Nom AS clientNom, Vendeuse.Nom AS vendeuseNom, Magasin.Nom AS magasinNom FROM Commande JOIN Terminal ON Commande.Terminal_idTerminal=idTerminal JOIN Client ON Commande.Client_idClient=Client.idClient JOIN Vendeuse ON Commande.Vendeuse_idVendeuse=Vendeuse.idVendeuse JOIN Magasin ON Terminal.Magasin_idMagasin=Magasin.idMagasin WHERE (FALSE  OR Terminal.Magasin_idMagasin=1) AND Commande.Livraison LIKE '2016-04-09%' ORDER BY Commande.Creation DESC LIMIT 0,10000
complex
get/magasin : SELECT * FROM Magasin WHERE display = 1;
get/category : SELECT * FROM Categorie;
get/client : SELECT * FROM Client WHERE Client.Nom LIKE '%d%';
get/client : SELECT * FROM Client WHERE Client.Nom LIKE '%de%';
get/client : SELECT * FROM Client WHERE Client.Nom LIKE '%del%';
get/client : SELECT * FROM Client WHERE Client.Nom LIKE '%deli%';
get/client : SELECT * FROM Client WHERE Client.Nom LIKE '%del%';
get/client : SELECT * FROM Client WHERE Client.Nom LIKE '%de%';
get/client : SELECT * FROM Client WHERE Client.Nom LIKE '%de i%';
get/client : SELECT * FROM Client WHERE Client.Nom LIKE '%de%';
get/client : SELECT * FROM Client WHERE Client.Nom LIKE '%de i%';
get/client : SELECT * FROM Client WHERE Client.Nom LIKE '%de id%';
get/client : SELECT * FROM Client WHERE Client.Nom LIKE '%de idµ%';
get/client : SELECT * FROM Client WHERE Client.Nom LIKE '%de idµµ%';
get/client : SELECT * FROM Client WHERE Client.Nom LIKE '%de idµµµ%';
get/client : SELECT * FROM Client WHERE Client.Nom LIKE '%de idµµ%';
get/client : SELECT * FROM Client WHERE Client.Nom LIKE '%de idµ%';
get/client : SELECT * FROM Client WHERE Client.Nom LIKE '%de id%';
get/client : SELECT * FROM Client WHERE Client.Nom LIKE '%de i%';
get/client : SELECT * FROM Client WHERE Client.Nom LIKE '%de%';
get/client : SELECT * FROM Client WHERE Client.Nom LIKE '%de l%';
get/client : SELECT * FROM Client WHERE Client.Nom LIKE '%de li%';
get/client : SELECT * FROM Client WHERE Client.Nom LIKE '%De Liedekerke Serge%';
complex
UPDATE Client SET Tel='0475634958', Mail ='serge.deliedekerke@outlook.com', Nom ='De Liedekerke Serge', TVA ='' WHERE idClient = '83';
INSERT INTO Commande( Creation, Livraison, Montant, PNP, Remarque, Client_idClient, Vendeuse_idVendeuse, Terminal_idTerminal) VALUES ('2016-04-09 08:11:22','2016-04-10 06:00:00','11.30','1','','83','5','1');
INSERT INTO ProduitCommande(Quantite, Details, Commande_idCommande, Produit_idProduit, Custom) VALUES  (2,'',5554,760,0), (2,'',5554,762,0), (8,'',5554,482,0), (8,'',5554,518,0);
get/magasin : SELECT * FROM Magasin WHERE display = 1;
get/category : SELECT * FROM Categorie;
get/commande : SELECT Commande.idCommande, Commande.Creation, Commande.Livraison, Commande.Montant, Commande.PNP, Commande.Remarque, Commande.display, Client.Nom AS clientNom, Vendeuse.Nom AS vendeuseNom, Magasin.Nom AS magasinNom FROM Commande JOIN Terminal ON Commande.Terminal_idTerminal=idTerminal JOIN Client ON Commande.Client_idClient=Client.idClient JOIN Vendeuse ON Commande.Vendeuse_idVendeuse=Vendeuse.idVendeuse JOIN Magasin ON Terminal.Magasin_idMagasin=Magasin.idMagasin WHERE (FALSE  OR Terminal.Magasin_idMagasin=1) AND Commande.Livraison LIKE '2016-04-10%' ORDER BY Commande.Creation DESC LIMIT 0,10000
complex
get/magasin : SELECT * FROM Magasin WHERE display = 1;
get/category : SELECT * FROM Categorie;
get/client : SELECT * FROM Client WHERE Client.Nom LIKE '%B%';
get/client : SELECT * FROM Client WHERE Client.Nom LIKE '%Ba%';
get/client : SELECT * FROM Client WHERE Client.Nom LIKE '%Bau%';
get/client : SELECT * FROM Client WHERE Client.Nom LIKE '%Baur%';
get/client : SELECT * FROM Client WHERE Client.Nom LIKE '%Baure%';
get/client : SELECT * FROM Client WHERE Client.Nom LIKE '%Bauret%';
get/client : SELECT * FROM Client WHERE Client.Nom LIKE '%Bauret LELIA%';
complex
UPDATE Client SET Tel='0494354620', Mail ='', Nom ='Bauret LELIA', TVA ='' WHERE idClient = '1472';
INSERT INTO Commande( Creation, Livraison, Montant, PNP, Remarque, Client_idClient, Vendeuse_idVendeuse, Terminal_idTerminal) VALUES ('2016-04-09 08:12:31','2016-04-13 07:00:00','15.00','1','','1472','2','1');
INSERT INTO ProduitCommande(Quantite, Details, Commande_idCommande, Produit_idProduit, Custom) VALUES  (1,'',5555,861,0);
get/magasin : SELECT * FROM Magasin WHERE display = 1;
get/category : SELECT * FROM Categorie;
get/commande : SELECT Commande.idCommande, Commande.Creation, Commande.Livraison, Commande.Montant, Commande.PNP, Commande.Remarque, Commande.display, Client.Nom AS clientNom, Vendeuse.Nom AS vendeuseNom, Magasin.Nom AS magasinNom FROM Commande JOIN Terminal ON Commande.Terminal_idTerminal=idTerminal JOIN Client ON Commande.Client_idClient=Client.idClient JOIN Vendeuse ON Commande.Vendeuse_idVendeuse=Vendeuse.idVendeuse JOIN Magasin ON Terminal.Magasin_idMagasin=Magasin.idMagasin WHERE (FALSE  OR Terminal.Magasin_idMagasin=1) AND Commande.Livraison LIKE '2016-04-13%' ORDER BY Commande.Creation DESC LIMIT 0,10000
complex
get/magasin : SELECT * FROM Magasin WHERE display = 1;
get/category : SELECT * FROM Categorie;
