get/terminal : SELECT * FROM Terminal;
get/magasin : SELECT * FROM Magasin WHERE display = 1;
get/terminal : SELECT * FROM Terminal;
get/magasin : SELECT * FROM Magasin WHERE display = 1;
get/magasin : SELECT * FROM Magasin WHERE display = 1;
get/category : SELECT * FROM Categorie;
complex
complex
get/terminal : SELECT * FROM Terminal;
get/magasin : SELECT * FROM Magasin WHERE display = 1;
get/terminal : SELECT * FROM Terminal;
get/magasin : SELECT * FROM Magasin WHERE display = 1;
get/magasin : SELECT * FROM Magasin WHERE display = 1;
get/category : SELECT * FROM Categorie;
complex
activeMag : 1
complex
get/commande : SELECT Commande.idCommande, Commande.Creation, Commande.Livraison, Commande.Montant, Commande.PNP, Commande.Remarque, Commande.display, Client.Nom AS clientNom, Vendeuse.Nom AS vendeuseNom, Magasin.Nom AS magasinNom FROM Commande JOIN Terminal ON Commande.Terminal_idTerminal=idTerminal JOIN Client ON Commande.Client_idClient=Client.idClient JOIN Vendeuse ON Commande.Vendeuse_idVendeuse=Vendeuse.idVendeuse JOIN Magasin ON Terminal.Magasin_idMagasin=Magasin.idMagasin WHERE (FALSE  OR Terminal.Magasin_idMagasin=1) AND Commande.Livraison LIKE '2016-04-30%' ORDER BY Commande.Creation DESC LIMIT 0,10000
complex
get/magasin : SELECT * FROM Magasin WHERE display = 1;
get/category : SELECT * FROM Categorie;
get/client : SELECT * FROM Client WHERE Client.Nom LIKE '%m%';
get/client : SELECT * FROM Client WHERE Client.Nom LIKE '%mo%';
get/client : SELECT * FROM Client WHERE Client.Nom LIKE '%mou%';
get/client : SELECT * FROM Client WHERE Client.Nom LIKE '%mout%';
get/client : SELECT * FROM Client WHERE Client.Nom LIKE '%MOUTHUY%';
complex
UPDATE Client SET Tel='081658663', Mail ='', Nom ='MOUTHUY', TVA ='' WHERE idClient = '20';
INSERT INTO Commande( Creation, Livraison, Montant, PNP, Remarque, Client_idClient, Vendeuse_idVendeuse, Terminal_idTerminal) VALUES ('2016-04-30 05:14:00','2016-05-01 05:00:00','3.00','1','','20','3','1');
INSERT INTO ProduitCommande(Quantite, Details, Commande_idCommande, Produit_idProduit, Custom) VALUES  (6,'',5894,490,0);
get/magasin : SELECT * FROM Magasin WHERE display = 1;
get/category : SELECT * FROM Categorie;
get/client : SELECT * FROM Client WHERE Client.Nom LIKE '%l%';
get/client : SELECT * FROM Client WHERE Client.Nom LIKE '%le%';
get/client : SELECT * FROM Client WHERE Client.Nom LIKE '%lem%';
get/client : SELECT * FROM Client WHERE Client.Nom LIKE '%lemo%';
get/client : SELECT * FROM Client WHERE Client.Nom LIKE '%lemoi%';
get/client : SELECT * FROM Client WHERE Client.Nom LIKE '%Lemoine%';
get/client : SELECT * FROM Client WHERE Client.Nom LIKE '%Lemoine%';
complex
UPDATE Client SET Tel='', Mail ='', Nom ='Lemoine', TVA ='' WHERE idClient = '1060';
INSERT INTO Commande( Creation, Livraison, Montant, PNP, Remarque, Client_idClient, Vendeuse_idVendeuse, Terminal_idTerminal) VALUES ('2016-04-30 05:17:54','2016-05-07 05:00:00','20.60','1','','1060','12','1');
INSERT INTO ProduitCommande(Quantite, Details, Commande_idCommande, Produit_idProduit, Custom) VALUES  (1,'',5895,91,0), (3,'',5895,501,0), (6,'',5895,760,0), (1,'',5895,786,0);
get/magasin : SELECT * FROM Magasin WHERE display = 1;
get/category : SELECT * FROM Categorie;
get/client : SELECT * FROM Client WHERE Client.Nom LIKE '%j%';
get/client : SELECT * FROM Client WHERE Client.Nom LIKE '%ja%';
get/client : SELECT * FROM Client WHERE Client.Nom LIKE '%jad%';
get/client : SELECT * FROM Client WHERE Client.Nom LIKE '%Jadot  olivier%';
complex
UPDATE Client SET Tel='0478/237972', Mail ='', Nom ='Jadot  olivier', TVA ='' WHERE idClient = '1402';
INSERT INTO Commande( Creation, Livraison, Montant, PNP, Remarque, Client_idClient, Vendeuse_idVendeuse, Terminal_idTerminal) VALUES ('2016-04-30 05:36:39','2016-05-01 06:00:00','12.55','1','','1402','52','1');
INSERT INTO ProduitCommande(Quantite, Details, Commande_idCommande, Produit_idProduit, Custom) VALUES  (2,'',5896,91,0), (4,'',5896,482,0), (9,'',5896,518,0), (1,'',5896,762,0);
get/magasin : SELECT * FROM Magasin WHERE display = 1;
get/category : SELECT * FROM Categorie;
get/commande : SELECT Commande.idCommande, Commande.Creation, Commande.Livraison, Commande.Montant, Commande.PNP, Commande.Remarque, Commande.display, Client.Nom AS clientNom, Vendeuse.Nom AS vendeuseNom, Magasin.Nom AS magasinNom FROM Commande JOIN Terminal ON Commande.Terminal_idTerminal=idTerminal JOIN Client ON Commande.Client_idClient=Client.idClient JOIN Vendeuse ON Commande.Vendeuse_idVendeuse=Vendeuse.idVendeuse JOIN Magasin ON Terminal.Magasin_idMagasin=Magasin.idMagasin WHERE (FALSE  OR Terminal.Magasin_idMagasin=1) AND Commande.Livraison LIKE '2016-04-30%' ORDER BY Commande.Creation DESC LIMIT 0,10000
complex
complex
get/magasin : SELECT * FROM Magasin WHERE display = 1;
get/category : SELECT * FROM Categorie;
get/commande : SELECT Commande.idCommande, Commande.Creation, Commande.Livraison, Commande.Montant, Commande.PNP, Commande.Remarque, Commande.display, Client.Nom AS clientNom, Vendeuse.Nom AS vendeuseNom, Magasin.Nom AS magasinNom FROM Commande JOIN Terminal ON Commande.Terminal_idTerminal=idTerminal JOIN Client ON Commande.Client_idClient=Client.idClient JOIN Vendeuse ON Commande.Vendeuse_idVendeuse=Vendeuse.idVendeuse JOIN Magasin ON Terminal.Magasin_idMagasin=Magasin.idMagasin WHERE (FALSE  OR Terminal.Magasin_idMagasin=1) AND Commande.Livraison LIKE '2016-04-30%' ORDER BY Commande.Creation DESC LIMIT 0,10000
complex
get/magasin : SELECT * FROM Magasin WHERE display = 1;
get/category : SELECT * FROM Categorie;
get/client : SELECT * FROM Client WHERE Client.Nom LIKE '%d%';
get/client : SELECT * FROM Client WHERE Client.Nom LIKE '%di%';
get/client : SELECT * FROM Client WHERE Client.Nom LIKE '%dim%';
get/client : SELECT * FROM Client WHERE Client.Nom LIKE '%dimi%';
get/client : SELECT * FROM Client WHERE Client.Nom LIKE '%dimit%';
get/client : SELECT * FROM Client WHERE Client.Nom LIKE '%dimiti%';
get/client : SELECT * FROM Client WHERE Client.Nom LIKE '%dimit%';
get/client : SELECT * FROM Client WHERE Client.Nom LIKE '%dimitr%';
get/client : SELECT * FROM Client WHERE Client.Nom LIKE '%dimitri%';
complex
clientID :2325
INSERT INTO Commande( Creation, Livraison, Montant, PNP, Remarque, Client_idClient, Vendeuse_idVendeuse, Terminal_idTerminal) VALUES ('2016-04-30 06:26:55','2016-05-01 05:00:00','6.10','0','','2325','3','1');
INSERT INTO ProduitCommande(Quantite, Details, Commande_idCommande, Produit_idProduit, Custom) VALUES  (1,'',5897,97,0), (1,'',5897,94,0);
get/magasin : SELECT * FROM Magasin WHERE display = 1;
get/category : SELECT * FROM Categorie;
get/client : SELECT * FROM Client WHERE Client.Nom LIKE '%b%';
get/client : SELECT * FROM Client WHERE Client.Nom LIKE '%bo%';
get/client : SELECT * FROM Client WHERE Client.Nom LIKE '%boo%';
get/client : SELECT * FROM Client WHERE Client.Nom LIKE '%boon%';
get/client : SELECT * FROM Client WHERE Client.Nom LIKE '%boon%';
complex
UPDATE Client SET Tel='0476400672', Mail ='', Nom ='boon', TVA ='' WHERE idClient = '343';
INSERT INTO Commande( Creation, Livraison, Montant, PNP, Remarque, Client_idClient, Vendeuse_idVendeuse, Terminal_idTerminal) VALUES ('2016-04-30 06:28:00','2016-05-01 05:00:00','9.20','1','','343','12','1');
INSERT INTO ProduitCommande(Quantite, Details, Commande_idCommande, Produit_idProduit, Custom) VALUES  (4,'',5898,767,0), (4,'',5898,777,0);
get/magasin : SELECT * FROM Magasin WHERE display = 1;
get/category : SELECT * FROM Categorie;
get/client : SELECT * FROM Client WHERE Client.Nom LIKE '%l%';
get/client : SELECT * FROM Client WHERE Client.Nom LIKE '%le%';
get/client : SELECT * FROM Client WHERE Client.Nom LIKE '%lec%';
get/client : SELECT * FROM Client WHERE Client.Nom LIKE '%Leclercq M%';
complex
UPDATE Client SET Tel='0473827240', Mail ='', Nom ='Leclercq M', TVA ='' WHERE idClient = '77';
INSERT INTO Commande( Creation, Livraison, Montant, PNP, Remarque, Client_idClient, Vendeuse_idVendeuse, Terminal_idTerminal) VALUES ('2016-04-30 06:36:43','2016-05-01 06:00:00','9.50','1','','77','52','1');
INSERT INTO ProduitCommande(Quantite, Details, Commande_idCommande, Produit_idProduit, Custom) VALUES  (1,'',5899,103,0), (1,'',5899,80,0), (4,'',5899,482,0), (1,'',5899,760,0), (2,'',5899,762,0);
get/magasin : SELECT * FROM Magasin WHERE display = 1;
get/category : SELECT * FROM Categorie;
get/client : SELECT * FROM Client WHERE Client.Nom LIKE '%v%';
get/client : SELECT * FROM Client WHERE Client.Nom LIKE '%va%';
get/client : SELECT * FROM Client WHERE Client.Nom LIKE '%vas%';
get/client : SELECT * FROM Client WHERE Client.Nom LIKE '%vass%';
get/client : SELECT * FROM Client WHERE Client.Nom LIKE '%Vassart%';
complex
UPDATE Client SET Tel='', Mail ='', Nom ='Vassart', TVA ='' WHERE idClient = '2284';
INSERT INTO Commande( Creation, Livraison, Montant, PNP, Remarque, Client_idClient, Vendeuse_idVendeuse, Terminal_idTerminal) VALUES ('2016-04-30 06:38:44','2016-05-01 06:00:00','2.60','1','','2284','52','1');
INSERT INTO ProduitCommande(Quantite, Details, Commande_idCommande, Produit_idProduit, Custom) VALUES  (1,'',5900,88,0);
get/magasin : SELECT * FROM Magasin WHERE display = 1;
get/category : SELECT * FROM Categorie;
get/magasin : SELECT * FROM Magasin WHERE display = 1;
get/category : SELECT * FROM Categorie;
get/commande : SELECT Commande.idCommande, Commande.Creation, Commande.Livraison, Commande.Montant, Commande.PNP, Commande.Remarque, Commande.display, Client.Nom AS clientNom, Vendeuse.Nom AS vendeuseNom, Magasin.Nom AS magasinNom FROM Commande JOIN Terminal ON Commande.Terminal_idTerminal=idTerminal JOIN Client ON Commande.Client_idClient=Client.idClient JOIN Vendeuse ON Commande.Vendeuse_idVendeuse=Vendeuse.idVendeuse JOIN Magasin ON Terminal.Magasin_idMagasin=Magasin.idMagasin WHERE (FALSE  OR Terminal.Magasin_idMagasin=1) AND Commande.Livraison LIKE '2016-04-30%' ORDER BY Commande.Creation DESC LIMIT 0,10000
complex
get/magasin : SELECT * FROM Magasin WHERE display = 1;
get/category : SELECT * FROM Categorie;
get/client : SELECT * FROM Client WHERE Client.Nom LIKE '%p%';
get/client : SELECT * FROM Client WHERE Client.Nom LIKE '%pl%';
get/client : SELECT * FROM Client WHERE Client.Nom LIKE '%plu%';
get/client : SELECT * FROM Client WHERE Client.Nom LIKE '%Pluvinage Michel%';
complex
UPDATE Client SET Tel='081350350', Mail ='mpluvinage@voo.be', Nom ='Pluvinage Michel', TVA ='' WHERE idClient = '78';
INSERT INTO Commande( Creation, Livraison, Montant, PNP, Remarque, Client_idClient, Vendeuse_idVendeuse, Terminal_idTerminal) VALUES ('2016-04-30 06:50:17','2016-05-01 05:00:00','7.55','1','','78','52','1');
INSERT INTO ProduitCommande(Quantite, Details, Commande_idCommande, Produit_idProduit, Custom) VALUES  (1,'',5901,94,0), (1,'',5901,785,0), (1,'',5901,773,0);
get/magasin : SELECT * FROM Magasin WHERE display = 1;
get/category : SELECT * FROM Categorie;
get/commande : SELECT Commande.idCommande, Commande.Creation, Commande.Livraison, Commande.Montant, Commande.PNP, Commande.Remarque, Commande.display, Client.Nom AS clientNom, Vendeuse.Nom AS vendeuseNom, Magasin.Nom AS magasinNom FROM Commande JOIN Terminal ON Commande.Terminal_idTerminal=idTerminal JOIN Client ON Commande.Client_idClient=Client.idClient JOIN Vendeuse ON Commande.Vendeuse_idVendeuse=Vendeuse.idVendeuse JOIN Magasin ON Terminal.Magasin_idMagasin=Magasin.idMagasin WHERE (FALSE  OR Terminal.Magasin_idMagasin=1) AND Commande.Livraison LIKE '2016-04-30%' ORDER BY Commande.Creation DESC LIMIT 0,10000
complex
get/magasin : SELECT * FROM Magasin WHERE display = 1;
get/category : SELECT * FROM Categorie;
get/client : SELECT * FROM Client WHERE Client.Nom LIKE '%r%';
get/client : SELECT * FROM Client WHERE Client.Nom LIKE '%ro%';
get/client : SELECT * FROM Client WHERE Client.Nom LIKE '%rog%';
get/client : SELECT * FROM Client WHERE Client.Nom LIKE '%roge%';
get/client : SELECT * FROM Client WHERE Client.Nom LIKE '%roger%';
complex
clientID :2326
INSERT INTO Commande( Creation, Livraison, Montant, PNP, Remarque, Client_idClient, Vendeuse_idVendeuse, Terminal_idTerminal) VALUES ('2016-04-30 07:16:04','2016-05-01 05:00:00','2.50','0','','2326','3','1');
INSERT INTO ProduitCommande(Quantite, Details, Commande_idCommande, Produit_idProduit, Custom) VALUES  (2,'',5902,773,0);
get/magasin : SELECT * FROM Magasin WHERE display = 1;
get/category : SELECT * FROM Categorie;
get/client : SELECT * FROM Client WHERE Client.Nom LIKE '%J%';
get/client : SELECT * FROM Client WHERE Client.Nom LIKE '%Jz%';
get/client : SELECT * FROM Client WHERE Client.Nom LIKE '%J%';
get/client : SELECT * FROM Client WHERE Client.Nom LIKE '%Ja%';
get/client : SELECT * FROM Client WHERE Client.Nom LIKE '%Jad%';
get/client : SELECT * FROM Client WHERE Client.Nom LIKE '%Jadr%';
get/client : SELECT * FROM Client WHERE Client.Nom LIKE '%Jadra%';
get/client : SELECT * FROM Client WHERE Client.Nom LIKE '%Jadr%';
get/client : SELECT * FROM Client WHERE Client.Nom LIKE '%Jad%';
get/client : SELECT * FROM Client WHERE Client.Nom LIKE '%Ja%';
get/client : SELECT * FROM Client WHERE Client.Nom LIKE '%Jan%';
get/client : SELECT * FROM Client WHERE Client.Nom LIKE '%Jand%';
get/client : SELECT * FROM Client WHERE Client.Nom LIKE '%Jandr%';
get/client : SELECT * FROM Client WHERE Client.Nom LIKE '%Jandra%';
get/client : SELECT * FROM Client WHERE Client.Nom LIKE '%Jandrai%';
get/client : SELECT * FROM Client WHERE Client.Nom LIKE '%Jandrain%';
get/client : SELECT * FROM Client WHERE Client.Nom LIKE '%Jandrain d%';
get/client : SELECT * FROM Client WHERE Client.Nom LIKE '%Jandrain di%';
get/client : SELECT * FROM Client WHERE Client.Nom LIKE '%Jandrain dii%';
get/client : SELECT * FROM Client WHERE Client.Nom LIKE '%Jandrain di%';
get/client : SELECT * FROM Client WHERE Client.Nom LIKE '%Jandrain dim%';
get/client : SELECT * FROM Client WHERE Client.Nom LIKE '%Jandrain dimi%';
get/client : SELECT * FROM Client WHERE Client.Nom LIKE '%Jandrain dimir%';
get/client : SELECT * FROM Client WHERE Client.Nom LIKE '%Jandrain dimi%';
get/client : SELECT * FROM Client WHERE Client.Nom LIKE '%Jandrain dimit%';
get/client : SELECT * FROM Client WHERE Client.Nom LIKE '%Jandrain dimitr%';
get/client : SELECT * FROM Client WHERE Client.Nom LIKE '%Jandrain dimitri%';
complex
clientID :2327
INSERT INTO Commande( Creation, Livraison, Montant, PNP, Remarque, Client_idClient, Vendeuse_idVendeuse, Terminal_idTerminal) VALUES ('2016-04-30 08:06:50','2016-05-07 07:00:00','33.50','1','','2327','21','4');
INSERT INTO ProduitCommande(Quantite, Details, Commande_idCommande, Produit_idProduit, Custom) VALUES  (10,'madagascar  \" joyeux anniversaire Maxime 7ans \"\ndéco star wars',5903,187,0);
get/magasin : SELECT * FROM Magasin WHERE display = 1;
get/category : SELECT * FROM Categorie;
get/commande : SELECT Commande.idCommande, Commande.Creation, Commande.Livraison, Commande.Montant, Commande.PNP, Commande.Remarque, Commande.display, Client.Nom AS clientNom, Vendeuse.Nom AS vendeuseNom, Magasin.Nom AS magasinNom FROM Commande JOIN Terminal ON Commande.Terminal_idTerminal=idTerminal JOIN Client ON Commande.Client_idClient=Client.idClient JOIN Vendeuse ON Commande.Vendeuse_idVendeuse=Vendeuse.idVendeuse JOIN Magasin ON Terminal.Magasin_idMagasin=Magasin.idMagasin WHERE (FALSE  OR Terminal.Magasin_idMagasin=1) AND Commande.Livraison LIKE '2016-04-30%' ORDER BY Commande.Creation DESC LIMIT 0,10000
get/magasin : SELECT * FROM Magasin WHERE display = 1;
get/category : SELECT * FROM Categorie;
get/magasin : SELECT * FROM Magasin WHERE display = 1;
get/category : SELECT * FROM Categorie;
complex
{}
get/magasin : SELECT * FROM Magasin WHERE display = 1;
get/category : SELECT * FROM Categorie;
complex
activeMag : 1
complex
get/client : SELECT * FROM Client WHERE Client.Nom LIKE '%e%';
get/client : SELECT * FROM Client WHERE Client.Nom LIKE '%ey%';
get/client : SELECT * FROM Client WHERE Client.Nom LIKE '%eyk%';
get/client : SELECT * FROM Client WHERE Client.Nom LIKE '%eyke%';
get/client : SELECT * FROM Client WHERE Client.Nom LIKE '%Eykelberg Guy%';
complex
UPDATE Client SET Tel='0478253063', Mail ='', Nom ='Eykelberg Guy', TVA ='' WHERE idClient = '1422';
INSERT INTO Commande( Creation, Livraison, Montant, PNP, Remarque, Client_idClient, Vendeuse_idVendeuse, Terminal_idTerminal) VALUES ('2016-04-30 08:19:34','2016-05-01 05:00:00','7.80','1','','1422','12','1');
INSERT INTO ProduitCommande(Quantite, Details, Commande_idCommande, Produit_idProduit, Custom) VALUES  (4,'',5904,762,0), (2,'',5904,764,0), (1,'',5904,497,0);
get/magasin : SELECT * FROM Magasin WHERE display = 1;
get/category : SELECT * FROM Categorie;
get/commande : SELECT Commande.idCommande, Commande.Creation, Commande.Livraison, Commande.Montant, Commande.PNP, Commande.Remarque, Commande.display, Client.Nom AS clientNom, Vendeuse.Nom AS vendeuseNom, Magasin.Nom AS magasinNom FROM Commande JOIN Terminal ON Commande.Terminal_idTerminal=idTerminal JOIN Client ON Commande.Client_idClient=Client.idClient JOIN Vendeuse ON Commande.Vendeuse_idVendeuse=Vendeuse.idVendeuse JOIN Magasin ON Terminal.Magasin_idMagasin=Magasin.idMagasin WHERE (FALSE  OR Terminal.Magasin_idMagasin=1) AND Commande.Livraison LIKE '2016-04-30%' ORDER BY Commande.Creation DESC LIMIT 0,10000
complex
get/magasin : SELECT * FROM Magasin WHERE display = 1;
get/category : SELECT * FROM Categorie;
get/magasin : SELECT * FROM Magasin WHERE display = 1;
get/category : SELECT * FROM Categorie;
complex
activeMag : 1
complex
get/client : SELECT * FROM Client WHERE Client.Nom LIKE '%v%';
get/client : SELECT * FROM Client WHERE Client.Nom LIKE '%vi%';
get/client : SELECT * FROM Client WHERE Client.Nom LIKE '%vil%';
get/client : SELECT * FROM Client WHERE Client.Nom LIKE '%vila%';
get/client : SELECT * FROM Client WHERE Client.Nom LIKE '%vilai%';
get/client : SELECT * FROM Client WHERE Client.Nom LIKE '%vilain%';
get/client : SELECT * FROM Client WHERE Client.Nom LIKE '%Vilain Marie%';
complex
UPDATE Client SET Tel='0473218162', Mail ='', Nom ='Vilain Marie', TVA ='' WHERE idClient = '148';
INSERT INTO Commande( Creation, Livraison, Montant, PNP, Remarque, Client_idClient, Vendeuse_idVendeuse, Terminal_idTerminal) VALUES ('2016-04-30 08:50:18','2016-05-01 06:00:00','7.70','0','','148','3','1');
INSERT INTO ProduitCommande(Quantite, Details, Commande_idCommande, Produit_idProduit, Custom) VALUES  (1,'nc',5905,786,0), (2,'',5905,897,0), (1,'',5905,490,0);
get/magasin : SELECT * FROM Magasin WHERE display = 1;
get/category : SELECT * FROM Categorie;
get/commande : SELECT Commande.idCommande, Commande.Creation, Commande.Livraison, Commande.Montant, Commande.PNP, Commande.Remarque, Commande.display, Client.Nom AS clientNom, Vendeuse.Nom AS vendeuseNom, Magasin.Nom AS magasinNom FROM Commande JOIN Terminal ON Commande.Terminal_idTerminal=idTerminal JOIN Client ON Commande.Client_idClient=Client.idClient JOIN Vendeuse ON Commande.Vendeuse_idVendeuse=Vendeuse.idVendeuse JOIN Magasin ON Terminal.Magasin_idMagasin=Magasin.idMagasin WHERE (FALSE  OR Terminal.Magasin_idMagasin=1) AND Commande.Livraison LIKE '2016-04-30%' ORDER BY Commande.Creation DESC LIMIT 0,10000
complex
complex
get/magasin : SELECT * FROM Magasin WHERE display = 1;
get/category : SELECT * FROM Categorie;
get/client : SELECT * FROM Client WHERE Client.Nom LIKE '%b%';
get/client : SELECT * FROM Client WHERE Client.Nom LIKE '%be%';
get/client : SELECT * FROM Client WHERE Client.Nom LIKE '%ben%';
get/client : SELECT * FROM Client WHERE Client.Nom LIKE '%benn%';
get/client : SELECT * FROM Client WHERE Client.Nom LIKE '%benne%';
get/client : SELECT * FROM Client WHERE Client.Nom LIKE '%benne%';
complex
UPDATE Client SET Tel='0499263565', Mail ='', Nom ='benne', TVA ='' WHERE idClient = '7';
INSERT INTO Commande( Creation, Livraison, Montant, PNP, Remarque, Client_idClient, Vendeuse_idVendeuse, Terminal_idTerminal) VALUES ('2016-04-30 09:11:30','2016-05-01 05:00:00','20.70','1','','7','12','1');
INSERT INTO ProduitCommande(Quantite, Details, Commande_idCommande, Produit_idProduit, Custom) VALUES  (4,'',5906,101,0), (1,'',5906,74,0), (1,'',5906,779,0), (4,'',5906,762,0), (4,'',5906,490,0);
get/magasin : SELECT * FROM Magasin WHERE display = 1;
get/category : SELECT * FROM Categorie;
get/client : SELECT * FROM Client WHERE Client.Nom LIKE '%m%';
get/client : SELECT * FROM Client WHERE Client.Nom LIKE '%ma%';
get/client : SELECT * FROM Client WHERE Client.Nom LIKE '%man%';
get/client : SELECT * FROM Client WHERE Client.Nom LIKE '%mano%';
get/client : SELECT * FROM Client WHERE Client.Nom LIKE '%manoi%';
get/client : SELECT * FROM Client WHERE Client.Nom LIKE '%manoir%';
complex
UPDATE Client SET Tel='', Mail ='', Nom ='manoir', TVA ='' WHERE idClient = '150';
INSERT INTO Commande( Creation, Livraison, Montant, PNP, Remarque, Client_idClient, Vendeuse_idVendeuse, Terminal_idTerminal) VALUES ('2016-04-30 09:15:27','2016-05-01 05:00:00','4.60','3','','150','3','1');
INSERT INTO ProduitCommande(Quantite, Details, Commande_idCommande, Produit_idProduit, Custom) VALUES  (1,'',5907,81,0), (1,'',5907,79,0), (1,'',5907,482,0), (1,'',5907,760,0);
get/magasin : SELECT * FROM Magasin WHERE display = 1;
get/category : SELECT * FROM Categorie;
get/commande : SELECT Commande.idCommande, Commande.Creation, Commande.Livraison, Commande.Montant, Commande.PNP, Commande.Remarque, Commande.display, Client.Nom AS clientNom, Vendeuse.Nom AS vendeuseNom, Magasin.Nom AS magasinNom FROM Commande JOIN Terminal ON Commande.Terminal_idTerminal=idTerminal JOIN Client ON Commande.Client_idClient=Client.idClient JOIN Vendeuse ON Commande.Vendeuse_idVendeuse=Vendeuse.idVendeuse JOIN Magasin ON Terminal.Magasin_idMagasin=Magasin.idMagasin WHERE (FALSE  OR Terminal.Magasin_idMagasin=1) AND Commande.Livraison LIKE '2016-04-30%' ORDER BY Commande.Creation DESC LIMIT 0,10000
get/magasin : SELECT * FROM Magasin WHERE display = 1;
get/category : SELECT * FROM Categorie;
