get/client : SELECT * FROM Client WHERE Client.Nom LIKE '%v%';
get/client : SELECT * FROM Client WHERE Client.Nom LIKE '%vd%';
get/client : SELECT * FROM Client WHERE Client.Nom LIKE '%vdw%';
complex
UPDATE Client SET Tel='', Mail ='', Nom ='vdw', TVA ='' WHERE idClient = '35';
INSERT INTO Commande( Creation, Livraison, Montant, PNP, Remarque, Client_idClient, Vendeuse_idVendeuse, Terminal_idTerminal) VALUES ('2016-04-21 16:27:49','2016-04-24 06:00:00','49.00','3','','35','5','1');
INSERT INTO ProduitCommande(Quantite, Details, Commande_idCommande, Produit_idProduit, Custom) VALUES  (1,'',5759,871,0), (1,'',5759,815,0), (1,'',5759,811,0), (1,'',5759,803,0);
get/magasin : SELECT * FROM Magasin WHERE display = 1;
get/category : SELECT * FROM Categorie;
get/client : SELECT * FROM Client WHERE Client.Nom LIKE '%e%';
get/client : SELECT * FROM Client WHERE Client.Nom LIKE '%em%';
get/client : SELECT * FROM Client WHERE Client.Nom LIKE '%emm%';
get/client : SELECT * FROM Client WHERE Client.Nom LIKE '%emmp%';
get/client : SELECT * FROM Client WHERE Client.Nom LIKE '%emm%';
get/client : SELECT * FROM Client WHERE Client.Nom LIKE '%em%';
get/client : SELECT * FROM Client WHERE Client.Nom LIKE '%emp%';
get/client : SELECT * FROM Client WHERE Client.Nom LIKE '%empe%';
get/client : SELECT * FROM Client WHERE Client.Nom LIKE '%emper%';
get/client : SELECT * FROM Client WHERE Client.Nom LIKE '%emperµ%';
get/client : SELECT * FROM Client WHERE Client.Nom LIKE '%emper%';
get/client : SELECT * FROM Client WHERE Client.Nom LIKE '%empere%';
get/client : SELECT * FROM Client WHERE Client.Nom LIKE '%empereu%';
get/client : SELECT * FROM Client WHERE Client.Nom LIKE '%empereur%';
complex
clientID :2280
INSERT INTO Commande( Creation, Livraison, Montant, PNP, Remarque, Client_idClient, Vendeuse_idVendeuse, Terminal_idTerminal) VALUES ('2016-04-21 16:29:35','2016-04-28 12:00:00','33.50','0','','2280','5','1');
INSERT INTO ProduitCommande(Quantite, Details, Commande_idCommande, Produit_idProduit, Custom) VALUES  (10,'1*10 cff \"ja en anglais\"',5760,187,0);
get/magasin : SELECT * FROM Magasin WHERE display = 1;
get/category : SELECT * FROM Categorie;
get/terminal : SELECT * FROM Terminal;
get/magasin : SELECT * FROM Magasin WHERE display = 1;
get/terminal : SELECT * FROM Terminal;
get/magasin : SELECT * FROM Magasin WHERE display = 1;
get/magasin : SELECT * FROM Magasin WHERE display = 1;
get/category : SELECT * FROM Categorie;
complex
activeMag : 1
complex
get/commande : SELECT Commande.idCommande, Commande.Creation, Commande.Livraison, Commande.Montant, Commande.PNP, Commande.Remarque, Commande.display, Client.Nom AS clientNom, Vendeuse.Nom AS vendeuseNom, Magasin.Nom AS magasinNom FROM Commande JOIN Terminal ON Commande.Terminal_idTerminal=idTerminal JOIN Client ON Commande.Client_idClient=Client.idClient JOIN Vendeuse ON Commande.Vendeuse_idVendeuse=Vendeuse.idVendeuse JOIN Magasin ON Terminal.Magasin_idMagasin=Magasin.idMagasin WHERE (FALSE  OR Terminal.Magasin_idMagasin=1) AND Commande.Livraison LIKE '2016-04-23%' ORDER BY Commande.Creation DESC LIMIT 0,10000
complex
complex
complex
complex
complex
complex
complex
complex
complex
complex
complex
complex
complex
complex
get/magasin : SELECT * FROM Magasin WHERE display = 1;
get/category : SELECT * FROM Categorie;
get/commande : SELECT Commande.idCommande, Commande.Creation, Commande.Livraison, Commande.Montant, Commande.PNP, Commande.Remarque, Commande.display, Client.Nom AS clientNom, Vendeuse.Nom AS vendeuseNom, Magasin.Nom AS magasinNom FROM Commande JOIN Terminal ON Commande.Terminal_idTerminal=idTerminal JOIN Client ON Commande.Client_idClient=Client.idClient JOIN Vendeuse ON Commande.Vendeuse_idVendeuse=Vendeuse.idVendeuse JOIN Magasin ON Terminal.Magasin_idMagasin=Magasin.idMagasin WHERE (FALSE  OR Terminal.Magasin_idMagasin=1) AND Commande.Livraison LIKE '2016-04-24%' ORDER BY Commande.Creation DESC LIMIT 0,10000
complex
complex
complex
complex
complex
complex
complex
complex
complex
complex
complex
complex
