get/terminal : SELECT * FROM Terminal;
get/magasin : SELECT * FROM Magasin WHERE display = 1;
get/terminal : SELECT * FROM Terminal;
get/magasin : SELECT * FROM Magasin WHERE display = 1;
get/magasin : SELECT * FROM Magasin WHERE display = 1;
get/category : SELECT * FROM Categorie;
complex
activeMag : 1
complex
get/commande : SELECT Commande.idCommande, Commande.Creation, Commande.Livraison, Commande.Montant, Commande.PNP, Commande.Remarque, Commande.display, Client.Nom AS clientNom, Vendeuse.Nom AS vendeuseNom, Magasin.Nom AS magasinNom FROM Commande JOIN Terminal ON Commande.Terminal_idTerminal=idTerminal JOIN Client ON Commande.Client_idClient=Client.idClient JOIN Vendeuse ON Commande.Vendeuse_idVendeuse=Vendeuse.idVendeuse JOIN Magasin ON Terminal.Magasin_idMagasin=Magasin.idMagasin WHERE (FALSE  OR Terminal.Magasin_idMagasin=1) AND Commande.Livraison LIKE '2016-04-19%' ORDER BY Commande.Creation DESC LIMIT 0,10000
complex
complex
get/magasin : SELECT * FROM Magasin WHERE display = 1;
get/category : SELECT * FROM Categorie;
get/client : SELECT * FROM Client WHERE Client.Nom LIKE '%f%';
get/client : SELECT * FROM Client WHERE Client.Nom LIKE '%fa%';
get/client : SELECT * FROM Client WHERE Client.Nom LIKE '%fab%';
get/client : SELECT * FROM Client WHERE Client.Nom LIKE '%fabr%';
get/client : SELECT * FROM Client WHERE Client.Nom LIKE '%fabri%';
get/client : SELECT * FROM Client WHERE Client.Nom LIKE '%fabric%';
get/client : SELECT * FROM Client WHERE Client.Nom LIKE '%fabrice%';
get/client : SELECT * FROM Client WHERE Client.Nom LIKE '%fabrice p%';
get/client : SELECT * FROM Client WHERE Client.Nom LIKE '%fabrice pi%';
get/client : SELECT * FROM Client WHERE Client.Nom LIKE '%fabrice p%';
get/client : SELECT * FROM Client WHERE Client.Nom LIKE '%fabrice pl%';
get/client : SELECT * FROM Client WHERE Client.Nom LIKE '%fabrice pli%';
get/client : SELECT * FROM Client WHERE Client.Nom LIKE '%fabrice plis%';
get/client : SELECT * FROM Client WHERE Client.Nom LIKE '%fabrice plisn%';
get/client : SELECT * FROM Client WHERE Client.Nom LIKE '%fabrice plisni%';
get/client : SELECT * FROM Client WHERE Client.Nom LIKE '%fabrice plisnie%';
get/client : SELECT * FROM Client WHERE Client.Nom LIKE '%fabrice plisnier%';
get/client : SELECT * FROM Client WHERE Client.Nom LIKE '%fabrice plisnierr%';
get/client : SELECT * FROM Client WHERE Client.Nom LIKE '%fabrice plisnier%';
complex
clientID :2269
INSERT INTO Commande( Creation, Livraison, Montant, PNP, Remarque, Client_idClient, Vendeuse_idVendeuse, Terminal_idTerminal) VALUES ('2016-04-19 06:33:28','2016-04-20 10:00:00','26.80','1','','2269','1','1');
INSERT INTO ProduitCommande(Quantite, Details, Commande_idCommande, Produit_idProduit, Custom) VALUES  (1,'charlotte Choco \n\" JA Malou \" 14ans',5721,892,0);
get/magasin : SELECT * FROM Magasin WHERE display = 1;
get/category : SELECT * FROM Categorie;
get/client : SELECT * FROM Client WHERE Client.Nom LIKE '%a%';
get/client : SELECT * FROM Client WHERE Client.Nom LIKE '%au%';
get/client : SELECT * FROM Client WHERE Client.Nom LIKE '%aub%';
get/client : SELECT * FROM Client WHERE Client.Nom LIKE '%aube%';
get/client : SELECT * FROM Client WHERE Client.Nom LIKE '%aubei%';
get/client : SELECT * FROM Client WHERE Client.Nom LIKE '%aube%';
get/client : SELECT * FROM Client WHERE Client.Nom LIKE '%aubep%';
get/client : SELECT * FROM Client WHERE Client.Nom LIKE '%aubepi%';
get/client : SELECT * FROM Client WHERE Client.Nom LIKE '%aubepin%';
get/client : SELECT * FROM Client WHERE Client.Nom LIKE '%aubepine%';
get/client : SELECT * FROM Client WHERE Client.Nom LIKE '%aubepines%';
get/client : SELECT * FROM Client WHERE Client.Nom LIKE '%aubepines%';
complex
UPDATE Client SET Tel='0477862234', Mail ='', Nom ='aubepines', TVA ='' WHERE idClient = '886';
INSERT INTO Commande( Creation, Livraison, Montant, PNP, Remarque, Client_idClient, Vendeuse_idVendeuse, Terminal_idTerminal) VALUES ('2016-04-19 07:01:04','2016-04-29 05:00:00','42.50','3','','886','1','1');
INSERT INTO ProduitCommande(Quantite, Details, Commande_idCommande, Produit_idProduit, Custom) VALUES  (85,'',5722,490,0);
get/magasin : SELECT * FROM Magasin WHERE display = 1;
get/category : SELECT * FROM Categorie;
