get/client : SELECT * FROM Client WHERE Client.Nom LIKE '%g%';
get/client : SELECT * FROM Client WHERE Client.Nom LIKE '%ge%';
get/client : SELECT * FROM Client WHERE Client.Nom LIKE '%geo%';
get/client : SELECT * FROM Client WHERE Client.Nom LIKE '%geor%';
get/client : SELECT * FROM Client WHERE Client.Nom LIKE '%georg%';
get/client : SELECT * FROM Client WHERE Client.Nom LIKE '%george%';
get/client : SELECT * FROM Client WHERE Client.Nom LIKE '%georges%';
get/client : SELECT * FROM Client WHERE Client.Nom LIKE '%Georges Mathieu%';
complex
UPDATE Client SET Tel='0495/196442', Mail ='', Nom ='Georges Mathieu', TVA ='' WHERE idClient = '107';
INSERT INTO Commande( Creation, Livraison, Montant, PNP, Remarque, Client_idClient, Vendeuse_idVendeuse, Terminal_idTerminal) VALUES ('2016-04-23 16:22:47','2016-04-24 07:00:00','17.50','1','','107','8','1');
INSERT INTO ProduitCommande(Quantite, Details, Commande_idCommande, Produit_idProduit, Custom) VALUES  (2,'',5807,486,0), (2,'',5807,484,0), (2,'',5807,488,0), (2,'',5807,487,0), (1,'',5807,103,0), (4,'',5807,780,0), (2,'pomme',5807,776,0), (1,'',5807,897,0), (1,'',5807,765,0);
get/magasin : SELECT * FROM Magasin WHERE display = 1;
get/category : SELECT * FROM Categorie;
get/commande : SELECT Commande.idCommande, Commande.Creation, Commande.Livraison, Commande.Montant, Commande.PNP, Commande.Remarque, Commande.display, Client.Nom AS clientNom, Vendeuse.Nom AS vendeuseNom, Magasin.Nom AS magasinNom FROM Commande JOIN Terminal ON Commande.Terminal_idTerminal=idTerminal JOIN Client ON Commande.Client_idClient=Client.idClient JOIN Vendeuse ON Commande.Vendeuse_idVendeuse=Vendeuse.idVendeuse JOIN Magasin ON Terminal.Magasin_idMagasin=Magasin.idMagasin WHERE (FALSE  OR Terminal.Magasin_idMagasin=1) AND Commande.Livraison LIKE '2016-04-24%' ORDER BY Commande.Creation DESC LIMIT 0,10000
complex
complex
{ selectedMagasins: { '1': true, undefined: false },
  Livraison: '2016-04-24' }
complex
complex
complex
complex
complex
complex
complex
get/magasin : SELECT * FROM Magasin WHERE display = 1;
get/category : SELECT * FROM Categorie;
